#
# There is insufficient memory for the Java Runtime Environment to continue.
# Native memory allocation (mmap) failed to map 486539264 bytes. Error detail: G1 virtual space
# Possible reasons:
#   The system is out of physical RAM or swap space
#   This process is running with CompressedOops enabled, and the Java Heap may be blocking the growth of the native heap
# Possible solutions:
#   Reduce memory load on the system
#   Increase physical memory or swap space
#   Check if swap backing store is full
#   Decrease Java heap size (-Xmx/-Xms)
#   Decrease number of Java threads
#   Decrease Java thread stack sizes (-Xss)
#   Set larger code cache with -XX:ReservedCodeCacheSize=
#   JVM is running with Zero Based Compressed Oops mode in which the Java heap is
#     placed in the first 32GB address space. The Java Heap base address is the
#     maximum limit for the native heap growth. Please use -XX:HeapBaseMinAddress
#     to set the Java Heap base and to place the Java Heap above 32GB virtual address.
# This output file may be truncated or incomplete.
#
#  Out of Memory Error (os_windows.cpp:3554), pid=30156, tid=21592
#
# JRE version: OpenJDK Runtime Environment Temurin-25.0.2+10 (25.0.2+10) (build 25.0.2+10-LTS)
# Java VM: OpenJDK 64-Bit Server VM Temurin-25.0.2+10 (25.0.2+10-LTS, mixed mode, sharing, tiered, compressed oops, compressed class ptrs, g1 gc, windows-amd64)
# No core dump will be written. Minidumps are not enabled by default on client versions of Windows
#

---------------  S U M M A R Y ------------

Command Line: --add-opens=java.base/java.util=ALL-UNNAMED --add-opens=java.base/java.lang=ALL-UNNAMED --add-opens=java.base/java.lang.invoke=ALL-UNNAMED --add-opens=java.prefs/java.util.prefs=ALL-UNNAMED --add-opens=java.base/java.nio.charset=ALL-UNNAMED --add-opens=java.base/java.net=ALL-UNNAMED --add-opens=java.base/java.util.concurrent.atomic=ALL-UNNAMED -Xmx3G -Dfile.encoding=utf8 -Duser.country=KR -Duser.language=ko -Duser.variant -javaagent:C:\Users\dksrk\.gradle\wrapper\dists\gradle-8.8-bin\dl7vupf4psengwqhwktix4v1\gradle-8.8\lib\agents\gradle-instrumentation-agent-8.8.jar org.gradle.launcher.daemon.bootstrap.GradleDaemon 8.8

Host: AMD Ryzen 5 5600 6-Core Processor              , 12 cores, 15G,  Windows 11 , 64 bit Build 26100 (10.0.26100.8521)
Time: Sat Jun 20 17:36:09 2026 elapsed time: 28.280245 seconds (0d 0h 0m 28s)

---------------  T H R E A D  ---------------

Current thread (0x000001fc23e9e240):  VMThread "VM Thread"          [id=21592, stack(0x000000977d000000,0x000000977d100000) (1024K)]

Stack: [0x000000977d000000,0x000000977d100000]
Native frames: (J=compiled Java code, j=interpreted, Vv=VM code, C=native code)
V  [jvm.dll+0x7a8bc9]  (no source info available)
V  [jvm.dll+0x77310d]  (no source info available)
V  [jvm.dll+0x9f55f3]  (no source info available)
V  [jvm.dll+0x9f7be1]  (no source info available)
V  [jvm.dll+0x9f82f3]  (no source info available)
V  [jvm.dll+0x2fce26]  (no source info available)
V  [jvm.dll+0x7a4df5]  (no source info available)
V  [jvm.dll+0x798257]  (no source info available)
V  [jvm.dll+0x3f5248]  (no source info available)
V  [jvm.dll+0x3fd1b6]  (no source info available)
V  [jvm.dll+0x3e991e]  (no source info available)
V  [jvm.dll+0x3e9bd8]  (no source info available)
V  [jvm.dll+0x3c0c05]  (no source info available)
V  [jvm.dll+0x3c0c9a]  (no source info available)
V  [jvm.dll+0x40df96]  (no source info available)
V  [jvm.dll+0x40c8a8]  (no source info available)
V  [jvm.dll+0x3c0337]  (no source info available)
V  [jvm.dll+0x40c066]  (no source info available)
V  [jvm.dll+0x9fe542]  (no source info available)
V  [jvm.dll+0x9ff861]  (no source info available)
V  [jvm.dll+0x9ffdd8]  (no source info available)
V  [jvm.dll+0xa00073]  (no source info available)
V  [jvm.dll+0x996b0d]  (no source info available)
V  [jvm.dll+0x7a71a5]  (no source info available)
C  [ucrtbase.dll+0x2cd30]  (no source info available)
C  [KERNEL32.DLL+0x2e957]  (no source info available)
C  [ntdll.dll+0x87c1c]  (no source info available)

VM_Operation (0x0000009703afce48): G1TryInitiateConcMark, mode: safepoint, requested by thread 0x000001fc2cf4b990


---------------  P R O C E S S  ---------------

Threads class SMR info:
_java_thread_list=0x000001fc2ab44c70, length=109, elements={
0x000001fc056450b0, 0x000001fc23eb0050, 0x000001fc23eb0810, 0x000001fc23eb2530,
0x000001fc23eb30f0, 0x000001fc23ebdcd0, 0x000001fc23ec33d0, 0x000001fc23eda600,
0x000001fc23edbe20, 0x000001fc241de090, 0x000001fc242887f0, 0x000001fc29dd61d0,
0x000001fc29f4e8a0, 0x000001fc29e348d0, 0x000001fc29eb8680, 0x000001fc29f13d80,
0x000001fc29eca2e0, 0x000001fc29ecd1c0, 0x000001fc29ecd990, 0x000001fc2c751040,
0x000001fc2c752f80, 0x000001fc2c751fe0, 0x000001fc2cbb0210, 0x000001fc2cbae2d0,
0x000001fc2cbb11b0, 0x000001fc2cbb30f0, 0x000001fc2cbb38c0, 0x000001fc2ce55c90,
0x000001fc2ce5a2e0, 0x000001fc2ce5aab0, 0x000001fc2ce57400, 0x000001fc2ce5ba50,
0x000001fc2ce5c9f0, 0x000001fc2ce00af0, 0x000001fc2d829020, 0x000001fc2a2df9a0,
0x000001fc2a2df1d0, 0x000001fc2d82c6d0, 0x000001fc2cddc3f0, 0x000001fc2cdddb60,
0x000001fc2cdde330, 0x000001fc2cde19e0, 0x000001fc2cde1210, 0x000001fc2cddeb00,
0x000001fc2cde3150, 0x000001fc2cddfaa0, 0x000001fc2cde0270, 0x000001fc2cde77a0,
0x000001fc2cde7f70, 0x000001fc2cde48c0, 0x000001fc2cde6030, 0x000001fc2dea4610,
0x000001fc2dd41650, 0x000001fc2dd43d60, 0x000001fc2dd406b0, 0x000001fc2dd44530,
0x000001fc2dd45ca0, 0x000001fc2dd44d00, 0x000001fc2dd46c40, 0x000001fc2dd4a2f0,
0x000001fc2dd483b0, 0x000001fc2dd49350, 0x000001fc2dd49b20, 0x000001fc2dd47be0,
0x000001fc2dd4ba60, 0x000001fc2dd4c230, 0x000001fc2dd4d9a0, 0x000001fc2dd4e940,
0x000001fc2dd4f110, 0x000001fc2dd51820, 0x000001fc2dd52f90, 0x000001fc2dd500b0,
0x000001fc2dd53f30, 0x000001fc2dd51050, 0x000001fc2dd58580, 0x000001fc2dd56640,
0x000001fc2dd54ed0, 0x000001fc2dd59520, 0x000001fc2dd5c400, 0x000001fc2dd5bc30,
0x000001fc2dd5ac90, 0x000001fc2dd5b460, 0x000001fc2dd5d3a0, 0x000001fc2dd59cf0,
0x000001fc2dd5a4c0, 0x000001fc2dd5db70, 0x000001fc2dd5eb10, 0x000001fc2dd5f2e0,
0x000001fc2b0ca2b0, 0x000001fc2cf463a0, 0x000001fc2cf45bd0, 0x000001fc2cf434c0,
0x000001fc2cf42cf0, 0x000001fc2cf47340, 0x000001fc2cf4a9f0, 0x000001fc2cf482e0,
0x000001fc2cf47b10, 0x000001fc2410b890, 0x000001fc2cf4b990, 0x000001fc2cf4c160,
0x000001fc2dea0f60, 0x000001fc2dea1f00, 0x000001fc2dea1730, 0x000001fc2dea2ea0,
0x000001fc2de9f7f0, 0x000001fc2dea3e40, 0x000001fc2dea0790, 0x000001fc2dea74f0,
0x000001fc2dea8490
}

Java Threads: ( => current thread )
  0x000001fc056450b0 JavaThread "main"                              [_thread_blocked, id=28364, stack(0x000000977c900000,0x000000977ca00000) (1024K)]
  0x000001fc23eb0050 JavaThread "Reference Handler"          daemon [_thread_blocked, id=21888, stack(0x000000977d100000,0x000000977d200000) (1024K)]
  0x000001fc23eb0810 JavaThread "Finalizer"                  daemon [_thread_blocked, id=17392, stack(0x000000977d200000,0x000000977d300000) (1024K)]
  0x000001fc23eb2530 JavaThread "Signal Dispatcher"          daemon [_thread_blocked, id=23068, stack(0x000000977d300000,0x000000977d400000) (1024K)]
  0x000001fc23eb30f0 JavaThread "Attach Listener"            daemon [_thread_blocked, id=13672, stack(0x000000977d400000,0x000000977d500000) (1024K)]
  0x000001fc23ebdcd0 JavaThread "Service Thread"             daemon [_thread_blocked, id=21972, stack(0x000000977d500000,0x000000977d600000) (1024K)]
  0x000001fc23ec33d0 JavaThread "Monitor Deflation Thread"   daemon [_thread_blocked, id=11324, stack(0x000000977d600000,0x000000977d700000) (1024K)]
  0x000001fc23eda600 JavaThread "C2 CompilerThread0"         daemon [_thread_blocked, id=24188, stack(0x000000977d700000,0x000000977d800000) (1024K)]
  0x000001fc23edbe20 JavaThread "C1 CompilerThread0"         daemon [_thread_blocked, id=30656, stack(0x000000977d800000,0x000000977d900000) (1024K)]
  0x000001fc241de090 JavaThread "Common-Cleaner"             daemon [_thread_blocked, id=29376, stack(0x000000977d900000,0x000000977da00000) (1024K)]
  0x000001fc242887f0 JavaThread "Notification Thread"        daemon [_thread_blocked, id=8740, stack(0x000000977da00000,0x000000977db00000) (1024K)]
  0x000001fc29dd61d0 JavaThread "Daemon health stats"               [_thread_blocked, id=16264, stack(0x000000977db00000,0x000000977dc00000) (1024K)]
  0x000001fc29f4e8a0 JavaThread "Incoming local TCP Connector on port 57573"        [_thread_in_native, id=20192, stack(0x000000977e100000,0x000000977e200000) (1024K)]
  0x000001fc29e348d0 JavaThread "Daemon periodic checks"            [_thread_blocked, id=28344, stack(0x000000977e200000,0x000000977e300000) (1024K)]
  0x000001fc29eb8680 JavaThread "Daemon"                            [_thread_blocked, id=26664, stack(0x000000977e300000,0x000000977e400000) (1024K)]
  0x000001fc29f13d80 JavaThread "Daemon worker"                     [_thread_blocked, id=23244, stack(0x000000977e600000,0x000000977e700000) (1024K)]
  0x000001fc29eca2e0 JavaThread "Cache worker for journal cache (C:\Users\dksrk\.gradle\caches\journal-1)"        [_thread_blocked, id=15604, stack(0x000000977ea00000,0x000000977eb00000) (1024K)]
  0x000001fc29ecd1c0 JavaThread "File lock request listener"        [_thread_in_native, id=6940, stack(0x000000977eb00000,0x000000977ec00000) (1024K)]
  0x000001fc29ecd990 JavaThread "Cache worker for file hash cache (C:\Users\dksrk\.gradle\caches\8.8\fileHashes)"        [_thread_blocked, id=26680, stack(0x000000977ec00000,0x000000977ed00000) (1024K)]
  0x000001fc2c751040 JavaThread "File watcher server"        daemon [_thread_in_native, id=29188, stack(0x000000977f500000,0x000000977f600000) (1024K)]
  0x000001fc2c752f80 JavaThread "File watcher consumer"      daemon [_thread_blocked, id=26832, stack(0x000000977f600000,0x000000977f700000) (1024K)]
  0x000001fc2c751fe0 JavaThread "jar transforms"                    [_thread_blocked, id=29952, stack(0x000000977f800000,0x000000977f900000) (1024K)]
  0x000001fc2cbb0210 JavaThread "jar transforms Thread 2"           [_thread_blocked, id=24988, stack(0x000000977f900000,0x000000977fa00000) (1024K)]
  0x000001fc2cbae2d0 JavaThread "jar transforms Thread 3"           [_thread_blocked, id=18648, stack(0x000000977fa00000,0x000000977fb00000) (1024K)]
  0x000001fc2cbb11b0 JavaThread "Cache worker for file content cache (C:\Users\dksrk\.gradle\caches\8.8\fileContent)"        [_thread_blocked, id=27524, stack(0x000000977fc00000,0x000000977fd00000) (1024K)]
  0x000001fc2cbb30f0 JavaThread "jar transforms Thread 4"           [_thread_blocked, id=30032, stack(0x000000977ff00000,0x0000009780000000) (1024K)]
  0x000001fc2cbb38c0 JavaThread "jar transforms Thread 5"           [_thread_blocked, id=26732, stack(0x0000009700000000,0x0000009700100000) (1024K)]
  0x000001fc2ce55c90 JavaThread "jar transforms Thread 6"           [_thread_blocked, id=3408, stack(0x0000009700100000,0x0000009700200000) (1024K)]
  0x000001fc2ce5a2e0 JavaThread "jar transforms Thread 7"           [_thread_blocked, id=26440, stack(0x0000009700200000,0x0000009700300000) (1024K)]
  0x000001fc2ce5aab0 JavaThread "jar transforms Thread 8"           [_thread_blocked, id=28516, stack(0x0000009700300000,0x0000009700400000) (1024K)]
  0x000001fc2ce57400 JavaThread "jar transforms Thread 9"           [_thread_blocked, id=26288, stack(0x0000009700400000,0x0000009700500000) (1024K)]
  0x000001fc2ce5ba50 JavaThread "jar transforms Thread 10"          [_thread_blocked, id=13216, stack(0x0000009700500000,0x0000009700600000) (1024K)]
  0x000001fc2ce5c9f0 JavaThread "jar transforms Thread 11"          [_thread_blocked, id=2384, stack(0x0000009700600000,0x0000009700700000) (1024K)]
  0x000001fc2ce00af0 JavaThread "jar transforms Thread 12"          [_thread_blocked, id=24796, stack(0x0000009700700000,0x0000009700800000) (1024K)]
  0x000001fc2d829020 JavaThread "Memory manager"                    [_thread_blocked, id=19912, stack(0x0000009703100000,0x0000009703200000) (1024K)]
  0x000001fc2a2df9a0 JavaThread "VFS cleanup"                       [_thread_blocked, id=29864, stack(0x0000009700800000,0x0000009700900000) (1024K)]
  0x000001fc2a2df1d0 JavaThread "File lock release action executor"        [_thread_blocked, id=27484, stack(0x0000009700900000,0x0000009700a00000) (1024K)]
  0x000001fc2d82c6d0 JavaThread "Keep-Alive-Timer"           daemon [_thread_blocked, id=22452, stack(0x0000009700f00000,0x0000009701000000) (1024K)]
  0x000001fc2cddc3f0 JavaThread "ForkJoinPool.commonPool-worker-1" daemon [_thread_blocked, id=27124, stack(0x0000009704500000,0x0000009704600000) (1024K)]
  0x000001fc2cdddb60 JavaThread "ForkJoinPool.commonPool-worker-2" daemon [_thread_blocked, id=8680, stack(0x0000009704600000,0x0000009704700000) (1024K)]
  0x000001fc2cdde330 JavaThread "ForkJoinPool.commonPool-worker-3" daemon [_thread_blocked, id=13040, stack(0x0000009704700000,0x0000009704800000) (1024K)]
  0x000001fc2cde19e0 JavaThread "ForkJoinPool.commonPool-worker-4" daemon [_thread_blocked, id=29716, stack(0x0000009704800000,0x0000009704900000) (1024K)]
  0x000001fc2cde1210 JavaThread "ForkJoinPool.commonPool-worker-5" daemon [_thread_blocked, id=25848, stack(0x0000009704900000,0x0000009704a00000) (1024K)]
  0x000001fc2cddeb00 JavaThread "ForkJoinPool.commonPool-worker-6" daemon [_thread_blocked, id=800, stack(0x0000009704a00000,0x0000009704b00000) (1024K)]
  0x000001fc2cde3150 JavaThread "ForkJoinPool.commonPool-worker-7" daemon [_thread_blocked, id=30596, stack(0x0000009704b00000,0x0000009704c00000) (1024K)]
  0x000001fc2cddfaa0 JavaThread "ForkJoinPool.commonPool-worker-8" daemon [_thread_blocked, id=3184, stack(0x0000009704c00000,0x0000009704d00000) (1024K)]
  0x000001fc2cde0270 JavaThread "ForkJoinPool.commonPool-worker-9" daemon [_thread_blocked, id=27556, stack(0x0000009704d00000,0x0000009704e00000) (1024K)]
  0x000001fc2cde77a0 JavaThread "ForkJoinPool.commonPool-worker-10" daemon [_thread_blocked, id=7852, stack(0x0000009704e00000,0x0000009704f00000) (1024K)]
  0x000001fc2cde7f70 JavaThread "Exec process"                      [_thread_blocked, id=28176, stack(0x0000009704f00000,0x0000009705000000) (1024K)]
  0x000001fc2cde48c0 JavaThread "Exec process Thread 2"             [_thread_blocked, id=13492, stack(0x0000009705000000,0x0000009705100000) (1024K)]
  0x000001fc2cde6030 JavaThread "Exec process Thread 3"             [_thread_blocked, id=16192, stack(0x0000009705100000,0x0000009705200000) (1024K)]
  0x000001fc2dea4610 JavaThread "included builds"                   [_thread_blocked, id=3100, stack(0x0000009705900000,0x0000009705a00000) (1024K)]
  0x000001fc2dd41650 JavaThread "Handler for socket connection from /127.0.0.1:57573 to /127.0.0.1:57603"        [_thread_in_native, id=9412, stack(0x0000009700a00000,0x0000009700b00000) (1024K)]
  0x000001fc2dd43d60 JavaThread "Cancel handler"                    [_thread_blocked, id=25264, stack(0x0000009700b00000,0x0000009700c00000) (1024K)]
  0x000001fc2dd406b0 JavaThread "Asynchronous log dispatcher for DefaultDaemonConnection: socket connection from /127.0.0.1:57573 to /127.0.0.1:57603"        [_thread_blocked, id=29288, stack(0x0000009700c00000,0x0000009700d00000) (1024K)]
  0x000001fc2dd44530 JavaThread "Stdin handler"                     [_thread_blocked, id=6648, stack(0x0000009700d00000,0x0000009700e00000) (1024K)]
  0x000001fc2dd45ca0 JavaThread "Daemon client event forwarder"        [_thread_blocked, id=22004, stack(0x0000009700e00000,0x0000009700f00000) (1024K)]
  0x000001fc2dd44d00 JavaThread "Cache worker for file hash cache (C:\modding\.gradle\8.8\fileHashes)"        [_thread_blocked, id=12296, stack(0x0000009701000000,0x0000009701100000) (1024K)]
  0x000001fc2dd46c40 JavaThread "Cache worker for checksums cache (C:\modding\.gradle\8.8\checksums)"        [_thread_blocked, id=25908, stack(0x0000009701100000,0x0000009701200000) (1024K)]
  0x000001fc2dd4a2f0 JavaThread "Cache worker for cache directory md-rule (C:\Users\dksrk\.gradle\caches\8.8\md-rule)"        [_thread_blocked, id=6572, stack(0x0000009701200000,0x0000009701300000) (1024K)]
  0x000001fc2dd483b0 JavaThread "Cache worker for cache directory md-supplier (C:\Users\dksrk\.gradle\caches\8.8\md-supplier)"        [_thread_blocked, id=26272, stack(0x0000009701300000,0x0000009701400000) (1024K)]
  0x000001fc2dd49350 JavaThread "Unconstrained build operations"        [_thread_blocked, id=27096, stack(0x0000009701400000,0x0000009701500000) (1024K)]
  0x000001fc2dd49b20 JavaThread "Unconstrained build operations Thread 2"        [_thread_blocked, id=30292, stack(0x0000009701500000,0x0000009701600000) (1024K)]
  0x000001fc2dd47be0 JavaThread "Unconstrained build operations Thread 3"        [_thread_blocked, id=26432, stack(0x0000009701600000,0x0000009701700000) (1024K)]
  0x000001fc2dd4ba60 JavaThread "Unconstrained build operations Thread 4"        [_thread_blocked, id=29160, stack(0x0000009701700000,0x0000009701800000) (1024K)]
  0x000001fc2dd4c230 JavaThread "Cache worker for Build Output Cleanup Cache (C:\modding\.gradle\buildOutputCleanup)"        [_thread_blocked, id=27544, stack(0x0000009701800000,0x0000009701900000) (1024K)]
  0x000001fc2dd4d9a0 JavaThread "Unconstrained build operations Thread 5"        [_thread_blocked, id=29836, stack(0x0000009701900000,0x0000009701a00000) (1024K)]
  0x000001fc2dd4e940 JavaThread "Unconstrained build operations Thread 6"        [_thread_blocked, id=29172, stack(0x0000009701a00000,0x0000009701b00000) (1024K)]
  0x000001fc2dd4f110 JavaThread "Unconstrained build operations Thread 7"        [_thread_blocked, id=27036, stack(0x0000009701b00000,0x0000009701c00000) (1024K)]
  0x000001fc2dd51820 JavaThread "Unconstrained build operations Thread 8"        [_thread_blocked, id=27812, stack(0x0000009701c00000,0x0000009701d00000) (1024K)]
  0x000001fc2dd52f90 JavaThread "Unconstrained build operations Thread 9"        [_thread_blocked, id=28868, stack(0x0000009701d00000,0x0000009701e00000) (1024K)]
  0x000001fc2dd500b0 JavaThread "Unconstrained build operations Thread 10"        [_thread_blocked, id=30580, stack(0x0000009701e00000,0x0000009701f00000) (1024K)]
  0x000001fc2dd53f30 JavaThread "Unconstrained build operations Thread 11"        [_thread_blocked, id=30688, stack(0x0000009701f00000,0x0000009702000000) (1024K)]
  0x000001fc2dd51050 JavaThread "Unconstrained build operations Thread 12"        [_thread_blocked, id=3292, stack(0x0000009702000000,0x0000009702100000) (1024K)]
  0x000001fc2dd58580 JavaThread "Unconstrained build operations Thread 13"        [_thread_blocked, id=30140, stack(0x0000009702100000,0x0000009702200000) (1024K)]
  0x000001fc2dd56640 JavaThread "Unconstrained build operations Thread 14"        [_thread_blocked, id=25796, stack(0x0000009702200000,0x0000009702300000) (1024K)]
  0x000001fc2dd54ed0 JavaThread "Unconstrained build operations Thread 15"        [_thread_blocked, id=28712, stack(0x0000009702300000,0x0000009702400000) (1024K)]
  0x000001fc2dd59520 JavaThread "Unconstrained build operations Thread 16"        [_thread_blocked, id=30248, stack(0x0000009702400000,0x0000009702500000) (1024K)]
  0x000001fc2dd5c400 JavaThread "Unconstrained build operations Thread 17"        [_thread_blocked, id=14424, stack(0x0000009702500000,0x0000009702600000) (1024K)]
  0x000001fc2dd5bc30 JavaThread "Unconstrained build operations Thread 18"        [_thread_blocked, id=8312, stack(0x0000009702600000,0x0000009702700000) (1024K)]
  0x000001fc2dd5ac90 JavaThread "Unconstrained build operations Thread 19"        [_thread_blocked, id=27200, stack(0x0000009702700000,0x0000009702800000) (1024K)]
  0x000001fc2dd5b460 JavaThread "Unconstrained build operations Thread 20"        [_thread_blocked, id=21724, stack(0x0000009702800000,0x0000009702900000) (1024K)]
  0x000001fc2dd5d3a0 JavaThread "Unconstrained build operations Thread 21"        [_thread_blocked, id=28716, stack(0x0000009702900000,0x0000009702a00000) (1024K)]
  0x000001fc2dd59cf0 JavaThread "Unconstrained build operations Thread 22"        [_thread_blocked, id=25024, stack(0x0000009702a00000,0x0000009702b00000) (1024K)]
  0x000001fc2dd5a4c0 JavaThread "Unconstrained build operations Thread 23"        [_thread_blocked, id=13364, stack(0x0000009702b00000,0x0000009702c00000) (1024K)]
  0x000001fc2dd5db70 JavaThread "Unconstrained build operations Thread 24"        [_thread_blocked, id=10456, stack(0x0000009702c00000,0x0000009702d00000) (1024K)]
  0x000001fc2dd5eb10 JavaThread "Unconstrained build operations Thread 25"        [_thread_blocked, id=30568, stack(0x0000009702d00000,0x0000009702e00000) (1024K)]
  0x000001fc2dd5f2e0 JavaThread "Unconstrained build operations Thread 26"        [_thread_blocked, id=29732, stack(0x0000009702e00000,0x0000009702f00000) (1024K)]
  0x000001fc2b0ca2b0 JavaThread "C2 CompilerThread1"         daemon [_thread_blocked, id=25928, stack(0x0000009702f00000,0x0000009703000000) (1024K)]
  0x000001fc2cf463a0 JavaThread "Unconstrained build operations Thread 27"        [_thread_blocked, id=2872, stack(0x0000009703000000,0x0000009703100000) (1024K)]
  0x000001fc2cf45bd0 JavaThread "Unconstrained build operations Thread 28"        [_thread_blocked, id=14356, stack(0x0000009703200000,0x0000009703300000) (1024K)]
  0x000001fc2cf434c0 JavaThread "Unconstrained build operations Thread 29"        [_thread_blocked, id=2524, stack(0x0000009703300000,0x0000009703400000) (1024K)]
  0x000001fc2cf42cf0 JavaThread "Unconstrained build operations Thread 30"        [_thread_blocked, id=26004, stack(0x0000009703400000,0x0000009703500000) (1024K)]
  0x000001fc2cf47340 JavaThread "Unconstrained build operations Thread 31"        [_thread_blocked, id=6884, stack(0x0000009703500000,0x0000009703600000) (1024K)]
  0x000001fc2cf4a9f0 JavaThread "Unconstrained build operations Thread 32"        [_thread_blocked, id=8616, stack(0x0000009703600000,0x0000009703700000) (1024K)]
  0x000001fc2cf482e0 JavaThread "Unconstrained build operations Thread 33"        [_thread_blocked, id=30012, stack(0x0000009703700000,0x0000009703800000) (1024K)]
  0x000001fc2cf47b10 JavaThread "Unconstrained build operations Thread 34"        [_thread_blocked, id=29496, stack(0x0000009703800000,0x0000009703900000) (1024K)]
  0x000001fc2410b890 JavaThread "C2 CompilerThread2"         daemon [_thread_blocked, id=11044, stack(0x0000009703900000,0x0000009703a00000) (1024K)]
  0x000001fc2cf4b990 JavaThread "Unconstrained build operations Thread 35"        [_thread_blocked, id=30624, stack(0x0000009703a00000,0x0000009703b00000) (1024K)]
  0x000001fc2cf4c160 JavaThread "Unconstrained build operations Thread 36"        [_thread_blocked, id=29824, stack(0x0000009703b00000,0x0000009703c00000) (1024K)]
  0x000001fc2dea0f60 JavaThread "Unconstrained build operations Thread 37"        [_thread_blocked, id=21688, stack(0x0000009703c00000,0x0000009703d00000) (1024K)]
  0x000001fc2dea1f00 JavaThread "Unconstrained build operations Thread 38"        [_thread_blocked, id=24776, stack(0x0000009703d00000,0x0000009703e00000) (1024K)]
  0x000001fc2dea1730 JavaThread "Unconstrained build operations Thread 39"        [_thread_blocked, id=9344, stack(0x0000009703e00000,0x0000009703f00000) (1024K)]
  0x000001fc2dea2ea0 JavaThread "Unconstrained build operations Thread 40"        [_thread_blocked, id=4112, stack(0x0000009703f00000,0x0000009704000000) (1024K)]
  0x000001fc2de9f7f0 JavaThread "Unconstrained build operations Thread 41"        [_thread_blocked, id=29036, stack(0x0000009704000000,0x0000009704100000) (1024K)]
  0x000001fc2dea3e40 JavaThread "Unconstrained build operations Thread 42"        [_thread_blocked, id=5596, stack(0x0000009704100000,0x0000009704200000) (1024K)]
  0x000001fc2dea0790 JavaThread "Unconstrained build operations Thread 43"        [_thread_blocked, id=27552, stack(0x0000009704200000,0x0000009704300000) (1024K)]
  0x000001fc2dea74f0 JavaThread "Unconstrained build operations Thread 44"        [_thread_blocked, id=4872, stack(0x0000009704300000,0x0000009704400000) (1024K)]
  0x000001fc2dea8490 JavaThread "Unconstrained build operations Thread 45"        [_thread_blocked, id=30336, stack(0x0000009704400000,0x0000009704500000) (1024K)]
Total: 109

Other Threads:
=>0x000001fc23e9e240 VMThread "VM Thread"                           [id=21592, stack(0x000000977d000000,0x000000977d100000) (1024K)]
  0x000001fc23d6e250 WatcherThread "VM Periodic Task Thread"        [id=30424, stack(0x000000977cf00000,0x000000977d000000) (1024K)]
  0x000001fc0569b3e0 WorkerThread "GC Thread#0"                     [id=10936, stack(0x000000977ca00000,0x000000977cb00000) (1024K)]
  0x000001fc2949d5e0 WorkerThread "GC Thread#1"                     [id=26300, stack(0x000000977dc00000,0x000000977dd00000) (1024K)]
  0x000001fc2949da10 WorkerThread "GC Thread#2"                     [id=22732, stack(0x000000977dd00000,0x000000977de00000) (1024K)]
  0x000001fc2949de40 WorkerThread "GC Thread#3"                     [id=30544, stack(0x000000977de00000,0x000000977df00000) (1024K)]
  0x000001fc29492f00 WorkerThread "GC Thread#4"                     [id=7388, stack(0x000000977df00000,0x000000977e000000) (1024K)]
  0x000001fc29493330 WorkerThread "GC Thread#5"                     [id=26828, stack(0x000000977e000000,0x000000977e100000) (1024K)]
  0x000001fc29ee27b0 WorkerThread "GC Thread#6"                     [id=29804, stack(0x000000977ee00000,0x000000977ef00000) (1024K)]
  0x000001fc29ee34a0 WorkerThread "GC Thread#7"                     [id=26796, stack(0x000000977ef00000,0x000000977f000000) (1024K)]
  0x000001fc29ee45e0 WorkerThread "GC Thread#8"                     [id=1964, stack(0x000000977f000000,0x000000977f100000) (1024K)]
  0x000001fc29ee4190 WorkerThread "GC Thread#9"                     [id=13232, stack(0x000000977f100000,0x000000977f200000) (1024K)]
  0x000001fc033ecf80 ConcurrentGCThread "G1 Main Marker"            [id=30196, stack(0x000000977cb00000,0x000000977cc00000) (1024K)]
  0x000001fc033ee690 WorkerThread "G1 Conc#0"                       [id=28172, stack(0x000000977cc00000,0x000000977cd00000) (1024K)]
  0x000001fc29ee38f0 WorkerThread "G1 Conc#1"                       [id=30084, stack(0x000000977f200000,0x000000977f300000) (1024K)]
  0x000001fc29ee3d40 WorkerThread "G1 Conc#2"                       [id=27128, stack(0x000000977f300000,0x000000977f400000) (1024K)]
  0x000001fc23d61d90 ConcurrentGCThread "G1 Refine#0"               [id=30584, stack(0x000000977cd00000,0x000000977ce00000) (1024K)]
  0x000001fc23d65670 ConcurrentGCThread "G1 Service"                [id=25792, stack(0x000000977ce00000,0x000000977cf00000) (1024K)]
Total: 18

Threads with active compile tasks:
C2 CompilerThread0  28379 12383       4       org.gradle.api.internal.artifacts.ModuleComponentSelectorSerializer::read (50 bytes)
Total: 1

VM state: at safepoint (normal execution)

VM Mutex/Monitor currently owned by a thread:  ([mutex/lock_event])
[0x00007ffce7b463c8] Threads_lock - owner thread: 0x000001fc23e9e240
[0x00007ffce7b46548] Heap_lock - owner thread: 0x000001fc2cf4b990

Heap address: 0x0000000740000000, size: 3072 MB, Compressed Oops mode: Zero based, Oop shift amount: 3

CDS archive(s) mapped at: [0x000000001e000000-0x000000001edd0000-0x000000001edd0000), size 14483456, SharedBaseAddress: 0x000000001e000000, ArchiveRelocationMode: 1.
Compressed class space mapped at: 0x000000001f000000-0x000000005f000000, reserved size: 1073741824
UseCompressedClassPointers 1, UseCompactObjectHeaders 0
Narrow klass pointer bits 32, Max shift 3
Narrow klass base: 0x000000001e000000, Narrow klass shift: 0
Encoding Range: [0x000000001e000000 - 0x000000011e000000), (4294967296 bytes)
Klass Range:    [0x000000001e010000 - 0x000000005f000000), (1090453504 bytes)
Klass ID Range:  [65536 - 1090519033) (1090453497)
Protection zone: [0x000000001e000000 - 0x000000001e010000), (65536 bytes)

GC Precious Log:
 CardTable entry size: 512
 Card Set container configuration: InlinePtr #cards 4 size 8 Array Of Cards #cards 16 size 48 Howl #buckets 8 coarsen threshold 3686 Howl Bitmap #cards 512 size 80 coarsen threshold 460 Card regions per heap region 1 cards per card region 4096
 CPUs: 12 total, 12 available
 Memory: 16309M
 Large Page Support: Disabled
 NUMA Support: Disabled
 Compressed Oops: Enabled (Zero based)
 Heap Region Size: 2M
 Heap Min Capacity: 8M
 Heap Initial Capacity: 256M
 Heap Max Capacity: 3G
 Pre-touch: Disabled
 Parallel Workers: 10
 Concurrent Workers: 3
 Concurrent Refinement Workers: 10
 Periodic GC: Disabled

Heap:
 garbage-first heap   total reserved 3145728K, committed 325632K, used 74702K [0x0000000740000000, 0x0000000800000000)
  region size 2048K, 5 young (10240K), 5 survivors (10240K)

Heap Regions: E=young(eden), S=young(survivor), O=old, HS=humongous(starts), HC=humongous(continues), CS=collection set, F=free, TAMS=top-at-mark-start, PB=parsable bottom
|   0|0x0000000740000000, 0x0000000740200000, 0x0000000740200000|100%|HS|  |TAMS 0x0000000740200000| PB 0x0000000740000000| Complete |  0
|   1|0x0000000740200000, 0x0000000740400000, 0x0000000740400000|100%|HC|  |TAMS 0x0000000740400000| PB 0x0000000740200000| Complete |  0
|   2|0x0000000740400000, 0x0000000740600000, 0x0000000740600000|100%| O|  |TAMS 0x0000000740600000| PB 0x0000000740400000| Untracked |  0
|   3|0x0000000740600000, 0x0000000740800000, 0x0000000740800000|100%| O|  |TAMS 0x0000000740800000| PB 0x0000000740600000| Untracked |  0
|   4|0x0000000740800000, 0x0000000740a00000, 0x0000000740a00000|100%| O|  |TAMS 0x0000000740a00000| PB 0x0000000740800000| Untracked |  0
|   5|0x0000000740a00000, 0x0000000740c00000, 0x0000000740c00000|100%| O|  |TAMS 0x0000000740c00000| PB 0x0000000740a00000| Untracked |  0
|   6|0x0000000740c00000, 0x0000000740e00000, 0x0000000740e00000|100%| O|  |TAMS 0x0000000740e00000| PB 0x0000000740c00000| Untracked |  0
|   7|0x0000000740e00000, 0x0000000741000000, 0x0000000741000000|100%| O|  |TAMS 0x0000000741000000| PB 0x0000000740e00000| Untracked |  0
|   8|0x0000000741000000, 0x0000000741200000, 0x0000000741200000|100%| O|  |TAMS 0x0000000741200000| PB 0x0000000741000000| Untracked |  0
|   9|0x0000000741200000, 0x0000000741400000, 0x0000000741400000|100%| O|  |TAMS 0x0000000741400000| PB 0x0000000741200000| Untracked |  0
|  10|0x0000000741400000, 0x0000000741600000, 0x0000000741600000|100%| O|  |TAMS 0x0000000741600000| PB 0x0000000741400000| Untracked |  0
|  11|0x0000000741600000, 0x0000000741800000, 0x0000000741800000|100%| O|  |TAMS 0x0000000741800000| PB 0x0000000741600000| Untracked |  0
|  12|0x0000000741800000, 0x0000000741a00000, 0x0000000741a00000|100%| O|  |TAMS 0x0000000741a00000| PB 0x0000000741800000| Untracked |  0
|  13|0x0000000741a00000, 0x0000000741c00000, 0x0000000741c00000|100%| O|  |TAMS 0x0000000741c00000| PB 0x0000000741a00000| Untracked |  0
|  14|0x0000000741c00000, 0x0000000741e00000, 0x0000000741e00000|100%| O|  |TAMS 0x0000000741e00000| PB 0x0000000741c00000| Untracked |  0
|  15|0x0000000741e00000, 0x0000000742000000, 0x0000000742000000|100%| O|  |TAMS 0x0000000742000000| PB 0x0000000741e00000| Untracked |  0
|  16|0x0000000742000000, 0x0000000742200000, 0x0000000742200000|100%| O|  |TAMS 0x0000000742200000| PB 0x0000000742000000| Untracked |  0
|  17|0x0000000742200000, 0x0000000742400000, 0x0000000742400000|100%| O|  |TAMS 0x0000000742400000| PB 0x0000000742200000| Untracked |  0
|  18|0x0000000742400000, 0x0000000742600000, 0x0000000742600000|100%| O|  |TAMS 0x0000000742600000| PB 0x0000000742400000| Untracked |  0
|  19|0x0000000742600000, 0x0000000742800000, 0x0000000742800000|100%| O|  |TAMS 0x0000000742800000| PB 0x0000000742600000| Untracked |  0
|  20|0x0000000742800000, 0x0000000742a00000, 0x0000000742a00000|100%| O|  |TAMS 0x0000000742a00000| PB 0x0000000742800000| Untracked |  0
|  21|0x0000000742a00000, 0x0000000742c00000, 0x0000000742c00000|100%| O|  |TAMS 0x0000000742c00000| PB 0x0000000742a00000| Untracked |  0
|  22|0x0000000742c00000, 0x0000000742e00000, 0x0000000742e00000|100%|HS|  |TAMS 0x0000000742e00000| PB 0x0000000742c00000| Complete |  0
|  23|0x0000000742e00000, 0x0000000743000000, 0x0000000743000000|100%| O|  |TAMS 0x0000000743000000| PB 0x0000000742e00000| Untracked |  0
|  24|0x0000000743000000, 0x0000000743200000, 0x0000000743200000|100%| O|  |TAMS 0x0000000743200000| PB 0x0000000743000000| Untracked |  0
|  25|0x0000000743200000, 0x0000000743400000, 0x0000000743400000|100%| O|  |TAMS 0x0000000743400000| PB 0x0000000743200000| Untracked |  0
|  26|0x0000000743400000, 0x0000000743400000, 0x0000000743600000|  0%| F|  |TAMS 0x0000000743400000| PB 0x0000000743400000| Untracked |  0
|  27|0x0000000743600000, 0x0000000743800000, 0x0000000743800000|100%| O|  |TAMS 0x0000000743800000| PB 0x0000000743600000| Untracked |  0
|  28|0x0000000743800000, 0x0000000743a00000, 0x0000000743a00000|100%| O|  |TAMS 0x0000000743a00000| PB 0x0000000743800000| Untracked |  0
|  29|0x0000000743a00000, 0x0000000743a00000, 0x0000000743c00000|  0%| F|  |TAMS 0x0000000743a00000| PB 0x0000000743a00000| Untracked |  0
|  30|0x0000000743c00000, 0x0000000743c00000, 0x0000000743e00000|  0%| F|  |TAMS 0x0000000743c00000| PB 0x0000000743c00000| Untracked |  0
|  31|0x0000000743e00000, 0x0000000743e00000, 0x0000000744000000|  0%| F|  |TAMS 0x0000000743e00000| PB 0x0000000743e00000| Untracked |  0
|  32|0x0000000744000000, 0x0000000744000000, 0x0000000744200000|  0%| F|  |TAMS 0x0000000744000000| PB 0x0000000744000000| Untracked |  0
|  33|0x0000000744200000, 0x0000000744200000, 0x0000000744400000|  0%| F|  |TAMS 0x0000000744200000| PB 0x0000000744200000| Untracked |  0
|  34|0x0000000744400000, 0x0000000744400000, 0x0000000744600000|  0%| F|  |TAMS 0x0000000744400000| PB 0x0000000744400000| Untracked |  0
|  35|0x0000000744600000, 0x0000000744600000, 0x0000000744800000|  0%| F|  |TAMS 0x0000000744600000| PB 0x0000000744600000| Untracked |  0
|  36|0x0000000744800000, 0x0000000744800000, 0x0000000744a00000|  0%| F|  |TAMS 0x0000000744800000| PB 0x0000000744800000| Untracked |  0
|  37|0x0000000744a00000, 0x0000000744a00000, 0x0000000744c00000|  0%| F|  |TAMS 0x0000000744a00000| PB 0x0000000744a00000| Untracked |  0
|  38|0x0000000744c00000, 0x0000000744c00000, 0x0000000744e00000|  0%| F|  |TAMS 0x0000000744c00000| PB 0x0000000744c00000| Untracked |  0
|  39|0x0000000744e00000, 0x0000000744e00000, 0x0000000745000000|  0%| F|  |TAMS 0x0000000744e00000| PB 0x0000000744e00000| Untracked |  0
|  40|0x0000000745000000, 0x0000000745000000, 0x0000000745200000|  0%| F|  |TAMS 0x0000000745000000| PB 0x0000000745000000| Untracked |  0
|  41|0x0000000745200000, 0x0000000745200000, 0x0000000745400000|  0%| F|  |TAMS 0x0000000745200000| PB 0x0000000745200000| Untracked |  0
|  42|0x0000000745400000, 0x0000000745400000, 0x0000000745600000|  0%| F|  |TAMS 0x0000000745400000| PB 0x0000000745400000| Untracked |  0
|  43|0x0000000745600000, 0x0000000745600000, 0x0000000745800000|  0%| F|  |TAMS 0x0000000745600000| PB 0x0000000745600000| Untracked |  0
|  44|0x0000000745800000, 0x0000000745800000, 0x0000000745a00000|  0%| F|  |TAMS 0x0000000745800000| PB 0x0000000745800000| Untracked |  0
|  45|0x0000000745a00000, 0x0000000745a00000, 0x0000000745c00000|  0%| F|  |TAMS 0x0000000745a00000| PB 0x0000000745a00000| Untracked |  0
|  46|0x0000000745c00000, 0x0000000745c00000, 0x0000000745e00000|  0%| F|  |TAMS 0x0000000745c00000| PB 0x0000000745c00000| Untracked |  0
|  47|0x0000000745e00000, 0x0000000745e00000, 0x0000000746000000|  0%| F|  |TAMS 0x0000000745e00000| PB 0x0000000745e00000| Untracked |  0
|  48|0x0000000746000000, 0x0000000746000000, 0x0000000746200000|  0%| F|  |TAMS 0x0000000746000000| PB 0x0000000746000000| Untracked |  0
|  49|0x0000000746200000, 0x0000000746200000, 0x0000000746400000|  0%| F|  |TAMS 0x0000000746200000| PB 0x0000000746200000| Untracked |  0
|  50|0x0000000746400000, 0x0000000746400000, 0x0000000746600000|  0%| F|  |TAMS 0x0000000746400000| PB 0x0000000746400000| Untracked |  0
|  51|0x0000000746600000, 0x0000000746600000, 0x0000000746800000|  0%| F|  |TAMS 0x0000000746600000| PB 0x0000000746600000| Untracked |  0
|  52|0x0000000746800000, 0x0000000746800000, 0x0000000746a00000|  0%| F|  |TAMS 0x0000000746800000| PB 0x0000000746800000| Untracked |  0
|  53|0x0000000746a00000, 0x0000000746a00000, 0x0000000746c00000|  0%| F|  |TAMS 0x0000000746a00000| PB 0x0000000746a00000| Untracked |  0
|  54|0x0000000746c00000, 0x0000000746c00000, 0x0000000746e00000|  0%| F|  |TAMS 0x0000000746c00000| PB 0x0000000746c00000| Untracked |  0
|  55|0x0000000746e00000, 0x0000000746e00000, 0x0000000747000000|  0%| F|  |TAMS 0x0000000746e00000| PB 0x0000000746e00000| Untracked |  0
|  56|0x0000000747000000, 0x0000000747000000, 0x0000000747200000|  0%| F|  |TAMS 0x0000000747000000| PB 0x0000000747000000| Untracked |  0
|  57|0x0000000747200000, 0x0000000747200000, 0x0000000747400000|  0%| F|  |TAMS 0x0000000747200000| PB 0x0000000747200000| Untracked |  0
|  58|0x0000000747400000, 0x0000000747400000, 0x0000000747600000|  0%| F|  |TAMS 0x0000000747400000| PB 0x0000000747400000| Untracked |  0
|  59|0x0000000747600000, 0x0000000747600000, 0x0000000747800000|  0%| F|  |TAMS 0x0000000747600000| PB 0x0000000747600000| Untracked |  0
|  60|0x0000000747800000, 0x0000000747800000, 0x0000000747a00000|  0%| F|  |TAMS 0x0000000747800000| PB 0x0000000747800000| Untracked |  0
|  61|0x0000000747a00000, 0x0000000747a00000, 0x0000000747c00000|  0%| F|  |TAMS 0x0000000747a00000| PB 0x0000000747a00000| Untracked |  0
|  62|0x0000000747c00000, 0x0000000747c00000, 0x0000000747e00000|  0%| F|  |TAMS 0x0000000747c00000| PB 0x0000000747c00000| Untracked |  0
|  63|0x0000000747e00000, 0x0000000747e00000, 0x0000000748000000|  0%| F|  |TAMS 0x0000000747e00000| PB 0x0000000747e00000| Untracked |  0
|  64|0x0000000748000000, 0x0000000748000000, 0x0000000748200000|  0%| F|  |TAMS 0x0000000748000000| PB 0x0000000748000000| Untracked |  0
|  65|0x0000000748200000, 0x0000000748200000, 0x0000000748400000|  0%| F|  |TAMS 0x0000000748200000| PB 0x0000000748200000| Untracked |  0
|  66|0x0000000748400000, 0x0000000748400000, 0x0000000748600000|  0%| F|  |TAMS 0x0000000748400000| PB 0x0000000748400000| Untracked |  0
|  67|0x0000000748600000, 0x0000000748600000, 0x0000000748800000|  0%| F|  |TAMS 0x0000000748600000| PB 0x0000000748600000| Untracked |  0
|  68|0x0000000748800000, 0x0000000748800000, 0x0000000748a00000|  0%| F|  |TAMS 0x0000000748800000| PB 0x0000000748800000| Untracked |  0
|  69|0x0000000748a00000, 0x0000000748a00000, 0x0000000748c00000|  0%| F|  |TAMS 0x0000000748a00000| PB 0x0000000748a00000| Untracked |  0
|  70|0x0000000748c00000, 0x0000000748c00000, 0x0000000748e00000|  0%| F|  |TAMS 0x0000000748c00000| PB 0x0000000748c00000| Untracked |  0
|  71|0x0000000748e00000, 0x0000000748e00000, 0x0000000749000000|  0%| F|  |TAMS 0x0000000748e00000| PB 0x0000000748e00000| Untracked |  0
|  72|0x0000000749000000, 0x0000000749000000, 0x0000000749200000|  0%| F|  |TAMS 0x0000000749000000| PB 0x0000000749000000| Untracked |  0
|  73|0x0000000749200000, 0x0000000749200000, 0x0000000749400000|  0%| F|  |TAMS 0x0000000749200000| PB 0x0000000749200000| Untracked |  0
|  74|0x0000000749400000, 0x0000000749400000, 0x0000000749600000|  0%| F|  |TAMS 0x0000000749400000| PB 0x0000000749400000| Untracked |  0
|  75|0x0000000749600000, 0x0000000749600000, 0x0000000749800000|  0%| F|  |TAMS 0x0000000749600000| PB 0x0000000749600000| Untracked |  0
|  76|0x0000000749800000, 0x0000000749800000, 0x0000000749a00000|  0%| F|  |TAMS 0x0000000749800000| PB 0x0000000749800000| Untracked |  0
|  77|0x0000000749a00000, 0x0000000749a00000, 0x0000000749c00000|  0%| F|  |TAMS 0x0000000749a00000| PB 0x0000000749a00000| Untracked |  0
|  78|0x0000000749c00000, 0x0000000749c00000, 0x0000000749e00000|  0%| F|  |TAMS 0x0000000749c00000| PB 0x0000000749c00000| Untracked |  0
|  79|0x0000000749e00000, 0x0000000749e00000, 0x000000074a000000|  0%| F|  |TAMS 0x0000000749e00000| PB 0x0000000749e00000| Untracked |  0
|  80|0x000000074a000000, 0x000000074a000000, 0x000000074a200000|  0%| F|  |TAMS 0x000000074a000000| PB 0x000000074a000000| Untracked |  0
|  81|0x000000074a200000, 0x000000074a200000, 0x000000074a400000|  0%| F|  |TAMS 0x000000074a200000| PB 0x000000074a200000| Untracked |  0
|  82|0x000000074a400000, 0x000000074a400000, 0x000000074a600000|  0%| F|  |TAMS 0x000000074a400000| PB 0x000000074a400000| Untracked |  0
|  83|0x000000074a600000, 0x000000074a600000, 0x000000074a800000|  0%| F|  |TAMS 0x000000074a600000| PB 0x000000074a600000| Untracked |  0
|  84|0x000000074a800000, 0x000000074a800000, 0x000000074aa00000|  0%| F|  |TAMS 0x000000074a800000| PB 0x000000074a800000| Untracked |  0
|  85|0x000000074aa00000, 0x000000074aa00000, 0x000000074ac00000|  0%| F|  |TAMS 0x000000074aa00000| PB 0x000000074aa00000| Untracked |  0
|  86|0x000000074ac00000, 0x000000074ac00000, 0x000000074ae00000|  0%| F|  |TAMS 0x000000074ac00000| PB 0x000000074ac00000| Untracked |  0
|  87|0x000000074ae00000, 0x000000074ae00000, 0x000000074b000000|  0%| F|  |TAMS 0x000000074ae00000| PB 0x000000074ae00000| Untracked |  0
|  88|0x000000074b000000, 0x000000074b000000, 0x000000074b200000|  0%| F|  |TAMS 0x000000074b000000| PB 0x000000074b000000| Untracked |  0
|  89|0x000000074b200000, 0x000000074b200000, 0x000000074b400000|  0%| F|  |TAMS 0x000000074b200000| PB 0x000000074b200000| Untracked |  0
|  90|0x000000074b400000, 0x000000074b400000, 0x000000074b600000|  0%| F|  |TAMS 0x000000074b400000| PB 0x000000074b400000| Untracked |  0
|  91|0x000000074b600000, 0x000000074b600000, 0x000000074b800000|  0%| F|  |TAMS 0x000000074b600000| PB 0x000000074b600000| Untracked |  0
|  92|0x000000074b800000, 0x000000074b800000, 0x000000074ba00000|  0%| F|  |TAMS 0x000000074b800000| PB 0x000000074b800000| Untracked |  0
|  93|0x000000074ba00000, 0x000000074ba00000, 0x000000074bc00000|  0%| F|  |TAMS 0x000000074ba00000| PB 0x000000074ba00000| Untracked |  0
|  94|0x000000074bc00000, 0x000000074bc00000, 0x000000074be00000|  0%| F|  |TAMS 0x000000074bc00000| PB 0x000000074bc00000| Untracked |  0
|  95|0x000000074be00000, 0x000000074be00000, 0x000000074c000000|  0%| F|  |TAMS 0x000000074be00000| PB 0x000000074be00000| Untracked |  0
|  96|0x000000074c000000, 0x000000074c000000, 0x000000074c200000|  0%| F|  |TAMS 0x000000074c000000| PB 0x000000074c000000| Untracked |  0
|  97|0x000000074c200000, 0x000000074c200000, 0x000000074c400000|  0%| F|  |TAMS 0x000000074c200000| PB 0x000000074c200000| Untracked |  0
|  98|0x000000074c400000, 0x000000074c400000, 0x000000074c600000|  0%| F|  |TAMS 0x000000074c400000| PB 0x000000074c400000| Untracked |  0
|  99|0x000000074c600000, 0x000000074c600000, 0x000000074c800000|  0%| F|  |TAMS 0x000000074c600000| PB 0x000000074c600000| Untracked |  0
| 100|0x000000074c800000, 0x000000074c800000, 0x000000074ca00000|  0%| F|  |TAMS 0x000000074c800000| PB 0x000000074c800000| Untracked |  0
| 101|0x000000074ca00000, 0x000000074ca00000, 0x000000074cc00000|  0%| F|  |TAMS 0x000000074ca00000| PB 0x000000074ca00000| Untracked |  0
| 102|0x000000074cc00000, 0x000000074cc00000, 0x000000074ce00000|  0%| F|  |TAMS 0x000000074cc00000| PB 0x000000074cc00000| Untracked |  0
| 103|0x000000074ce00000, 0x000000074ce00000, 0x000000074d000000|  0%| F|  |TAMS 0x000000074ce00000| PB 0x000000074ce00000| Untracked |  0
| 104|0x000000074d000000, 0x000000074d000000, 0x000000074d200000|  0%| F|  |TAMS 0x000000074d000000| PB 0x000000074d000000| Untracked |  0
| 105|0x000000074d200000, 0x000000074d200000, 0x000000074d400000|  0%| F|  |TAMS 0x000000074d200000| PB 0x000000074d200000| Untracked |  0
| 106|0x000000074d400000, 0x000000074d400000, 0x000000074d600000|  0%| F|  |TAMS 0x000000074d400000| PB 0x000000074d400000| Untracked |  0
| 107|0x000000074d600000, 0x000000074d600000, 0x000000074d800000|  0%| F|  |TAMS 0x000000074d600000| PB 0x000000074d600000| Untracked |  0
| 108|0x000000074d800000, 0x000000074d800000, 0x000000074da00000|  0%| F|  |TAMS 0x000000074d800000| PB 0x000000074d800000| Untracked |  0
| 109|0x000000074da00000, 0x000000074da00000, 0x000000074dc00000|  0%| F|  |TAMS 0x000000074da00000| PB 0x000000074da00000| Untracked |  0
| 110|0x000000074dc00000, 0x000000074dc00000, 0x000000074de00000|  0%| F|  |TAMS 0x000000074dc00000| PB 0x000000074dc00000| Untracked |  0
| 111|0x000000074de00000, 0x000000074de00000, 0x000000074e000000|  0%| F|  |TAMS 0x000000074de00000| PB 0x000000074de00000| Untracked |  0
| 112|0x000000074e000000, 0x000000074e000000, 0x000000074e200000|  0%| F|  |TAMS 0x000000074e000000| PB 0x000000074e000000| Untracked |  0
| 113|0x000000074e200000, 0x000000074e200000, 0x000000074e400000|  0%| F|  |TAMS 0x000000074e200000| PB 0x000000074e200000| Untracked |  0
| 114|0x000000074e400000, 0x000000074e400000, 0x000000074e600000|  0%| F|  |TAMS 0x000000074e400000| PB 0x000000074e400000| Untracked |  0
| 115|0x000000074e600000, 0x000000074e600000, 0x000000074e800000|  0%| F|  |TAMS 0x000000074e600000| PB 0x000000074e600000| Untracked |  0
| 116|0x000000074e800000, 0x000000074e800000, 0x000000074ea00000|  0%| F|  |TAMS 0x000000074e800000| PB 0x000000074e800000| Untracked |  0
| 117|0x000000074ea00000, 0x000000074ea00000, 0x000000074ec00000|  0%| F|  |TAMS 0x000000074ea00000| PB 0x000000074ea00000| Untracked |  0
| 118|0x000000074ec00000, 0x000000074ec00000, 0x000000074ee00000|  0%| F|  |TAMS 0x000000074ec00000| PB 0x000000074ec00000| Untracked |  0
| 119|0x000000074ee00000, 0x000000074ee00000, 0x000000074f000000|  0%| F|  |TAMS 0x000000074ee00000| PB 0x000000074ee00000| Untracked |  0
| 120|0x000000074f000000, 0x000000074f000000, 0x000000074f200000|  0%| F|  |TAMS 0x000000074f000000| PB 0x000000074f000000| Untracked |  0
| 121|0x000000074f200000, 0x000000074f200000, 0x000000074f400000|  0%| F|  |TAMS 0x000000074f200000| PB 0x000000074f200000| Untracked |  0
| 122|0x000000074f400000, 0x000000074f400000, 0x000000074f600000|  0%| F|  |TAMS 0x000000074f400000| PB 0x000000074f400000| Untracked |  0
| 123|0x000000074f600000, 0x000000074f600000, 0x000000074f800000|  0%| F|  |TAMS 0x000000074f600000| PB 0x000000074f600000| Untracked |  0
| 124|0x000000074f800000, 0x000000074f800000, 0x000000074fa00000|  0%| F|  |TAMS 0x000000074f800000| PB 0x000000074f800000| Untracked |  0
| 125|0x000000074fa00000, 0x000000074fa00000, 0x000000074fc00000|  0%| F|  |TAMS 0x000000074fa00000| PB 0x000000074fa00000| Untracked |  0
| 126|0x000000074fc00000, 0x000000074fc00000, 0x000000074fe00000|  0%| F|  |TAMS 0x000000074fc00000| PB 0x000000074fc00000| Untracked |  0
| 127|0x000000074fe00000, 0x000000074fe00000, 0x0000000750000000|  0%| F|  |TAMS 0x000000074fe00000| PB 0x000000074fe00000| Untracked |  0
| 128|0x0000000750000000, 0x0000000750000000, 0x0000000750200000|  0%| F|  |TAMS 0x0000000750000000| PB 0x0000000750000000| Untracked |  0
| 129|0x0000000750200000, 0x0000000750200000, 0x0000000750400000|  0%| F|  |TAMS 0x0000000750200000| PB 0x0000000750200000| Untracked |  0
| 130|0x0000000750400000, 0x0000000750400000, 0x0000000750600000|  0%| F|  |TAMS 0x0000000750400000| PB 0x0000000750400000| Untracked |  0
| 131|0x0000000750600000, 0x0000000750600000, 0x0000000750800000|  0%| F|  |TAMS 0x0000000750600000| PB 0x0000000750600000| Untracked |  0
| 132|0x0000000750800000, 0x0000000750800000, 0x0000000750a00000|  0%| F|  |TAMS 0x0000000750800000| PB 0x0000000750800000| Untracked |  0
| 133|0x0000000750a00000, 0x0000000750a00000, 0x0000000750c00000|  0%| F|  |TAMS 0x0000000750a00000| PB 0x0000000750a00000| Untracked |  0
| 134|0x0000000750c00000, 0x0000000750c00000, 0x0000000750e00000|  0%| F|  |TAMS 0x0000000750c00000| PB 0x0000000750c00000| Untracked |  0
| 135|0x0000000750e00000, 0x0000000750e00000, 0x0000000751000000|  0%| F|  |TAMS 0x0000000750e00000| PB 0x0000000750e00000| Untracked |  0
| 136|0x0000000751000000, 0x0000000751000000, 0x0000000751200000|  0%| F|  |TAMS 0x0000000751000000| PB 0x0000000751000000| Untracked |  0
| 137|0x0000000751200000, 0x0000000751200000, 0x0000000751400000|  0%| F|  |TAMS 0x0000000751200000| PB 0x0000000751200000| Untracked |  0
| 138|0x0000000751400000, 0x0000000751400000, 0x0000000751600000|  0%| F|  |TAMS 0x0000000751400000| PB 0x0000000751400000| Untracked |  0
| 139|0x0000000751600000, 0x0000000751600000, 0x0000000751800000|  0%| F|  |TAMS 0x0000000751600000| PB 0x0000000751600000| Untracked |  0
| 140|0x0000000751800000, 0x0000000751800000, 0x0000000751a00000|  0%| F|  |TAMS 0x0000000751800000| PB 0x0000000751800000| Untracked |  0
| 141|0x0000000751a00000, 0x0000000751a00000, 0x0000000751c00000|  0%| F|  |TAMS 0x0000000751a00000| PB 0x0000000751a00000| Untracked |  0
| 142|0x0000000751c00000, 0x0000000751c00000, 0x0000000751e00000|  0%| F|  |TAMS 0x0000000751c00000| PB 0x0000000751c00000| Untracked |  0
| 143|0x0000000751e00000, 0x0000000751e00000, 0x0000000752000000|  0%| F|  |TAMS 0x0000000751e00000| PB 0x0000000751e00000| Untracked |  0
| 144|0x0000000752000000, 0x0000000752000000, 0x0000000752200000|  0%| F|  |TAMS 0x0000000752000000| PB 0x0000000752000000| Untracked |  0
| 145|0x0000000752200000, 0x0000000752200000, 0x0000000752400000|  0%| F|  |TAMS 0x0000000752200000| PB 0x0000000752200000| Untracked |  0
| 146|0x0000000752400000, 0x0000000752400000, 0x0000000752600000|  0%| F|  |TAMS 0x0000000752400000| PB 0x0000000752400000| Untracked |  0
| 147|0x0000000752600000, 0x000000075278f450, 0x0000000752800000| 77%| S|CS|TAMS 0x0000000752600000| PB 0x0000000752600000| Complete |  0
| 148|0x0000000752800000, 0x0000000752a00000, 0x0000000752a00000|100%| S|CS|TAMS 0x0000000752800000| PB 0x0000000752800000| Complete |  0
| 149|0x0000000752a00000, 0x0000000752c00000, 0x0000000752c00000|100%| S|CS|TAMS 0x0000000752a00000| PB 0x0000000752a00000| Complete |  0
| 150|0x0000000752c00000, 0x0000000752e00000, 0x0000000752e00000|100%| S|CS|TAMS 0x0000000752c00000| PB 0x0000000752c00000| Complete |  0
| 151|0x0000000752e00000, 0x0000000753000000, 0x0000000753000000|100%| S|CS|TAMS 0x0000000752e00000| PB 0x0000000752e00000| Complete |  0
| 152|0x0000000753000000, 0x0000000753000000, 0x0000000753200000|  0%| F|  |TAMS 0x0000000753000000| PB 0x0000000753000000| Untracked |  0
|1530|0x00000007ff400000, 0x00000007ff564538, 0x00000007ff600000| 69%| O|  |TAMS 0x00000007ff564538| PB 0x00000007ff400000| Untracked |  0
|1531|0x00000007ff600000, 0x00000007ff600000, 0x00000007ff800000|  0%| F|  |TAMS 0x00000007ff600000| PB 0x00000007ff600000| Untracked |  0
|1532|0x00000007ff800000, 0x00000007ffa00000, 0x00000007ffa00000|100%| O|  |TAMS 0x00000007ffa00000| PB 0x00000007ff800000| Untracked |  0
|1533|0x00000007ffa00000, 0x00000007ffc00000, 0x00000007ffc00000|100%| O|  |TAMS 0x00000007ffc00000| PB 0x00000007ffa00000| Untracked |  0
|1534|0x00000007ffc00000, 0x00000007ffe00000, 0x00000007ffe00000|100%| O|  |TAMS 0x00000007ffe00000| PB 0x00000007ffc00000| Untracked |  0
|1535|0x00000007ffe00000, 0x00000007ffe00000, 0x0000000800000000|  0%| F|  |TAMS 0x00000007ffe00000| PB 0x00000007ffe00000| Untracked |  0

Card table byte_map: [0x000001fc1dd80000,0x000001fc1e380000] _byte_map_base: 0x000001fc1a380000

Marking Bits: (CMBitMap*) 0x000001fc0569bb70
 Bits: [0x000001fc1e380000, 0x000001fc21380000)

Polling page: 0x000001fc037b0000

Metaspace:
Metaspace        used 74467K, committed 76736K, reserved 1114112K
 class space     used 11069K, committed 12160K, reserved 1048576K

Usage:
  Non-class:     61.91 MB used.
      Class:     10.81 MB used.
       Both:     72.72 MB used.

Virtual space:
  Non-class space:       64.00 MB reserved,      63.06 MB ( 99%) committed,  1 nodes.
      Class space:        1.00 GB reserved,      11.88 MB (  1%) committed,  1 nodes.
             Both:        1.06 GB reserved,      74.94 MB (  7%) committed. 

Chunk freelists:
   Non-Class:  751.00 KB
       Class:  4.17 MB
        Both:  4.90 MB

MaxMetaspaceSize: unlimited
CompressedClassSpaceSize: 1.00 GB
Initial GC threshold: 21.00 MB
Current GC threshold: 117.44 MB
CDS: on
 - commit_granule_bytes: 65536.
 - commit_granule_words: 8192.
 - virtual_space_node_default_size: 8388608.
 - enlarge_chunks_in_place: 1.
UseCompressedClassPointers 1, UseCompactObjectHeaders 0
Narrow klass pointer bits 32, Max shift 3
Narrow klass base: 0x000000001e000000, Narrow klass shift: 0
Encoding Range: [0x000000001e000000 - 0x000000011e000000), (4294967296 bytes)
Klass Range:    [0x000000001e010000 - 0x000000005f000000), (1090453504 bytes)
Klass ID Range:  [65536 - 1090519033) (1090453497)
Protection zone: [0x000000001e000000 - 0x000000001e010000), (65536 bytes)


Internal statistics:

num_allocs_failed_limit: 6.
num_arena_births: 3628.
num_arena_deaths: 0.
num_vsnodes_births: 2.
num_vsnodes_deaths: 0.
num_space_committed: 1199.
num_space_uncommitted: 0.
num_chunks_returned_to_freelist: 6.
num_chunks_taken_from_freelist: 6924.
num_chunk_merges: 3.
num_chunk_splits: 4414.
num_chunks_enlarged: 2689.
num_inconsistent_stats: 0.

CodeHeap 'non-profiled nmethods': size=120064Kb used=5317Kb max_used=5317Kb free=114747Kb
 bounds [0x000001fc15be0000, 0x000001fc16120000, 0x000001fc1d120000]
CodeHeap 'profiled nmethods': size=120000Kb used=16372Kb max_used=16372Kb free=103627Kb
 bounds [0x000001fc0e120000, 0x000001fc0f120000, 0x000001fc15650000]
CodeHeap 'non-nmethods': size=5696Kb used=2716Kb max_used=2877Kb free=2979Kb
 bounds [0x000001fc15650000, 0x000001fc15930000, 0x000001fc15be0000]
CodeCache: size=245760Kb, used=24405Kb, max_used=24566Kb, free=221353Kb
 total_blobs=11954, nmethods=10983, adapters=874, full_count=0
Compilation: enabled, stopped_count=0, restarted_count=0

Compilation events (20 events):
Event: 28.212 Thread 0x000001fc23edbe20 12477       3       org.gradle.api.internal.artifacts.repositories.resolver.ExternalResourceResolver$LocalRepositoryAccess::resolveArtifact (1 bytes)
Event: 28.212 Thread 0x000001fc23edbe20 nmethod 12477 0x000001fc0f119308 code [0x000001fc0f119400, 0x000001fc0f119508]
Event: 28.212 Thread 0x000001fc23edbe20 12478       3       org.gradle.api.internal.artifacts.ivyservice.modulecache.artifacts.InMemoryModuleArtifactCache::lookup (54 bytes)
Event: 28.212 Thread 0x000001fc23edbe20 nmethod 12478 0x000001fc0f119608 code [0x000001fc0f119700, 0x000001fc0f119c18]
Event: 28.212 Thread 0x000001fc23edbe20 12484       3       org.gradle.api.internal.artifacts.ivyservice.modulecache.artifacts.DefaultModuleArtifactCache$ArtifactAtRepositoryKeySerializer::write (10 bytes)
Event: 28.212 Thread 0x000001fc23edbe20 nmethod 12484 0x000001fc0f119c88 code [0x000001fc0f119d80, 0x000001fc0f11a1a8]
Event: 28.212 Thread 0x000001fc23edbe20 12485       3       org.gradle.api.internal.artifacts.ivyservice.modulecache.artifacts.DefaultModuleArtifactCache$ArtifactAtRepositoryKeySerializer::write (25 bytes)
Event: 28.212 Thread 0x000001fc23edbe20 nmethod 12485 0x000001fc0f11a208 code [0x000001fc0f11a300, 0x000001fc0f11a600]
Event: 28.212 Thread 0x000001fc23edbe20 12479       3       org.gradle.api.internal.artifacts.ivyservice.ivyresolve.CachingModuleComponentRepository$LocateInCacheRepositoryAccess::resolveArtifact (38 bytes)
Event: 28.213 Thread 0x000001fc23edbe20 nmethod 12479 0x000001fc0f11a688 code [0x000001fc0f11a780, 0x000001fc0f11aca8]
Event: 28.213 Thread 0x000001fc23edbe20 12480       3       org.gradle.api.internal.artifacts.ivyservice.ivyresolve.ErrorHandlingModuleComponentRepository$ErrorHandlingModuleComponentRepositoryAccess::performOperationWithRetries (19 bytes)
Event: 28.213 Thread 0x000001fc23edbe20 nmethod 12480 0x000001fc0f11ad08 code [0x000001fc0f11ae00, 0x000001fc0f11aff8]
Event: 28.215 Thread 0x000001fc23edbe20 12488       3       org.gradle.internal.component.external.model.DefaultModuleComponentArtifactIdentifier::getFileName (144 bytes)
Event: 28.216 Thread 0x000001fc23edbe20 nmethod 12488 0x000001fc0f11b008 code [0x000001fc0f11b100, 0x000001fc0f11d168]
Event: 28.223 Thread 0x000001fc2b0ca2b0 nmethod 12417 0x000001fc1610b308 code [0x000001fc1610b400, 0x000001fc1610e140]
Event: 28.223 Thread 0x000001fc2b0ca2b0 12489   !   4       java.util.concurrent.locks.AbstractQueuedSynchronizer::tryInitializeHead (66 bytes)
Event: 28.225 Thread 0x000001fc2b0ca2b0 nmethod 12489 0x000001fc1610e188 code [0x000001fc1610e280, 0x000001fc1610e680]
Event: 28.225 Thread 0x000001fc2b0ca2b0 12487       4       org.gradle.internal.logging.sink.OutputEventListenerManager$1::onOutput (33 bytes)
Event: 28.229 Thread 0x000001fc2b0ca2b0 nmethod 12487 0x000001fc1610e688 code [0x000001fc1610e780, 0x000001fc1610ec90]
Event: 28.248 Thread 0x000001fc2410b890 nmethod 12486 0x000001fc1610ed08 code [0x000001fc1610ee00, 0x000001fc161113c0]

GC Heap Usage History (20 events):
Event: 24.960 {heap After GC invocations=22 (full 0):
 garbage-first heap   total reserved 3145728K, committed 192512K, used 71716K [0x0000000740000000, 0x0000000800000000)
  region size 2048K, 7 young (14336K), 7 survivors (14336K)
}
Event: 24.991 {heap Before GC invocations=22 (full 0):
 garbage-first heap   total reserved 3145728K, committed 192512K, used 94244K [0x0000000740000000, 0x0000000800000000)
  region size 2048K, 8 young (16384K), 7 survivors (14336K)
}
Event: 24.996 {heap After GC invocations=23 (full 0):
 garbage-first heap   total reserved 3145728K, committed 192512K, used 71982K [0x0000000740000000, 0x0000000800000000)
  region size 2048K, 4 young (8192K), 4 survivors (8192K)
}
Event: 25.470 {heap Before GC invocations=23 (full 0):
 garbage-first heap   total reserved 3145728K, committed 192512K, used 96558K [0x0000000740000000, 0x0000000800000000)
  region size 2048K, 14 young (28672K), 4 survivors (8192K)
}
Event: 25.474 {heap After GC invocations=24 (full 0):
 garbage-first heap   total reserved 3145728K, committed 192512K, used 72438K [0x0000000740000000, 0x0000000800000000)
  region size 2048K, 4 young (8192K), 4 survivors (8192K)
}
Event: 25.747 {heap Before GC invocations=25 (full 0):
 garbage-first heap   total reserved 3145728K, committed 192512K, used 189174K [0x0000000740000000, 0x0000000800000000)
  region size 2048K, 7 young (14336K), 4 survivors (8192K)
}
Event: 25.750 {heap After GC invocations=26 (full 0):
 garbage-first heap   total reserved 3145728K, committed 200704K, used 72855K [0x0000000740000000, 0x0000000800000000)
  region size 2048K, 4 young (8192K), 4 survivors (8192K)
}
Event: 26.001 {heap Before GC invocations=26 (full 0):
 garbage-first heap   total reserved 3145728K, committed 210944K, used 208023K [0x0000000740000000, 0x0000000800000000)
  region size 2048K, 11 young (22528K), 4 survivors (8192K)
}
Event: 26.006 {heap After GC invocations=27 (full 0):
 garbage-first heap   total reserved 3145728K, committed 221184K, used 73105K [0x0000000740000000, 0x0000000800000000)
  region size 2048K, 4 young (8192K), 4 survivors (8192K)
}
Event: 27.983 {heap Before GC invocations=27 (full 0):
 garbage-first heap   total reserved 3145728K, committed 221184K, used 163217K [0x0000000740000000, 0x0000000800000000)
  region size 2048K, 49 young (100352K), 4 survivors (8192K)
}
Event: 27.990 {heap After GC invocations=28 (full 0):
 garbage-first heap   total reserved 3145728K, committed 325632K, used 73066K [0x0000000740000000, 0x0000000800000000)
  region size 2048K, 4 young (8192K), 4 survivors (8192K)
}
Event: 28.054 {heap Before GC invocations=28 (full 0):
 garbage-first heap   total reserved 3145728K, committed 325632K, used 83306K [0x0000000740000000, 0x0000000800000000)
  region size 2048K, 8 young (16384K), 4 survivors (8192K)
}
Event: 28.059 {heap After GC invocations=29 (full 0):
 garbage-first heap   total reserved 3145728K, committed 325632K, used 73692K [0x0000000740000000, 0x0000000800000000)
  region size 2048K, 5 young (10240K), 5 survivors (10240K)
}
Event: 28.189 {heap Before GC invocations=29 (full 0):
 garbage-first heap   total reserved 3145728K, committed 325632K, used 106460K [0x0000000740000000, 0x0000000800000000)
  region size 2048K, 11 young (22528K), 5 survivors (10240K)
}
Event: 28.195 {heap After GC invocations=30 (full 0):
 garbage-first heap   total reserved 3145728K, committed 325632K, used 74491K [0x0000000740000000, 0x0000000800000000)
  region size 2048K, 5 young (10240K), 5 survivors (10240K)
}
Event: 28.231 {heap Before GC invocations=30 (full 0):
 garbage-first heap   total reserved 3145728K, committed 325632K, used 101115K [0x0000000740000000, 0x0000000800000000)
  region size 2048K, 8 young (16384K), 5 survivors (10240K)
}
Event: 28.237 {heap After GC invocations=31 (full 0):
 garbage-first heap   total reserved 3145728K, committed 325632K, used 74829K [0x0000000740000000, 0x0000000800000000)
  region size 2048K, 5 young (10240K), 5 survivors (10240K)
}
Event: 28.241 {heap Before GC invocations=31 (full 0):
 garbage-first heap   total reserved 3145728K, committed 325632K, used 76877K [0x0000000740000000, 0x0000000800000000)
  region size 2048K, 6 young (12288K), 5 survivors (10240K)
}
Event: 28.246 {heap After GC invocations=32 (full 0):
 garbage-first heap   total reserved 3145728K, committed 325632K, used 74693K [0x0000000740000000, 0x0000000800000000)
  region size 2048K, 5 young (10240K), 5 survivors (10240K)
}
Event: 28.273 {heap Before GC invocations=32 (full 0):
 garbage-first heap   total reserved 3145728K, committed 325632K, used 97221K [0x0000000740000000, 0x0000000800000000)
  region size 2048K, 6 young (12288K), 5 survivors (10240K)
}

Metaspace Usage History (20 events):
Event: 24.960 {metaspace After GC invocations=22 (full 0):
 Metaspace       used 68576K, committed 70720K, reserved 1114112K
  class space    used 10110K, committed 11136K, reserved 1048576K
}
Event: 24.991 {metaspace Before GC invocations=22 (full 0):
 Metaspace       used 68576K, committed 70720K, reserved 1114112K
  class space    used 10110K, committed 11136K, reserved 1048576K
}
Event: 24.996 {metaspace After GC invocations=23 (full 0):
 Metaspace       used 68576K, committed 70720K, reserved 1114112K
  class space    used 10110K, committed 11136K, reserved 1048576K
}
Event: 25.470 {metaspace Before GC invocations=23 (full 0):
 Metaspace       used 70019K, committed 72128K, reserved 1114112K
  class space    used 10357K, committed 11392K, reserved 1048576K
}
Event: 25.474 {metaspace After GC invocations=24 (full 0):
 Metaspace       used 70019K, committed 72128K, reserved 1114112K
  class space    used 10357K, committed 11392K, reserved 1048576K
}
Event: 25.747 {metaspace Before GC invocations=25 (full 0):
 Metaspace       used 70118K, committed 72192K, reserved 1114112K
  class space    used 10357K, committed 11392K, reserved 1048576K
}
Event: 25.750 {metaspace After GC invocations=26 (full 0):
 Metaspace       used 70118K, committed 72192K, reserved 1114112K
  class space    used 10357K, committed 11392K, reserved 1048576K
}
Event: 26.001 {metaspace Before GC invocations=26 (full 0):
 Metaspace       used 70445K, committed 72576K, reserved 1114112K
  class space    used 10383K, committed 11392K, reserved 1048576K
}
Event: 26.006 {metaspace After GC invocations=27 (full 0):
 Metaspace       used 70445K, committed 72576K, reserved 1114112K
  class space    used 10383K, committed 11392K, reserved 1048576K
}
Event: 27.983 {metaspace Before GC invocations=27 (full 0):
 Metaspace       used 74373K, committed 76544K, reserved 1114112K
  class space    used 11069K, committed 12160K, reserved 1048576K
}
Event: 27.990 {metaspace After GC invocations=28 (full 0):
 Metaspace       used 74373K, committed 76544K, reserved 1114112K
  class space    used 11069K, committed 12160K, reserved 1048576K
}
Event: 28.054 {metaspace Before GC invocations=28 (full 0):
 Metaspace       used 74402K, committed 76544K, reserved 1114112K
  class space    used 11069K, committed 12160K, reserved 1048576K
}
Event: 28.059 {metaspace After GC invocations=29 (full 0):
 Metaspace       used 74402K, committed 76544K, reserved 1114112K
  class space    used 11069K, committed 12160K, reserved 1048576K
}
Event: 28.189 {metaspace Before GC invocations=29 (full 0):
 Metaspace       used 74457K, committed 76672K, reserved 1114112K
  class space    used 11069K, committed 12160K, reserved 1048576K
}
Event: 28.195 {metaspace After GC invocations=30 (full 0):
 Metaspace       used 74457K, committed 76672K, reserved 1114112K
  class space    used 11069K, committed 12160K, reserved 1048576K
}
Event: 28.231 {metaspace Before GC invocations=30 (full 0):
 Metaspace       used 74467K, committed 76736K, reserved 1114112K
  class space    used 11069K, committed 12160K, reserved 1048576K
}
Event: 28.237 {metaspace After GC invocations=31 (full 0):
 Metaspace       used 74467K, committed 76736K, reserved 1114112K
  class space    used 11069K, committed 12160K, reserved 1048576K
}
Event: 28.241 {metaspace Before GC invocations=31 (full 0):
 Metaspace       used 74467K, committed 76736K, reserved 1114112K
  class space    used 11069K, committed 12160K, reserved 1048576K
}
Event: 28.246 {metaspace After GC invocations=32 (full 0):
 Metaspace       used 74467K, committed 76736K, reserved 1114112K
  class space    used 11069K, committed 12160K, reserved 1048576K
}
Event: 28.273 {metaspace Before GC invocations=32 (full 0):
 Metaspace       used 74467K, committed 76736K, reserved 1114112K
  class space    used 11069K, committed 12160K, reserved 1048576K
}

Dll operation events (14 events):
Event: 0.059 Loaded shared library C:\Program Files\Eclipse Adoptium\jdk-25.0.2.10-hotspot\bin\java.dll
Event: 0.163 Loaded shared library C:\Program Files\Eclipse Adoptium\jdk-25.0.2.10-hotspot\bin\zip.dll
Event: 0.167 Loaded shared library C:\Program Files\Eclipse Adoptium\jdk-25.0.2.10-hotspot\bin\instrument.dll
Event: 0.229 Loaded shared library C:\Program Files\Eclipse Adoptium\jdk-25.0.2.10-hotspot\bin\net.dll
Event: 0.282 Loaded shared library C:\Program Files\Eclipse Adoptium\jdk-25.0.2.10-hotspot\bin\nio.dll
Event: 0.287 Loaded shared library C:\Program Files\Eclipse Adoptium\jdk-25.0.2.10-hotspot\bin\zip.dll
Event: 0.499 Loaded shared library C:\Program Files\Eclipse Adoptium\jdk-25.0.2.10-hotspot\bin\jimage.dll
Event: 0.564 Loaded shared library C:\Program Files\Eclipse Adoptium\jdk-25.0.2.10-hotspot\bin\verify.dll
Event: 0.665 Loaded shared library C:\Users\dksrk\.gradle\native\c067742578af261105cb4f569cf0c3c89f3d7b1fecec35dd04571415982c5e48\windows-amd64\native-platform.dll
Event: 0.669 Loaded shared library C:\Users\dksrk\.gradle\native\100fb08df4bc3b14c8652ba06237920a3bd2aa13389f12d3474272988ae205f9\windows-amd64\native-platform-file-events.dll
Event: 1.430 Loaded shared library C:\Program Files\Eclipse Adoptium\jdk-25.0.2.10-hotspot\bin\management.dll
Event: 1.476 Loaded shared library C:\Program Files\Eclipse Adoptium\jdk-25.0.2.10-hotspot\bin\management_ext.dll
Event: 1.660 Loaded shared library C:\Program Files\Eclipse Adoptium\jdk-25.0.2.10-hotspot\bin\extnet.dll
Event: 1.802 Loaded shared library C:\Program Files\Eclipse Adoptium\jdk-25.0.2.10-hotspot\bin\sunmscapi.dll

Deoptimization events (20 events):
Event: 28.145 Thread 0x000001fc29f13d80 Uncommon trap: trap_request=0xffffffbe fr.pc=0x000001fc160ebcd8 relative=0x00000000000022d8
Event: 28.145 Thread 0x000001fc29f13d80 Uncommon trap: reason=profile_predicate action=maybe_recompile pc=0x000001fc160ebcd8 method=org.gradle.api.internal.artifacts.ivyservice.ivyresolve.strategy.StaticVersionComparator.compare(Lorg/gradle/api/internal/artifacts/ivyservice/ivyresolve/strategy/
Event: 28.145 Thread 0x000001fc29f13d80 DEOPT PACKING pc=0x000001fc160ebcd8 sp=0x000000977e6f7500
Event: 28.145 Thread 0x000001fc29f13d80 DEOPT UNPACKING pc=0x000001fc15770f82 sp=0x000000977e6f7488 mode 2
Event: 28.145 Thread 0x000001fc29f13d80 Uncommon trap: trap_request=0xffffffbe fr.pc=0x000001fc160ebcd8 relative=0x00000000000022d8
Event: 28.145 Thread 0x000001fc29f13d80 Uncommon trap: reason=profile_predicate action=maybe_recompile pc=0x000001fc160ebcd8 method=org.gradle.api.internal.artifacts.ivyservice.ivyresolve.strategy.StaticVersionComparator.compare(Lorg/gradle/api/internal/artifacts/ivyservice/ivyresolve/strategy/
Event: 28.145 Thread 0x000001fc29f13d80 DEOPT PACKING pc=0x000001fc160ebcd8 sp=0x000000977e6f7500
Event: 28.145 Thread 0x000001fc29f13d80 DEOPT UNPACKING pc=0x000001fc15770f82 sp=0x000000977e6f7488 mode 2
Event: 28.145 Thread 0x000001fc29f13d80 Uncommon trap: trap_request=0xffffffbe fr.pc=0x000001fc160ebcd8 relative=0x00000000000022d8
Event: 28.145 Thread 0x000001fc29f13d80 Uncommon trap: reason=profile_predicate action=maybe_recompile pc=0x000001fc160ebcd8 method=org.gradle.api.internal.artifacts.ivyservice.ivyresolve.strategy.StaticVersionComparator.compare(Lorg/gradle/api/internal/artifacts/ivyservice/ivyresolve/strategy/
Event: 28.145 Thread 0x000001fc29f13d80 DEOPT PACKING pc=0x000001fc160ebcd8 sp=0x000000977e6f7500
Event: 28.145 Thread 0x000001fc29f13d80 DEOPT UNPACKING pc=0x000001fc15770f82 sp=0x000000977e6f7488 mode 2
Event: 28.145 Thread 0x000001fc29f13d80 Uncommon trap: trap_request=0xffffffbe fr.pc=0x000001fc160ebcd8 relative=0x00000000000022d8
Event: 28.145 Thread 0x000001fc29f13d80 Uncommon trap: reason=profile_predicate action=maybe_recompile pc=0x000001fc160ebcd8 method=org.gradle.api.internal.artifacts.ivyservice.ivyresolve.strategy.StaticVersionComparator.compare(Lorg/gradle/api/internal/artifacts/ivyservice/ivyresolve/strategy/
Event: 28.145 Thread 0x000001fc29f13d80 DEOPT PACKING pc=0x000001fc160ebcd8 sp=0x000000977e6f7500
Event: 28.145 Thread 0x000001fc29f13d80 DEOPT UNPACKING pc=0x000001fc15770f82 sp=0x000000977e6f7488 mode 2
Event: 28.165 Thread 0x000001fc29f13d80 Uncommon trap: trap_request=0xffffffbe fr.pc=0x000001fc161029ac relative=0x000000000000022c
Event: 28.165 Thread 0x000001fc29f13d80 Uncommon trap: reason=profile_predicate action=maybe_recompile pc=0x000001fc161029ac method=java.util.LinkedHashMap.keysToArray([Ljava/lang/Object;Z)[Ljava/lang/Object; @ 53 c2
Event: 28.165 Thread 0x000001fc29f13d80 DEOPT PACKING pc=0x000001fc161029ac sp=0x000000977e6f7690
Event: 28.165 Thread 0x000001fc29f13d80 DEOPT UNPACKING pc=0x000001fc15770f82 sp=0x000000977e6f7620 mode 2

Classes loaded (20 events):
Event: 25.120 Loading class java/util/stream/ReferencePipeline$15
Event: 25.120 Loading class java/util/stream/ReferencePipeline$15 done
Event: 25.124 Loading class java/util/stream/ReferencePipeline$15$1
Event: 25.124 Loading class java/util/stream/ReferencePipeline$15$1 done
Event: 25.146 Loading class java/lang/ProcessImpl
Event: 25.146 Loading class java/lang/ProcessImpl done
Event: 25.161 Loading class java/lang/ProcessHandleImpl
Event: 25.161 Loading class java/lang/ProcessHandleImpl done
Event: 25.162 Loading class java/lang/Process$PipeOutputStream
Event: 25.162 Loading class java/lang/Process$PipeOutputStream done
Event: 25.162 Loading class java/lang/Process$PipeInputStream
Event: 25.162 Loading class java/lang/Process$PipeInputStream done
Event: 25.162 Loading class jdk/internal/event/ProcessStartEvent
Event: 25.162 Loading class jdk/internal/event/ProcessStartEvent done
Event: 25.457 Loading class java/util/TreeMap$KeySpliterator
Event: 25.457 Loading class java/util/TreeMap$TreeMapSpliterator
Event: 25.457 Loading class java/util/TreeMap$TreeMapSpliterator done
Event: 25.457 Loading class java/util/TreeMap$KeySpliterator done
Event: 26.161 Loading class java/util/TreeMap$ValueSpliterator
Event: 26.161 Loading class java/util/TreeMap$ValueSpliterator done

Classes unloaded (0 events):
No events

Classes redefined (0 events):
No events

Internal exceptions (20 events):
Event: 26.157 Thread 0x000001fc2a2e3ff0 Exception <a 'java/lang/NoSuchMethodError'{0x000000074e3805b8}: static Lorg/gradle/internal/build/event/types/AbstractTaskResult;.<clinit>()V> (0x000000074e3805b8) 
thrown [s\src\hotspot\share\prims\jni.cpp, line 1106]
Event: 26.162 Thread 0x000001fc29f13d80 Exception <a 'java/lang/NoSuchMethodError'{0x000000074e83f9c0}: 'java.lang.Object java.lang.invoke.DirectMethodHandle$Holder.invokeStatic(java.lang.Object, int, java.lang.Object)'> (0x000000074e83f9c0) 
thrown [s\src\hotspot\share\interpreter\linkResolver.cpp, line 804]
Event: 26.207 Thread 0x000001fc29f13d80 Exception <a 'java/lang/ClassNotFoundException'{0x000000074b101b68}: org/gradle/language/jvm/tasks/ProcessResources_DecoratedBeanInfo> (0x000000074b101b68) 
thrown [s\src\hotspot\share\classfile\systemDictionary.cpp, line 327]
Event: 26.207 Thread 0x000001fc29f13d80 Exception <a 'java/lang/ClassNotFoundException'{0x000000074b10d2b0}: org/gradle/language/jvm/tasks/ProcessResourcesBeanInfo> (0x000000074b10d2b0) 
thrown [s\src\hotspot\share\classfile\systemDictionary.cpp, line 327]
Event: 26.207 Thread 0x000001fc29f13d80 Exception <a 'java/lang/ClassNotFoundException'{0x000000074b117178}: org/gradle/api/tasks/CopyBeanInfo> (0x000000074b117178) 
thrown [s\src\hotspot\share\classfile\systemDictionary.cpp, line 327]
Event: 26.208 Thread 0x000001fc29f13d80 Exception <a 'java/lang/ClassNotFoundException'{0x000000074b121028}: org/gradle/api/tasks/CopyCustomizer> (0x000000074b121028) 
thrown [s\src\hotspot\share\classfile\systemDictionary.cpp, line 327]
Event: 26.208 Thread 0x000001fc29f13d80 Exception <a 'java/lang/ClassNotFoundException'{0x000000074b1430d8}: org/gradle/language/jvm/tasks/ProcessResourcesCustomizer> (0x000000074b1430d8) 
thrown [s\src\hotspot\share\classfile\systemDictionary.cpp, line 327]
Event: 26.209 Thread 0x000001fc29f13d80 Exception <a 'java/lang/ClassNotFoundException'{0x000000074b162558}: org/gradle/language/jvm/tasks/ProcessResources_DecoratedCustomizer> (0x000000074b162558) 
thrown [s\src\hotspot\share\classfile\systemDictionary.cpp, line 327]
Event: 26.214 Thread 0x000001fc29f13d80 Exception <a 'java/lang/ClassNotFoundException'{0x000000074b1e3e10}: org/gradle/api/internal/tasks/DefaultTaskInputsBeanInfo> (0x000000074b1e3e10) 
thrown [s\src\hotspot\share\classfile\systemDictionary.cpp, line 327]
Event: 26.214 Thread 0x000001fc29f13d80 Exception <a 'java/lang/ClassNotFoundException'{0x000000074b1edde0}: org/gradle/api/internal/tasks/DefaultTaskInputsCustomizer> (0x000000074b1edde0) 
thrown [s\src\hotspot\share\classfile\systemDictionary.cpp, line 327]
Event: 26.229 Thread 0x000001fc29f13d80 Exception <a 'java/io/IOException'{0x000000074aeccc88}> (0x000000074aeccc88) 
thrown [s\src\hotspot\share\prims\jni.cpp, line 516]
Event: 26.229 Thread 0x000001fc29f13d80 Exception <a 'java/io/IOException'{0x000000074aecdf88}> (0x000000074aecdf88) 
thrown [s\src\hotspot\share\prims\jni.cpp, line 516]
Event: 26.232 Thread 0x000001fc29f13d80 Exception <a 'java/io/IOException'{0x000000074aedf2e0}> (0x000000074aedf2e0) 
thrown [s\src\hotspot\share\prims\jni.cpp, line 516]
Event: 26.232 Thread 0x000001fc29f13d80 Exception <a 'java/io/IOException'{0x000000074aee05b8}> (0x000000074aee05b8) 
thrown [s\src\hotspot\share\prims\jni.cpp, line 516]
Event: 26.555 Thread 0x000001fc2a2e3ff0 Exception <a 'java/lang/NoSuchMethodError'{0x000000074902ab28}: static [Ljava/net/URL;.<clinit>()V> (0x000000074902ab28) 
thrown [s\src\hotspot\share\prims\jni.cpp, line 1106]
Event: 26.556 Thread 0x000001fc2a2e3ff0 Exception <a 'java/lang/NoSuchMethodError'{0x000000074902f1d0}: static [B.<clinit>()V> (0x000000074902f1d0) 
thrown [s\src\hotspot\share\prims\jni.cpp, line 1106]
Event: 26.879 Thread 0x000001fc29f13d80 Exception <a 'sun/nio/fs/WindowsException'{0x0000000747ed0b88}> (0x0000000747ed0b88) 
thrown [s\src\hotspot\share\prims\jni.cpp, line 516]
Event: 26.879 Thread 0x000001fc29f13d80 Exception <a 'sun/nio/fs/WindowsException'{0x0000000747ed2310}> (0x0000000747ed2310) 
thrown [s\src\hotspot\share\prims\jni.cpp, line 516]
Event: 26.880 Thread 0x000001fc29f13d80 Exception <a 'sun/nio/fs/WindowsException'{0x0000000747ed3a88}> (0x0000000747ed3a88) 
thrown [s\src\hotspot\share\prims\jni.cpp, line 516]
Event: 26.880 Thread 0x000001fc29f13d80 Exception <a 'sun/nio/fs/WindowsException'{0x0000000747ed51d8}> (0x0000000747ed51d8) 
thrown [s\src\hotspot\share\prims\jni.cpp, line 516]

VM Operations (20 events):
Event: 25.550 Executing safepoint VM operation: G1PauseCleanup done
Event: 25.746 Executing safepoint VM operation: G1CollectForAllocation (G1 Evacuation Pause)
Event: 25.750 Executing safepoint VM operation: G1CollectForAllocation (G1 Evacuation Pause) done
Event: 26.001 Executing safepoint VM operation: G1CollectForAllocation (G1 Evacuation Pause)
Event: 26.006 Executing safepoint VM operation: G1CollectForAllocation (G1 Evacuation Pause) done
Event: 26.150 Executing non-safepoint VM operation: HandshakeAllThreads (Deoptimize)
Event: 26.150 Executing non-safepoint VM operation: HandshakeAllThreads (Deoptimize) done
Event: 26.541 Executing non-safepoint VM operation: HandshakeAllThreads (Deoptimize)
Event: 26.542 Executing non-safepoint VM operation: HandshakeAllThreads (Deoptimize) done
Event: 27.983 Executing safepoint VM operation: G1TryInitiateConcMark (G1 Humongous Allocation)
Event: 27.990 Executing safepoint VM operation: G1TryInitiateConcMark (G1 Humongous Allocation) done
Event: 28.054 Executing safepoint VM operation: G1TryInitiateConcMark (G1 Humongous Allocation)
Event: 28.059 Executing safepoint VM operation: G1TryInitiateConcMark (G1 Humongous Allocation) done
Event: 28.189 Executing safepoint VM operation: G1TryInitiateConcMark (G1 Humongous Allocation)
Event: 28.195 Executing safepoint VM operation: G1TryInitiateConcMark (G1 Humongous Allocation) done
Event: 28.231 Executing safepoint VM operation: G1TryInitiateConcMark (G1 Humongous Allocation)
Event: 28.237 Executing safepoint VM operation: G1TryInitiateConcMark (G1 Humongous Allocation) done
Event: 28.241 Executing safepoint VM operation: G1TryInitiateConcMark (G1 Humongous Allocation)
Event: 28.246 Executing safepoint VM operation: G1TryInitiateConcMark (G1 Humongous Allocation) done
Event: 28.273 Executing safepoint VM operation: G1TryInitiateConcMark (G1 Humongous Allocation)

Memory protections (0 events):
No events

Nmethod flushes (20 events):
Event: 25.523 Thread 0x000001fc23e9e240 flushing  nmethod 0x000001fc15e07288
Event: 25.523 Thread 0x000001fc23e9e240 flushing  nmethod 0x000001fc15e08c88
Event: 25.523 Thread 0x000001fc23e9e240 flushing  nmethod 0x000001fc15e2c308
Event: 25.523 Thread 0x000001fc23e9e240 flushing  nmethod 0x000001fc0e15e288
Event: 25.523 Thread 0x000001fc23e9e240 flushing  nmethod 0x000001fc0e195788
Event: 25.523 Thread 0x000001fc23e9e240 flushing  nmethod 0x000001fc0e1ebe88
Event: 25.523 Thread 0x000001fc23e9e240 flushing  nmethod 0x000001fc0e1ecf08
Event: 25.523 Thread 0x000001fc23e9e240 flushing  nmethod 0x000001fc0e1ed288
Event: 25.523 Thread 0x000001fc23e9e240 flushing  nmethod 0x000001fc0e236788
Event: 25.523 Thread 0x000001fc23e9e240 flushing  nmethod 0x000001fc0e236a88
Event: 25.523 Thread 0x000001fc23e9e240 flushing  nmethod 0x000001fc0e2d5088
Event: 25.523 Thread 0x000001fc23e9e240 flushing  nmethod 0x000001fc0e2dc308
Event: 25.523 Thread 0x000001fc23e9e240 flushing  nmethod 0x000001fc0e3f8308
Event: 25.523 Thread 0x000001fc23e9e240 flushing  nmethod 0x000001fc0e64dd88
Event: 25.523 Thread 0x000001fc23e9e240 flushing  nmethod 0x000001fc0e707f88
Event: 25.523 Thread 0x000001fc23e9e240 flushing  nmethod 0x000001fc0e708888
Event: 25.523 Thread 0x000001fc23e9e240 flushing  nmethod 0x000001fc0e7a2c88
Event: 25.523 Thread 0x000001fc23e9e240 flushing  nmethod 0x000001fc0e7a5988
Event: 25.523 Thread 0x000001fc23e9e240 flushing  nmethod 0x000001fc0e9e9488
Event: 25.523 Thread 0x000001fc23e9e240 flushing  nmethod 0x000001fc0eb38f88

Events (20 events):
Event: 28.015 Thread 0x000001fc29f13d80 Thread added: 0x000001fc2cf463a0
Event: 28.016 Thread 0x000001fc29f13d80 Thread added: 0x000001fc2cf45bd0
Event: 28.016 Thread 0x000001fc29f13d80 Thread added: 0x000001fc2cf434c0
Event: 28.016 Thread 0x000001fc29f13d80 Thread added: 0x000001fc2cf42cf0
Event: 28.016 Thread 0x000001fc29f13d80 Thread added: 0x000001fc2cf47340
Event: 28.016 Thread 0x000001fc29f13d80 Thread added: 0x000001fc2cf4a9f0
Event: 28.016 Thread 0x000001fc29f13d80 Thread added: 0x000001fc2cf482e0
Event: 28.016 Thread 0x000001fc29f13d80 Thread added: 0x000001fc2cf47b10
Event: 28.163 Thread 0x000001fc23edbe20 Thread added: 0x000001fc2410b890
Event: 28.178 Thread 0x000001fc29f13d80 Thread added: 0x000001fc2cf4b990
Event: 28.178 Thread 0x000001fc29f13d80 Thread added: 0x000001fc2cf4c160
Event: 28.179 Thread 0x000001fc29f13d80 Thread added: 0x000001fc2dea0f60
Event: 28.179 Thread 0x000001fc29f13d80 Thread added: 0x000001fc2dea1f00
Event: 28.179 Thread 0x000001fc29f13d80 Thread added: 0x000001fc2dea1730
Event: 28.179 Thread 0x000001fc29f13d80 Thread added: 0x000001fc2dea2ea0
Event: 28.179 Thread 0x000001fc29f13d80 Thread added: 0x000001fc2de9f7f0
Event: 28.179 Thread 0x000001fc29f13d80 Thread added: 0x000001fc2dea3e40
Event: 28.179 Thread 0x000001fc29f13d80 Thread added: 0x000001fc2dea0790
Event: 28.179 Thread 0x000001fc29f13d80 Thread added: 0x000001fc2dea74f0
Event: 28.179 Thread 0x000001fc29f13d80 Thread added: 0x000001fc2dea8490


Dynamic libraries:
0x00007ff7e2d10000 - 0x00007ff7e2d1e000 	C:\Program Files\Eclipse Adoptium\jdk-25.0.2.10-hotspot\bin\java.exe
0x00007ffdf5960000 - 0x00007ffdf5bc6000 	C:\WINDOWS\SYSTEM32\ntdll.dll
0x00007ffdf3a10000 - 0x00007ffdf3ad9000 	C:\WINDOWS\System32\KERNEL32.DLL
0x00007ffdf2ca0000 - 0x00007ffdf309a000 	C:\WINDOWS\System32\KERNELBASE.dll
0x00007ffdefc60000 - 0x00007ffdefd00000 	C:\WINDOWS\SYSTEM32\apphelp.dll
0x00007ffdf3580000 - 0x00007ffdf36cc000 	C:\WINDOWS\System32\ucrtbase.dll
0x00007ffdcd810000 - 0x00007ffdcd82e000 	C:\Program Files\Eclipse Adoptium\jdk-25.0.2.10-hotspot\bin\VCRUNTIME140.dll
0x00007ffdc79b0000 - 0x00007ffdc79c6000 	C:\Program Files\Eclipse Adoptium\jdk-25.0.2.10-hotspot\bin\jli.dll
0x00007ffdf53a0000 - 0x00007ffdf5567000 	C:\WINDOWS\System32\USER32.dll
0x00007ffdf30a0000 - 0x00007ffdf30c7000 	C:\WINDOWS\System32\win32u.dll
0x00007ffde15c0000 - 0x00007ffde1852000 	C:\WINDOWS\WinSxS\amd64_microsoft.windows.common-controls_6595b64144ccf1df_6.0.26100.8521_none_3e08b75ce33403b3\COMCTL32.dll
0x00007ffdf4b10000 - 0x00007ffdf4b3b000 	C:\WINDOWS\System32\GDI32.dll
0x00007ffdf4b40000 - 0x00007ffdf4be9000 	C:\WINDOWS\System32\msvcrt.dll
0x00007ffdf30d0000 - 0x00007ffdf31fb000 	C:\WINDOWS\System32\gdi32full.dll
0x00007ffdf2bf0000 - 0x00007ffdf2c93000 	C:\WINDOWS\System32\msvcp_win.dll
0x00007ffdf55c0000 - 0x00007ffdf55f2000 	C:\WINDOWS\System32\IMM32.DLL
0x00007ffdcd7f0000 - 0x00007ffdcd7fc000 	C:\Program Files\Eclipse Adoptium\jdk-25.0.2.10-hotspot\bin\vcruntime140_1.dll
0x00007ffd23f50000 - 0x00007ffd23fdd000 	C:\Program Files\Eclipse Adoptium\jdk-25.0.2.10-hotspot\bin\msvcp140.dll
0x00007ffce6d10000 - 0x00007ffce7c36000 	C:\Program Files\Eclipse Adoptium\jdk-25.0.2.10-hotspot\bin\server\jvm.dll
0x00007ffdf3ae0000 - 0x00007ffdf3b96000 	C:\WINDOWS\System32\ADVAPI32.dll
0x00007ffdf52f0000 - 0x00007ffdf539a000 	C:\WINDOWS\System32\sechost.dll
0x00007ffdf4bf0000 - 0x00007ffdf4d08000 	C:\WINDOWS\System32\RPCRT4.dll
0x00007ffdf5730000 - 0x00007ffdf57b0000 	C:\WINDOWS\System32\WS2_32.dll
0x00007ffdf28a0000 - 0x00007ffdf28fe000 	C:\WINDOWS\SYSTEM32\POWRPROF.dll
0x00007ffde2590000 - 0x00007ffde25c6000 	C:\WINDOWS\SYSTEM32\WINMM.dll
0x00007ffded250000 - 0x00007ffded25b000 	C:\WINDOWS\SYSTEM32\VERSION.dll
0x00007ffdf2880000 - 0x00007ffdf2894000 	C:\WINDOWS\SYSTEM32\UMPDC.dll
0x00007ffdf1980000 - 0x00007ffdf199b000 	C:\WINDOWS\SYSTEM32\kernel.appcore.dll
0x00007ffdc79a0000 - 0x00007ffdc79aa000 	C:\Program Files\Eclipse Adoptium\jdk-25.0.2.10-hotspot\bin\jimage.dll
0x00007ffde1860000 - 0x00007ffde1aa2000 	C:\WINDOWS\SYSTEM32\DBGHELP.DLL
0x00007ffdf4f50000 - 0x00007ffdf52d3000 	C:\WINDOWS\System32\combase.dll
0x00007ffdf49d0000 - 0x00007ffdf4aa9000 	C:\WINDOWS\System32\OLEAUT32.dll
0x00007ffdeb750000 - 0x00007ffdeb78b000 	C:\WINDOWS\SYSTEM32\dbgcore.DLL
0x00007ffdf34d0000 - 0x00007ffdf3578000 	C:\WINDOWS\System32\bcryptPrimitives.dll
0x00007ffdc66e0000 - 0x00007ffdc66ef000 	C:\Program Files\Eclipse Adoptium\jdk-25.0.2.10-hotspot\bin\instrument.dll
0x00007ffdc31e0000 - 0x00007ffdc31fe000 	C:\Program Files\Eclipse Adoptium\jdk-25.0.2.10-hotspot\bin\java.dll
0x00007ffdf4d10000 - 0x00007ffdf4ea8000 	C:\WINDOWS\System32\ole32.dll
0x00007ffdf3c10000 - 0x00007ffdf4394000 	C:\WINDOWS\System32\SHELL32.dll
0x00007ffdf07f0000 - 0x00007ffdf1070000 	C:\WINDOWS\SYSTEM32\windows.storage.dll
0x00007ffdf5600000 - 0x00007ffdf56f6000 	C:\WINDOWS\System32\SHCORE.dll
0x00007ffdf3ba0000 - 0x00007ffdf3c07000 	C:\WINDOWS\System32\shlwapi.dll
0x00007ffdf2b10000 - 0x00007ffdf2b39000 	C:\WINDOWS\SYSTEM32\profapi.dll
0x00007ffd8ac20000 - 0x00007ffd8ac37000 	C:\Program Files\Eclipse Adoptium\jdk-25.0.2.10-hotspot\bin\zip.dll
0x00007ffd8ac00000 - 0x00007ffd8ac11000 	C:\Program Files\Eclipse Adoptium\jdk-25.0.2.10-hotspot\bin\net.dll
0x00007ffdf1ef0000 - 0x00007ffdf1f5c000 	C:\WINDOWS\system32\mswsock.dll
0x00007ffd88aa0000 - 0x00007ffd88ab6000 	C:\Program Files\Eclipse Adoptium\jdk-25.0.2.10-hotspot\bin\nio.dll
0x00007ffdc66d0000 - 0x00007ffdc66e0000 	C:\Program Files\Eclipse Adoptium\jdk-25.0.2.10-hotspot\bin\verify.dll
0x00007ffdc7970000 - 0x00007ffdc7997000 	C:\Users\dksrk\.gradle\native\c067742578af261105cb4f569cf0c3c89f3d7b1fecec35dd04571415982c5e48\windows-amd64\native-platform.dll
0x00007ffd22d40000 - 0x00007ffd22e84000 	C:\Users\dksrk\.gradle\native\100fb08df4bc3b14c8652ba06237920a3bd2aa13389f12d3474272988ae205f9\windows-amd64\native-platform-file-events.dll
0x00007ffdc1cb0000 - 0x00007ffdc1cba000 	C:\Program Files\Eclipse Adoptium\jdk-25.0.2.10-hotspot\bin\management.dll
0x00007ffdba5e0000 - 0x00007ffdba5ec000 	C:\Program Files\Eclipse Adoptium\jdk-25.0.2.10-hotspot\bin\management_ext.dll
0x00007ffdf44b0000 - 0x00007ffdf44b8000 	C:\WINDOWS\System32\PSAPI.DLL
0x00007ffdf21e0000 - 0x00007ffdf21fb000 	C:\WINDOWS\SYSTEM32\CRYPTSP.dll
0x00007ffdf18e0000 - 0x00007ffdf1919000 	C:\WINDOWS\system32\rsaenh.dll
0x00007ffdf1fa0000 - 0x00007ffdf1fd3000 	C:\WINDOWS\SYSTEM32\USERENV.dll
0x00007ffdf2ae0000 - 0x00007ffdf2b0a000 	C:\WINDOWS\SYSTEM32\bcrypt.dll
0x00007ffdf21d0000 - 0x00007ffdf21dc000 	C:\WINDOWS\SYSTEM32\CRYPTBASE.dll
0x00007ffdf1380000 - 0x00007ffdf13b3000 	C:\WINDOWS\SYSTEM32\IPHLPAPI.DLL
0x00007ffdf3a00000 - 0x00007ffdf3a0a000 	C:\WINDOWS\System32\NSI.dll
0x00007ffd99110000 - 0x00007ffd99119000 	C:\Program Files\Eclipse Adoptium\jdk-25.0.2.10-hotspot\bin\extnet.dll
0x00007ffd98ea0000 - 0x00007ffd98eae000 	C:\Program Files\Eclipse Adoptium\jdk-25.0.2.10-hotspot\bin\sunmscapi.dll
0x00007ffdf3350000 - 0x00007ffdf34c8000 	C:\WINDOWS\System32\CRYPT32.dll
0x00007ffdf2460000 - 0x00007ffdf2490000 	C:\WINDOWS\SYSTEM32\ncrypt.dll
0x00007ffdf23a0000 - 0x00007ffdf23df000 	C:\WINDOWS\SYSTEM32\NTASN1.dll
0x00007ffdc88e0000 - 0x00007ffdc88e8000 	C:\WINDOWS\system32\wshunix.dll
0x00007ffdf1410000 - 0x00007ffdf155a000 	C:\WINDOWS\SYSTEM32\DNSAPI.dll
0x00007ffdf1d10000 - 0x00007ffdf1d1d000 	C:\WINDOWS\SYSTEM32\DSPARSE.dll
0x00007ffdeb2e0000 - 0x00007ffdeb2eb000 	C:\Windows\System32\rasadhlp.dll
0x00007ffdeba10000 - 0x00007ffdeba96000 	C:\WINDOWS\System32\fwpuclnt.dll

JVMTI agents:
C:\Users\dksrk\.gradle\wrapper\dists\gradle-8.8-bin\dl7vupf4psengwqhwktix4v1\gradle-8.8\lib\agents\gradle-instrumentation-agent-8.8.jar path:C:\Program Files\Eclipse Adoptium\jdk-25.0.2.10-hotspot\bin\instrument.dll, loaded, initialized, instrumentlib options:none

dbghelp: loaded successfully - version: 4.0.5 - missing functions: none
symbol engine: initialized successfully - sym options: 0x614 - pdb path: .;C:\Program Files\Eclipse Adoptium\jdk-25.0.2.10-hotspot\bin;C:\WINDOWS\SYSTEM32;C:\WINDOWS\WinSxS\amd64_microsoft.windows.common-controls_6595b64144ccf1df_6.0.26100.8521_none_3e08b75ce33403b3;C:\Program Files\Eclipse Adoptium\jdk-25.0.2.10-hotspot\bin\server;C:\Users\dksrk\.gradle\native\c067742578af261105cb4f569cf0c3c89f3d7b1fecec35dd04571415982c5e48\windows-amd64;C:\Users\dksrk\.gradle\native\100fb08df4bc3b14c8652ba06237920a3bd2aa13389f12d3474272988ae205f9\windows-amd64

VM Arguments:
jvm_args: --add-opens=java.base/java.util=ALL-UNNAMED --add-opens=java.base/java.lang=ALL-UNNAMED --add-opens=java.base/java.lang.invoke=ALL-UNNAMED --add-opens=java.prefs/java.util.prefs=ALL-UNNAMED --add-opens=java.base/java.nio.charset=ALL-UNNAMED --add-opens=java.base/java.net=ALL-UNNAMED --add-opens=java.base/java.util.concurrent.atomic=ALL-UNNAMED -Xmx3G -Dfile.encoding=utf8 -Duser.country=KR -Duser.language=ko -Duser.variant -javaagent:C:\Users\dksrk\.gradle\wrapper\dists\gradle-8.8-bin\dl7vupf4psengwqhwktix4v1\gradle-8.8\lib\agents\gradle-instrumentation-agent-8.8.jar 
java_command: org.gradle.launcher.daemon.bootstrap.GradleDaemon 8.8
java_class_path (initial): C:\Users\dksrk\.gradle\wrapper\dists\gradle-8.8-bin\dl7vupf4psengwqhwktix4v1\gradle-8.8\lib\gradle-launcher-8.8.jar
Launcher Type: SUN_STANDARD

[Global flags]
     intx CICompilerCount                          = 4                                         {product} {ergonomic}
     uint ConcGCThreads                            = 3                                         {product} {ergonomic}
     uint G1ConcRefinementThreads                  = 10                                        {product} {ergonomic}
   size_t G1HeapRegionSize                         = 2097152                                   {product} {ergonomic}
   size_t InitialHeapSize                          = 268435456                                 {product} {ergonomic}
   size_t MarkStackSize                            = 4194304                                   {product} {ergonomic}
   size_t MarkStackSizeMax                         = 536870912                                 {product} {ergonomic}
   size_t MaxHeapSize                              = 3221225472                                {product} {command line}
   size_t MaxNewSize                               = 1931476992                                {product} {ergonomic}
   size_t MinHeapDeltaBytes                        = 2097152                                   {product} {ergonomic}
   size_t MinHeapSize                              = 8388608                                   {product} {ergonomic}
    uintx NonNMethodCodeHeapSize                   = 5832704                                {pd product} {ergonomic}
    uintx NonProfiledCodeHeapSize                  = 122945536                              {pd product} {ergonomic}
    uintx ProfiledCodeHeapSize                     = 122880000                              {pd product} {ergonomic}
    uintx ReservedCodeCacheSize                    = 251658240                              {pd product} {ergonomic}
     bool SegmentedCodeCache                       = true                                      {product} {ergonomic}
   size_t SoftMaxHeapSize                          = 3221225472                             {manageable} {ergonomic}
     bool UseCompressedOops                        = true                           {product lp64_product} {ergonomic}
     bool UseG1GC                                  = true                                      {product} {ergonomic}
     bool UseLargePagesIndividualAllocation        = false                                  {pd product} {ergonomic}

Logging:
Log output configuration:
 #0: stdout all=warning uptime,level,tags foldmultilines=false
 #1: stderr all=off uptime,level,tags foldmultilines=false

Release file:
IMPLEMENTOR="Eclipse Adoptium" 
IMPLEMENTOR_VERSION="Temurin-25.0.2+10" 
JAVA_RUNTIME_VERSION="25.0.2+10-LTS" 
JAVA_VERSION="25.0.2" 
JAVA_VERSION_DATE="2026-01-20" 
LIBC="default" 
MODULES="java.base java.compiler java.datatransfer java.xml java.prefs java.desktop java.instrument java.logging java.management java.security.sasl java.naming java.rmi java.management.rmi java.net.http java.scripting java.security.jgss java.transaction.xa java.sql java.sql.rowset java.xml.crypto java.se java.smartcardio jdk.accessibility jdk.internal.jvmstat jdk.attach jdk.charsets jdk.internal.opt jdk.zipfs jdk.compiler jdk.crypto.cryptoki jdk.crypto.ec jdk.crypto.mscapi jdk.dynalink jdk.internal.ed jdk.editpad jdk.internal.vm.ci jdk.graal.compiler jdk.graal.compiler.management jdk.hotspot.agent jdk.httpserver jdk.incubator.vector jdk.internal.le jdk.internal.md jdk.jartool jdk.javadoc jdk.jcmd jdk.management jdk.management.agent jdk.jconsole jdk.jdeps jdk.jdwp.agent jdk.jdi jdk.jfr jdk.jlink jdk.jpackage jdk.jshell jdk.jsobject jdk.jstatd jdk.localedata jdk.management.jfr jdk.naming.dns jdk.naming.rmi jdk.net jdk.nio.mapmode jdk.sctp jdk.security.auth jdk.security.jgss jdk.unsupported jdk.unsupported.desktop jdk.xml.dom" 
OS_ARCH="x86_64" 
OS_NAME="Windows" 
SOURCE=".:git:9e3c947043a4" 
BUILD_SOURCE="git:458965074606f027bd5afce2cfd5c1055dea0438"
BUILD_SOURCE_REPO="https://github.com/adoptium/temurin-build.git"
SOURCE_REPO="https://github.com/adoptium/jdk25u.git"
FULL_VERSION="25.0.2+10-LTS"
SEMANTIC_VERSION="25.0.2+10"
BUILD_INFO="OS: Windows Server 2022 Version: 10.0"
JVM_VARIANT="Hotspot"
JVM_VERSION="25.0.2+10-LTS"
IMAGE_TYPE="JDK"

Environment Variables:
PATH=D:\bin;C:\Program Files\Eclipse Adoptium\jdk-25.0.2.10-hotspot\bin;C:\WINDOWS\system32;C:\WINDOWS;C:\WINDOWS\System32\Wbem;C:\WINDOWS\System32\WindowsPowerShell\v1.0\;C:\WINDOWS\System32\OpenSSH\;C:\Program Files\dotnet\;C:\Program Files\Tailscale\;C:\Program Files\Git\cmd;C:\Users\dksrk\AppData\Local\Microsoft\WindowsApps;C:\Users\dksrk\AppData\Local\Programs\Microsoft VS Code\bin;C:\Users\dksrk\.dotnet\tools;C:\Users\dksrk\AppData\Local\GitHubDesktop\bin;C:\ProgramData\dksrk\GitHubDesktop\bin;C:\Program Files\JetBrains\IntelliJ IDEA 2026.1.3\bin
USERNAME=dksrk
OS=Windows_NT
PROCESSOR_IDENTIFIER=AMD64 Family 25 Model 33 Stepping 2, AuthenticAMD
TMP=C:\Users\dksrk\AppData\Local\Temp
TEMP=C:\Users\dksrk\AppData\Local\Temp




Compilation memory statistics disabled.

Periodic native trim disabled

---------------  S Y S T E M  ---------------

OS:
 Windows 11 , 64 bit Build 26100 (10.0.26100.8521)
OS uptime: 0 days 7:46 hours

CPU: total 12 (initial active 12) (12 cores per cpu, 2 threads per core) family 25 model 33 stepping 2 microcode 0xa20120a, cx8, cmov, fxsr, ht, mmx, 3dnowpref, sse, sse2, sse3, ssse3, sse4a, sse4.1, sse4.2, popcnt, lzcnt, tsc, tscinvbit, avx, avx2, aes, erms, clmul, bmi1, bmi2, adx, sha, fma, vzeroupper, clflush, clflushopt, clwb, rdtscp, rdpid, fsrm, f16c, pku, cet_ss
Processor Information for the first 12 processors :
  Max Mhz: 3501, Current Mhz: 3501, Mhz Limit: 3501

Memory: 4k page, system-wide physical 16309M (1267M free)
TotalPageFile size 28268M (AvailPageFile size 400M)
current process WorkingSet (physical memory assigned to process): 535M, peak: 538M
current process commit charge ("private bytes"): 656M, peak: 1120M

vm_info: OpenJDK 64-Bit Server VM (25.0.2+10-LTS) for windows-amd64 JRE (25.0.2+10-LTS), built on 2026-01-20T00:00:00Z with MS VC++ 17.12 (VS2022)

END.
