#
# There is insufficient memory for the Java Runtime Environment to continue.
# Native memory allocation (malloc) failed to allocate 1053376 bytes. Error detail: Chunk::new
# Possible reasons:
#   The system is out of physical RAM or swap space
#   This process is running with CompressedOops enabled, and the Java Heap may be blocking the growth of the native heap
# Possible solutions:
#   Reduce memory load on the system
#   Increase physical memory or swap space
#   Check if swap backing store is full
#   Decrease Java heap size (-Xmx/-Xms)
#   Decrease number of Java threads
#   Decrease Java thread stack sizes (-Xss)
#   Set larger code cache with -XX:ReservedCodeCacheSize=
#   JVM is running with Unscaled Compressed Oops mode in which the Java heap is
#     placed in the first 4GB address space. The Java Heap base address is the
#     maximum limit for the native heap growth. Please use -XX:HeapBaseMinAddress
#     to set the Java Heap base and to place the Java Heap above 4GB virtual address.
# This output file may be truncated or incomplete.
#
#  Out of Memory Error (arena.cpp:168), pid=12356, tid=9288
#
# JRE version: OpenJDK Runtime Environment Temurin-21.0.10+7 (21.0.10+7) (build 21.0.10+7-LTS)
# Java VM: OpenJDK 64-Bit Server VM Temurin-21.0.10+7 (21.0.10+7-LTS, mixed mode, sharing, tiered, compressed oops, compressed class ptrs, parallel gc, windows-amd64)
# No core dump will be written. Minidumps are not enabled by default on client versions of Windows
#

---------------  S U M M A R Y ------------

Command Line: --add-modules=ALL-SYSTEM --add-opens=java.base/java.util=ALL-UNNAMED --add-opens=java.base/java.lang=ALL-UNNAMED --add-opens=java.base/sun.nio.fs=ALL-UNNAMED -Declipse.application=org.eclipse.jdt.ls.core.id1 -Dosgi.bundles.defaultStartLevel=4 -Declipse.product=org.eclipse.jdt.ls.core.product -Djava.import.generatesMetadataFilesAtProjectRoot=false -DDetectVMInstallationsJob.disabled=true -Dfile.encoding=utf8 -XX:+UseParallelGC -XX:GCTimeRatio=4 -XX:AdaptiveSizePolicyWeight=90 -Dsun.zip.disableMemoryMapping=true -Xmx2G -Xms100m -Xlog:disable -javaagent:c:\Users\dksrk\.vscode\extensions\redhat.java-1.54.0-win32-x64\lombok\lombok-1.18.39-4050.jar -XX:+HeapDumpOnOutOfMemoryError -XX:HeapDumpPath=c:\Users\dksrk\AppData\Roaming\Code\User\workspaceStorage\4fe0deb17e4df083992a26d9dd0aa8f8\redhat.java -Daether.dependencyCollector.impl=bf c:\Users\dksrk\.vscode\extensions\redhat.java-1.54.0-win32-x64\server\plugins\org.eclipse.equinox.launcher_1.7.100.v20251111-0406.jar -configuration c:\Users\dksrk\AppData\Roaming\Code\User\globalStorage\redhat.java\1.54.0\config_win -data c:\Users\dksrk\AppData\Roaming\Code\User\workspaceStorage\4fe0deb17e4df083992a26d9dd0aa8f8\redhat.java\jdt_ws --pipe=\\.\pipe\lsp-875269d6c1205800197047a541ae973a-sock

Host: AMD Ryzen 5 5600 6-Core Processor              , 12 cores, 15G,  Windows 11 , 64 bit Build 26100 (10.0.26100.8521)
Time: Sat Jun 20 17:34:09 2026 elapsed time: 5276.201363 seconds (0d 1h 27m 56s)

---------------  T H R E A D  ---------------

Current thread (0x0000015ee2287da0):  JavaThread "C2 CompilerThread0" daemon [_thread_in_native, id=9288, stack(0x000000165e800000,0x000000165e900000) (1024K)]


Current CompileTask:
C2:5276201 24235       4       org.eclipse.jdt.internal.compiler.lookup.Scope::findMethod0 (1612 bytes)

Stack: [0x000000165e800000,0x000000165e900000]
Native frames: (J=compiled Java code, j=interpreted, Vv=VM code, C=native code)
V  [jvm.dll+0x6d7a39]
V  [jvm.dll+0x8b4b26]
V  [jvm.dll+0x8b70de]
V  [jvm.dll+0x8b77c3]
V  [jvm.dll+0x284346]
V  [jvm.dll+0xc66ed]
V  [jvm.dll+0xc6c31]
V  [jvm.dll+0x3bec3b]
V  [jvm.dll+0x38b162]
V  [jvm.dll+0x38a5aa]
V  [jvm.dll+0x24c560]
V  [jvm.dll+0x24bb40]
V  [jvm.dll+0x1cb34e]
V  [jvm.dll+0x25b85d]
V  [jvm.dll+0x259dea]
V  [jvm.dll+0x3f857e]
V  [jvm.dll+0x85f59d]
V  [jvm.dll+0x6d626d]
C  [ucrtbase.dll+0x2cd30]
C  [KERNEL32.DLL+0x2e957]
C  [ntdll.dll+0x87c1c]


---------------  P R O C E S S  ---------------

Threads class SMR info:
_java_thread_list=0x0000015ee8a1f1c0, length=60, elements={
0x0000015e8946d740, 0x0000015e8940d6c0, 0x0000015e89509b00, 0x0000015ee2259a50,
0x0000015ee225a4b0, 0x0000015ee2263760, 0x0000015ee22642f0, 0x0000015ee2287da0,
0x0000015ee228c760, 0x0000015ee2471a50, 0x0000015ee24df930, 0x0000015ee38706c0,
0x0000015ee80d3ec0, 0x0000015ee261eb90, 0x0000015ee35e94b0, 0x0000015ee840e8d0,
0x0000015ee36a9e60, 0x0000015ee8653c10, 0x0000015ee886c160, 0x0000015ee886a720,
0x0000015ee886c7f0, 0x0000015ee886d510, 0x0000015ee886bad0, 0x0000015ee886dba0,
0x0000015ee9ad2210, 0x0000015ee9acf420, 0x0000015ee9ad14f0, 0x0000015ee9ad1b80,
0x0000015ee9acfab0, 0x0000015ee9ad28a0, 0x0000015ee9ad0140, 0x0000015ee9ad07d0,
0x0000015ee9ad0e60, 0x0000015ee9984bb0, 0x0000015ee9987310, 0x0000015ee99879a0,
0x0000015ee9984520, 0x0000015eec746160, 0x0000015eec740c10, 0x0000015ee82c7360,
0x0000015ee82c8080, 0x0000015ee82c4c00, 0x0000015ee82c5290, 0x0000015ee82c9430,
0x0000015ee82c6640, 0x0000015ee82c5fb0, 0x0000015ee82c9ac0, 0x0000015ee82ca150,
0x0000015ee82c6cd0, 0x0000015ee82ca7e0, 0x0000015ee82cae70, 0x0000015ee82cb500,
0x0000015eec740580, 0x0000015eec744090, 0x0000015eec744db0, 0x0000015eec744720,
0x0000015eec742650, 0x0000015eec741930, 0x0000015eec745440, 0x0000015ee914e620
}

Java Threads: ( => current thread )
  0x0000015e8946d740 JavaThread "main"                              [_thread_blocked, id=7988, stack(0x000000165de00000,0x000000165df00000) (1024K)]
  0x0000015e8940d6c0 JavaThread "Reference Handler"          daemon [_thread_blocked, id=9044, stack(0x000000165e200000,0x000000165e300000) (1024K)]
  0x0000015e89509b00 JavaThread "Finalizer"                  daemon [_thread_blocked, id=12860, stack(0x000000165e300000,0x000000165e400000) (1024K)]
  0x0000015ee2259a50 JavaThread "Signal Dispatcher"          daemon [_thread_blocked, id=25640, stack(0x000000165e400000,0x000000165e500000) (1024K)]
  0x0000015ee225a4b0 JavaThread "Attach Listener"            daemon [_thread_blocked, id=26544, stack(0x000000165e500000,0x000000165e600000) (1024K)]
  0x0000015ee2263760 JavaThread "Service Thread"             daemon [_thread_blocked, id=26520, stack(0x000000165e600000,0x000000165e700000) (1024K)]
  0x0000015ee22642f0 JavaThread "Monitor Deflation Thread"   daemon [_thread_blocked, id=9088, stack(0x000000165e700000,0x000000165e800000) (1024K)]
=>0x0000015ee2287da0 JavaThread "C2 CompilerThread0"         daemon [_thread_in_native, id=9288, stack(0x000000165e800000,0x000000165e900000) (1024K)]
  0x0000015ee228c760 JavaThread "C1 CompilerThread0"         daemon [_thread_blocked, id=26340, stack(0x000000165e900000,0x000000165ea00000) (1024K)]
  0x0000015ee2471a50 JavaThread "Common-Cleaner"             daemon [_thread_blocked, id=27360, stack(0x000000165eb00000,0x000000165ec00000) (1024K)]
  0x0000015ee24df930 JavaThread "Notification Thread"        daemon [_thread_blocked, id=26516, stack(0x000000165ea00000,0x000000165eb00000) (1024K)]
  0x0000015ee38706c0 JavaThread "Active Thread: Equinox Container: ac6d0d35-17f7-48e9-be6a-b45482d75860"        [_thread_blocked, id=14656, stack(0x000000165f400000,0x000000165f500000) (1024K)]
  0x0000015ee80d3ec0 JavaThread "Refresh Thread: Equinox Container: ac6d0d35-17f7-48e9-be6a-b45482d75860" daemon [_thread_blocked, id=2776, stack(0x000000165f600000,0x000000165f700000) (1024K)]
  0x0000015ee261eb90 JavaThread "Framework Event Dispatcher: Equinox Container: ac6d0d35-17f7-48e9-be6a-b45482d75860" daemon [_thread_blocked, id=20460, stack(0x000000165f700000,0x000000165f800000) (1024K)]
  0x0000015ee35e94b0 JavaThread "Start Level: Equinox Container: ac6d0d35-17f7-48e9-be6a-b45482d75860" daemon [_thread_blocked, id=1668, stack(0x000000165f800000,0x000000165f900000) (1024K)]
  0x0000015ee840e8d0 JavaThread "Bundle File Closer"         daemon [_thread_blocked, id=5732, stack(0x000000165fb00000,0x000000165fc00000) (1024K)]
  0x0000015ee36a9e60 JavaThread "SCR Component Actor"        daemon [_thread_blocked, id=5516, stack(0x000000165ec00000,0x000000165ed00000) (1024K)]
  0x0000015ee8653c10 JavaThread "Worker-JM"                         [_thread_blocked, id=16992, stack(0x000000165fc00000,0x000000165fd00000) (1024K)]
  0x0000015ee886c160 JavaThread "JNA Cleaner"                daemon [_thread_blocked, id=21472, stack(0x000000165fe00000,0x000000165ff00000) (1024K)]
  0x0000015ee886a720 JavaThread "Java indexing"              daemon [_thread_blocked, id=17668, stack(0x0000001660100000,0x0000001660200000) (1024K)]
  0x0000015ee886c7f0 JavaThread "Worker-2"                          [_thread_blocked, id=1584, stack(0x0000001660400000,0x0000001660500000) (1024K)]
  0x0000015ee886d510 JavaThread "Thread-1"                   daemon [_thread_in_native, id=4856, stack(0x0000001660600000,0x0000001660700000) (1024K)]
  0x0000015ee886bad0 JavaThread "Thread-2"                   daemon [_thread_in_native, id=21624, stack(0x0000001660700000,0x0000001660800000) (1024K)]
  0x0000015ee886dba0 JavaThread "Thread-3"                   daemon [_thread_in_native, id=7536, stack(0x0000001660800000,0x0000001660900000) (1024K)]
  0x0000015ee9ad2210 JavaThread "Thread-4"                   daemon [_thread_in_native, id=11136, stack(0x0000001660900000,0x0000001660a00000) (1024K)]
  0x0000015ee9acf420 JavaThread "Thread-5"                   daemon [_thread_in_native, id=13668, stack(0x0000001660a00000,0x0000001660b00000) (1024K)]
  0x0000015ee9ad14f0 JavaThread "Thread-6"                   daemon [_thread_in_native, id=15940, stack(0x0000001660b00000,0x0000001660c00000) (1024K)]
  0x0000015ee9ad1b80 JavaThread "Thread-7"                   daemon [_thread_in_native, id=22568, stack(0x0000001660c00000,0x0000001660d00000) (1024K)]
  0x0000015ee9acfab0 JavaThread "Thread-8"                   daemon [_thread_in_native, id=17692, stack(0x0000001660d00000,0x0000001660e00000) (1024K)]
  0x0000015ee9ad28a0 JavaThread "Thread-9"                   daemon [_thread_in_native, id=23448, stack(0x0000001660e00000,0x0000001660f00000) (1024K)]
  0x0000015ee9ad0140 JavaThread "Thread-10"                  daemon [_thread_in_native, id=2112, stack(0x0000001660f00000,0x0000001661000000) (1024K)]
  0x0000015ee9ad07d0 JavaThread "Thread-11"                  daemon [_thread_in_native, id=3328, stack(0x0000001661000000,0x0000001661100000) (1024K)]
  0x0000015ee9ad0e60 JavaThread "Thread-12"                  daemon [_thread_in_native, id=7712, stack(0x0000001661100000,0x0000001661200000) (1024K)]
  0x0000015ee9984bb0 JavaThread "Thread-13"                  daemon [_thread_in_native, id=22028, stack(0x0000001661200000,0x0000001661300000) (1024K)]
  0x0000015ee9987310 JavaThread "pool-2-thread-1"                   [_thread_blocked, id=23284, stack(0x0000001661300000,0x0000001661400000) (1024K)]
  0x0000015ee99879a0 JavaThread "WorkspaceEventsHandler"            [_thread_blocked, id=4568, stack(0x0000001661400000,0x0000001661500000) (1024K)]
  0x0000015ee9984520 JavaThread "pool-1-thread-1"                   [_thread_blocked, id=9052, stack(0x0000001661500000,0x0000001661600000) (1024K)]
  0x0000015eec746160 JavaThread "pool-3-thread-1"                   [_thread_blocked, id=10396, stack(0x000000165ed00000,0x000000165ee00000) (1024K)]
  0x0000015eec740c10 JavaThread "Cleaner-0"                  daemon [_thread_blocked, id=25820, stack(0x0000001660200000,0x0000001660300000) (1024K)]
  0x0000015ee82c7360 JavaThread "Worker-12"                         [_thread_blocked, id=15400, stack(0x0000001661b00000,0x0000001661c00000) (1024K)]
  0x0000015ee82c8080 JavaThread "Worker-13"                         [_thread_blocked, id=404, stack(0x000000165db00000,0x000000165dc00000) (1024K)]
  0x0000015ee82c4c00 JavaThread "Compiler Source File Reader" daemon [_thread_blocked, id=22724, stack(0x000000165dc00000,0x000000165dd00000) (1024K)]
  0x0000015ee82c5290 JavaThread "Compiler Processing Task"   daemon [_thread_blocked, id=29900, stack(0x000000165dd00000,0x000000165de00000) (1024K)]
  0x0000015ee82c9430 JavaThread "Compiler Source File Reader" daemon [_thread_blocked, id=13516, stack(0x000000165fd00000,0x000000165fe00000) (1024K)]
  0x0000015ee82c6640 JavaThread "Compiler Source File Reader" daemon [_thread_blocked, id=25732, stack(0x000000165ff00000,0x0000001660000000) (1024K)]
  0x0000015ee82c5fb0 JavaThread "Compiler Source File Reader" daemon [_thread_blocked, id=19684, stack(0x0000001660000000,0x0000001660100000) (1024K)]
  0x0000015ee82c9ac0 JavaThread "Compiler Source File Reader" daemon [_thread_blocked, id=28252, stack(0x0000001660300000,0x0000001660400000) (1024K)]
  0x0000015ee82ca150 JavaThread "Compiler Source File Reader" daemon [_thread_blocked, id=28552, stack(0x0000001660500000,0x0000001660600000) (1024K)]
  0x0000015ee82c6cd0 JavaThread "Compiler Source File Reader" daemon [_thread_blocked, id=24752, stack(0x0000001661600000,0x0000001661700000) (1024K)]
  0x0000015ee82ca7e0 JavaThread "Compiler Source File Reader" daemon [_thread_blocked, id=25648, stack(0x0000001661700000,0x0000001661800000) (1024K)]
  0x0000015ee82cae70 JavaThread "Compiler Source File Reader" daemon [_thread_blocked, id=11832, stack(0x0000001661800000,0x0000001661900000) (1024K)]
  0x0000015ee82cb500 JavaThread "Compiler Source File Reader" daemon [_thread_blocked, id=29528, stack(0x0000001661900000,0x0000001661a00000) (1024K)]
  0x0000015eec740580 JavaThread "Worker-14"                         [_thread_blocked, id=28920, stack(0x0000001661a00000,0x0000001661b00000) (1024K)]
  0x0000015eec744090 JavaThread "ForkJoinPool.commonPool-worker-36" daemon [_thread_blocked, id=24560, stack(0x0000001661c00000,0x0000001661d00000) (1024K)]
  0x0000015eec744db0 JavaThread "ForkJoinPool.commonPool-worker-37" daemon [_thread_blocked, id=10416, stack(0x0000001661d00000,0x0000001661e00000) (1024K)]
  0x0000015eec744720 JavaThread "ForkJoinPool.commonPool-worker-38" daemon [_thread_blocked, id=25728, stack(0x0000001661e00000,0x0000001661f00000) (1024K)]
  0x0000015eec742650 JavaThread "ForkJoinPool.commonPool-worker-39" daemon [_thread_blocked, id=25468, stack(0x0000001661f00000,0x0000001662000000) (1024K)]
  0x0000015eec741930 JavaThread "ForkJoinPool.commonPool-worker-40" daemon [_thread_blocked, id=27264, stack(0x0000001662000000,0x0000001662100000) (1024K)]
  0x0000015eec745440 JavaThread "Worker-15"                         [_thread_blocked, id=7824, stack(0x0000001662100000,0x0000001662200000) (1024K)]
  0x0000015ee914e620 JavaThread "C2 CompilerThread1"         daemon [_thread_blocked, id=25244, stack(0x0000001662200000,0x0000001662300000) (1024K)]
Total: 60

Other Threads:
  0x0000015e893f4480 VMThread "VM Thread"                           [id=13648, stack(0x000000165e100000,0x000000165e200000) (1024K)]
  0x0000015e892eca00 WatcherThread "VM Periodic Task Thread"        [id=18768, stack(0x000000165e000000,0x000000165e100000) (1024K)]
  0x0000015e89484b80 WorkerThread "GC Thread#0"                     [id=22184, stack(0x000000165df00000,0x000000165e000000) (1024K)]
  0x0000015ee333bd10 WorkerThread "GC Thread#1"                     [id=28912, stack(0x000000165ee00000,0x000000165ef00000) (1024K)]
  0x0000015ee35a41e0 WorkerThread "GC Thread#2"                     [id=28908, stack(0x000000165ef00000,0x000000165f000000) (1024K)]
  0x0000015ee382f0a0 WorkerThread "GC Thread#3"                     [id=18100, stack(0x000000165f000000,0x000000165f100000) (1024K)]
  0x0000015ee382f450 WorkerThread "GC Thread#4"                     [id=20276, stack(0x000000165f100000,0x000000165f200000) (1024K)]
  0x0000015ee2625a00 WorkerThread "GC Thread#5"                     [id=24952, stack(0x000000165f200000,0x000000165f300000) (1024K)]
  0x0000015ee2625db0 WorkerThread "GC Thread#6"                     [id=10968, stack(0x000000165f300000,0x000000165f400000) (1024K)]
  0x0000015ee38158e0 WorkerThread "GC Thread#7"                     [id=12844, stack(0x000000165f500000,0x000000165f600000) (1024K)]
  0x0000015ee8661040 WorkerThread "GC Thread#8"                     [id=22696, stack(0x000000165f900000,0x000000165fa00000) (1024K)]
  0x0000015ee8283370 WorkerThread "GC Thread#9"                     [id=21220, stack(0x000000165fa00000,0x000000165fb00000) (1024K)]
Total: 12

Threads with active compile tasks:
C2 CompilerThread0  5276228 24235       4       org.eclipse.jdt.internal.compiler.lookup.Scope::findMethod0 (1612 bytes)
Total: 1

VM state: not at safepoint (normal execution)

VM Mutex/Monitor currently owned by a thread: None

Heap address: 0x0000000080000000, size: 2048 MB, Compressed Oops mode: 32-bit

CDS archive(s) mapped at: [0x0000015ea0000000-0x0000015ea0ba0000-0x0000015ea0ba0000), size 12189696, SharedBaseAddress: 0x0000015ea0000000, ArchiveRelocationMode: 1.
Compressed class space mapped at: 0x0000015ea1000000-0x0000015ee1000000, reserved size: 1073741824
Narrow klass base: 0x0000015ea0000000, Narrow klass shift: 0, Narrow klass range: 0x100000000

GC Precious Log:
 CardTable entry size: 512
 CPUs: 12 total, 12 available
 Memory: 16309M
 Large Page Support: Disabled
 NUMA Support: Disabled
 Compressed Oops: Enabled (32-bit)
 Alignments: Space 512K, Generation 512K, Heap 2M
 Heap Min Capacity: 100M
 Heap Initial Capacity: 100M
 Heap Max Capacity: 2G
 Pre-touch: Disabled
 Parallel Workers: 10

Heap:
 PSYoungGen      total 15360K, used 6797K [0x00000000d5580000, 0x00000000d6880000, 0x0000000100000000)
  eden space 12288K, 30% used [0x00000000d5580000,0x00000000d592b618,0x00000000d6180000)
  from space 3072K, 98% used [0x00000000d6280000,0x00000000d6578010,0x00000000d6580000)
  to   space 3072K, 0% used [0x00000000d6580000,0x00000000d6580000,0x00000000d6880000)
 ParOldGen       total 815104K, used 814646K [0x0000000080000000, 0x00000000b1c00000, 0x00000000d5580000)
  object space 815104K, 99% used [0x0000000080000000,0x00000000b1b8d828,0x00000000b1c00000)
 Metaspace       used 83661K, committed 85248K, reserved 1179648K
  class space    used 8317K, committed 9152K, reserved 1048576K

Card table byte_map: [0x0000015e88e00000,0x0000015e89210000] _byte_map_base: 0x0000015e88a00000

Marking Bits: (ParMarkBitMap*) 0x00007ffd23b53450
 Begin Bits: [0x0000015e9b910000, 0x0000015e9d910000)
 End Bits:   [0x0000015e9d910000, 0x0000015e9f910000)

Polling page: 0x0000015e872e0000

Metaspace:

Usage:
  Non-class:     73.58 MB used.
      Class:      8.12 MB used.
       Both:     81.70 MB used.

Virtual space:
  Non-class space:      128.00 MB reserved,      74.31 MB ( 58%) committed,  2 nodes.
      Class space:        1.00 GB reserved,       8.94 MB ( <1%) committed,  1 nodes.
             Both:        1.12 GB reserved,      83.25 MB (  7%) committed. 

Chunk freelists:
   Non-Class:  5.59 MB
       Class:  7.09 MB
        Both:  12.68 MB

MaxMetaspaceSize: unlimited
CompressedClassSpaceSize: 1.00 GB
Initial GC threshold: 21.00 MB
Current GC threshold: 138.69 MB
CDS: on
 - commit_granule_bytes: 65536.
 - commit_granule_words: 8192.
 - virtual_space_node_default_size: 8388608.
 - enlarge_chunks_in_place: 1.
 - use_allocation_guard: 0.


Internal statistics:

num_allocs_failed_limit: 9.
num_arena_births: 1626.
num_arena_deaths: 414.
num_vsnodes_births: 3.
num_vsnodes_deaths: 0.
num_space_committed: 1332.
num_space_uncommitted: 0.
num_chunks_returned_to_freelist: 483.
num_chunks_taken_from_freelist: 5981.
num_chunk_merges: 124.
num_chunk_splits: 3502.
num_chunks_enlarged: 2006.
num_inconsistent_stats: 0.

CodeHeap 'non-profiled nmethods': size=120000Kb used=18885Kb max_used=25885Kb free=101114Kb
 bounds [0x0000015e94130000, 0x0000015e95a80000, 0x0000015e9b660000]
CodeHeap 'profiled nmethods': size=120000Kb used=30161Kb max_used=50229Kb free=89839Kb
 bounds [0x0000015e8c660000, 0x0000015e8f770000, 0x0000015e93b90000]
CodeHeap 'non-nmethods': size=5760Kb used=1487Kb max_used=1558Kb free=4272Kb
 bounds [0x0000015e93b90000, 0x0000015e93e00000, 0x0000015e94130000]
CodeCache: size=245760Kb, used=50533Kb, max_used=77672Kb, free=195225Kb
 total_blobs=15390, nmethods=14589, adapters=701, full_count=0
Compilation: enabled, stopped_count=0, restarted_count=0

Compilation events (20 events):
Event: 5276.127 Thread 0x0000015ee228c760 nmethod 24228 0x0000015e94386990 code [0x0000015e94386b20, 0x0000015e94386c00]
Event: 5276.127 Thread 0x0000015ee228c760 24229       1       org.eclipse.jdt.internal.compiler.ast.ConditionalExpression::setExpectedType (6 bytes)
Event: 5276.127 Thread 0x0000015ee228c760 nmethod 24229 0x0000015e94386f90 code [0x0000015e94387120, 0x0000015e94387200]
Event: 5276.132 Thread 0x0000015ee2287da0 nmethod 24227 0x0000015e94bc2a90 code [0x0000015e94bc2c80, 0x0000015e94bc3590]
Event: 5276.134 Thread 0x0000015ee2287da0 24230       4       java.util.stream.ReferencePipeline::wrap (11 bytes)
Event: 5276.135 Thread 0x0000015ee2287da0 nmethod 24230 0x0000015e942a9710 code [0x0000015e942a98a0, 0x0000015e942a99c0]
Event: 5276.141 Thread 0x0000015ee2287da0 24231       4       org.eclipse.jdt.internal.compiler.codegen.CodeStream::ldcForIndex (165 bytes)
Event: 5276.146 Thread 0x0000015ee2287da0 nmethod 24231 0x0000015e9587b890 code [0x0000015e9587bb00, 0x0000015e9587c458]
Event: 5276.146 Thread 0x0000015ee2287da0 24235       4       org.eclipse.jdt.internal.compiler.lookup.Scope::findMethod0 (1612 bytes)
Event: 5276.146 Thread 0x0000015ee914e620 24232       4       org.eclipse.jdt.internal.compiler.codegen.CodeStream::inlineForwardReferencesFromLabelsTargeting (112 bytes)
Event: 5276.148 Thread 0x0000015ee914e620 nmethod 24232 0x0000015e946b6610 code [0x0000015e946b67c0, 0x0000015e946b6aa0]
Event: 5276.148 Thread 0x0000015ee914e620 24233       4       org.eclipse.jdt.internal.compiler.codegen.StackMapFrameCodeStream::goto_ (14 bytes)
Event: 5276.153 Thread 0x0000015ee228c760 24236       3       org.eclipse.jdt.internal.compiler.lookup.ParameterizedTypeBinding::getExactConstructor (223 bytes)
Event: 5276.154 Thread 0x0000015ee228c760 nmethod 24236 0x0000015e8c9b8a90 code [0x0000015e8c9b8ce0, 0x0000015e8c9b9690]
Event: 5276.170 Thread 0x0000015ee914e620 nmethod 24233 0x0000015e94185390 code [0x0000015e941856c0, 0x0000015e94186ae8]
Event: 5276.170 Thread 0x0000015ee914e620 24237       4       org.eclipse.jdt.internal.compiler.lookup.InferenceContext18::createInitialConstraintsForParameters (435 bytes)
Event: 5276.176 Thread 0x0000015ee228c760 24239       3       org.eclipse.core.internal.dtree.DeltaDataTree::reroot (66 bytes)
Event: 5276.177 Thread 0x0000015ee228c760 nmethod 24239 0x0000015e8cbe6710 code [0x0000015e8cbe6960, 0x0000015e8cbe72e8]
Event: 5276.189 Thread 0x0000015ee914e620 nmethod 24237 0x0000015e945e1690 code [0x0000015e945e1960, 0x0000015e945e2f30]
Event: 5276.190 Thread 0x0000015ee914e620 24238   !   4       org.eclipse.jdt.internal.compiler.lookup.Scope::getConstructor0 (453 bytes)

GC Heap History (20 events):
Event: 5276.000 GC heap before
{Heap before GC invocations=3433 (full 7):
 PSYoungGen      total 10752K, used 10735K [0x00000000d5580000, 0x00000000d6a00000, 0x0000000100000000)
  eden space 8704K, 100% used [0x00000000d5580000,0x00000000d5e00000,0x00000000d5e00000)
  from space 2048K, 99% used [0x00000000d5e00000,0x00000000d5ffbdd8,0x00000000d6000000)
  to   space 5120K, 0% used [0x00000000d6500000,0x00000000d6500000,0x00000000d6a00000)
 ParOldGen       total 786944K, used 786511K [0x0000000080000000, 0x00000000b0080000, 0x00000000d5580000)
  object space 786944K, 99% used [0x0000000080000000,0x00000000b0013fb0,0x00000000b0080000)
 Metaspace       used 83653K, committed 85248K, reserved 1179648K
  class space    used 8317K, committed 9152K, reserved 1048576K
}
Event: 5276.002 GC heap after
{Heap after GC invocations=3433 (full 7):
 PSYoungGen      total 14848K, used 3603K [0x00000000d5580000, 0x00000000d6900000, 0x0000000100000000)
  eden space 10752K, 0% used [0x00000000d5580000,0x00000000d5580000,0x00000000d6000000)
  from space 4096K, 87% used [0x00000000d6500000,0x00000000d6884d28,0x00000000d6900000)
  to   space 4096K, 0% used [0x00000000d6100000,0x00000000d6100000,0x00000000d6500000)
 ParOldGen       total 788992K, used 788534K [0x0000000080000000, 0x00000000b0280000, 0x00000000d5580000)
  object space 788992K, 99% used [0x0000000080000000,0x00000000b020d8a8,0x00000000b0280000)
 Metaspace       used 83653K, committed 85248K, reserved 1179648K
  class space    used 8317K, committed 9152K, reserved 1048576K
}
Event: 5276.010 GC heap before
{Heap before GC invocations=3434 (full 7):
 PSYoungGen      total 14848K, used 14355K [0x00000000d5580000, 0x00000000d6900000, 0x0000000100000000)
  eden space 10752K, 100% used [0x00000000d5580000,0x00000000d6000000,0x00000000d6000000)
  from space 4096K, 87% used [0x00000000d6500000,0x00000000d6884d28,0x00000000d6900000)
  to   space 4096K, 0% used [0x00000000d6100000,0x00000000d6100000,0x00000000d6500000)
 ParOldGen       total 788992K, used 788534K [0x0000000080000000, 0x00000000b0280000, 0x00000000d5580000)
  object space 788992K, 99% used [0x0000000080000000,0x00000000b020d8a8,0x00000000b0280000)
 Metaspace       used 83653K, committed 85248K, reserved 1179648K
  class space    used 8317K, committed 9152K, reserved 1048576K
}
Event: 5276.012 GC heap after
{Heap after GC invocations=3434 (full 7):
 PSYoungGen      total 15872K, used 3948K [0x00000000d5580000, 0x00000000d6a80000, 0x0000000100000000)
  eden space 11776K, 0% used [0x00000000d5580000,0x00000000d5580000,0x00000000d6100000)
  from space 4096K, 96% used [0x00000000d6100000,0x00000000d64db1e0,0x00000000d6500000)
  to   space 4096K, 0% used [0x00000000d6680000,0x00000000d6680000,0x00000000d6a80000)
 ParOldGen       total 792064K, used 791912K [0x0000000080000000, 0x00000000b0580000, 0x00000000d5580000)
  object space 792064K, 99% used [0x0000000080000000,0x00000000b055a2f8,0x00000000b0580000)
 Metaspace       used 83653K, committed 85248K, reserved 1179648K
  class space    used 8317K, committed 9152K, reserved 1048576K
}
Event: 5276.018 GC heap before
{Heap before GC invocations=3435 (full 7):
 PSYoungGen      total 15872K, used 15724K [0x00000000d5580000, 0x00000000d6a80000, 0x0000000100000000)
  eden space 11776K, 100% used [0x00000000d5580000,0x00000000d6100000,0x00000000d6100000)
  from space 4096K, 96% used [0x00000000d6100000,0x00000000d64db1e0,0x00000000d6500000)
  to   space 4096K, 0% used [0x00000000d6680000,0x00000000d6680000,0x00000000d6a80000)
 ParOldGen       total 792064K, used 791912K [0x0000000080000000, 0x00000000b0580000, 0x00000000d5580000)
  object space 792064K, 99% used [0x0000000080000000,0x00000000b055a2f8,0x00000000b0580000)
 Metaspace       used 83653K, committed 85248K, reserved 1179648K
  class space    used 8317K, committed 9152K, reserved 1048576K
}
Event: 5276.024 GC heap after
{Heap after GC invocations=3435 (full 7):
 PSYoungGen      total 17408K, used 3410K [0x00000000d5580000, 0x00000000d6b80000, 0x0000000100000000)
  eden space 13312K, 0% used [0x00000000d5580000,0x00000000d5580000,0x00000000d6280000)
  from space 4096K, 83% used [0x00000000d6680000,0x00000000d69d4960,0x00000000d6a80000)
  to   space 4096K, 0% used [0x00000000d6280000,0x00000000d6280000,0x00000000d6680000)
 ParOldGen       total 796160K, used 795742K [0x0000000080000000, 0x00000000b0980000, 0x00000000d5580000)
  object space 796160K, 99% used [0x0000000080000000,0x00000000b09179c8,0x00000000b0980000)
 Metaspace       used 83653K, committed 85248K, reserved 1179648K
  class space    used 8317K, committed 9152K, reserved 1048576K
}
Event: 5276.039 GC heap before
{Heap before GC invocations=3436 (full 7):
 PSYoungGen      total 17408K, used 16722K [0x00000000d5580000, 0x00000000d6b80000, 0x0000000100000000)
  eden space 13312K, 100% used [0x00000000d5580000,0x00000000d6280000,0x00000000d6280000)
  from space 4096K, 83% used [0x00000000d6680000,0x00000000d69d4960,0x00000000d6a80000)
  to   space 4096K, 0% used [0x00000000d6280000,0x00000000d6280000,0x00000000d6680000)
 ParOldGen       total 796160K, used 795742K [0x0000000080000000, 0x00000000b0980000, 0x00000000d5580000)
  object space 796160K, 99% used [0x0000000080000000,0x00000000b0917be0,0x00000000b0980000)
 Metaspace       used 83655K, committed 85248K, reserved 1179648K
  class space    used 8317K, committed 9152K, reserved 1048576K
}
Event: 5276.041 GC heap after
{Heap after GC invocations=3436 (full 7):
 PSYoungGen      total 17408K, used 3655K [0x00000000d5580000, 0x00000000d6b80000, 0x0000000100000000)
  eden space 13312K, 0% used [0x00000000d5580000,0x00000000d5580000,0x00000000d6280000)
  from space 4096K, 89% used [0x00000000d6280000,0x00000000d6611e80,0x00000000d6680000)
  to   space 4096K, 0% used [0x00000000d6780000,0x00000000d6780000,0x00000000d6b80000)
 ParOldGen       total 799232K, used 798931K [0x0000000080000000, 0x00000000b0c80000, 0x00000000d5580000)
  object space 799232K, 99% used [0x0000000080000000,0x00000000b0c34cc0,0x00000000b0c80000)
 Metaspace       used 83655K, committed 85248K, reserved 1179648K
  class space    used 8317K, committed 9152K, reserved 1048576K
}
Event: 5276.052 GC heap before
{Heap before GC invocations=3437 (full 7):
 PSYoungGen      total 17408K, used 16967K [0x00000000d5580000, 0x00000000d6b80000, 0x0000000100000000)
  eden space 13312K, 100% used [0x00000000d5580000,0x00000000d6280000,0x00000000d6280000)
  from space 4096K, 89% used [0x00000000d6280000,0x00000000d6611e80,0x00000000d6680000)
  to   space 4096K, 0% used [0x00000000d6780000,0x00000000d6780000,0x00000000d6b80000)
 ParOldGen       total 799232K, used 799028K [0x0000000080000000, 0x00000000b0c80000, 0x00000000d5580000)
  object space 799232K, 99% used [0x0000000080000000,0x00000000b0c4d0e8,0x00000000b0c80000)
 Metaspace       used 83655K, committed 85248K, reserved 1179648K
  class space    used 8317K, committed 9152K, reserved 1048576K
}
Event: 5276.054 GC heap after
{Heap after GC invocations=3437 (full 7):
 PSYoungGen      total 15872K, used 2432K [0x00000000d5580000, 0x00000000d6a00000, 0x0000000100000000)
  eden space 13312K, 0% used [0x00000000d5580000,0x00000000d5580000,0x00000000d6280000)
  from space 2560K, 95% used [0x00000000d6780000,0x00000000d69e0000,0x00000000d6a00000)
  to   space 3072K, 0% used [0x00000000d6400000,0x00000000d6400000,0x00000000d6700000)
 ParOldGen       total 802816K, used 802384K [0x0000000080000000, 0x00000000b1000000, 0x00000000d5580000)
  object space 802816K, 99% used [0x0000000080000000,0x00000000b0f94238,0x00000000b1000000)
 Metaspace       used 83655K, committed 85248K, reserved 1179648K
  class space    used 8317K, committed 9152K, reserved 1048576K
}
Event: 5276.067 GC heap before
{Heap before GC invocations=3438 (full 7):
 PSYoungGen      total 15872K, used 15744K [0x00000000d5580000, 0x00000000d6a00000, 0x0000000100000000)
  eden space 13312K, 100% used [0x00000000d5580000,0x00000000d6280000,0x00000000d6280000)
  from space 2560K, 95% used [0x00000000d6780000,0x00000000d69e0000,0x00000000d6a00000)
  to   space 3072K, 0% used [0x00000000d6400000,0x00000000d6400000,0x00000000d6700000)
 ParOldGen       total 802816K, used 802384K [0x0000000080000000, 0x00000000b1000000, 0x00000000d5580000)
  object space 802816K, 99% used [0x0000000080000000,0x00000000b0f94238,0x00000000b1000000)
 Metaspace       used 83655K, committed 85248K, reserved 1179648K
  class space    used 8317K, committed 9152K, reserved 1048576K
}
Event: 5276.069 GC heap after
{Heap after GC invocations=3438 (full 7):
 PSYoungGen      total 15872K, used 2192K [0x00000000d5580000, 0x00000000d6800000, 0x0000000100000000)
  eden space 13312K, 0% used [0x00000000d5580000,0x00000000d5580000,0x00000000d6280000)
  from space 2560K, 85% used [0x00000000d6400000,0x00000000d6624010,0x00000000d6680000)
  to   space 1536K, 0% used [0x00000000d6680000,0x00000000d6680000,0x00000000d6800000)
 ParOldGen       total 804864K, used 804564K [0x0000000080000000, 0x00000000b1200000, 0x00000000d5580000)
  object space 804864K, 99% used [0x0000000080000000,0x00000000b11b5258,0x00000000b1200000)
 Metaspace       used 83655K, committed 85248K, reserved 1179648K
  class space    used 8317K, committed 9152K, reserved 1048576K
}
Event: 5276.085 GC heap before
{Heap before GC invocations=3439 (full 7):
 PSYoungGen      total 15872K, used 15503K [0x00000000d5580000, 0x00000000d6800000, 0x0000000100000000)
  eden space 13312K, 99% used [0x00000000d5580000,0x00000000d627ffb8,0x00000000d6280000)
  from space 2560K, 85% used [0x00000000d6400000,0x00000000d6624010,0x00000000d6680000)
  to   space 1536K, 0% used [0x00000000d6680000,0x00000000d6680000,0x00000000d6800000)
 ParOldGen       total 804864K, used 804564K [0x0000000080000000, 0x00000000b1200000, 0x00000000d5580000)
  object space 804864K, 99% used [0x0000000080000000,0x00000000b11b5258,0x00000000b1200000)
 Metaspace       used 83655K, committed 85248K, reserved 1179648K
  class space    used 8317K, committed 9152K, reserved 1048576K
}
Event: 5276.087 GC heap after
{Heap after GC invocations=3439 (full 7):
 PSYoungGen      total 13824K, used 1536K [0x00000000d5580000, 0x00000000d6c80000, 0x0000000100000000)
  eden space 12288K, 0% used [0x00000000d5580000,0x00000000d5580000,0x00000000d6180000)
  from space 1536K, 100% used [0x00000000d6680000,0x00000000d6800000,0x00000000d6800000)
  to   space 5120K, 0% used [0x00000000d6180000,0x00000000d6180000,0x00000000d6680000)
 ParOldGen       total 807424K, used 807406K [0x0000000080000000, 0x00000000b1480000, 0x00000000d5580000)
  object space 807424K, 99% used [0x0000000080000000,0x00000000b147bab8,0x00000000b1480000)
 Metaspace       used 83655K, committed 85248K, reserved 1179648K
  class space    used 8317K, committed 9152K, reserved 1048576K
}
Event: 5276.110 GC heap before
{Heap before GC invocations=3440 (full 7):
 PSYoungGen      total 13824K, used 13823K [0x00000000d5580000, 0x00000000d6c80000, 0x0000000100000000)
  eden space 12288K, 99% used [0x00000000d5580000,0x00000000d617fff0,0x00000000d6180000)
  from space 1536K, 100% used [0x00000000d6680000,0x00000000d6800000,0x00000000d6800000)
  to   space 5120K, 0% used [0x00000000d6180000,0x00000000d6180000,0x00000000d6680000)
 ParOldGen       total 807424K, used 807406K [0x0000000080000000, 0x00000000b1480000, 0x00000000d5580000)
  object space 807424K, 99% used [0x0000000080000000,0x00000000b147bab8,0x00000000b1480000)
 Metaspace       used 83658K, committed 85248K, reserved 1179648K
  class space    used 8317K, committed 9152K, reserved 1048576K
}
Event: 5276.112 GC heap after
{Heap after GC invocations=3440 (full 7):
 PSYoungGen      total 15872K, used 3296K [0x00000000d5580000, 0x00000000d6980000, 0x0000000100000000)
  eden space 12288K, 0% used [0x00000000d5580000,0x00000000d5580000,0x00000000d6180000)
  from space 3584K, 91% used [0x00000000d6180000,0x00000000d64b8000,0x00000000d6500000)
  to   space 4096K, 0% used [0x00000000d6580000,0x00000000d6580000,0x00000000d6980000)
 ParOldGen       total 808960K, used 808947K [0x0000000080000000, 0x00000000b1600000, 0x00000000d5580000)
  object space 808960K, 99% used [0x0000000080000000,0x00000000b15fccf0,0x00000000b1600000)
 Metaspace       used 83658K, committed 85248K, reserved 1179648K
  class space    used 8317K, committed 9152K, reserved 1048576K
}
Event: 5276.130 GC heap before
{Heap before GC invocations=3441 (full 7):
 PSYoungGen      total 15872K, used 15584K [0x00000000d5580000, 0x00000000d6980000, 0x0000000100000000)
  eden space 12288K, 100% used [0x00000000d5580000,0x00000000d6180000,0x00000000d6180000)
  from space 3584K, 91% used [0x00000000d6180000,0x00000000d64b8000,0x00000000d6500000)
  to   space 4096K, 0% used [0x00000000d6580000,0x00000000d6580000,0x00000000d6980000)
 ParOldGen       total 808960K, used 808947K [0x0000000080000000, 0x00000000b1600000, 0x00000000d5580000)
  object space 808960K, 99% used [0x0000000080000000,0x00000000b15fccf0,0x00000000b1600000)
 Metaspace       used 83659K, committed 85248K, reserved 1179648K
  class space    used 8317K, committed 9152K, reserved 1048576K
}
Event: 5276.132 GC heap after
{Heap after GC invocations=3441 (full 7):
 PSYoungGen      total 15360K, used 2752K [0x00000000d5580000, 0x00000000d6880000, 0x0000000100000000)
  eden space 12288K, 0% used [0x00000000d5580000,0x00000000d5580000,0x00000000d6180000)
  from space 3072K, 89% used [0x00000000d6580000,0x00000000d6830000,0x00000000d6880000)
  to   space 3072K, 0% used [0x00000000d6280000,0x00000000d6280000,0x00000000d6580000)
 ParOldGen       total 812544K, used 812121K [0x0000000080000000, 0x00000000b1980000, 0x00000000d5580000)
  object space 812544K, 99% used [0x0000000080000000,0x00000000b19167d8,0x00000000b1980000)
 Metaspace       used 83659K, committed 85248K, reserved 1179648K
  class space    used 8317K, committed 9152K, reserved 1048576K
}
Event: 5276.165 GC heap before
{Heap before GC invocations=3442 (full 7):
 PSYoungGen      total 15360K, used 15040K [0x00000000d5580000, 0x00000000d6880000, 0x0000000100000000)
  eden space 12288K, 100% used [0x00000000d5580000,0x00000000d6180000,0x00000000d6180000)
  from space 3072K, 89% used [0x00000000d6580000,0x00000000d6830000,0x00000000d6880000)
  to   space 3072K, 0% used [0x00000000d6280000,0x00000000d6280000,0x00000000d6580000)
 ParOldGen       total 812544K, used 812121K [0x0000000080000000, 0x00000000b1980000, 0x00000000d5580000)
  object space 812544K, 99% used [0x0000000080000000,0x00000000b19167d8,0x00000000b1980000)
 Metaspace       used 83660K, committed 85248K, reserved 1179648K
  class space    used 8317K, committed 9152K, reserved 1048576K
}
Event: 5276.168 GC heap after
{Heap after GC invocations=3442 (full 7):
 PSYoungGen      total 15360K, used 3040K [0x00000000d5580000, 0x00000000d6880000, 0x0000000100000000)
  eden space 12288K, 0% used [0x00000000d5580000,0x00000000d5580000,0x00000000d6180000)
  from space 3072K, 98% used [0x00000000d6280000,0x00000000d6578010,0x00000000d6580000)
  to   space 3072K, 0% used [0x00000000d6580000,0x00000000d6580000,0x00000000d6880000)
 ParOldGen       total 815104K, used 814646K [0x0000000080000000, 0x00000000b1c00000, 0x00000000d5580000)
  object space 815104K, 99% used [0x0000000080000000,0x00000000b1b8d828,0x00000000b1c00000)
 Metaspace       used 83660K, committed 85248K, reserved 1179648K
  class space    used 8317K, committed 9152K, reserved 1048576K
}

Dll operation events (10 events):
Event: 0.012 Loaded shared library c:\Users\dksrk\.vscode\extensions\redhat.java-1.54.0-win32-x64\jre\21.0.10-win32-x86_64\bin\java.dll
Event: 0.036 Loaded shared library c:\Users\dksrk\.vscode\extensions\redhat.java-1.54.0-win32-x64\jre\21.0.10-win32-x86_64\bin\zip.dll
Event: 0.099 Loaded shared library C:\Users\dksrk\.vscode\extensions\redhat.java-1.54.0-win32-x64\jre\21.0.10-win32-x86_64\bin\instrument.dll
Event: 0.105 Loaded shared library C:\Users\dksrk\.vscode\extensions\redhat.java-1.54.0-win32-x64\jre\21.0.10-win32-x86_64\bin\net.dll
Event: 0.108 Loaded shared library C:\Users\dksrk\.vscode\extensions\redhat.java-1.54.0-win32-x64\jre\21.0.10-win32-x86_64\bin\nio.dll
Event: 0.112 Loaded shared library C:\Users\dksrk\.vscode\extensions\redhat.java-1.54.0-win32-x64\jre\21.0.10-win32-x86_64\bin\zip.dll
Event: 0.129 Loaded shared library C:\Users\dksrk\.vscode\extensions\redhat.java-1.54.0-win32-x64\jre\21.0.10-win32-x86_64\bin\jimage.dll
Event: 0.208 Loaded shared library c:\Users\dksrk\.vscode\extensions\redhat.java-1.54.0-win32-x64\jre\21.0.10-win32-x86_64\bin\verify.dll
Event: 1.361 Loaded shared library C:\Users\dksrk\AppData\Roaming\Code\User\globalStorage\redhat.java\1.54.0\config_win\org.eclipse.equinox.launcher\org.eclipse.equinox.launcher.win32.win32.x86_64_1.3.0.v20260203-2149\eclipse_11919.dll
Event: 4.341 Loaded shared library C:\Users\dksrk\AppData\Local\Temp\jna-95653893\jna15790883296336845326.dll

Deoptimization events (20 events):
Event: 5273.729 Thread 0x0000015ee82c5290 Uncommon trap: trap_request=0xffffff45 fr.pc=0x0000015e95920aec relative=0x00000000000014ac
Event: 5273.729 Thread 0x0000015ee82c5290 Uncommon trap: reason=unstable_if action=reinterpret pc=0x0000015e95920aec method=org.eclipse.jdt.internal.compiler.ast.MethodDeclaration.analyseCode(Lorg/eclipse/jdt/internal/compiler/lookup/ClassScope;Lorg/eclipse/jdt/internal/compiler/flow/FlowContext;
Event: 5273.729 Thread 0x0000015ee82c5290 DEOPT PACKING pc=0x0000015e95920aec sp=0x000000165ddfeca0
Event: 5273.729 Thread 0x0000015ee82c5290 DEOPT UNPACKING pc=0x0000015e93be3aa2 sp=0x000000165ddfec28 mode 2
Event: 5273.729 Thread 0x0000015ee82c5290 Uncommon trap: trap_request=0xffffff3d fr.pc=0x0000015e94b65890 relative=0x0000000000000230
Event: 5273.729 Thread 0x0000015ee82c5290 Uncommon trap: reason=unstable_fused_if action=reinterpret pc=0x0000015e94b65890 method=org.eclipse.jdt.internal.compiler.problem.ProblemReporter.getIrritant(I)I @ 1 c2
Event: 5273.729 Thread 0x0000015ee82c5290 DEOPT PACKING pc=0x0000015e94b65890 sp=0x000000165ddfeb80
Event: 5273.729 Thread 0x0000015ee82c5290 DEOPT UNPACKING pc=0x0000015e93be3aa2 sp=0x000000165ddfeb08 mode 2
Event: 5273.745 Thread 0x0000015ee82c5290 Uncommon trap: trap_request=0xffffff45 fr.pc=0x0000015e94a43d84 relative=0x0000000000003144
Event: 5273.745 Thread 0x0000015ee82c5290 Uncommon trap: reason=unstable_if action=reinterpret pc=0x0000015e94a43d84 method=org.eclipse.jdt.internal.compiler.ClassFile.generateStackMapTableAttribute(Lorg/eclipse/jdt/internal/compiler/lookup/MethodBinding;IIIZLorg/eclipse/jdt/internal/compiler/loo
Event: 5273.745 Thread 0x0000015ee82c5290 DEOPT PACKING pc=0x0000015e94a43d84 sp=0x000000165ddfeb10
Event: 5273.745 Thread 0x0000015ee82c5290 DEOPT UNPACKING pc=0x0000015e93be3aa2 sp=0x000000165ddfea18 mode 2
Event: 5275.838 Thread 0x0000015ee886a720 DEOPT PACKING pc=0x0000015e8f49d97e sp=0x00000016601fee50
Event: 5275.838 Thread 0x0000015ee886a720 DEOPT UNPACKING pc=0x0000015e93be4242 sp=0x00000016601fe348 mode 0
Event: 5275.995 Thread 0x0000015ee82c5290 DEOPT PACKING pc=0x0000015e8e9ca882 sp=0x000000165ddfe940
Event: 5275.995 Thread 0x0000015ee82c5290 DEOPT UNPACKING pc=0x0000015e93be4242 sp=0x000000165ddfdd88 mode 0
Event: 5276.075 Thread 0x0000015ee82c5290 Uncommon trap: trap_request=0xffffffcc fr.pc=0x0000015e945ac45c relative=0x0000000000000e9c
Event: 5276.075 Thread 0x0000015ee82c5290 Uncommon trap: reason=intrinsic_or_type_checked_inlining action=make_not_entrant pc=0x0000015e945ac45c method=org.eclipse.jdt.internal.compiler.lookup.InferenceContext18.createInitialConstraintsForParameters([Lorg/eclipse/jdt/internal/compiler/lookup/Type
Event: 5276.075 Thread 0x0000015ee82c5290 DEOPT PACKING pc=0x0000015e945ac45c sp=0x000000165ddfe5c0
Event: 5276.075 Thread 0x0000015ee82c5290 DEOPT UNPACKING pc=0x0000015e93be3aa2 sp=0x000000165ddfe568 mode 2

Classes loaded (20 events):
Event: 1856.141 Loading class java/util/regex/Pattern$Bound
Event: 1856.142 Loading class java/util/regex/Pattern$Bound done
Event: 2004.028 Loading class java/util/stream/ReduceOps$5
Event: 2004.029 Loading class java/util/stream/ReduceOps$5 done
Event: 2004.029 Loading class java/util/stream/ReduceOps$CountingSink$OfRef
Event: 2004.030 Loading class java/util/stream/ReduceOps$CountingSink
Event: 2004.030 Loading class java/util/stream/ReduceOps$CountingSink done
Event: 2004.030 Loading class java/util/stream/ReduceOps$CountingSink$OfRef done
Event: 2140.495 Loading class java/util/regex/Pattern$Behind
Event: 2140.495 Loading class java/util/regex/Pattern$Behind done
Event: 2140.496 Loading class java/util/regex/Pattern$Neg
Event: 2140.496 Loading class java/util/regex/Pattern$Neg done
Event: 2716.905 Loading class java/nio/channels/CompletionHandler
Event: 2716.905 Loading class java/nio/channels/CompletionHandler done
Event: 2763.806 Loading class jdk/internal/icu/text/NormalizerBase$NFCModeImpl
Event: 2763.807 Loading class jdk/internal/icu/text/NormalizerBase$NFCModeImpl done
Event: 2763.807 Loading class jdk/internal/icu/impl/Norm2AllModes$NFCSingleton
Event: 2763.807 Loading class jdk/internal/icu/impl/Norm2AllModes$NFCSingleton done
Event: 2763.807 Loading class java/nio/StringCharBuffer
Event: 2763.807 Loading class java/nio/StringCharBuffer done

Classes unloaded (20 events):
Event: 5231.494 Thread 0x0000015e893f4480 Unloading class 0x0000015ea1104400 'java/lang/invoke/LambdaForm$MH+0x0000015ea1104400'
Event: 5231.494 Thread 0x0000015e893f4480 Unloading class 0x0000015ea1082400 'java/lang/invoke/LambdaForm$MH+0x0000015ea1082400'
Event: 5231.494 Thread 0x0000015e893f4480 Unloading class 0x0000015ea1081c00 'java/lang/invoke/LambdaForm$MH+0x0000015ea1081c00'
Event: 5231.494 Thread 0x0000015e893f4480 Unloading class 0x0000015ea1081800 'java/lang/invoke/LambdaForm$MH+0x0000015ea1081800'
Event: 5231.494 Thread 0x0000015e893f4480 Unloading class 0x0000015ea1081400 'java/lang/invoke/LambdaForm$MH+0x0000015ea1081400'
Event: 5231.494 Thread 0x0000015e893f4480 Unloading class 0x0000015ea1081000 'java/lang/invoke/LambdaForm$MH+0x0000015ea1081000'
Event: 5231.494 Thread 0x0000015e893f4480 Unloading class 0x0000015ea1080800 'java/lang/invoke/LambdaForm$MH+0x0000015ea1080800'
Event: 5231.494 Thread 0x0000015e893f4480 Unloading class 0x0000015ea1080400 'java/lang/invoke/LambdaForm$MH+0x0000015ea1080400'
Event: 5231.494 Thread 0x0000015e893f4480 Unloading class 0x0000015ea1080000 'java/lang/invoke/LambdaForm$MH+0x0000015ea1080000'
Event: 5231.494 Thread 0x0000015e893f4480 Unloading class 0x0000015ea101f800 'java/lang/invoke/LambdaForm$MH+0x0000015ea101f800'
Event: 5231.494 Thread 0x0000015e893f4480 Unloading class 0x0000015ea101e800 'java/lang/invoke/LambdaForm$MH+0x0000015ea101e800'
Event: 5231.494 Thread 0x0000015e893f4480 Unloading class 0x0000015ea101e400 'java/lang/invoke/LambdaForm$MH+0x0000015ea101e400'
Event: 5231.494 Thread 0x0000015e893f4480 Unloading class 0x0000015ea101dc00 'java/lang/invoke/LambdaForm$MH+0x0000015ea101dc00'
Event: 5231.494 Thread 0x0000015e893f4480 Unloading class 0x0000015ea101d400 'java/lang/invoke/LambdaForm$MH+0x0000015ea101d400'
Event: 5231.494 Thread 0x0000015e893f4480 Unloading class 0x0000015ea1019400 'java/lang/invoke/LambdaForm$MH+0x0000015ea1019400'
Event: 5231.494 Thread 0x0000015e893f4480 Unloading class 0x0000015ea1018400 'java/lang/invoke/LambdaForm$MH+0x0000015ea1018400'
Event: 5231.494 Thread 0x0000015e893f4480 Unloading class 0x0000015ea1018000 'java/lang/invoke/LambdaForm$MH+0x0000015ea1018000'
Event: 5231.494 Thread 0x0000015e893f4480 Unloading class 0x0000015ea1017400 'java/lang/invoke/LambdaForm$MH+0x0000015ea1017400'
Event: 5231.494 Thread 0x0000015e893f4480 Unloading class 0x0000015ea1016400 'java/lang/invoke/LambdaForm$MH+0x0000015ea1016400'
Event: 5231.494 Thread 0x0000015e893f4480 Unloading class 0x0000015ea1000400 'java/lang/invoke/LambdaForm$MH+0x0000015ea1000400'

Classes redefined (0 events):
No events

Internal exceptions (20 events):
Event: 5247.631 Thread 0x0000015ee886a720 Exception <a 'sun/nio/fs/WindowsException'{0x00000000d56a3448}> (0x00000000d56a3448) 
thrown [s\src\hotspot\share\prims\jni.cpp, line 520]
Event: 5247.732 Thread 0x0000015ee886a720 Exception <a 'sun/nio/fs/WindowsException'{0x00000000d5932870}> (0x00000000d5932870) 
thrown [s\src\hotspot\share\prims\jni.cpp, line 520]
Event: 5252.891 Thread 0x0000015ee886a720 Exception <a 'sun/nio/fs/WindowsException'{0x00000000d57f22f8}> (0x00000000d57f22f8) 
thrown [s\src\hotspot\share\prims\jni.cpp, line 520]
Event: 5253.014 Thread 0x0000015ee886a720 Exception <a 'sun/nio/fs/WindowsException'{0x00000000d589d740}> (0x00000000d589d740) 
thrown [s\src\hotspot\share\prims\jni.cpp, line 520]
Event: 5258.500 Thread 0x0000015ee886a720 Exception <a 'sun/nio/fs/WindowsException'{0x00000000d561ca50}> (0x00000000d561ca50) 
thrown [s\src\hotspot\share\prims\jni.cpp, line 520]
Event: 5258.624 Thread 0x0000015ee886a720 Exception <a 'sun/nio/fs/WindowsException'{0x00000000d55d5ad8}> (0x00000000d55d5ad8) 
thrown [s\src\hotspot\share\prims\jni.cpp, line 520]
Event: 5261.240 Thread 0x0000015eec744db0 Implicit null exception at 0x0000015e9562bd78 to 0x0000015e9562be24
Event: 5261.254 Thread 0x0000015eec744db0 Implicit null exception at 0x0000015e959d9381 to 0x0000015e959df3c4
Event: 5261.463 Thread 0x0000015ee886a720 Exception <a 'sun/nio/fs/WindowsException'{0x00000000d5771300}> (0x00000000d5771300) 
thrown [s\src\hotspot\share\prims\jni.cpp, line 520]
Event: 5261.506 Thread 0x0000015eec744db0 Implicit null exception at 0x0000015e95899559 to 0x0000015e9589ac70
Event: 5261.590 Thread 0x0000015ee886a720 Exception <a 'sun/nio/fs/WindowsException'{0x00000000d568ba10}> (0x00000000d568ba10) 
thrown [s\src\hotspot\share\prims\jni.cpp, line 520]
Event: 5261.945 Thread 0x0000015eec744db0 Implicit null exception at 0x0000015e9587efaf to 0x0000015e9587fd38
Event: 5266.895 Thread 0x0000015ee886a720 Exception <a 'sun/nio/fs/WindowsException'{0x00000000d5aaa540}> (0x00000000d5aaa540) 
thrown [s\src\hotspot\share\prims\jni.cpp, line 520]
Event: 5266.998 Thread 0x0000015ee886a720 Exception <a 'sun/nio/fs/WindowsException'{0x00000000d5be0ad0}> (0x00000000d5be0ad0) 
thrown [s\src\hotspot\share\prims\jni.cpp, line 520]
Event: 5269.257 Thread 0x0000015ee886a720 Exception <a 'sun/nio/fs/WindowsException'{0x00000000d56ec228}> (0x00000000d56ec228) 
thrown [s\src\hotspot\share\prims\jni.cpp, line 520]
Event: 5269.387 Thread 0x0000015ee886a720 Exception <a 'sun/nio/fs/WindowsException'{0x00000000d55805b8}> (0x00000000d55805b8) 
thrown [s\src\hotspot\share\prims\jni.cpp, line 520]
Event: 5273.584 Thread 0x0000015ee886a720 Exception <a 'sun/nio/fs/WindowsException'{0x00000000d5687050}> (0x00000000d5687050) 
thrown [s\src\hotspot\share\prims\jni.cpp, line 520]
Event: 5273.764 Thread 0x0000015ee886a720 Exception <a 'sun/nio/fs/WindowsException'{0x00000000d56fc428}> (0x00000000d56fc428) 
thrown [s\src\hotspot\share\prims\jni.cpp, line 520]
Event: 5275.841 Thread 0x0000015ee886a720 Exception <a 'sun/nio/fs/WindowsException'{0x00000000d5b75628}> (0x00000000d5b75628) 
thrown [s\src\hotspot\share\prims\jni.cpp, line 520]
Event: 5275.980 Thread 0x0000015ee886a720 Exception <a 'sun/nio/fs/WindowsException'{0x00000000d5861598}> (0x00000000d5861598) 
thrown [s\src\hotspot\share\prims\jni.cpp, line 520]

ZGC Phase Switch (0 events):
No events

VM Operations (20 events):
Event: 5276.010 Executing safepoint VM operation: ParallelGCFailedAllocation (Allocation Failure)
Event: 5276.012 Executing safepoint VM operation: ParallelGCFailedAllocation (Allocation Failure) done
Event: 5276.018 Executing safepoint VM operation: ParallelGCFailedAllocation (Allocation Failure)
Event: 5276.024 Executing safepoint VM operation: ParallelGCFailedAllocation (Allocation Failure) done
Event: 5276.039 Executing safepoint VM operation: ParallelGCFailedAllocation (Allocation Failure)
Event: 5276.039 Executing safepoint VM operation: ParallelGCFailedAllocation (Allocation Failure) done
Event: 5276.039 Executing safepoint VM operation: ParallelGCSystemGC (GCLocker Initiated GC)
Event: 5276.041 Executing safepoint VM operation: ParallelGCSystemGC (GCLocker Initiated GC) done
Event: 5276.052 Executing safepoint VM operation: ParallelGCFailedAllocation (Allocation Failure)
Event: 5276.054 Executing safepoint VM operation: ParallelGCFailedAllocation (Allocation Failure) done
Event: 5276.067 Executing safepoint VM operation: ParallelGCFailedAllocation (Allocation Failure)
Event: 5276.069 Executing safepoint VM operation: ParallelGCFailedAllocation (Allocation Failure) done
Event: 5276.085 Executing safepoint VM operation: ParallelGCFailedAllocation (Allocation Failure)
Event: 5276.087 Executing safepoint VM operation: ParallelGCFailedAllocation (Allocation Failure) done
Event: 5276.110 Executing safepoint VM operation: ParallelGCFailedAllocation (Allocation Failure)
Event: 5276.112 Executing safepoint VM operation: ParallelGCFailedAllocation (Allocation Failure) done
Event: 5276.129 Executing safepoint VM operation: ParallelGCFailedAllocation (Allocation Failure)
Event: 5276.132 Executing safepoint VM operation: ParallelGCFailedAllocation (Allocation Failure) done
Event: 5276.165 Executing safepoint VM operation: ParallelGCFailedAllocation (Allocation Failure)
Event: 5276.168 Executing safepoint VM operation: ParallelGCFailedAllocation (Allocation Failure) done

Memory protections (0 events):
No events

Nmethod flushes (20 events):
Event: 5231.530 Thread 0x0000015e893f4480 flushing  nmethod 0x0000015e8f694f10
Event: 5231.530 Thread 0x0000015e893f4480 flushing  nmethod 0x0000015e8f6a1210
Event: 5231.530 Thread 0x0000015e893f4480 flushing  nmethod 0x0000015e8f6d1f90
Event: 5231.530 Thread 0x0000015e893f4480 flushing  nmethod 0x0000015e8f6da890
Event: 5231.530 Thread 0x0000015e893f4480 flushing  nmethod 0x0000015e8f6ead90
Event: 5231.530 Thread 0x0000015e893f4480 flushing  nmethod 0x0000015e8f6ec390
Event: 5231.530 Thread 0x0000015e893f4480 flushing  nmethod 0x0000015e8f724e90
Event: 5231.530 Thread 0x0000015e893f4480 flushing  nmethod 0x0000015e8f725890
Event: 5231.530 Thread 0x0000015e893f4480 flushing  nmethod 0x0000015e8f727410
Event: 5231.530 Thread 0x0000015e893f4480 flushing  nmethod 0x0000015e8f732d10
Event: 5231.530 Thread 0x0000015e893f4480 flushing  nmethod 0x0000015e8f735d90
Event: 5231.530 Thread 0x0000015e893f4480 flushing  nmethod 0x0000015e8f740090
Event: 5231.530 Thread 0x0000015e893f4480 flushing  nmethod 0x0000015e8f747810
Event: 5231.530 Thread 0x0000015e893f4480 flushing  nmethod 0x0000015e8f749090
Event: 5231.530 Thread 0x0000015e893f4480 flushing  nmethod 0x0000015e8f754210
Event: 5231.530 Thread 0x0000015e893f4480 flushing  nmethod 0x0000015e8f757090
Event: 5231.530 Thread 0x0000015e893f4480 flushing  nmethod 0x0000015e8f75a990
Event: 5231.530 Thread 0x0000015e893f4480 flushing  nmethod 0x0000015e8f75c310
Event: 5231.530 Thread 0x0000015e893f4480 flushing  nmethod 0x0000015e8f764510
Event: 5231.530 Thread 0x0000015e893f4480 flushing  nmethod 0x0000015e8f768590

Events (20 events):
Event: 5247.795 Thread 0x0000015ee82c7360 Thread added: 0x0000015eec740580
Event: 5247.862 Thread 0x0000015ee228c760 Thread added: 0x0000015ee914f3c0
Event: 5248.376 Thread 0x0000015ee914f3c0 Thread exited: 0x0000015ee914f3c0
Event: 5253.113 Thread 0x0000015ee228c760 Thread added: 0x0000015ee914d880
Event: 5258.258 Thread 0x0000015ee914d880 Thread exited: 0x0000015ee914d880
Event: 5258.261 Thread 0x0000015ee9984520 Thread added: 0x0000015eec744090
Event: 5258.627 Thread 0x0000015ee9984520 Thread added: 0x0000015eec744db0
Event: 5258.628 Thread 0x0000015eec744db0 Thread added: 0x0000015eec744720
Event: 5258.628 Thread 0x0000015eec744720 Thread added: 0x0000015eec742650
Event: 5258.629 Thread 0x0000015eec744db0 Thread added: 0x0000015eec741930
Event: 5258.747 Thread 0x0000015ee228c760 Thread added: 0x0000015ee914e620
Event: 5258.947 Thread 0x0000015ee914e620 Thread exited: 0x0000015ee914e620
Event: 5261.628 Thread 0x0000015ee82c7360 Thread added: 0x0000015eec745440
Event: 5261.667 Thread 0x0000015ee228c760 Thread added: 0x0000015ee914f3c0
Event: 5262.183 Thread 0x0000015ee914f3c0 Thread exited: 0x0000015ee914f3c0
Event: 5267.122 Thread 0x0000015ee228c760 Thread added: 0x0000015ee914c410
Event: 5267.670 Thread 0x0000015ee914c410 Thread exited: 0x0000015ee914c410
Event: 5273.796 Thread 0x0000015ee228c760 Thread added: 0x0000015ee914f3c0
Event: 5274.363 Thread 0x0000015ee914f3c0 Thread exited: 0x0000015ee914f3c0
Event: 5276.146 Thread 0x0000015ee2287da0 Thread added: 0x0000015ee914e620


Dynamic libraries:
0x00007ff63d620000 - 0x00007ff63d62e000 	c:\Users\dksrk\.vscode\extensions\redhat.java-1.54.0-win32-x64\jre\21.0.10-win32-x86_64\bin\java.exe
0x00007ffdf5960000 - 0x00007ffdf5bc6000 	C:\WINDOWS\SYSTEM32\ntdll.dll
0x00007ffdf3a10000 - 0x00007ffdf3ad9000 	C:\WINDOWS\System32\KERNEL32.DLL
0x00007ffdf2ca0000 - 0x00007ffdf309a000 	C:\WINDOWS\System32\KERNELBASE.dll
0x00007ffdefc60000 - 0x00007ffdefd00000 	C:\WINDOWS\SYSTEM32\apphelp.dll
0x00007ffdf3580000 - 0x00007ffdf36cc000 	C:\WINDOWS\System32\ucrtbase.dll
0x00007ffdd3360000 - 0x00007ffdd337e000 	c:\Users\dksrk\.vscode\extensions\redhat.java-1.54.0-win32-x64\jre\21.0.10-win32-x86_64\bin\VCRUNTIME140.dll
0x00007ffdd59c0000 - 0x00007ffdd59d8000 	c:\Users\dksrk\.vscode\extensions\redhat.java-1.54.0-win32-x64\jre\21.0.10-win32-x86_64\bin\jli.dll
0x00007ffdf53a0000 - 0x00007ffdf5567000 	C:\WINDOWS\System32\USER32.dll
0x00007ffdf30a0000 - 0x00007ffdf30c7000 	C:\WINDOWS\System32\win32u.dll
0x00007ffdf4b10000 - 0x00007ffdf4b3b000 	C:\WINDOWS\System32\GDI32.dll
0x00007ffdf30d0000 - 0x00007ffdf31fb000 	C:\WINDOWS\System32\gdi32full.dll
0x00007ffdf2bf0000 - 0x00007ffdf2c93000 	C:\WINDOWS\System32\msvcp_win.dll
0x00007ffde15c0000 - 0x00007ffde1852000 	C:\WINDOWS\WinSxS\amd64_microsoft.windows.common-controls_6595b64144ccf1df_6.0.26100.8521_none_3e08b75ce33403b3\COMCTL32.dll
0x00007ffdf4b40000 - 0x00007ffdf4be9000 	C:\WINDOWS\System32\msvcrt.dll
0x00007ffdf55c0000 - 0x00007ffdf55f2000 	C:\WINDOWS\System32\IMM32.DLL
0x00007ffdedd80000 - 0x00007ffdedd8c000 	c:\Users\dksrk\.vscode\extensions\redhat.java-1.54.0-win32-x64\jre\21.0.10-win32-x86_64\bin\vcruntime140_1.dll
0x00007ffd4fba0000 - 0x00007ffd4fc2d000 	c:\Users\dksrk\.vscode\extensions\redhat.java-1.54.0-win32-x64\jre\21.0.10-win32-x86_64\bin\msvcp140.dll
0x00007ffd22e90000 - 0x00007ffd23c31000 	c:\Users\dksrk\.vscode\extensions\redhat.java-1.54.0-win32-x64\jre\21.0.10-win32-x86_64\bin\server\jvm.dll
0x00007ffdf3ae0000 - 0x00007ffdf3b96000 	C:\WINDOWS\System32\ADVAPI32.dll
0x00007ffdf52f0000 - 0x00007ffdf539a000 	C:\WINDOWS\System32\sechost.dll
0x00007ffdf4bf0000 - 0x00007ffdf4d08000 	C:\WINDOWS\System32\RPCRT4.dll
0x00007ffdf5730000 - 0x00007ffdf57b0000 	C:\WINDOWS\System32\WS2_32.dll
0x00007ffdf28a0000 - 0x00007ffdf28fe000 	C:\WINDOWS\SYSTEM32\POWRPROF.dll
0x00007ffde2590000 - 0x00007ffde25c6000 	C:\WINDOWS\SYSTEM32\WINMM.dll
0x00007ffded250000 - 0x00007ffded25b000 	C:\WINDOWS\SYSTEM32\VERSION.dll
0x00007ffdf2880000 - 0x00007ffdf2894000 	C:\WINDOWS\SYSTEM32\UMPDC.dll
0x00007ffdf1980000 - 0x00007ffdf199b000 	C:\WINDOWS\SYSTEM32\kernel.appcore.dll
0x00007ffdd5930000 - 0x00007ffdd593a000 	c:\Users\dksrk\.vscode\extensions\redhat.java-1.54.0-win32-x64\jre\21.0.10-win32-x86_64\bin\jimage.dll
0x00007ffde1860000 - 0x00007ffde1aa2000 	C:\WINDOWS\SYSTEM32\DBGHELP.DLL
0x00007ffdf4f50000 - 0x00007ffdf52d3000 	C:\WINDOWS\System32\combase.dll
0x00007ffdf49d0000 - 0x00007ffdf4aa9000 	C:\WINDOWS\System32\OLEAUT32.dll
0x00007ffdeb750000 - 0x00007ffdeb78b000 	C:\WINDOWS\SYSTEM32\dbgcore.DLL
0x00007ffdf34d0000 - 0x00007ffdf3578000 	C:\WINDOWS\System32\bcryptPrimitives.dll
0x00007ffdd5890000 - 0x00007ffdd589f000 	c:\Users\dksrk\.vscode\extensions\redhat.java-1.54.0-win32-x64\jre\21.0.10-win32-x86_64\bin\instrument.dll
0x00007ffdcfac0000 - 0x00007ffdcfae0000 	c:\Users\dksrk\.vscode\extensions\redhat.java-1.54.0-win32-x64\jre\21.0.10-win32-x86_64\bin\java.dll
0x00007ffdf3c10000 - 0x00007ffdf4394000 	C:\WINDOWS\System32\SHELL32.dll
0x00007ffdf07f0000 - 0x00007ffdf1070000 	C:\WINDOWS\SYSTEM32\windows.storage.dll
0x00007ffdf5600000 - 0x00007ffdf56f6000 	C:\WINDOWS\System32\SHCORE.dll
0x00007ffdf3ba0000 - 0x00007ffdf3c07000 	C:\WINDOWS\System32\shlwapi.dll
0x00007ffdf2b10000 - 0x00007ffdf2b39000 	C:\WINDOWS\SYSTEM32\profapi.dll
0x00007ffdd3070000 - 0x00007ffdd3088000 	c:\Users\dksrk\.vscode\extensions\redhat.java-1.54.0-win32-x64\jre\21.0.10-win32-x86_64\bin\zip.dll
0x00007ffdd3f00000 - 0x00007ffdd3f10000 	C:\Users\dksrk\.vscode\extensions\redhat.java-1.54.0-win32-x64\jre\21.0.10-win32-x86_64\bin\net.dll
0x00007ffdebfb0000 - 0x00007ffdec0d9000 	C:\WINDOWS\SYSTEM32\WINHTTP.dll
0x00007ffdf1ef0000 - 0x00007ffdf1f5c000 	C:\WINDOWS\system32\mswsock.dll
0x00007ffdcc990000 - 0x00007ffdcc9a6000 	C:\Users\dksrk\.vscode\extensions\redhat.java-1.54.0-win32-x64\jre\21.0.10-win32-x86_64\bin\nio.dll
0x00007ffdd2d30000 - 0x00007ffdd2d40000 	c:\Users\dksrk\.vscode\extensions\redhat.java-1.54.0-win32-x64\jre\21.0.10-win32-x86_64\bin\verify.dll
0x00007ffd99150000 - 0x00007ffd99195000 	C:\Users\dksrk\AppData\Roaming\Code\User\globalStorage\redhat.java\1.54.0\config_win\org.eclipse.equinox.launcher\org.eclipse.equinox.launcher.win32.win32.x86_64_1.3.0.v20260203-2149\eclipse_11919.dll
0x00007ffdf4d10000 - 0x00007ffdf4ea8000 	C:\WINDOWS\System32\ole32.dll
0x00007ffdf21e0000 - 0x00007ffdf21fb000 	C:\WINDOWS\SYSTEM32\CRYPTSP.dll
0x00007ffdf18e0000 - 0x00007ffdf1919000 	C:\WINDOWS\system32\rsaenh.dll
0x00007ffdf1fa0000 - 0x00007ffdf1fd3000 	C:\WINDOWS\SYSTEM32\USERENV.dll
0x00007ffdf2ae0000 - 0x00007ffdf2b0a000 	C:\WINDOWS\SYSTEM32\bcrypt.dll
0x00007ffdf21d0000 - 0x00007ffdf21dc000 	C:\WINDOWS\SYSTEM32\CRYPTBASE.dll
0x00007ffdf1380000 - 0x00007ffdf13b3000 	C:\WINDOWS\SYSTEM32\IPHLPAPI.DLL
0x00007ffdf3a00000 - 0x00007ffdf3a0a000 	C:\WINDOWS\System32\NSI.dll
0x00007ffd88a70000 - 0x00007ffd88ab9000 	C:\Users\dksrk\AppData\Local\Temp\jna-95653893\jna15790883296336845326.dll
0x00007ffdf44b0000 - 0x00007ffdf44b8000 	C:\WINDOWS\System32\PSAPI.DLL
0x00007ffded260000 - 0x00007ffded27d000 	C:\WINDOWS\SYSTEM32\dhcpcsvc6.DLL
0x00007ffdebd60000 - 0x00007ffdebd85000 	C:\WINDOWS\SYSTEM32\dhcpcsvc.DLL

JVMTI agents:
c:\Users\dksrk\.vscode\extensions\redhat.java-1.54.0-win32-x64\lombok\lombok-1.18.39-4050.jar path:c:\Users\dksrk\.vscode\extensions\redhat.java-1.54.0-win32-x64\jre\21.0.10-win32-x86_64\bin\instrument.dll, loaded, initialized, instrumentlib options:none

dbghelp: loaded successfully - version: 4.0.5 - missing functions: none
symbol engine: initialized successfully - sym options: 0x614 - pdb path: .;c:\Users\dksrk\.vscode\extensions\redhat.java-1.54.0-win32-x64\jre\21.0.10-win32-x86_64\bin;C:\WINDOWS\SYSTEM32;C:\WINDOWS\WinSxS\amd64_microsoft.windows.common-controls_6595b64144ccf1df_6.0.26100.8521_none_3e08b75ce33403b3;c:\Users\dksrk\.vscode\extensions\redhat.java-1.54.0-win32-x64\jre\21.0.10-win32-x86_64\bin\server;C:\Users\dksrk\AppData\Roaming\Code\User\globalStorage\redhat.java\1.54.0\config_win\org.eclipse.equinox.launcher\org.eclipse.equinox.launcher.win32.win32.x86_64_1.3.0.v20260203-2149;C:\Users\dksrk\AppData\Local\Temp\jna-95653893

VM Arguments:
jvm_args: --add-modules=ALL-SYSTEM --add-opens=java.base/java.util=ALL-UNNAMED --add-opens=java.base/java.lang=ALL-UNNAMED --add-opens=java.base/sun.nio.fs=ALL-UNNAMED -Declipse.application=org.eclipse.jdt.ls.core.id1 -Dosgi.bundles.defaultStartLevel=4 -Declipse.product=org.eclipse.jdt.ls.core.product -Djava.import.generatesMetadataFilesAtProjectRoot=false -DDetectVMInstallationsJob.disabled=true -Dfile.encoding=utf8 -XX:+UseParallelGC -XX:GCTimeRatio=4 -XX:AdaptiveSizePolicyWeight=90 -Dsun.zip.disableMemoryMapping=true -Xmx2G -Xms100m -Xlog:disable -javaagent:c:\Users\dksrk\.vscode\extensions\redhat.java-1.54.0-win32-x64\lombok\lombok-1.18.39-4050.jar -XX:+HeapDumpOnOutOfMemoryError -XX:HeapDumpPath=c:\Users\dksrk\AppData\Roaming\Code\User\workspaceStorage\4fe0deb17e4df083992a26d9dd0aa8f8\redhat.java -Daether.dependencyCollector.impl=bf 
java_command: c:\Users\dksrk\.vscode\extensions\redhat.java-1.54.0-win32-x64\server\plugins\org.eclipse.equinox.launcher_1.7.100.v20251111-0406.jar -configuration c:\Users\dksrk\AppData\Roaming\Code\User\globalStorage\redhat.java\1.54.0\config_win -data c:\Users\dksrk\AppData\Roaming\Code\User\workspaceStorage\4fe0deb17e4df083992a26d9dd0aa8f8\redhat.java\jdt_ws --pipe=\\.\pipe\lsp-875269d6c1205800197047a541ae973a-sock
java_class_path (initial): c:\Users\dksrk\.vscode\extensions\redhat.java-1.54.0-win32-x64\server\plugins\org.eclipse.equinox.launcher_1.7.100.v20251111-0406.jar
Launcher Type: SUN_STANDARD

[Global flags]
    uintx AdaptiveSizePolicyWeight                 = 90                                        {product} {command line}
     intx CICompilerCount                          = 4                                         {product} {ergonomic}
    uintx GCTimeRatio                              = 4                                         {product} {command line}
     bool HeapDumpOnOutOfMemoryError               = true                                   {manageable} {command line}
    ccstr HeapDumpPath                             = c:\Users\dksrk\AppData\Roaming\Code\User\workspaceStorage\4fe0deb17e4df083992a26d9dd0aa8f8\redhat.java         {manageable} {command line}
   size_t InitialHeapSize                          = 104857600                                 {product} {command line}
   size_t MaxHeapSize                              = 2147483648                                {product} {command line}
   size_t MaxNewSize                               = 715653120                                 {product} {ergonomic}
   size_t MinHeapDeltaBytes                        = 524288                                    {product} {ergonomic}
   size_t MinHeapSize                              = 104857600                                 {product} {command line}
   size_t NewSize                                  = 34603008                                  {product} {ergonomic}
    uintx NonNMethodCodeHeapSize                   = 5839372                                {pd product} {ergonomic}
    uintx NonProfiledCodeHeapSize                  = 122909434                              {pd product} {ergonomic}
   size_t OldSize                                  = 70254592                                  {product} {ergonomic}
    uintx ProfiledCodeHeapSize                     = 122909434                              {pd product} {ergonomic}
    uintx ReservedCodeCacheSize                    = 251658240                              {pd product} {ergonomic}
     bool SegmentedCodeCache                       = true                                      {product} {ergonomic}
   size_t SoftMaxHeapSize                          = 2147483648                             {manageable} {ergonomic}
     bool UseCompressedOops                        = true                           {product lp64_product} {ergonomic}
     bool UseLargePagesIndividualAllocation        = false                                  {pd product} {ergonomic}
     bool UseParallelGC                            = true                                      {product} {command line}

Logging:
Log output configuration:
 #0: stdout all=off uptime,level,tags foldmultilines=false
 #1: stderr all=off uptime,level,tags foldmultilines=false

Release file:
JAVA_VERSION="21.0.10" 
MODULES="java.base java.compiler java.datatransfer java.xml java.prefs java.desktop java.instrument java.logging java.management java.security.sasl java.naming java.rmi java.management.rmi java.net.http java.scripting java.security.jgss java.transaction.xa java.sql java.sql.rowset java.xml.crypto java.se java.smartcardio jdk.accessibility jdk.internal.jvmstat jdk.attach jdk.charsets jdk.internal.opt jdk.zipfs jdk.compiler jdk.crypto.ec jdk.crypto.cryptoki jdk.crypto.mscapi jdk.dynalink jdk.internal.ed jdk.editpad jdk.hotspot.agent jdk.httpserver jdk.internal.le jdk.internal.vm.ci jdk.internal.vm.compiler jdk.internal.vm.compiler.management jdk.jartool jdk.javadoc jdk.jcmd jdk.management jdk.management.agent jdk.jconsole jdk.jdeps jdk.jdwp.agent jdk.jdi jdk.jfr jdk.jshell jdk.jsobject jdk.jstatd jdk.localedata jdk.management.jfr jdk.naming.dns jdk.naming.rmi jdk.net jdk.nio.mapmode jdk.random jdk.sctp jdk.security.auth jdk.security.jgss jdk.unsupported jdk.unsupported.desktop jdk.xml.dom" 

Environment Variables:
PATH=D:\bin;C:\Program Files\Eclipse Adoptium\jdk-25.0.2.10-hotspot\bin;C:\WINDOWS\system32;C:\WINDOWS;C:\WINDOWS\System32\Wbem;C:\WINDOWS\System32\WindowsPowerShell\v1.0\;C:\WINDOWS\System32\OpenSSH\;C:\Program Files\dotnet\;C:\Program Files\Tailscale\;C:\Program Files\Git\cmd;C:\Users\dksrk\AppData\Local\Microsoft\WindowsApps;C:\Users\dksrk\AppData\Local\Programs\Microsoft VS Code\bin;C:\Users\dksrk\.dotnet\tools;C:\Users\dksrk\AppData\Local\GitHubDesktop\bin;C:\ProgramData\dksrk\GitHubDesktop\bin;C:\Program Files\JetBrains\IntelliJ IDEA 2026.1.3\bin
USERNAME=dksrk
OS=Windows_NT
PROCESSOR_IDENTIFIER=AMD64 Family 25 Model 33 Stepping 2, AuthenticAMD
TMP=C:\Users\dksrk\AppData\Local\Temp
TEMP=C:\Users\dksrk\AppData\Local\Temp




Periodic native trim disabled

---------------  S Y S T E M  ---------------

OS:
 Windows 11 , 64 bit Build 26100 (10.0.26100.8521)
OS uptime: 0 days 7:44 hours

CPU: total 12 (initial active 12) (12 cores per cpu, 2 threads per core) family 25 model 33 stepping 2 microcode 0xa20120a, cx8, cmov, fxsr, ht, mmx, 3dnowpref, sse, sse2, sse3, ssse3, sse4a, sse4.1, sse4.2, popcnt, lzcnt, tsc, tscinvbit, avx, avx2, aes, erms, clmul, bmi1, bmi2, adx, sha, fma, vzeroupper, clflush, clflushopt, rdtscp, rdpid, fsrm, f16c, pku, cet_ss
Processor Information for the first 12 processors :
  Max Mhz: 3501, Current Mhz: 3501, Mhz Limit: 3501

Memory: 4k page, system-wide physical 16309M (485M free)
TotalPageFile size 28246M (AvailPageFile size 2M)
current process WorkingSet (physical memory assigned to process): 1092M, peak: 1092M
current process commit charge ("private bytes"): 1196M, peak: 1197M

vm_info: OpenJDK 64-Bit Server VM (21.0.10+7-LTS) for windows-amd64 JRE (21.0.10+7-LTS), built on 2026-01-20T00:00:00Z by "admin" with MS VC++ 17.12 (VS2022)

END.
