#
# There is insufficient memory for the Java Runtime Environment to continue.
# Native memory allocation (mmap) failed to map 44040192 bytes. Error detail: G1 virtual space
# Possible reasons:
#   The system is out of physical RAM or swap space
#   This process is running with CompressedOops enabled, and the Java Heap may be blocking the growth of the native heap
# Possible solutions:
#   Reduce memory load on the system
#   Increase physical memory or swap space
#   Check if swap backing store is full
#   Decrease Java heap size (-Xmx/-Xms)
#   Decrease number of Java threads
#   Decrease Java thread stack sizes (-Xss)
#   Set larger code cache with -XX:ReservedCodeCacheSize=
#   JVM is running with Zero Based Compressed Oops mode in which the Java heap is
#     placed in the first 32GB address space. The Java Heap base address is the
#     maximum limit for the native heap growth. Please use -XX:HeapBaseMinAddress
#     to set the Java Heap base and to place the Java Heap above 32GB virtual address.
# This output file may be truncated or incomplete.
#
#  Out of Memory Error (os_windows.cpp:3618), pid=27660, tid=27700
#
# JRE version: OpenJDK Runtime Environment Temurin-17.0.19+10 (17.0.19+10) (build 17.0.19+10)
# Java VM: OpenJDK 64-Bit Server VM Temurin-17.0.19+10 (17.0.19+10, mixed mode, sharing, tiered, compressed oops, compressed class ptrs, g1 gc, windows-amd64)
# No core dump will be written. Minidumps are not enabled by default on client versions of Windows
#

---------------  S U M M A R Y ------------

Command Line: --add-opens=java.base/java.util=ALL-UNNAMED --add-opens=java.base/java.lang=ALL-UNNAMED --add-opens=java.base/java.lang.invoke=ALL-UNNAMED --add-opens=java.prefs/java.util.prefs=ALL-UNNAMED --add-opens=java.base/java.nio.charset=ALL-UNNAMED --add-opens=java.base/java.net=ALL-UNNAMED --add-opens=java.base/java.util.concurrent.atomic=ALL-UNNAMED -Xmx3G -Dfile.encoding=UTF-8 -Duser.country=KR -Duser.language=ko -Duser.variant -javaagent:C:\Users\dksrk\.gradle\wrapper\dists\gradle-8.8-bin\dl7vupf4psengwqhwktix4v1\gradle-8.8\lib\agents\gradle-instrumentation-agent-8.8.jar org.gradle.launcher.daemon.bootstrap.GradleDaemon 8.8

Host: AMD Ryzen 5 5600 6-Core Processor              , 12 cores, 15G,  Windows 11 , 64 bit Build 26100 (10.0.26100.8521)
Time: Sat Jun 20 16:04:59 2026  Windows 11 , 64 bit Build 26100 (10.0.26100.8521) elapsed time: 15.858886 seconds (0d 0h 0m 15s)

---------------  T H R E A D  ---------------

Current thread (0x00000226f92aaec0):  VMThread "VM Thread" [stack: 0x000000f0af300000,0x000000f0af400000] [id=27700]

Stack: [0x000000f0af300000,0x000000f0af400000]
Native frames: (J=compiled Java code, j=interpreted, Vv=VM code, C=native code)
V  [jvm.dll+0x684b29]
V  [jvm.dll+0x83a2d5]
V  [jvm.dll+0x83bd4e]
V  [jvm.dll+0x83c3d3]
V  [jvm.dll+0x24905f]
V  [jvm.dll+0x6818e9]
V  [jvm.dll+0x6766ea]
V  [jvm.dll+0x3093b7]
V  [jvm.dll+0x3109a6]
V  [jvm.dll+0x360f1e]
V  [jvm.dll+0x36115d]
V  [jvm.dll+0x2e043c]
V  [jvm.dll+0x2de812]
V  [jvm.dll+0x2ddfac]
V  [jvm.dll+0x321041]
V  [jvm.dll+0x840bed]
V  [jvm.dll+0x841923]
V  [jvm.dll+0x841e4f]
V  [jvm.dll+0x842235]
V  [jvm.dll+0x8422fe]
V  [jvm.dll+0x7eaf1c]
V  [jvm.dll+0x6839f7]
C  [ucrtbase.dll+0x2cd30]
C  [KERNEL32.DLL+0x2e957]
C  [ntdll.dll+0x87c1c]

VM_Operation (0x000000f0b75fcac0): G1TryInitiateConcMark, mode: safepoint, requested by thread 0x00000226c3443220


---------------  P R O C E S S  ---------------

Threads class SMR info:
_java_thread_list=0x00000226c28d86c0, length=129, elements={
0x00000226d65986b0, 0x00000226f92aea10, 0x00000226f92b5e80, 0x00000226f92d1c80,
0x00000226f92d2550, 0x00000226f92d3990, 0x00000226f92d4260, 0x00000226f92d4e60,
0x00000226f92d6e50, 0x00000226f92dc2e0, 0x00000226f8e59c00, 0x00000226f9493d90,
0x00000226fedfeb10, 0x00000226ff45a210, 0x00000226ff166d50, 0x00000226ff573050,
0x00000226ff4b0cf0, 0x00000226ff4b07e0, 0x00000226ff4b2130, 0x00000226ff4b1200,
0x00000226ff4b02d0, 0x00000226ff4b3570, 0x00000226ff4b1c20, 0x00000226ff4b1710,
0x00000226ff4b2b50, 0x00000226ff4b3060, 0x00000226ff4afdc0, 0x00000226c22b6a20,
0x00000226c22b7440, 0x00000226c22b8370, 0x00000226c22b7950, 0x00000226c22b6f30,
0x00000226c22b7e60, 0x00000226c22b92a0, 0x00000226c22b97b0, 0x00000226c22b8880,
0x00000226c22b8d90, 0x00000226c22b9cc0, 0x00000226c22b6510, 0x00000226c22ba6e0,
0x00000226c22ba1d0, 0x00000226c22babf0, 0x00000226c22bc540, 0x00000226c22bca50,
0x00000226c22bb100, 0x00000226c22bd980, 0x00000226c22bb610, 0x00000226c3d65fd0,
0x00000226c3d669f0, 0x00000226c3d65ac0, 0x00000226c3d66f00, 0x00000226c3d655b0,
0x00000226c3d664e0, 0x00000226c3d67e30, 0x00000226c3d650a0, 0x00000226c3d69c90,
0x00000226c3d68340, 0x00000226c3d6a1a0, 0x00000226c3d69270, 0x00000226c3d6a6b0,
0x00000226c3d67920, 0x00000226c3d67410, 0x00000226c3d6c000, 0x00000226c3d6abc0,
0x00000226c3d68850, 0x00000226c3d6b5e0, 0x00000226c3d6b0d0, 0x00000226c3d6c510,
0x00000226c3d68d60, 0x00000226c3d6baf0, 0x00000226c3d6ca20, 0x00000226f95d3e10,
0x00000226f95d4d40, 0x00000226f95d4320, 0x00000226f95d1fb0, 0x00000226f95d24c0,
0x00000226f95d5760, 0x00000226f95d33f0, 0x00000226f95d5c70, 0x00000226f95d3900,
0x00000226f95d6180, 0x00000226f95d4830, 0x00000226f95d29d0, 0x00000226f95d6690,
0x00000226f95d2ee0, 0x00000226f95d84f0, 0x00000226f95d8a00, 0x00000226f95d9420,
0x00000226f95d8f10, 0x00000226f95d9930, 0x00000226f95d6ba0, 0x00000226f95d70b0,
0x00000226f95d7ad0, 0x00000226f95d75c0, 0x00000226f95d7fe0, 0x00000226c4198820,
0x00000226c41964b0, 0x00000226c4198d30, 0x00000226c4199240, 0x00000226c4195a90,
0x00000226c4196ed0, 0x00000226c41973e0, 0x00000226c41978f0, 0x00000226c4197e00,
0x00000226c41969c0, 0x00000226c4199750, 0x00000226c4195fa0, 0x00000226ff66b5b0,
0x00000226ff668090, 0x00000226c419cf00, 0x00000226c419bac0, 0x00000226c419c9f0,
0x00000226c4199c60, 0x00000226c419c4e0, 0x00000226c419b5b0, 0x00000226c419a170,
0x00000226c419ab90, 0x00000226c419a680, 0x00000226c3443220, 0x00000226c3443730,
0x00000226c3445080, 0x00000226c3444660, 0x00000226c3443c40, 0x00000226c3444150,
0x00000226c34473f0, 0x00000226c3447e10, 0x00000226c3447900, 0x00000226c3448320,
0x00000226c3444b70
}

Java Threads: ( => current thread )
  0x00000226d65986b0 JavaThread "main" [_thread_blocked, id=4092, stack(0x000000f0aed00000,0x000000f0aee00000)]
  0x00000226f92aea10 JavaThread "Reference Handler" daemon [_thread_blocked, id=27704, stack(0x000000f0af400000,0x000000f0af500000)]
  0x00000226f92b5e80 JavaThread "Finalizer" daemon [_thread_blocked, id=28200, stack(0x000000f0af500000,0x000000f0af600000)]
  0x00000226f92d1c80 JavaThread "Signal Dispatcher" daemon [_thread_blocked, id=7856, stack(0x000000f0af600000,0x000000f0af700000)]
  0x00000226f92d2550 JavaThread "Attach Listener" daemon [_thread_blocked, id=4144, stack(0x000000f0af700000,0x000000f0af800000)]
  0x00000226f92d3990 JavaThread "Service Thread" daemon [_thread_blocked, id=7852, stack(0x000000f0af800000,0x000000f0af900000)]
  0x00000226f92d4260 JavaThread "Monitor Deflation Thread" daemon [_thread_blocked, id=28224, stack(0x000000f0af900000,0x000000f0afa00000)]
  0x00000226f92d4e60 JavaThread "C2 CompilerThread0" daemon [_thread_blocked, id=28220, stack(0x000000f0afa00000,0x000000f0afb00000)]
  0x00000226f92d6e50 JavaThread "C1 CompilerThread0" daemon [_thread_blocked, id=19580, stack(0x000000f0afb00000,0x000000f0afc00000)]
  0x00000226f92dc2e0 JavaThread "Sweeper thread" daemon [_thread_blocked, id=26580, stack(0x000000f0afc00000,0x000000f0afd00000)]
  0x00000226f8e59c00 JavaThread "Common-Cleaner" daemon [_thread_blocked, id=26740, stack(0x000000f0afd00000,0x000000f0afe00000)]
  0x00000226f9493d90 JavaThread "Notification Thread" daemon [_thread_blocked, id=15772, stack(0x000000f0afe00000,0x000000f0aff00000)]
  0x00000226fedfeb10 JavaThread "Daemon health stats" [_thread_blocked, id=28272, stack(0x000000f0b0100000,0x000000f0b0200000)]
  0x00000226ff45a210 JavaThread "Incoming local TCP Connector on port 60088" [_thread_in_native, id=26336, stack(0x000000f0b0700000,0x000000f0b0800000)]
  0x00000226ff166d50 JavaThread "Daemon periodic checks" [_thread_blocked, id=13680, stack(0x000000f0b0800000,0x000000f0b0900000)]
  0x00000226ff573050 JavaThread "Daemon" [_thread_blocked, id=27100, stack(0x000000f0b0900000,0x000000f0b0a00000)]
  0x00000226ff4b0cf0 JavaThread "Handler for socket connection from /127.0.0.1:60088 to /127.0.0.1:60089" [_thread_in_native, id=16512, stack(0x000000f0b0a00000,0x000000f0b0b00000)]
  0x00000226ff4b07e0 JavaThread "Cancel handler" [_thread_blocked, id=26820, stack(0x000000f0b0b00000,0x000000f0b0c00000)]
  0x00000226ff4b2130 JavaThread "Daemon worker" [_thread_blocked, id=24928, stack(0x000000f0b0c00000,0x000000f0b0d00000)]
  0x00000226ff4b1200 JavaThread "Asynchronous log dispatcher for DefaultDaemonConnection: socket connection from /127.0.0.1:60088 to /127.0.0.1:60089" [_thread_blocked, id=12812, stack(0x000000f0b0d00000,0x000000f0b0e00000)]
  0x00000226ff4b02d0 JavaThread "Stdin handler" [_thread_blocked, id=27628, stack(0x000000f0b0e00000,0x000000f0b0f00000)]
  0x00000226ff4b3570 JavaThread "Daemon client event forwarder" [_thread_blocked, id=28588, stack(0x000000f0b0f00000,0x000000f0b1000000)]
  0x00000226ff4b1c20 JavaThread "Cache worker for journal cache (C:\Users\dksrk\.gradle\caches\journal-1)" [_thread_blocked, id=11224, stack(0x000000f0b1000000,0x000000f0b1100000)]
  0x00000226ff4b1710 JavaThread "File lock request listener" [_thread_in_native, id=3392, stack(0x000000f0b1100000,0x000000f0b1200000)]
  0x00000226ff4b2b50 JavaThread "Cache worker for file hash cache (C:\Users\dksrk\.gradle\caches\8.8\fileHashes)" [_thread_blocked, id=27816, stack(0x000000f0b1200000,0x000000f0b1300000)]
  0x00000226ff4b3060 JavaThread "Cache worker for file hash cache (C:\modding\.gradle\8.8\fileHashes)" [_thread_blocked, id=25384, stack(0x000000f0b1300000,0x000000f0b1400000)]
  0x00000226ff4afdc0 JavaThread "File watcher server" daemon [_thread_in_native, id=11120, stack(0x000000f0b1900000,0x000000f0b1a00000)]
  0x00000226c22b6a20 JavaThread "File watcher consumer" daemon [_thread_blocked, id=27756, stack(0x000000f0b1a00000,0x000000f0b1b00000)]
  0x00000226c22b7440 JavaThread "jar transforms" [_thread_blocked, id=27532, stack(0x000000f0b1b00000,0x000000f0b1c00000)]
  0x00000226c22b8370 JavaThread "jar transforms Thread 2" [_thread_blocked, id=16564, stack(0x000000f0b1c00000,0x000000f0b1d00000)]
  0x00000226c22b7950 JavaThread "jar transforms Thread 3" [_thread_blocked, id=28496, stack(0x000000f0b1d00000,0x000000f0b1e00000)]
  0x00000226c22b6f30 JavaThread "jar transforms Thread 4" [_thread_blocked, id=15408, stack(0x000000f0b1e00000,0x000000f0b1f00000)]
  0x00000226c22b7e60 JavaThread "jar transforms Thread 5" [_thread_blocked, id=28388, stack(0x000000f0b1f00000,0x000000f0b2000000)]
  0x00000226c22b92a0 JavaThread "jar transforms Thread 6" [_thread_blocked, id=25724, stack(0x000000f0b2000000,0x000000f0b2100000)]
  0x00000226c22b97b0 JavaThread "jar transforms Thread 7" [_thread_blocked, id=28512, stack(0x000000f0b2100000,0x000000f0b2200000)]
  0x00000226c22b8880 JavaThread "jar transforms Thread 8" [_thread_blocked, id=26036, stack(0x000000f0b2200000,0x000000f0b2300000)]
  0x00000226c22b8d90 JavaThread "jar transforms Thread 9" [_thread_blocked, id=28548, stack(0x000000f0b2300000,0x000000f0b2400000)]
  0x00000226c22b9cc0 JavaThread "jar transforms Thread 10" [_thread_blocked, id=28552, stack(0x000000f0b2400000,0x000000f0b2500000)]
  0x00000226c22b6510 JavaThread "jar transforms Thread 11" [_thread_blocked, id=11720, stack(0x000000f0b2500000,0x000000f0b2600000)]
  0x00000226c22ba6e0 JavaThread "jar transforms Thread 12" [_thread_blocked, id=24840, stack(0x000000f0b2600000,0x000000f0b2700000)]
  0x00000226c22ba1d0 JavaThread "Cache worker for checksums cache (C:\modding\.gradle\8.8\checksums)" [_thread_blocked, id=18100, stack(0x000000f0b2700000,0x000000f0b2800000)]
  0x00000226c22babf0 JavaThread "Cache worker for file content cache (C:\Users\dksrk\.gradle\caches\8.8\fileContent)" [_thread_blocked, id=26796, stack(0x000000f0b2800000,0x000000f0b2900000)]
  0x00000226c22bc540 JavaThread "Cache worker for cache directory md-rule (C:\Users\dksrk\.gradle\caches\8.8\md-rule)" [_thread_blocked, id=28728, stack(0x000000f0b2900000,0x000000f0b2a00000)]
  0x00000226c22bca50 JavaThread "Cache worker for cache directory md-supplier (C:\Users\dksrk\.gradle\caches\8.8\md-supplier)" [_thread_blocked, id=28752, stack(0x000000f0b2a00000,0x000000f0b2b00000)]
  0x00000226c22bb100 JavaThread "Unconstrained build operations" [_thread_blocked, id=28896, stack(0x000000f0b2d00000,0x000000f0b2e00000)]
  0x00000226c22bd980 JavaThread "Unconstrained build operations Thread 2" [_thread_blocked, id=28900, stack(0x000000f0b2e00000,0x000000f0b2f00000)]
  0x00000226c22bb610 JavaThread "Unconstrained build operations Thread 3" [_thread_blocked, id=28904, stack(0x000000f0b2f00000,0x000000f0b3000000)]
  0x00000226c3d65fd0 JavaThread "Unconstrained build operations Thread 4" [_thread_blocked, id=28908, stack(0x000000f0b3000000,0x000000f0b3100000)]
  0x00000226c3d669f0 JavaThread "Unconstrained build operations Thread 5" [_thread_blocked, id=28912, stack(0x000000f0b3100000,0x000000f0b3200000)]
  0x00000226c3d65ac0 JavaThread "Unconstrained build operations Thread 6" [_thread_blocked, id=28916, stack(0x000000f0b3200000,0x000000f0b3300000)]
  0x00000226c3d66f00 JavaThread "Unconstrained build operations Thread 7" [_thread_blocked, id=28920, stack(0x000000f0b3300000,0x000000f0b3400000)]
  0x00000226c3d655b0 JavaThread "Unconstrained build operations Thread 8" [_thread_blocked, id=28924, stack(0x000000f0b3400000,0x000000f0b3500000)]
  0x00000226c3d664e0 JavaThread "Unconstrained build operations Thread 9" [_thread_blocked, id=28928, stack(0x000000f0b3500000,0x000000f0b3600000)]
  0x00000226c3d67e30 JavaThread "Unconstrained build operations Thread 10" [_thread_blocked, id=28932, stack(0x000000f0b3600000,0x000000f0b3700000)]
  0x00000226c3d650a0 JavaThread "Unconstrained build operations Thread 11" [_thread_blocked, id=28936, stack(0x000000f0b3700000,0x000000f0b3800000)]
  0x00000226c3d69c90 JavaThread "Unconstrained build operations Thread 12" [_thread_blocked, id=28940, stack(0x000000f0b3800000,0x000000f0b3900000)]
  0x00000226c3d68340 JavaThread "Unconstrained build operations Thread 13" [_thread_blocked, id=28944, stack(0x000000f0b3900000,0x000000f0b3a00000)]
  0x00000226c3d6a1a0 JavaThread "Unconstrained build operations Thread 14" [_thread_blocked, id=28948, stack(0x000000f0b3a00000,0x000000f0b3b00000)]
  0x00000226c3d69270 JavaThread "Unconstrained build operations Thread 15" [_thread_blocked, id=28952, stack(0x000000f0b3b00000,0x000000f0b3c00000)]
  0x00000226c3d6a6b0 JavaThread "Unconstrained build operations Thread 16" [_thread_blocked, id=28956, stack(0x000000f0b3c00000,0x000000f0b3d00000)]
  0x00000226c3d67920 JavaThread "Unconstrained build operations Thread 17" [_thread_blocked, id=28960, stack(0x000000f0b3d00000,0x000000f0b3e00000)]
  0x00000226c3d67410 JavaThread "Unconstrained build operations Thread 18" [_thread_blocked, id=28964, stack(0x000000f0b3e00000,0x000000f0b3f00000)]
  0x00000226c3d6c000 JavaThread "Unconstrained build operations Thread 19" [_thread_blocked, id=28968, stack(0x000000f0b3f00000,0x000000f0b4000000)]
  0x00000226c3d6abc0 JavaThread "Unconstrained build operations Thread 20" [_thread_blocked, id=28972, stack(0x000000f0b4000000,0x000000f0b4100000)]
  0x00000226c3d68850 JavaThread "Unconstrained build operations Thread 21" [_thread_blocked, id=28976, stack(0x000000f0b4100000,0x000000f0b4200000)]
  0x00000226c3d6b5e0 JavaThread "Unconstrained build operations Thread 22" [_thread_blocked, id=28980, stack(0x000000f0b4200000,0x000000f0b4300000)]
  0x00000226c3d6b0d0 JavaThread "Unconstrained build operations Thread 23" [_thread_blocked, id=29136, stack(0x000000f0b4300000,0x000000f0b4400000)]
  0x00000226c3d6c510 JavaThread "Unconstrained build operations Thread 24" [_thread_blocked, id=29140, stack(0x000000f0b4400000,0x000000f0b4500000)]
  0x00000226c3d68d60 JavaThread "Unconstrained build operations Thread 25" [_thread_blocked, id=29144, stack(0x000000f0b4500000,0x000000f0b4600000)]
  0x00000226c3d6baf0 JavaThread "Unconstrained build operations Thread 26" [_thread_blocked, id=29148, stack(0x000000f0b4600000,0x000000f0b4700000)]
  0x00000226c3d6ca20 JavaThread "Unconstrained build operations Thread 27" [_thread_blocked, id=29152, stack(0x000000f0b4700000,0x000000f0b4800000)]
  0x00000226f95d3e10 JavaThread "Unconstrained build operations Thread 28" [_thread_blocked, id=29156, stack(0x000000f0b4800000,0x000000f0b4900000)]
  0x00000226f95d4d40 JavaThread "Cache worker for Build Output Cleanup Cache (C:\modding\.gradle\buildOutputCleanup)" [_thread_blocked, id=29160, stack(0x000000f0b4900000,0x000000f0b4a00000)]
  0x00000226f95d4320 JavaThread "Unconstrained build operations Thread 29" [_thread_blocked, id=29164, stack(0x000000f0b4a00000,0x000000f0b4b00000)]
  0x00000226f95d1fb0 JavaThread "Unconstrained build operations Thread 30" [_thread_blocked, id=29168, stack(0x000000f0b4b00000,0x000000f0b4c00000)]
  0x00000226f95d24c0 JavaThread "Unconstrained build operations Thread 31" [_thread_blocked, id=29172, stack(0x000000f0b4c00000,0x000000f0b4d00000)]
  0x00000226f95d5760 JavaThread "Unconstrained build operations Thread 32" [_thread_blocked, id=29176, stack(0x000000f0b4d00000,0x000000f0b4e00000)]
  0x00000226f95d33f0 JavaThread "Unconstrained build operations Thread 33" [_thread_blocked, id=29180, stack(0x000000f0b4e00000,0x000000f0b4f00000)]
  0x00000226f95d5c70 JavaThread "Unconstrained build operations Thread 34" [_thread_blocked, id=29184, stack(0x000000f0b4f00000,0x000000f0b5000000)]
  0x00000226f95d3900 JavaThread "Unconstrained build operations Thread 35" [_thread_blocked, id=29188, stack(0x000000f0b5000000,0x000000f0b5100000)]
  0x00000226f95d6180 JavaThread "Unconstrained build operations Thread 36" [_thread_blocked, id=29192, stack(0x000000f0b5100000,0x000000f0b5200000)]
  0x00000226f95d4830 JavaThread "Unconstrained build operations Thread 37" [_thread_blocked, id=29196, stack(0x000000f0b5200000,0x000000f0b5300000)]
  0x00000226f95d29d0 JavaThread "Unconstrained build operations Thread 38" [_thread_blocked, id=29200, stack(0x000000f0b5300000,0x000000f0b5400000)]
  0x00000226f95d6690 JavaThread "Unconstrained build operations Thread 39" [_thread_blocked, id=29204, stack(0x000000f0b5400000,0x000000f0b5500000)]
  0x00000226f95d2ee0 JavaThread "Unconstrained build operations Thread 40" [_thread_blocked, id=29208, stack(0x000000f0b5500000,0x000000f0b5600000)]
  0x00000226f95d84f0 JavaThread "Unconstrained build operations Thread 41" [_thread_blocked, id=29212, stack(0x000000f0b5600000,0x000000f0b5700000)]
  0x00000226f95d8a00 JavaThread "Unconstrained build operations Thread 42" [_thread_blocked, id=29216, stack(0x000000f0b5700000,0x000000f0b5800000)]
  0x00000226f95d9420 JavaThread "Unconstrained build operations Thread 43" [_thread_blocked, id=29220, stack(0x000000f0b5800000,0x000000f0b5900000)]
  0x00000226f95d8f10 JavaThread "Unconstrained build operations Thread 44" [_thread_blocked, id=29224, stack(0x000000f0b5900000,0x000000f0b5a00000)]
  0x00000226f95d9930 JavaThread "Unconstrained build operations Thread 45" [_thread_blocked, id=29228, stack(0x000000f0b5a00000,0x000000f0b5b00000)]
  0x00000226f95d6ba0 JavaThread "Unconstrained build operations Thread 46" [_thread_blocked, id=29232, stack(0x000000f0b5b00000,0x000000f0b5c00000)]
  0x00000226f95d70b0 JavaThread "Unconstrained build operations Thread 47" [_thread_blocked, id=29236, stack(0x000000f0b5c00000,0x000000f0b5d00000)]
  0x00000226f95d7ad0 JavaThread "Unconstrained build operations Thread 48" [_thread_blocked, id=29240, stack(0x000000f0b5d00000,0x000000f0b5e00000)]
  0x00000226f95d75c0 JavaThread "Unconstrained build operations Thread 49" [_thread_blocked, id=29244, stack(0x000000f0b5e00000,0x000000f0b5f00000)]
  0x00000226f95d7fe0 JavaThread "Unconstrained build operations Thread 50" [_thread_blocked, id=29248, stack(0x000000f0b5f00000,0x000000f0b6000000)]
  0x00000226c4198820 JavaThread "Unconstrained build operations Thread 51" [_thread_blocked, id=29252, stack(0x000000f0b6000000,0x000000f0b6100000)]
  0x00000226c41964b0 JavaThread "Unconstrained build operations Thread 52" [_thread_blocked, id=29256, stack(0x000000f0b6100000,0x000000f0b6200000)]
  0x00000226c4198d30 JavaThread "Unconstrained build operations Thread 53" [_thread_blocked, id=29260, stack(0x000000f0b6200000,0x000000f0b6300000)]
  0x00000226c4199240 JavaThread "Unconstrained build operations Thread 54" [_thread_blocked, id=29264, stack(0x000000f0b6300000,0x000000f0b6400000)]
  0x00000226c4195a90 JavaThread "Unconstrained build operations Thread 55" [_thread_blocked, id=29268, stack(0x000000f0b6400000,0x000000f0b6500000)]
  0x00000226c4196ed0 JavaThread "Unconstrained build operations Thread 56" [_thread_blocked, id=29272, stack(0x000000f0b6500000,0x000000f0b6600000)]
  0x00000226c41973e0 JavaThread "Unconstrained build operations Thread 57" [_thread_blocked, id=29276, stack(0x000000f0b6600000,0x000000f0b6700000)]
  0x00000226c41978f0 JavaThread "Unconstrained build operations Thread 58" [_thread_blocked, id=29280, stack(0x000000f0b6700000,0x000000f0b6800000)]
  0x00000226c4197e00 JavaThread "Unconstrained build operations Thread 59" [_thread_blocked, id=29284, stack(0x000000f0b6800000,0x000000f0b6900000)]
  0x00000226c41969c0 JavaThread "Unconstrained build operations Thread 60" [_thread_blocked, id=29288, stack(0x000000f0b6900000,0x000000f0b6a00000)]
  0x00000226c4199750 JavaThread "Unconstrained build operations Thread 61" [_thread_blocked, id=29292, stack(0x000000f0b6a00000,0x000000f0b6b00000)]
  0x00000226c4195fa0 JavaThread "Keep-Alive-Timer" daemon [_thread_blocked, id=29308, stack(0x000000f0b2b00000,0x000000f0b2c00000)]
  0x00000226ff66b5b0 JavaThread "C2 CompilerThread1" daemon [_thread_blocked, id=29328, stack(0x000000f0b2c00000,0x000000f0b2d00000)]
  0x00000226ff668090 JavaThread "C2 CompilerThread2" daemon [_thread_blocked, id=29336, stack(0x000000f0b6b00000,0x000000f0b6c00000)]
  0x00000226c419cf00 JavaThread "Memory manager" [_thread_blocked, id=29340, stack(0x000000f0b6c00000,0x000000f0b6d00000)]
  0x00000226c419bac0 JavaThread "Unconstrained build operations Thread 62" [_thread_blocked, id=29356, stack(0x000000f0b6d00000,0x000000f0b6e00000)]
  0x00000226c419c9f0 JavaThread "Unconstrained build operations Thread 63" [_thread_blocked, id=29360, stack(0x000000f0b6e00000,0x000000f0b6f00000)]
  0x00000226c4199c60 JavaThread "Unconstrained build operations Thread 64" [_thread_blocked, id=29364, stack(0x000000f0b6f00000,0x000000f0b7000000)]
  0x00000226c419c4e0 JavaThread "Unconstrained build operations Thread 65" [_thread_blocked, id=29368, stack(0x000000f0b7000000,0x000000f0b7100000)]
  0x00000226c419b5b0 JavaThread "Unconstrained build operations Thread 66" [_thread_blocked, id=29372, stack(0x000000f0b7100000,0x000000f0b7200000)]
  0x00000226c419a170 JavaThread "Unconstrained build operations Thread 67" [_thread_blocked, id=29376, stack(0x000000f0b7200000,0x000000f0b7300000)]
  0x00000226c419ab90 JavaThread "Unconstrained build operations Thread 68" [_thread_blocked, id=29380, stack(0x000000f0b7300000,0x000000f0b7400000)]
  0x00000226c419a680 JavaThread "Unconstrained build operations Thread 69" [_thread_blocked, id=29384, stack(0x000000f0b7400000,0x000000f0b7500000)]
  0x00000226c3443220 JavaThread "Unconstrained build operations Thread 70" [_thread_blocked, id=29392, stack(0x000000f0b7500000,0x000000f0b7600000)]
  0x00000226c3443730 JavaThread "Unconstrained build operations Thread 71" [_thread_blocked, id=29396, stack(0x000000f0b7600000,0x000000f0b7700000)]
  0x00000226c3445080 JavaThread "Unconstrained build operations Thread 72" [_thread_blocked, id=29400, stack(0x000000f0b7700000,0x000000f0b7800000)]
  0x00000226c3444660 JavaThread "Unconstrained build operations Thread 73" [_thread_blocked, id=29404, stack(0x000000f0b7800000,0x000000f0b7900000)]
  0x00000226c3443c40 JavaThread "Unconstrained build operations Thread 74" [_thread_blocked, id=29408, stack(0x000000f0b7900000,0x000000f0b7a00000)]
  0x00000226c3444150 JavaThread "Unconstrained build operations Thread 75" [_thread_blocked, id=29412, stack(0x000000f0b7a00000,0x000000f0b7b00000)]
  0x00000226c34473f0 JavaThread "Unconstrained build operations Thread 76" [_thread_blocked, id=29416, stack(0x000000f0b7b00000,0x000000f0b7c00000)]
  0x00000226c3447e10 JavaThread "Unconstrained build operations Thread 77" [_thread_blocked, id=29420, stack(0x000000f0b7c00000,0x000000f0b7d00000)]
  0x00000226c3447900 JavaThread "Unconstrained build operations Thread 78" [_thread_blocked, id=29424, stack(0x000000f0b7d00000,0x000000f0b7e00000)]
  0x00000226c3448320 JavaThread "Unconstrained build operations Thread 79" [_thread_blocked, id=29428, stack(0x000000f0b7e00000,0x000000f0b7f00000)]
  0x00000226c3444b70 JavaThread "Unconstrained build operations Thread 80" [_thread_blocked, id=29432, stack(0x000000f0b7f00000,0x000000f0b8000000)]

Other Threads:
=>0x00000226f92aaec0 VMThread "VM Thread" [stack: 0x000000f0af300000,0x000000f0af400000] [id=27700]
  0x00000226f947fad0 WatcherThread [stack: 0x000000f0aff00000,0x000000f0b0000000] [id=28216]
  0x00000226d65f39b0 GCTaskThread "GC Thread#0" [stack: 0x000000f0aee00000,0x000000f0aef00000] [id=16264]
  0x00000226f9f121e0 GCTaskThread "GC Thread#1" [stack: 0x000000f0b0200000,0x000000f0b0300000] [id=13780]
  0x00000226f9bfcab0 GCTaskThread "GC Thread#2" [stack: 0x000000f0b0300000,0x000000f0b0400000] [id=24808]
  0x00000226f97e3fe0 GCTaskThread "GC Thread#3" [stack: 0x000000f0b0400000,0x000000f0b0500000] [id=22016]
  0x00000226f97e4820 GCTaskThread "GC Thread#4" [stack: 0x000000f0b0500000,0x000000f0b0600000] [id=12744]
  0x00000226f97e4560 GCTaskThread "GC Thread#5" [stack: 0x000000f0b0600000,0x000000f0b0700000] [id=14340]
  0x00000226f97e34e0 GCTaskThread "GC Thread#6" [stack: 0x000000f0b1400000,0x000000f0b1500000] [id=28308]
  0x00000226f97e3a60 GCTaskThread "GC Thread#7" [stack: 0x000000f0b1500000,0x000000f0b1600000] [id=21768]
  0x00000226f97e3d20 GCTaskThread "GC Thread#8" [stack: 0x000000f0b1600000,0x000000f0b1700000] [id=1708]
  0x00000226f97e42a0 GCTaskThread "GC Thread#9" [stack: 0x000000f0b1700000,0x000000f0b1800000] [id=8740]
  0x00000226d6620500 ConcurrentGCThread "G1 Main Marker" [stack: 0x000000f0aef00000,0x000000f0af000000] [id=12748]
  0x00000226d6622480 ConcurrentGCThread "G1 Conc#0" [stack: 0x000000f0af000000,0x000000f0af100000] [id=25756]
  0x00000226f97e4ae0 ConcurrentGCThread "G1 Conc#1" [stack: 0x000000f0b0000000,0x000000f0b0100000] [id=24660]
  0x00000226f97e2f60 ConcurrentGCThread "G1 Conc#2" [stack: 0x000000f0b1800000,0x000000f0b1900000] [id=24720]
  0x00000226d663eb10 ConcurrentGCThread "G1 Refine#0" [stack: 0x000000f0af100000,0x000000f0af200000] [id=25856]
  0x00000226f8d22d00 ConcurrentGCThread "G1 Service" [stack: 0x000000f0af200000,0x000000f0af300000] [id=27664]

Threads with active compile tasks:
C2 CompilerThread0  15885 11350       4       org.gradle.api.internal.artifacts.ivyservice.modulecache.StringDeduplicatingDecoder::readString (22 bytes)
C2 CompilerThread1  15885 11557   !   4       java.net.URL::<init> (543 bytes)
C2 CompilerThread2  15885 10730       4       java.beans.MethodRef::set (58 bytes)

VM state: at safepoint (normal execution)

VM Mutex/Monitor currently owned by a thread:  ([mutex/lock_event])
[0x00000226d613ccd0] Threads_lock - owner thread: 0x00000226f92aaec0
[0x00000226d6596780] Heap_lock - owner thread: 0x00000226c3443220

Heap address: 0x0000000740000000, size: 3072 MB, Compressed Oops mode: Zero based, Oop shift amount: 3

CDS archive(s) mapped at: [0x0000022680000000-0x0000022680bb0000-0x0000022680bb0000), size 12255232, SharedBaseAddress: 0x0000022680000000, ArchiveRelocationMode: 1.
Compressed class space mapped at: 0x0000022681000000-0x00000226c1000000, reserved size: 1073741824
Narrow klass base: 0x0000022680000000, Narrow klass shift: 0, Narrow klass range: 0x100000000

GC Precious Log:
 CPUs: 12 total, 12 available
 Memory: 16309M
 Large Page Support: Disabled
 NUMA Support: Disabled
 Compressed Oops: Enabled (Zero based)
 Heap Region Size: 2M
 Heap Min Capacity: 8M
 Heap Initial Capacity: 256M
 Heap Max Capacity: 3G
 Pre-touch: Disabled
 Parallel Workers: 10
 Concurrent Workers: 3
 Concurrent Refinement Workers: 10
 Periodic GC: Disabled

Heap:
 garbage-first heap   total 215040K, used 88293K [0x0000000740000000, 0x0000000800000000)
  region size 2048K, 4 young (8192K), 4 survivors (8192K)
 Metaspace       used 72095K, committed 72704K, reserved 1114112K
  class space    used 9946K, committed 10240K, reserved 1048576K

Heap Regions: E=young(eden), S=young(survivor), O=old, HS=humongous(starts), HC=humongous(continues), CS=collection set, F=free, OA=open archive, CA=closed archive, TAMS=top-at-mark-start (previous, next)
|   0|0x0000000740000000, 0x0000000740200000, 0x0000000740200000|100%|HS|  |TAMS 0x0000000740200000, 0x0000000740200000| Complete 
|   1|0x0000000740200000, 0x0000000740400000, 0x0000000740400000|100%|HC|  |TAMS 0x0000000740400000, 0x0000000740400000| Complete 
|   2|0x0000000740400000, 0x0000000740600000, 0x0000000740600000|100%| O|  |TAMS 0x0000000740600000, 0x0000000740600000| Untracked 
|   3|0x0000000740600000, 0x0000000740800000, 0x0000000740800000|100%| O|  |TAMS 0x0000000740800000, 0x0000000740800000| Untracked 
|   4|0x0000000740800000, 0x0000000740a00000, 0x0000000740a00000|100%| O|  |TAMS 0x0000000740a00000, 0x0000000740a00000| Untracked 
|   5|0x0000000740a00000, 0x0000000740c00000, 0x0000000740c00000|100%| O|  |TAMS 0x0000000740c00000, 0x0000000740c00000| Untracked 
|   6|0x0000000740c00000, 0x0000000740e00000, 0x0000000740e00000|100%| O|  |TAMS 0x0000000740e00000, 0x0000000740e00000| Untracked 
|   7|0x0000000740e00000, 0x0000000741000000, 0x0000000741000000|100%| O|  |TAMS 0x0000000741000000, 0x0000000741000000| Untracked 
|   8|0x0000000741000000, 0x0000000741200000, 0x0000000741200000|100%| O|  |TAMS 0x0000000741200000, 0x0000000741200000| Untracked 
|   9|0x0000000741200000, 0x0000000741400000, 0x0000000741400000|100%| O|  |TAMS 0x0000000741400000, 0x0000000741400000| Untracked 
|  10|0x0000000741400000, 0x0000000741600000, 0x0000000741600000|100%| O|  |TAMS 0x0000000741600000, 0x0000000741600000| Untracked 
|  11|0x0000000741600000, 0x0000000741800000, 0x0000000741800000|100%| O|  |TAMS 0x0000000741800000, 0x0000000741800000| Untracked 
|  12|0x0000000741800000, 0x0000000741a00000, 0x0000000741a00000|100%|HS|  |TAMS 0x0000000741a00000, 0x0000000741a00000| Complete 
|  13|0x0000000741a00000, 0x0000000741c00000, 0x0000000741c00000|100%|HC|  |TAMS 0x0000000741c00000, 0x0000000741c00000| Complete 
|  14|0x0000000741c00000, 0x0000000741e00000, 0x0000000741e00000|100%|HC|  |TAMS 0x0000000741e00000, 0x0000000741e00000| Complete 
|  15|0x0000000741e00000, 0x0000000742000000, 0x0000000742000000|100%|HS|  |TAMS 0x0000000742000000, 0x0000000742000000| Complete 
|  16|0x0000000742000000, 0x0000000742200000, 0x0000000742200000|100%|HC|  |TAMS 0x0000000742200000, 0x0000000742200000| Complete 
|  17|0x0000000742200000, 0x0000000742400000, 0x0000000742400000|100%|HC|  |TAMS 0x0000000742400000, 0x0000000742400000| Complete 
|  18|0x0000000742400000, 0x0000000742600000, 0x0000000742600000|100%| O|  |TAMS 0x0000000742600000, 0x0000000742600000| Untracked 
|  19|0x0000000742600000, 0x0000000742800000, 0x0000000742800000|100%| O|  |TAMS 0x0000000742800000, 0x0000000742800000| Untracked 
|  20|0x0000000742800000, 0x0000000742a00000, 0x0000000742a00000|100%| O|  |TAMS 0x0000000742a00000, 0x0000000742a00000| Untracked 
|  21|0x0000000742a00000, 0x0000000742c00000, 0x0000000742c00000|100%| O|  |TAMS 0x0000000742c00000, 0x0000000742c00000| Untracked 
|  22|0x0000000742c00000, 0x0000000742e00000, 0x0000000742e00000|100%| O|  |TAMS 0x0000000742e00000, 0x0000000742e00000| Untracked 
|  23|0x0000000742e00000, 0x0000000743000000, 0x0000000743000000|100%| O|  |TAMS 0x0000000743000000, 0x0000000743000000| Untracked 
|  24|0x0000000743000000, 0x0000000743200000, 0x0000000743200000|100%| O|  |TAMS 0x0000000743200000, 0x0000000743200000| Untracked 
|  25|0x0000000743200000, 0x0000000743400000, 0x0000000743400000|100%| O|  |TAMS 0x0000000743400000, 0x0000000743400000| Untracked 
|  26|0x0000000743400000, 0x0000000743600000, 0x0000000743600000|100%| O|  |TAMS 0x0000000743600000, 0x0000000743600000| Untracked 
|  27|0x0000000743600000, 0x0000000743800000, 0x0000000743800000|100%| O|  |TAMS 0x0000000743800000, 0x0000000743800000| Untracked 
|  28|0x0000000743800000, 0x0000000743a00000, 0x0000000743a00000|100%| O|  |TAMS 0x000000074383a000, 0x0000000743a00000| Untracked 
|  29|0x0000000743a00000, 0x0000000743c00000, 0x0000000743c00000|100%| O|  |TAMS 0x0000000743a00000, 0x0000000743c00000| Untracked 
|  30|0x0000000743c00000, 0x0000000743e00000, 0x0000000743e00000|100%|HS|  |TAMS 0x0000000743c00000, 0x0000000743e00000| Complete 
|  31|0x0000000743e00000, 0x0000000744000000, 0x0000000744000000|100%| O|  |TAMS 0x0000000743e00000, 0x0000000744000000| Untracked 
|  32|0x0000000744000000, 0x0000000744200000, 0x0000000744200000|100%| O|  |TAMS 0x0000000744000000, 0x0000000744200000| Untracked 
|  33|0x0000000744200000, 0x0000000744400000, 0x0000000744400000|100%| O|  |TAMS 0x0000000744200000, 0x0000000744400000| Untracked 
|  34|0x0000000744400000, 0x0000000744600000, 0x0000000744600000|100%| O|  |TAMS 0x0000000744400000, 0x0000000744600000| Untracked 
|  35|0x0000000744600000, 0x0000000744800000, 0x0000000744800000|100%| O|  |TAMS 0x0000000744600000, 0x0000000744800000| Untracked 
|  36|0x0000000744800000, 0x0000000744a00000, 0x0000000744a00000|100%| O|  |TAMS 0x0000000744800000, 0x0000000744a00000| Untracked 
|  37|0x0000000744a00000, 0x0000000744c00000, 0x0000000744c00000|100%| O|  |TAMS 0x0000000744a00000, 0x0000000744c00000| Untracked 
|  38|0x0000000744c00000, 0x0000000744e00000, 0x0000000744e00000|100%| O|  |TAMS 0x0000000744c00000, 0x0000000744e00000| Untracked 
|  39|0x0000000744e00000, 0x0000000744fe8e00, 0x0000000745000000| 95%| O|  |TAMS 0x0000000744e00000, 0x0000000744fe8e00| Untracked 
|  40|0x0000000745000000, 0x0000000745000000, 0x0000000745200000|  0%| F|  |TAMS 0x0000000745000000, 0x0000000745000000| Untracked 
|  41|0x0000000745200000, 0x0000000745200000, 0x0000000745400000|  0%| F|  |TAMS 0x0000000745200000, 0x0000000745200000| Untracked 
|  42|0x0000000745400000, 0x0000000745400000, 0x0000000745600000|  0%| F|  |TAMS 0x0000000745400000, 0x0000000745400000| Untracked 
|  43|0x0000000745600000, 0x0000000745600000, 0x0000000745800000|  0%| F|  |TAMS 0x0000000745600000, 0x0000000745600000| Untracked 
|  44|0x0000000745800000, 0x0000000745800000, 0x0000000745a00000|  0%| F|  |TAMS 0x0000000745800000, 0x0000000745800000| Untracked 
|  45|0x0000000745a00000, 0x0000000745a00000, 0x0000000745c00000|  0%| F|  |TAMS 0x0000000745a00000, 0x0000000745a00000| Untracked 
|  46|0x0000000745c00000, 0x0000000745c00000, 0x0000000745e00000|  0%| F|  |TAMS 0x0000000745c00000, 0x0000000745c00000| Untracked 
|  47|0x0000000745e00000, 0x0000000745e00000, 0x0000000746000000|  0%| F|  |TAMS 0x0000000745e00000, 0x0000000745e00000| Untracked 
|  48|0x0000000746000000, 0x0000000746000000, 0x0000000746200000|  0%| F|  |TAMS 0x0000000746000000, 0x0000000746000000| Untracked 
|  49|0x0000000746200000, 0x0000000746200000, 0x0000000746400000|  0%| F|  |TAMS 0x0000000746200000, 0x0000000746200000| Untracked 
|  50|0x0000000746400000, 0x0000000746400000, 0x0000000746600000|  0%| F|  |TAMS 0x0000000746400000, 0x0000000746400000| Untracked 
|  51|0x0000000746600000, 0x0000000746600000, 0x0000000746800000|  0%| F|  |TAMS 0x0000000746600000, 0x0000000746600000| Untracked 
|  52|0x0000000746800000, 0x0000000746800000, 0x0000000746a00000|  0%| F|  |TAMS 0x0000000746800000, 0x0000000746800000| Untracked 
|  53|0x0000000746a00000, 0x0000000746a00000, 0x0000000746c00000|  0%| F|  |TAMS 0x0000000746a00000, 0x0000000746a00000| Untracked 
|  54|0x0000000746c00000, 0x0000000746c00000, 0x0000000746e00000|  0%| F|  |TAMS 0x0000000746c00000, 0x0000000746c00000| Untracked 
|  55|0x0000000746e00000, 0x0000000746e00000, 0x0000000747000000|  0%| F|  |TAMS 0x0000000746e00000, 0x0000000746e00000| Untracked 
|  56|0x0000000747000000, 0x0000000747000000, 0x0000000747200000|  0%| F|  |TAMS 0x0000000747000000, 0x0000000747000000| Untracked 
|  57|0x0000000747200000, 0x0000000747200000, 0x0000000747400000|  0%| F|  |TAMS 0x0000000747200000, 0x0000000747200000| Untracked 
|  58|0x0000000747400000, 0x0000000747400000, 0x0000000747600000|  0%| F|  |TAMS 0x0000000747400000, 0x0000000747400000| Untracked 
|  59|0x0000000747600000, 0x0000000747600000, 0x0000000747800000|  0%| F|  |TAMS 0x0000000747600000, 0x0000000747600000| Untracked 
|  60|0x0000000747800000, 0x0000000747800000, 0x0000000747a00000|  0%| F|  |TAMS 0x0000000747800000, 0x0000000747800000| Untracked 
|  61|0x0000000747a00000, 0x0000000747a00000, 0x0000000747c00000|  0%| F|  |TAMS 0x0000000747a00000, 0x0000000747a00000| Untracked 
|  62|0x0000000747c00000, 0x0000000747c00000, 0x0000000747e00000|  0%| F|  |TAMS 0x0000000747c00000, 0x0000000747c00000| Untracked 
|  63|0x0000000747e00000, 0x0000000747e00000, 0x0000000748000000|  0%| F|  |TAMS 0x0000000747e00000, 0x0000000747e00000| Untracked 
|  64|0x0000000748000000, 0x0000000748000000, 0x0000000748200000|  0%| F|  |TAMS 0x0000000748000000, 0x0000000748000000| Untracked 
|  65|0x0000000748200000, 0x0000000748200000, 0x0000000748400000|  0%| F|  |TAMS 0x0000000748200000, 0x0000000748200000| Untracked 
|  66|0x0000000748400000, 0x0000000748400000, 0x0000000748600000|  0%| F|  |TAMS 0x0000000748400000, 0x0000000748400000| Untracked 
|  67|0x0000000748600000, 0x0000000748600000, 0x0000000748800000|  0%| F|  |TAMS 0x0000000748600000, 0x0000000748600000| Untracked 
|  68|0x0000000748800000, 0x0000000748800000, 0x0000000748a00000|  0%| F|  |TAMS 0x0000000748800000, 0x0000000748800000| Untracked 
|  69|0x0000000748a00000, 0x0000000748a00000, 0x0000000748c00000|  0%| F|  |TAMS 0x0000000748a00000, 0x0000000748a00000| Untracked 
|  70|0x0000000748c00000, 0x0000000748c00000, 0x0000000748e00000|  0%| F|  |TAMS 0x0000000748c00000, 0x0000000748c00000| Untracked 
|  71|0x0000000748e00000, 0x0000000748e00000, 0x0000000749000000|  0%| F|  |TAMS 0x0000000748e00000, 0x0000000748e00000| Untracked 
|  72|0x0000000749000000, 0x0000000749000000, 0x0000000749200000|  0%| F|  |TAMS 0x0000000749000000, 0x0000000749000000| Untracked 
|  73|0x0000000749200000, 0x0000000749200000, 0x0000000749400000|  0%| F|  |TAMS 0x0000000749200000, 0x0000000749200000| Untracked 
|  74|0x0000000749400000, 0x0000000749400000, 0x0000000749600000|  0%| F|  |TAMS 0x0000000749400000, 0x0000000749400000| Untracked 
|  75|0x0000000749600000, 0x0000000749600000, 0x0000000749800000|  0%| F|  |TAMS 0x0000000749600000, 0x0000000749600000| Untracked 
|  76|0x0000000749800000, 0x0000000749800000, 0x0000000749a00000|  0%| F|  |TAMS 0x0000000749800000, 0x0000000749800000| Untracked 
|  77|0x0000000749a00000, 0x0000000749a00000, 0x0000000749c00000|  0%| F|  |TAMS 0x0000000749a00000, 0x0000000749a00000| Untracked 
|  78|0x0000000749c00000, 0x0000000749c00000, 0x0000000749e00000|  0%| F|  |TAMS 0x0000000749c00000, 0x0000000749c00000| Untracked 
|  79|0x0000000749e00000, 0x0000000749e00000, 0x000000074a000000|  0%| F|  |TAMS 0x0000000749e00000, 0x0000000749e00000| Untracked 
|  80|0x000000074a000000, 0x000000074a000000, 0x000000074a200000|  0%| F|  |TAMS 0x000000074a000000, 0x000000074a000000| Untracked 
|  81|0x000000074a200000, 0x000000074a200000, 0x000000074a400000|  0%| F|  |TAMS 0x000000074a200000, 0x000000074a200000| Untracked 
|  82|0x000000074a400000, 0x000000074a400000, 0x000000074a600000|  0%| F|  |TAMS 0x000000074a400000, 0x000000074a400000| Untracked 
|  83|0x000000074a600000, 0x000000074a600000, 0x000000074a800000|  0%| F|  |TAMS 0x000000074a600000, 0x000000074a600000| Untracked 
|  84|0x000000074a800000, 0x000000074a800000, 0x000000074aa00000|  0%| F|  |TAMS 0x000000074a800000, 0x000000074a800000| Untracked 
|  85|0x000000074aa00000, 0x000000074aa00000, 0x000000074ac00000|  0%| F|  |TAMS 0x000000074aa00000, 0x000000074aa00000| Untracked 
|  86|0x000000074ac00000, 0x000000074ac00000, 0x000000074ae00000|  0%| F|  |TAMS 0x000000074ac00000, 0x000000074ac00000| Untracked 
|  87|0x000000074ae00000, 0x000000074ae00000, 0x000000074b000000|  0%| F|  |TAMS 0x000000074ae00000, 0x000000074ae00000| Untracked 
|  88|0x000000074b000000, 0x000000074b000000, 0x000000074b200000|  0%| F|  |TAMS 0x000000074b000000, 0x000000074b000000| Untracked 
|  89|0x000000074b200000, 0x000000074b200000, 0x000000074b400000|  0%| F|  |TAMS 0x000000074b200000, 0x000000074b200000| Untracked 
|  90|0x000000074b400000, 0x000000074b400000, 0x000000074b600000|  0%| F|  |TAMS 0x000000074b400000, 0x000000074b400000| Untracked 
|  91|0x000000074b600000, 0x000000074b600000, 0x000000074b800000|  0%| F|  |TAMS 0x000000074b600000, 0x000000074b600000| Untracked 
|  92|0x000000074b800000, 0x000000074b800000, 0x000000074ba00000|  0%| F|  |TAMS 0x000000074b800000, 0x000000074b800000| Untracked 
|  93|0x000000074ba00000, 0x000000074ba00000, 0x000000074bc00000|  0%| F|  |TAMS 0x000000074ba00000, 0x000000074ba00000| Untracked 
|  94|0x000000074bc00000, 0x000000074bc00000, 0x000000074be00000|  0%| F|  |TAMS 0x000000074bc00000, 0x000000074bc00000| Untracked 
|  95|0x000000074be00000, 0x000000074be00000, 0x000000074c000000|  0%| F|  |TAMS 0x000000074be00000, 0x000000074be00000| Untracked 
|  96|0x000000074c000000, 0x000000074c000000, 0x000000074c200000|  0%| F|  |TAMS 0x000000074c000000, 0x000000074c000000| Untracked 
|  97|0x000000074c200000, 0x000000074c200000, 0x000000074c400000|  0%| F|  |TAMS 0x000000074c200000, 0x000000074c200000| Untracked 
|  98|0x000000074c400000, 0x000000074c400000, 0x000000074c600000|  0%| F|  |TAMS 0x000000074c400000, 0x000000074c400000| Untracked 
|  99|0x000000074c600000, 0x000000074c650790, 0x000000074c800000| 15%| S|CS|TAMS 0x000000074c600000, 0x000000074c600000| Complete 
| 100|0x000000074c800000, 0x000000074ca00000, 0x000000074ca00000|100%| S|CS|TAMS 0x000000074c800000, 0x000000074c800000| Complete 
| 101|0x000000074ca00000, 0x000000074cc00000, 0x000000074cc00000|100%| S|CS|TAMS 0x000000074ca00000, 0x000000074ca00000| Complete 
| 102|0x000000074cc00000, 0x000000074ce00000, 0x000000074ce00000|100%| S|CS|TAMS 0x000000074cc00000, 0x000000074cc00000| Complete 
| 124|0x000000074f800000, 0x000000074f800000, 0x000000074fa00000|  0%| F|  |TAMS 0x000000074f800000, 0x000000074f800000| Untracked 
| 127|0x000000074fe00000, 0x000000074fe00000, 0x0000000750000000|  0%| F|  |TAMS 0x000000074fe00000, 0x000000074fe00000| Untracked 

Card table byte_map: [0x00000226ef980000,0x00000226eff80000] _byte_map_base: 0x00000226ebf80000

Marking Bits (Prev, Next): (CMBitMap*) 0x00000226d65f3f20, (CMBitMap*) 0x00000226d65f3ee0
 Prev Bits: [0x00000226f3580000, 0x00000226f6580000)
 Next Bits: [0x00000226f0580000, 0x00000226f3580000)

Polling page: 0x00000226d62b0000

Metaspace:

Usage:
  Non-class:     60.69 MB used.
      Class:      9.71 MB used.
       Both:     70.41 MB used.

Virtual space:
  Non-class space:       64.00 MB reserved,      61.00 MB ( 95%) committed,  1 nodes.
      Class space:        1.00 GB reserved,      10.00 MB ( <1%) committed,  1 nodes.
             Both:        1.06 GB reserved,      71.00 MB (  7%) committed. 

Chunk freelists:
   Non-Class:  2.56 MB
       Class:  6.01 MB
        Both:  8.57 MB

MaxMetaspaceSize: unlimited
CompressedClassSpaceSize: 1.00 GB
Initial GC threshold: 21.00 MB
Current GC threshold: 78.88 MB
CDS: on
MetaspaceReclaimPolicy: balanced
 - commit_granule_bytes: 65536.
 - commit_granule_words: 8192.
 - virtual_space_node_default_size: 8388608.
 - enlarge_chunks_in_place: 1.
 - new_chunks_are_fully_committed: 0.
 - uncommit_free_chunks: 1.
 - use_allocation_guard: 0.
 - handle_deallocations: 1.


Internal statistics:

num_allocs_failed_limit: 3.
num_arena_births: 772.
num_arena_deaths: 4.
num_vsnodes_births: 2.
num_vsnodes_deaths: 0.
num_space_committed: 1136.
num_space_uncommitted: 0.
num_chunks_returned_to_freelist: 12.
num_chunks_taken_from_freelist: 3554.
num_chunk_merges: 3.
num_chunk_splits: 2295.
num_chunks_enlarged: 1501.
num_inconsistent_stats: 0.

CodeHeap 'non-profiled nmethods': size=120000Kb used=6292Kb max_used=6632Kb free=113708Kb
 bounds [0x00000226e71d0000, 0x00000226e7860000, 0x00000226ee700000]
CodeHeap 'profiled nmethods': size=120000Kb used=16340Kb max_used=16922Kb free=103659Kb
 bounds [0x00000226df700000, 0x00000226e0790000, 0x00000226e6c30000]
CodeHeap 'non-nmethods': size=5760Kb used=2393Kb max_used=2501Kb free=3366Kb
 bounds [0x00000226e6c30000, 0x00000226e6eb0000, 0x00000226e71d0000]
 total_blobs=10189 nmethods=9271 adapters=829
 compilation: enabled
              stopped_count=0, restarted_count=0
 full_count=0

Compilation events (20 events):
Event: 15.847 Thread 0x00000226f92d6e50 nmethod 11609 0x00000226e7478090 code [0x00000226e7478220, 0x00000226e74782f8]
Event: 15.847 Thread 0x00000226f92d6e50 11610       1       org.gradle.api.internal.artifacts.ivyservice.ivyresolve.ModuleDescriptorHashModuleSource::getDescriptorHash (5 bytes)
Event: 15.847 Thread 0x00000226f92d6e50 nmethod 11610 0x00000226e7591710 code [0x00000226e75918a0, 0x00000226e7591978]
Event: 15.847 Thread 0x00000226f92d6e50 11611       1       org.gradle.api.internal.artifacts.ivyservice.ivyresolve.CachingModuleComponentRepository::access$1600 (5 bytes)
Event: 15.847 Thread 0x00000226f92d6e50 nmethod 11611 0x00000226e7591410 code [0x00000226e75915a0, 0x00000226e7591658]
Event: 15.847 Thread 0x00000226f92d6e50 11612       1       org.gradle.api.internal.artifacts.ivyservice.modulecache.artifacts.DefaultCachedArtifact::getCachedAt (5 bytes)
Event: 15.847 Thread 0x00000226f92d6e50 nmethod 11612 0x00000226e7591110 code [0x00000226e75912a0, 0x00000226e7591378]
Event: 15.847 Thread 0x00000226f92d6e50 11613       1       org.gradle.api.internal.artifacts.ivyservice.ivyresolve.ModuleDescriptorHashModuleSource::isChangingModule (5 bytes)
Event: 15.847 Thread 0x00000226f92d6e50 nmethod 11613 0x00000226e7590e10 code [0x00000226e7590fa0, 0x00000226e7591078]
Event: 15.847 Thread 0x00000226f92d6e50 11614       1       org.gradle.api.internal.artifacts.ivyservice.modulecache.artifacts.DefaultCachedArtifact::getDescriptorHash (5 bytes)
Event: 15.847 Thread 0x00000226f92d6e50 nmethod 11614 0x00000226e7590b10 code [0x00000226e7590ca0, 0x00000226e7590d78]
Event: 15.848 Thread 0x00000226f92d6e50 11615       1       org.gradle.api.internal.artifacts.ivyservice.resolutionstrategy.DefaultCachePolicy$CachedArtifactResolutionControl::belongsToChangingModule (5 bytes)
Event: 15.848 Thread 0x00000226f92d6e50 nmethod 11615 0x00000226e7590590 code [0x00000226e7590720, 0x00000226e75907f8]
Event: 15.849 Thread 0x00000226f92d6e50 11616       3       java.util.Optional::orElseThrow (22 bytes)
Event: 15.849 Thread 0x00000226f92d6e50 nmethod 11616 0x00000226e00c3810 code [0x00000226e00c39c0, 0x00000226e00c3cc8]
Event: 15.849 Thread 0x00000226f92d6e50 11617       3       org.gradle.internal.time.DefaultCountdownTimer::hasExpired (15 bytes)
Event: 15.850 Thread 0x00000226f92d6e50 nmethod 11617 0x00000226e00c3210 code [0x00000226e00c33e0, 0x00000226e00c3728]
Event: 15.853 Thread 0x00000226f92d6e50 11619       3       java.nio.charset.CharsetDecoder::implReset (1 bytes)
Event: 15.853 Thread 0x00000226f92d6e50 nmethod 11619 0x00000226e059bc90 code [0x00000226e059be20, 0x00000226e059bf38]
Event: 15.853 Thread 0x00000226f92d4e60 nmethod 11350 0x00000226e72e5b10 code [0x00000226e72e5d00, 0x00000226e72e66e8]

GC Heap History (20 events):
Event: 11.461 GC heap after
{Heap after GC invocations=36 (full 0):
 garbage-first heap   total 178176K, used 63092K [0x0000000740000000, 0x0000000800000000)
  region size 2048K, 2 young (4096K), 2 survivors (4096K)
 Metaspace       used 48380K, committed 48832K, reserved 1114112K
  class space    used 6778K, committed 6976K, reserved 1048576K
}
Event: 11.739 GC heap before
{Heap before GC invocations=36 (full 0):
 garbage-first heap   total 178176K, used 151156K [0x0000000740000000, 0x0000000800000000)
  region size 2048K, 46 young (94208K), 2 survivors (4096K)
 Metaspace       used 48509K, committed 48896K, reserved 1114112K
  class space    used 6797K, committed 6976K, reserved 1048576K
}
Event: 11.740 GC heap after
{Heap after GC invocations=37 (full 0):
 garbage-first heap   total 178176K, used 61095K [0x0000000740000000, 0x0000000800000000)
  region size 2048K, 1 young (2048K), 1 survivors (2048K)
 Metaspace       used 48509K, committed 48896K, reserved 1114112K
  class space    used 6797K, committed 6976K, reserved 1048576K
}
Event: 11.919 GC heap before
{Heap before GC invocations=37 (full 0):
 garbage-first heap   total 178176K, used 153255K [0x0000000740000000, 0x0000000800000000)
  region size 2048K, 46 young (94208K), 1 survivors (2048K)
 Metaspace       used 48664K, committed 49088K, reserved 1114112K
  class space    used 6807K, committed 6976K, reserved 1048576K
}
Event: 11.920 GC heap after
{Heap after GC invocations=38 (full 0):
 garbage-first heap   total 178176K, used 62305K [0x0000000740000000, 0x0000000800000000)
  region size 2048K, 2 young (4096K), 2 survivors (4096K)
 Metaspace       used 48664K, committed 49088K, reserved 1114112K
  class space    used 6807K, committed 6976K, reserved 1048576K
}
Event: 12.652 GC heap before
{Heap before GC invocations=38 (full 0):
 garbage-first heap   total 178176K, used 148321K [0x0000000740000000, 0x0000000800000000)
  region size 2048K, 45 young (92160K), 2 survivors (4096K)
 Metaspace       used 55511K, committed 56128K, reserved 1114112K
  class space    used 7765K, committed 8064K, reserved 1048576K
}
Event: 12.655 GC heap after
{Heap after GC invocations=39 (full 0):
 garbage-first heap   total 178176K, used 67943K [0x0000000740000000, 0x0000000800000000)
  region size 2048K, 4 young (8192K), 4 survivors (8192K)
 Metaspace       used 55511K, committed 56128K, reserved 1114112K
  class space    used 7765K, committed 8064K, reserved 1048576K
}
Event: 14.664 GC heap before
{Heap before GC invocations=39 (full 0):
 garbage-first heap   total 178176K, used 147815K [0x0000000740000000, 0x0000000800000000)
  region size 2048K, 43 young (88064K), 4 survivors (8192K)
 Metaspace       used 64006K, committed 64640K, reserved 1114112K
  class space    used 8787K, committed 9088K, reserved 1048576K
}
Event: 14.668 GC heap after
{Heap after GC invocations=40 (full 0):
 garbage-first heap   total 178176K, used 76162K [0x0000000740000000, 0x0000000800000000)
  region size 2048K, 6 young (12288K), 6 survivors (12288K)
 Metaspace       used 64006K, committed 64640K, reserved 1114112K
  class space    used 8787K, committed 9088K, reserved 1048576K
}
Event: 15.118 GC heap before
{Heap before GC invocations=40 (full 0):
 garbage-first heap   total 178176K, used 145794K [0x0000000740000000, 0x0000000800000000)
  region size 2048K, 40 young (81920K), 6 survivors (12288K)
 Metaspace       used 68034K, committed 68672K, reserved 1114112K
  class space    used 9407K, committed 9728K, reserved 1048576K
}
Event: 15.123 GC heap after
{Heap after GC invocations=41 (full 0):
 garbage-first heap   total 178176K, used 82125K [0x0000000740000000, 0x0000000800000000)
  region size 2048K, 4 young (8192K), 4 survivors (8192K)
 Metaspace       used 68034K, committed 68672K, reserved 1114112K
  class space    used 9407K, committed 9728K, reserved 1048576K
}
Event: 15.388 GC heap before
{Heap before GC invocations=41 (full 0):
 garbage-first heap   total 178176K, used 129229K [0x0000000740000000, 0x0000000800000000)
  region size 2048K, 28 young (57344K), 4 survivors (8192K)
 Metaspace       used 70238K, committed 70912K, reserved 1114112K
  class space    used 9752K, committed 10048K, reserved 1048576K
}
Event: 15.391 GC heap after
{Heap after GC invocations=42 (full 0):
 garbage-first heap   total 215040K, used 86170K [0x0000000740000000, 0x0000000800000000)
  region size 2048K, 3 young (6144K), 3 survivors (6144K)
 Metaspace       used 70238K, committed 70912K, reserved 1114112K
  class space    used 9752K, committed 10048K, reserved 1048576K
}
Event: 15.501 GC heap before
{Heap before GC invocations=42 (full 0):
 garbage-first heap   total 215040K, used 106650K [0x0000000740000000, 0x0000000800000000)
  region size 2048K, 7 young (14336K), 3 survivors (6144K)
 Metaspace       used 70737K, committed 71424K, reserved 1114112K
  class space    used 9814K, committed 10112K, reserved 1048576K
}
Event: 15.505 GC heap after
{Heap after GC invocations=43 (full 0):
 garbage-first heap   total 215040K, used 86567K [0x0000000740000000, 0x0000000800000000)
  region size 2048K, 3 young (6144K), 3 survivors (6144K)
 Metaspace       used 70737K, committed 71424K, reserved 1114112K
  class space    used 9814K, committed 10112K, reserved 1048576K
}
Event: 15.633 GC heap before
{Heap before GC invocations=43 (full 0):
 garbage-first heap   total 215040K, used 96807K [0x0000000740000000, 0x0000000800000000)
  region size 2048K, 7 young (14336K), 3 survivors (6144K)
 Metaspace       used 71851K, committed 72512K, reserved 1114112K
  class space    used 9932K, committed 10240K, reserved 1048576K
}
Event: 15.635 GC heap after
{Heap after GC invocations=44 (full 0):
 garbage-first heap   total 215040K, used 86850K [0x0000000740000000, 0x0000000800000000)
  region size 2048K, 3 young (6144K), 3 survivors (6144K)
 Metaspace       used 71851K, committed 72512K, reserved 1114112K
  class space    used 9932K, committed 10240K, reserved 1048576K
}
Event: 15.823 GC heap before
{Heap before GC invocations=44 (full 0):
 garbage-first heap   total 215040K, used 121666K [0x0000000740000000, 0x0000000800000000)
  region size 2048K, 10 young (20480K), 3 survivors (6144K)
 Metaspace       used 72076K, committed 72704K, reserved 1114112K
  class space    used 9946K, committed 10240K, reserved 1048576K
}
Event: 15.827 GC heap after
{Heap after GC invocations=45 (full 0):
 garbage-first heap   total 215040K, used 88320K [0x0000000740000000, 0x0000000800000000)
  region size 2048K, 4 young (8192K), 4 survivors (8192K)
 Metaspace       used 72076K, committed 72704K, reserved 1114112K
  class space    used 9946K, committed 10240K, reserved 1048576K
}
Event: 15.853 GC heap before
{Heap before GC invocations=45 (full 0):
 garbage-first heap   total 215040K, used 112896K [0x0000000740000000, 0x0000000800000000)
  region size 2048K, 6 young (12288K), 4 survivors (8192K)
 Metaspace       used 72095K, committed 72704K, reserved 1114112K
  class space    used 9946K, committed 10240K, reserved 1048576K
}

Dll operation events (15 events):
Event: 0.012 Loaded shared library D:\bin\java.dll
Event: 0.028 Loaded shared library D:\bin\jsvml.dll
Event: 0.074 Loaded shared library D:\bin\zip.dll
Event: 0.080 Loaded shared library D:\bin\instrument.dll
Event: 0.083 Loaded shared library D:\bin\net.dll
Event: 0.085 Loaded shared library D:\bin\nio.dll
Event: 0.087 Loaded shared library D:\bin\zip.dll
Event: 0.321 Loaded shared library D:\bin\jimage.dll
Event: 0.400 Loaded shared library D:\bin\verify.dll
Event: 0.525 Loaded shared library C:\Users\dksrk\.gradle\native\c067742578af261105cb4f569cf0c3c89f3d7b1fecec35dd04571415982c5e48\windows-amd64\native-platform.dll
Event: 0.534 Loaded shared library C:\Users\dksrk\.gradle\native\100fb08df4bc3b14c8652ba06237920a3bd2aa13389f12d3474272988ae205f9\windows-amd64\native-platform-file-events.dll
Event: 1.447 Loaded shared library D:\bin\management.dll
Event: 1.450 Loaded shared library D:\bin\management_ext.dll
Event: 1.625 Loaded shared library D:\bin\extnet.dll
Event: 1.789 Loaded shared library D:\bin\sunmscapi.dll

Deoptimization events (20 events):
Event: 15.802 Thread 0x00000226ff4b2130 Uncommon trap: trap_request=0xffffffbe fr.pc=0x00000226e760276c relative=0x0000000000000f0c
Event: 15.802 Thread 0x00000226ff4b2130 Uncommon trap: reason=profile_predicate action=maybe_recompile pc=0x00000226e760276c method=java.util.regex.Pattern$CharPropertyGreedy.match(Ljava/util/regex/Matcher;ILjava/lang/CharSequence;)Z @ 15 c2
Event: 15.802 Thread 0x00000226ff4b2130 DEOPT PACKING pc=0x00000226e760276c sp=0x000000f0b0cf6cb0
Event: 15.802 Thread 0x00000226ff4b2130 DEOPT UNPACKING pc=0x00000226e6c869a3 sp=0x000000f0b0cf6c30 mode 2
Event: 15.802 Thread 0x00000226ff4b2130 Uncommon trap: trap_request=0xffffffbe fr.pc=0x00000226e760276c relative=0x0000000000000f0c
Event: 15.802 Thread 0x00000226ff4b2130 Uncommon trap: reason=profile_predicate action=maybe_recompile pc=0x00000226e760276c method=java.util.regex.Pattern$CharPropertyGreedy.match(Ljava/util/regex/Matcher;ILjava/lang/CharSequence;)Z @ 15 c2
Event: 15.802 Thread 0x00000226ff4b2130 DEOPT PACKING pc=0x00000226e760276c sp=0x000000f0b0cf6cb0
Event: 15.802 Thread 0x00000226ff4b2130 DEOPT UNPACKING pc=0x00000226e6c869a3 sp=0x000000f0b0cf6c30 mode 2
Event: 15.802 Thread 0x00000226ff4b2130 Uncommon trap: trap_request=0xffffffbe fr.pc=0x00000226e760276c relative=0x0000000000000f0c
Event: 15.802 Thread 0x00000226ff4b2130 Uncommon trap: reason=profile_predicate action=maybe_recompile pc=0x00000226e760276c method=java.util.regex.Pattern$CharPropertyGreedy.match(Ljava/util/regex/Matcher;ILjava/lang/CharSequence;)Z @ 15 c2
Event: 15.802 Thread 0x00000226ff4b2130 DEOPT PACKING pc=0x00000226e760276c sp=0x000000f0b0cf6cb0
Event: 15.802 Thread 0x00000226ff4b2130 DEOPT UNPACKING pc=0x00000226e6c869a3 sp=0x000000f0b0cf6c30 mode 2
Event: 15.802 Thread 0x00000226ff4b2130 Uncommon trap: trap_request=0xffffffbe fr.pc=0x00000226e760276c relative=0x0000000000000f0c
Event: 15.802 Thread 0x00000226ff4b2130 Uncommon trap: reason=profile_predicate action=maybe_recompile pc=0x00000226e760276c method=java.util.regex.Pattern$CharPropertyGreedy.match(Ljava/util/regex/Matcher;ILjava/lang/CharSequence;)Z @ 15 c2
Event: 15.802 Thread 0x00000226ff4b2130 DEOPT PACKING pc=0x00000226e760276c sp=0x000000f0b0cf6cb0
Event: 15.802 Thread 0x00000226ff4b2130 DEOPT UNPACKING pc=0x00000226e6c869a3 sp=0x000000f0b0cf6c30 mode 2
Event: 15.816 Thread 0x00000226c3443c40 Uncommon trap: trap_request=0xffffff45 fr.pc=0x00000226e7732e90 relative=0x0000000000000170
Event: 15.816 Thread 0x00000226c3443c40 Uncommon trap: reason=unstable_if action=reinterpret pc=0x00000226e7732e90 method=java.util.concurrent.locks.ReentrantLock$Sync.tryLock()Z @ 34 c2
Event: 15.816 Thread 0x00000226c3443c40 DEOPT PACKING pc=0x00000226e7732e90 sp=0x000000f0b79fea40
Event: 15.816 Thread 0x00000226c3443c40 DEOPT UNPACKING pc=0x00000226e6c869a3 sp=0x000000f0b79fe9f0 mode 2

Classes loaded (20 events):
Event: 15.592 Loading class com/sun/org/apache/xerces/internal/dom/AttributeMap
Event: 15.592 Loading class com/sun/org/apache/xerces/internal/dom/AttributeMap done
Event: 15.593 Loading class com/sun/org/apache/xerces/internal/dom/DeferredAttrImpl
Event: 15.593 Loading class com/sun/org/apache/xerces/internal/dom/AttrImpl
Event: 15.593 Loading class com/sun/org/apache/xerces/internal/dom/AttrImpl done
Event: 15.593 Loading class com/sun/org/apache/xerces/internal/dom/DeferredAttrImpl done
Event: 15.594 Loading class com/sun/org/apache/xerces/internal/dom/DeferredTextImpl
Event: 15.594 Loading class com/sun/org/apache/xerces/internal/dom/TextImpl
Event: 15.594 Loading class org/w3c/dom/CharacterData
Event: 15.594 Loading class org/w3c/dom/CharacterData done
Event: 15.594 Loading class org/w3c/dom/Text
Event: 15.595 Loading class org/w3c/dom/Text done
Event: 15.595 Loading class com/sun/org/apache/xerces/internal/dom/CharacterDataImpl
Event: 15.595 Loading class com/sun/org/apache/xerces/internal/dom/CharacterDataImpl done
Event: 15.595 Loading class com/sun/org/apache/xerces/internal/dom/TextImpl done
Event: 15.595 Loading class com/sun/org/apache/xerces/internal/dom/DeferredTextImpl done
Event: 15.595 Loading class com/sun/org/apache/xerces/internal/dom/CharacterDataImpl$1
Event: 15.595 Loading class com/sun/org/apache/xerces/internal/dom/CharacterDataImpl$1 done
Event: 15.607 Loading class org/w3c/dom/Comment
Event: 15.607 Loading class org/w3c/dom/Comment done

Classes unloaded (5 events):
Event: 9.210 Thread 0x00000226f92aaec0 Unloading class 0x0000022681568000 '_BuildScript_$_run_closure1'
Event: 9.210 Thread 0x00000226f92aaec0 Unloading class 0x0000022681564000 '_BuildScript_'
Event: 10.035 Thread 0x00000226f92aaec0 Unloading class 0x0000022681604000 '_BuildScript_$_run_closure1$_closure2'
Event: 10.035 Thread 0x00000226f92aaec0 Unloading class 0x00000226815f8c00 '_BuildScript_$_run_closure1'
Event: 10.035 Thread 0x00000226f92aaec0 Unloading class 0x00000226815f9000 '_BuildScript_'

Classes redefined (0 events):
No events

Internal exceptions (20 events):
Event: 15.240 Thread 0x00000226ff4b2130 Exception <a 'java/lang/ClassNotFoundException'{0x000000074950b9c0}: org/gradle/api/tasks/bundling/AbstractArchiveTaskCustomizer> (0x000000074950b9c0) 
thrown [s\src\hotspot\share\classfile\systemDictionary.cpp, line 256]
Event: 15.241 Thread 0x00000226ff4b2130 Exception <a 'java/lang/ClassNotFoundException'{0x000000074955b150}: org/gradle/api/tasks/bundling/ZipCustomizer> (0x000000074955b150) 
thrown [s\src\hotspot\share\classfile\systemDictionary.cpp, line 256]
Event: 15.242 Thread 0x00000226ff4b2130 Exception <a 'java/lang/ClassNotFoundException'{0x000000074959ec90}: org/gradle/jvm/tasks/JarCustomizer> (0x000000074959ec90) 
thrown [s\src\hotspot\share\classfile\systemDictionary.cpp, line 256]
Event: 15.243 Thread 0x00000226ff4b2130 Exception <a 'java/lang/ClassNotFoundException'{0x00000007495e8f30}: org/gradle/api/tasks/bundling/JarCustomizer> (0x00000007495e8f30) 
thrown [s\src\hotspot\share\classfile\systemDictionary.cpp, line 256]
Event: 15.244 Thread 0x00000226ff4b2130 Exception <a 'java/lang/ClassNotFoundException'{0x000000074922df88}: org/gradle/api/tasks/bundling/Jar_DecoratedCustomizer> (0x000000074922df88) 
thrown [s\src\hotspot\share\classfile\systemDictionary.cpp, line 256]
Event: 15.246 Thread 0x00000226ff4b2130 Exception <a 'java/lang/ClassNotFoundException'{0x0000000749311e40}: org/gradle/api/java/archives/internal/DefaultManifestBeanInfo> (0x0000000749311e40) 
thrown [s\src\hotspot\share\classfile\systemDictionary.cpp, line 256]
Event: 15.247 Thread 0x00000226ff4b2130 Exception <a 'java/lang/ClassNotFoundException'{0x000000074933a6c0}: org/gradle/api/java/archives/internal/DefaultManifestCustomizer> (0x000000074933a6c0) 
thrown [s\src\hotspot\share\classfile\systemDictionary.cpp, line 256]
Event: 15.252 Thread 0x00000226ff4b2130 Exception <a 'java/lang/ClassNotFoundException'{0x0000000749389940}: java/util/DateBeanInfo> (0x0000000749389940) 
thrown [s\src\hotspot\share\classfile\systemDictionary.cpp, line 256]
Event: 15.252 Thread 0x00000226ff4b2130 Exception <a 'java/lang/ClassNotFoundException'{0x00000007493990a0}: java/util/DateCustomizer> (0x00000007493990a0) 
thrown [s\src\hotspot\share\classfile\systemDictionary.cpp, line 256]
Event: 15.259 Thread 0x00000226ff4b2130 Exception <a 'java/lang/NoSuchMethodError'{0x000000074901aeb8}: 'void java.lang.invoke.DirectMethodHandle$Holder.invokeStatic(java.lang.Object, java.lang.Object, java.lang.Object, java.lang.Object, java.lang.Object, java.lang.Object, java.lang.Object)'> (0x000000074901aeb8) 
thrown [s\src\hotspot\share\interpreter\linkResolver.cpp, line 759]
Event: 15.263 Thread 0x00000226ff4b2130 Exception <a 'java/lang/ClassNotFoundException'{0x0000000748e37598}: org/gradle/api/internal/tasks/DefaultRealizableTaskCollection_DecoratedBeanInfo> (0x0000000748e37598) 
thrown [s\src\hotspot\share\classfile\systemDictionary.cpp, line 256]
Event: 15.264 Thread 0x00000226ff4b2130 Exception <a 'java/lang/ClassNotFoundException'{0x0000000748e4d1f0}: org/gradle/api/internal/tasks/DefaultRealizableTaskCollectionBeanInfo> (0x0000000748e4d1f0) 
thrown [s\src\hotspot\share\classfile\systemDictionary.cpp, line 256]
Event: 15.265 Thread 0x00000226ff4b2130 Exception <a 'java/lang/ClassNotFoundException'{0x0000000748e62ab0}: org/gradle/api/internal/DelegatingNamedDomainObjectSetBeanInfo> (0x0000000748e62ab0) 
thrown [s\src\hotspot\share\classfile\systemDictionary.cpp, line 256]
Event: 15.265 Thread 0x00000226ff4b2130 Exception <a 'java/lang/ClassNotFoundException'{0x0000000748e782b8}: org/gradle/api/internal/DelegatingDomainObjectSetBeanInfo> (0x0000000748e782b8) 
thrown [s\src\hotspot\share\classfile\systemDictionary.cpp, line 256]
Event: 15.266 Thread 0x00000226ff4b2130 Exception <a 'java/lang/ClassNotFoundException'{0x0000000748e8dac8}: org/gradle/api/internal/DelegatingDomainObjectSetCustomizer> (0x0000000748e8dac8) 
thrown [s\src\hotspot\share\classfile\systemDictionary.cpp, line 256]
Event: 15.271 Thread 0x00000226ff4b2130 Exception <a 'java/lang/ClassNotFoundException'{0x0000000748ef7f30}: org/gradle/api/internal/DelegatingNamedDomainObjectSetCustomizer> (0x0000000748ef7f30) 
thrown [s\src\hotspot\share\classfile\systemDictionary.cpp, line 256]
Event: 15.272 Thread 0x00000226ff4b2130 Exception <a 'java/lang/ClassNotFoundException'{0x0000000748f98820}: org/gradle/api/internal/tasks/DefaultRealizableTaskCollectionCustomizer> (0x0000000748f98820) 
thrown [s\src\hotspot\share\classfile\systemDictionary.cpp, line 256]
Event: 15.274 Thread 0x00000226ff4b2130 Exception <a 'java/lang/ClassNotFoundException'{0x0000000748c4db98}: org/gradle/api/internal/tasks/DefaultRealizableTaskCollection_DecoratedCustomizer> (0x0000000748c4db98) 
thrown [s\src\hotspot\share\classfile\systemDictionary.cpp, line 256]
Event: 15.412 Thread 0x00000226ff4b2130 Implicit null exception at 0x00000226e73a449c to 0x00000226e73a4bac
Event: 15.557 Thread 0x00000226ff4b2130 Exception <a 'java/lang/NoSuchMethodError'{0x000000074f9fd648}: 'int java.lang.invoke.DirectMethodHandle$Holder.invokeSpecial(java.lang.Object, java.lang.Object, int)'> (0x000000074f9fd648) 
thrown [s\src\hotspot\share\interpreter\linkResolver.cpp, line 759]

VM Operations (20 events):
Event: 15.321 Executing VM operation: HandshakeAllThreads done
Event: 15.369 Executing VM operation: HandshakeAllThreads
Event: 15.370 Executing VM operation: HandshakeAllThreads done
Event: 15.388 Executing VM operation: G1TryInitiateConcMark
Event: 15.391 Executing VM operation: G1TryInitiateConcMark done
Event: 15.501 Executing VM operation: G1TryInitiateConcMark
Event: 15.505 Executing VM operation: G1TryInitiateConcMark done
Event: 15.529 Executing VM operation: HandshakeAllThreads
Event: 15.529 Executing VM operation: HandshakeAllThreads done
Event: 15.564 Executing VM operation: HandshakeAllThreads
Event: 15.564 Executing VM operation: HandshakeAllThreads done
Event: 15.629 Executing VM operation: HandshakeAllThreads
Event: 15.629 Executing VM operation: HandshakeAllThreads done
Event: 15.633 Executing VM operation: G1TryInitiateConcMark
Event: 15.635 Executing VM operation: G1TryInitiateConcMark done
Event: 15.782 Executing VM operation: HandshakeAllThreads
Event: 15.782 Executing VM operation: HandshakeAllThreads done
Event: 15.823 Executing VM operation: G1TryInitiateConcMark
Event: 15.827 Executing VM operation: G1TryInitiateConcMark done
Event: 15.853 Executing VM operation: G1TryInitiateConcMark

Memory protections (0 events):
No events

Nmethod flushes (20 events):
Event: 15.331 Thread 0x00000226f92dc2e0 flushing  nmethod 0x00000226e05c1390
Event: 15.331 Thread 0x00000226f92dc2e0 flushing  nmethod 0x00000226e05c3d10
Event: 15.331 Thread 0x00000226f92dc2e0 flushing  nmethod 0x00000226e05c4710
Event: 15.331 Thread 0x00000226f92dc2e0 flushing  nmethod 0x00000226e05e5310
Event: 15.331 Thread 0x00000226f92dc2e0 flushing  nmethod 0x00000226e05e5890
Event: 15.331 Thread 0x00000226f92dc2e0 flushing  nmethod 0x00000226e05e6790
Event: 15.331 Thread 0x00000226f92dc2e0 flushing  nmethod 0x00000226e05e7290
Event: 15.331 Thread 0x00000226f92dc2e0 flushing  nmethod 0x00000226e05e9090
Event: 15.331 Thread 0x00000226f92dc2e0 flushing  nmethod 0x00000226e05e9890
Event: 15.331 Thread 0x00000226f92dc2e0 flushing  nmethod 0x00000226e05fc910
Event: 15.331 Thread 0x00000226f92dc2e0 flushing  nmethod 0x00000226e05ff310
Event: 15.331 Thread 0x00000226f92dc2e0 flushing  nmethod 0x00000226e05ff690
Event: 15.331 Thread 0x00000226f92dc2e0 flushing  nmethod 0x00000226e0602290
Event: 15.331 Thread 0x00000226f92dc2e0 flushing  nmethod 0x00000226e0602690
Event: 15.331 Thread 0x00000226f92dc2e0 flushing  nmethod 0x00000226e060cb90
Event: 15.331 Thread 0x00000226f92dc2e0 flushing  nmethod 0x00000226e0634b10
Event: 15.331 Thread 0x00000226f92dc2e0 flushing  nmethod 0x00000226e0635090
Event: 15.331 Thread 0x00000226f92dc2e0 flushing  nmethod 0x00000226e0635490
Event: 15.331 Thread 0x00000226f92dc2e0 flushing  nmethod 0x00000226e0635b10
Event: 15.331 Thread 0x00000226f92dc2e0 flushing  nmethod 0x00000226e0659c90

Events (20 events):
Event: 14.756 Thread 0x00000226ff4b2130 Thread added: 0x00000226c419cf00
Event: 15.482 Thread 0x00000226ff4b2130 Thread added: 0x00000226c419bac0
Event: 15.482 Thread 0x00000226ff4b2130 Thread added: 0x00000226c419c9f0
Event: 15.482 Thread 0x00000226ff4b2130 Thread added: 0x00000226c4199c60
Event: 15.482 Thread 0x00000226ff4b2130 Thread added: 0x00000226c419c4e0
Event: 15.482 Thread 0x00000226ff4b2130 Thread added: 0x00000226c419b5b0
Event: 15.482 Thread 0x00000226ff4b2130 Thread added: 0x00000226c419a170
Event: 15.483 Thread 0x00000226ff4b2130 Thread added: 0x00000226c419ab90
Event: 15.483 Thread 0x00000226ff4b2130 Thread added: 0x00000226c419a680
Event: 15.813 Thread 0x00000226ff4b2130 Thread added: 0x00000226c3443220
Event: 15.813 Thread 0x00000226ff4b2130 Thread added: 0x00000226c3443730
Event: 15.814 Thread 0x00000226ff4b2130 Thread added: 0x00000226c3445080
Event: 15.814 Thread 0x00000226ff4b2130 Thread added: 0x00000226c3444660
Event: 15.814 Thread 0x00000226ff4b2130 Thread added: 0x00000226c3443c40
Event: 15.814 Thread 0x00000226ff4b2130 Thread added: 0x00000226c3444150
Event: 15.814 Thread 0x00000226ff4b2130 Thread added: 0x00000226c34473f0
Event: 15.814 Thread 0x00000226ff4b2130 Thread added: 0x00000226c3447e10
Event: 15.814 Thread 0x00000226ff4b2130 Thread added: 0x00000226c3447900
Event: 15.815 Thread 0x00000226ff4b2130 Thread added: 0x00000226c3448320
Event: 15.815 Thread 0x00000226ff4b2130 Thread added: 0x00000226c3444b70


Dynamic libraries:
0x00007ff76d640000 - 0x00007ff76d64e000 	D:\bin\java.exe
0x00007ffdf5960000 - 0x00007ffdf5bc6000 	C:\WINDOWS\SYSTEM32\ntdll.dll
0x00007ffdf3a10000 - 0x00007ffdf3ad9000 	C:\WINDOWS\System32\KERNEL32.DLL
0x00007ffdf2ca0000 - 0x00007ffdf309a000 	C:\WINDOWS\System32\KERNELBASE.dll
0x00007ffdefc60000 - 0x00007ffdefd00000 	C:\WINDOWS\SYSTEM32\apphelp.dll
0x00007ffdf3580000 - 0x00007ffdf36cc000 	C:\WINDOWS\System32\ucrtbase.dll
0x00007ffdd6a90000 - 0x00007ffdd6aae000 	D:\bin\VCRUNTIME140.dll
0x00007ffdde790000 - 0x00007ffdde7a8000 	D:\bin\jli.dll
0x00007ffdf53a0000 - 0x00007ffdf5567000 	C:\WINDOWS\System32\USER32.dll
0x00007ffdf30a0000 - 0x00007ffdf30c7000 	C:\WINDOWS\System32\win32u.dll
0x00007ffdf4b10000 - 0x00007ffdf4b3b000 	C:\WINDOWS\System32\GDI32.dll
0x00007ffde15c0000 - 0x00007ffde1852000 	C:\WINDOWS\WinSxS\amd64_microsoft.windows.common-controls_6595b64144ccf1df_6.0.26100.8521_none_3e08b75ce33403b3\COMCTL32.dll
0x00007ffdf30d0000 - 0x00007ffdf31fb000 	C:\WINDOWS\System32\gdi32full.dll
0x00007ffdf4b40000 - 0x00007ffdf4be9000 	C:\WINDOWS\System32\msvcrt.dll
0x00007ffdf2bf0000 - 0x00007ffdf2c93000 	C:\WINDOWS\System32\msvcp_win.dll
0x00007ffdf55c0000 - 0x00007ffdf55f2000 	C:\WINDOWS\System32\IMM32.DLL
0x00007ffdedd80000 - 0x00007ffdedd8c000 	D:\bin\vcruntime140_1.dll
0x00007ffdcd840000 - 0x00007ffdcd8cd000 	D:\bin\msvcp140.dll
0x00007ffd23620000 - 0x00007ffd2428c000 	D:\bin\server\jvm.dll
0x00007ffdf3ae0000 - 0x00007ffdf3b96000 	C:\WINDOWS\System32\ADVAPI32.dll
0x00007ffdf52f0000 - 0x00007ffdf539a000 	C:\WINDOWS\System32\sechost.dll
0x00007ffdf4bf0000 - 0x00007ffdf4d08000 	C:\WINDOWS\System32\RPCRT4.dll
0x00007ffdf5730000 - 0x00007ffdf57b0000 	C:\WINDOWS\System32\WS2_32.dll
0x00007ffdf28a0000 - 0x00007ffdf28fe000 	C:\WINDOWS\SYSTEM32\POWRPROF.dll
0x00007ffde2590000 - 0x00007ffde25c6000 	C:\WINDOWS\SYSTEM32\WINMM.dll
0x00007ffded250000 - 0x00007ffded25b000 	C:\WINDOWS\SYSTEM32\VERSION.dll
0x00007ffdf2880000 - 0x00007ffdf2894000 	C:\WINDOWS\SYSTEM32\UMPDC.dll
0x00007ffdf1980000 - 0x00007ffdf199b000 	C:\WINDOWS\SYSTEM32\kernel.appcore.dll
0x00007ffdd59d0000 - 0x00007ffdd59da000 	D:\bin\jimage.dll
0x00007ffde1860000 - 0x00007ffde1aa2000 	C:\WINDOWS\SYSTEM32\DBGHELP.DLL
0x00007ffdf4f50000 - 0x00007ffdf52d3000 	C:\WINDOWS\System32\combase.dll
0x00007ffdf49d0000 - 0x00007ffdf4aa9000 	C:\WINDOWS\System32\OLEAUT32.dll
0x00007ffdeb750000 - 0x00007ffdeb78b000 	C:\WINDOWS\SYSTEM32\dbgcore.DLL
0x00007ffdf34d0000 - 0x00007ffdf3578000 	C:\WINDOWS\System32\bcryptPrimitives.dll
0x00007ffdcde30000 - 0x00007ffdcde3e000 	D:\bin\instrument.dll
0x00007ffdcfde0000 - 0x00007ffdcfe05000 	D:\bin\java.dll
0x00007ffdcd760000 - 0x00007ffdcd837000 	D:\bin\jsvml.dll
0x00007ffdf3c10000 - 0x00007ffdf4394000 	C:\WINDOWS\System32\SHELL32.dll
0x00007ffdf07f0000 - 0x00007ffdf1070000 	C:\WINDOWS\SYSTEM32\windows.storage.dll
0x00007ffdf5600000 - 0x00007ffdf56f6000 	C:\WINDOWS\System32\SHCORE.dll
0x00007ffdf3ba0000 - 0x00007ffdf3c07000 	C:\WINDOWS\System32\shlwapi.dll
0x00007ffdf2b10000 - 0x00007ffdf2b39000 	C:\WINDOWS\SYSTEM32\profapi.dll
0x00007ffdcde40000 - 0x00007ffdcde58000 	D:\bin\zip.dll
0x00007ffdd3070000 - 0x00007ffdd308a000 	D:\bin\net.dll
0x00007ffdebfb0000 - 0x00007ffdec0d9000 	C:\WINDOWS\SYSTEM32\WINHTTP.dll
0x00007ffdf1ef0000 - 0x00007ffdf1f5c000 	C:\WINDOWS\system32\mswsock.dll
0x00007ffdcfdc0000 - 0x00007ffdcfdd6000 	D:\bin\nio.dll
0x00007ffdd5930000 - 0x00007ffdd5940000 	D:\bin\verify.dll
0x00007ffdc7970000 - 0x00007ffdc7997000 	C:\Users\dksrk\.gradle\native\c067742578af261105cb4f569cf0c3c89f3d7b1fecec35dd04571415982c5e48\windows-amd64\native-platform.dll
0x00007ffd224f0000 - 0x00007ffd22634000 	C:\Users\dksrk\.gradle\native\100fb08df4bc3b14c8652ba06237920a3bd2aa13389f12d3474272988ae205f9\windows-amd64\native-platform-file-events.dll
0x00007ffdd25d0000 - 0x00007ffdd25da000 	D:\bin\management.dll
0x00007ffdcfdb0000 - 0x00007ffdcfdbc000 	D:\bin\management_ext.dll
0x00007ffdf44b0000 - 0x00007ffdf44b8000 	C:\WINDOWS\System32\PSAPI.DLL
0x00007ffdf21e0000 - 0x00007ffdf21fb000 	C:\WINDOWS\SYSTEM32\CRYPTSP.dll
0x00007ffdf18e0000 - 0x00007ffdf1919000 	C:\WINDOWS\system32\rsaenh.dll
0x00007ffdf1fa0000 - 0x00007ffdf1fd3000 	C:\WINDOWS\SYSTEM32\USERENV.dll
0x00007ffdf2ae0000 - 0x00007ffdf2b0a000 	C:\WINDOWS\SYSTEM32\bcrypt.dll
0x00007ffdf21d0000 - 0x00007ffdf21dc000 	C:\WINDOWS\SYSTEM32\CRYPTBASE.dll
0x00007ffdf1380000 - 0x00007ffdf13b3000 	C:\WINDOWS\SYSTEM32\IPHLPAPI.DLL
0x00007ffdf3a00000 - 0x00007ffdf3a0a000 	C:\WINDOWS\System32\NSI.dll
0x00007ffded260000 - 0x00007ffded27d000 	C:\WINDOWS\SYSTEM32\dhcpcsvc6.DLL
0x00007ffdebd60000 - 0x00007ffdebd85000 	C:\WINDOWS\SYSTEM32\dhcpcsvc.DLL
0x00007ffdf1410000 - 0x00007ffdf155a000 	C:\WINDOWS\SYSTEM32\DNSAPI.dll
0x00007ffdf1d10000 - 0x00007ffdf1d1d000 	C:\WINDOWS\SYSTEM32\DSPARSE.dll
0x00007ffdcde20000 - 0x00007ffdcde29000 	D:\bin\extnet.dll
0x00007ffdcd750000 - 0x00007ffdcd75e000 	D:\bin\sunmscapi.dll
0x00007ffdf3350000 - 0x00007ffdf34c8000 	C:\WINDOWS\System32\CRYPT32.dll
0x00007ffdf2460000 - 0x00007ffdf2490000 	C:\WINDOWS\SYSTEM32\ncrypt.dll
0x00007ffdf23a0000 - 0x00007ffdf23df000 	C:\WINDOWS\SYSTEM32\NTASN1.dll
0x00007ffdc88e0000 - 0x00007ffdc88e8000 	C:\WINDOWS\system32\wshunix.dll
0x00007ffdf1aa0000 - 0x00007ffdf1ad6000 	C:\WINDOWS\SYSTEM32\ntmarta.dll
0x00007ffdeb2e0000 - 0x00007ffdeb2eb000 	C:\Windows\System32\rasadhlp.dll
0x00007ffdeba10000 - 0x00007ffdeba96000 	C:\WINDOWS\System32\fwpuclnt.dll

dbghelp: loaded successfully - version: 4.0.5 - missing functions: none
symbol engine: initialized successfully - sym options: 0x614 - pdb path: .;D:\bin;C:\WINDOWS\SYSTEM32;C:\WINDOWS\WinSxS\amd64_microsoft.windows.common-controls_6595b64144ccf1df_6.0.26100.8521_none_3e08b75ce33403b3;D:\bin\server;C:\Users\dksrk\.gradle\native\c067742578af261105cb4f569cf0c3c89f3d7b1fecec35dd04571415982c5e48\windows-amd64;C:\Users\dksrk\.gradle\native\100fb08df4bc3b14c8652ba06237920a3bd2aa13389f12d3474272988ae205f9\windows-amd64

VM Arguments:
jvm_args: --add-opens=java.base/java.util=ALL-UNNAMED --add-opens=java.base/java.lang=ALL-UNNAMED --add-opens=java.base/java.lang.invoke=ALL-UNNAMED --add-opens=java.prefs/java.util.prefs=ALL-UNNAMED --add-opens=java.base/java.nio.charset=ALL-UNNAMED --add-opens=java.base/java.net=ALL-UNNAMED --add-opens=java.base/java.util.concurrent.atomic=ALL-UNNAMED -Xmx3G -Dfile.encoding=UTF-8 -Duser.country=KR -Duser.language=ko -Duser.variant -javaagent:C:\Users\dksrk\.gradle\wrapper\dists\gradle-8.8-bin\dl7vupf4psengwqhwktix4v1\gradle-8.8\lib\agents\gradle-instrumentation-agent-8.8.jar 
java_command: org.gradle.launcher.daemon.bootstrap.GradleDaemon 8.8
java_class_path (initial): C:\Users\dksrk\.gradle\wrapper\dists\gradle-8.8-bin\dl7vupf4psengwqhwktix4v1\gradle-8.8\lib\gradle-launcher-8.8.jar
Launcher Type: SUN_STANDARD

[Global flags]
     intx CICompilerCount                          = 4                                         {product} {ergonomic}
     uint ConcGCThreads                            = 3                                         {product} {ergonomic}
     uint G1ConcRefinementThreads                  = 10                                        {product} {ergonomic}
   size_t G1HeapRegionSize                         = 2097152                                   {product} {ergonomic}
    uintx GCDrainStackTargetSize                   = 64                                        {product} {ergonomic}
   size_t InitialHeapSize                          = 268435456                                 {product} {ergonomic}
   size_t MarkStackSize                            = 4194304                                   {product} {ergonomic}
   size_t MaxHeapSize                              = 3221225472                                {product} {command line}
   size_t MaxNewSize                               = 1931476992                                {product} {ergonomic}
   size_t MinHeapDeltaBytes                        = 2097152                                   {product} {ergonomic}
   size_t MinHeapSize                              = 8388608                                   {product} {ergonomic}
    uintx NonNMethodCodeHeapSize                   = 5839372                                {pd product} {ergonomic}
    uintx NonProfiledCodeHeapSize                  = 122909434                              {pd product} {ergonomic}
    uintx ProfiledCodeHeapSize                     = 122909434                              {pd product} {ergonomic}
    uintx ReservedCodeCacheSize                    = 251658240                              {pd product} {ergonomic}
     bool SegmentedCodeCache                       = true                                      {product} {ergonomic}
   size_t SoftMaxHeapSize                          = 3221225472                             {manageable} {ergonomic}
     bool UseCompressedClassPointers               = true                           {product lp64_product} {ergonomic}
     bool UseCompressedOops                        = true                           {product lp64_product} {ergonomic}
     bool UseG1GC                                  = true                                      {product} {ergonomic}
     bool UseLargePagesIndividualAllocation        = false                                  {pd product} {ergonomic}

Logging:
Log output configuration:
 #0: stdout all=warning uptime,level,tags
 #1: stderr all=off uptime,level,tags

Environment Variables:
PATH=D:\bin;C:\Program Files\Eclipse Adoptium\jdk-25.0.2.10-hotspot\bin;C:\WINDOWS\system32;C:\WINDOWS;C:\WINDOWS\System32\Wbem;C:\WINDOWS\System32\WindowsPowerShell\v1.0\;C:\WINDOWS\System32\OpenSSH\;C:\Program Files\dotnet\;C:\Program Files\Tailscale\;C:\Program Files\Git\cmd;C:\Users\dksrk\AppData\Local\Microsoft\WindowsApps;C:\Users\dksrk\AppData\Local\Programs\Microsoft VS Code\bin;C:\Users\dksrk\.dotnet\tools;C:\Users\dksrk\AppData\Local\GitHubDesktop\bin;C:\ProgramData\dksrk\GitHubDesktop\bin;C:\Program Files\JetBrains\IntelliJ IDEA 2026.1.3\bin
USERNAME=dksrk
OS=Windows_NT
PROCESSOR_IDENTIFIER=AMD64 Family 25 Model 33 Stepping 2, AuthenticAMD
TMP=C:\Users\dksrk\AppData\Local\Temp
TEMP=C:\Users\dksrk\AppData\Local\Temp



Periodic native trim disabled


---------------  S Y S T E M  ---------------

OS:
 Windows 11 , 64 bit Build 26100 (10.0.26100.8521)
OS uptime: 0 days 6:15 hours

CPU: total 12 (initial active 12) (12 cores per cpu, 2 threads per core) family 25 model 33 stepping 2 microcode 0xa20120a, cx8, cmov, fxsr, ht, mmx, 3dnowpref, sse, sse2, sse3, ssse3, sse4a, sse4.1, sse4.2, popcnt, lzcnt, tsc, tscinvbit, avx, avx2, aes, erms, clmul, bmi1, bmi2, adx, sha, fma, vzeroupper, clflush, clflushopt
Processor Information for all 12 processors :
  Max Mhz: 3501, Current Mhz: 3501, Mhz Limit: 3501

Memory: 4k page, system-wide physical 16309M (736M free)
TotalPageFile size 26304M (AvailPageFile size 19M)
current process WorkingSet (physical memory assigned to process): 499M, peak: 503M
current process commit charge ("private bytes"): 558M, peak: 603M

vm_info: OpenJDK 64-Bit Server VM (17.0.19+10) for windows-amd64 JRE (17.0.19+10), built on Apr 25 2026 08:04:44 by "admin" with MS VC++ 17.12 (VS2022)

END.
