#
# There is insufficient memory for the Java Runtime Environment to continue.
# Native memory allocation (malloc) failed to allocate 131088 bytes. Error detail: Chunk::new
# Possible reasons:
#   The system is out of physical RAM or swap space
#   This process is running with CompressedOops enabled, and the Java Heap may be blocking the growth of the native heap
# Possible solutions:
#   Reduce memory load on the system
#   Increase physical memory or swap space
#   Check if swap backing store is full
#   Decrease Java heap size (-Xmx/-Xms)
#   Decrease number of Java threads
#   Decrease Java thread stack sizes (-Xss)
#   Set larger code cache with -XX:ReservedCodeCacheSize=
#   JVM is running with Unscaled Compressed Oops mode in which the Java heap is
#     placed in the first 4GB address space. The Java Heap base address is the
#     maximum limit for the native heap growth. Please use -XX:HeapBaseMinAddress
#     to set the Java Heap base and to place the Java Heap above 4GB virtual address.
# This output file may be truncated or incomplete.
#
#  Out of Memory Error (arena.cpp:168), pid=27460, tid=15488
#
# JRE version: OpenJDK Runtime Environment Temurin-21.0.10+7 (21.0.10+7) (build 21.0.10+7-LTS)
# Java VM: OpenJDK 64-Bit Server VM Temurin-21.0.10+7 (21.0.10+7-LTS, mixed mode, sharing, tiered, compressed oops, compressed class ptrs, parallel gc, windows-amd64)
# No core dump will be written. Minidumps are not enabled by default on client versions of Windows
#

---------------  S U M M A R Y ------------

Command Line: --add-modules=ALL-SYSTEM --add-opens=java.base/java.util=ALL-UNNAMED --add-opens=java.base/java.lang=ALL-UNNAMED --add-opens=java.base/sun.nio.fs=ALL-UNNAMED -Declipse.application=org.eclipse.jdt.ls.core.id1 -Dosgi.bundles.defaultStartLevel=4 -Declipse.product=org.eclipse.jdt.ls.core.product -Djava.import.generatesMetadataFilesAtProjectRoot=false -DDetectVMInstallationsJob.disabled=true -Dfile.encoding=utf8 -XX:+UseParallelGC -XX:GCTimeRatio=4 -XX:AdaptiveSizePolicyWeight=90 -Dsun.zip.disableMemoryMapping=true -Xmx2G -Xms100m -Xlog:disable -javaagent:c:\Users\dksrk\.vscode\extensions\redhat.java-1.54.0-win32-x64\lombok\lombok-1.18.39-4050.jar -XX:+HeapDumpOnOutOfMemoryError -XX:HeapDumpPath=c:\Users\dksrk\AppData\Roaming\Code\User\workspaceStorage\4fe0deb17e4df083992a26d9dd0aa8f8\redhat.java -Daether.dependencyCollector.impl=bf c:\Users\dksrk\.vscode\extensions\redhat.java-1.54.0-win32-x64\server\plugins\org.eclipse.equinox.launcher_1.7.100.v20251111-0406.jar -configuration c:\Users\dksrk\AppData\Roaming\Code\User\globalStorage\redhat.java\1.54.0\config_win -data c:\Users\dksrk\AppData\Roaming\Code\User\workspaceStorage\4fe0deb17e4df083992a26d9dd0aa8f8\redhat.java\jdt_ws --pipe=\\.\pipe\lsp-674efc1fe037371fa890e57b2c5c11c9-sock

Host: AMD Ryzen 5 5600 6-Core Processor              , 12 cores, 15G,  Windows 11 , 64 bit Build 26100 (10.0.26100.8521)
Time: Sat Jun 20 17:35:48 2026 elapsed time: 98.550739 seconds (0d 0h 1m 38s)

---------------  T H R E A D  ---------------

Current thread (0x0000022b8af2a160):  JavaThread "C2 CompilerThread0" daemon [_thread_in_native, id=15488, stack(0x0000003e47600000,0x0000003e47700000) (1024K)]


Current CompileTask:
C2:98550 16147       4       org.eclipse.jdt.internal.compiler.classfmt.ModuleInfo::readModuleAttribute (1166 bytes)

Stack: [0x0000003e47600000,0x0000003e47700000]
Native frames: (J=compiled Java code, j=interpreted, Vv=VM code, C=native code)
V  [jvm.dll+0x6d7a39]
V  [jvm.dll+0x8b4b26]
V  [jvm.dll+0x8b70de]
V  [jvm.dll+0x8b77c3]
V  [jvm.dll+0x284346]
V  [jvm.dll+0xc66ed]
V  [jvm.dll+0xc6c31]
V  [jvm.dll+0xd405d]
V  [jvm.dll+0x5ee8cd]
V  [jvm.dll+0x5ecded]
V  [jvm.dll+0x5ed690]
V  [jvm.dll+0x5ecc0e]
V  [jvm.dll+0x5ecc21]
V  [jvm.dll+0x5ecc21]
V  [jvm.dll+0x5ecc21]
V  [jvm.dll+0x5ecc21]
V  [jvm.dll+0x5ecc21]
V  [jvm.dll+0x5ecc21]
V  [jvm.dll+0x5ecbd5]
V  [jvm.dll+0x5ecc21]
V  [jvm.dll+0x5ecc21]
V  [jvm.dll+0x5ecc21]
V  [jvm.dll+0x5ecc21]
V  [jvm.dll+0x5ecc21]
V  [jvm.dll+0x5ecc21]
V  [jvm.dll+0x5ecc21]
V  [jvm.dll+0x5ecc21]
V  [jvm.dll+0x5ecc21]
V  [jvm.dll+0x5ecc21]
V  [jvm.dll+0x5ecc21]
V  [jvm.dll+0x5ecc21]
V  [jvm.dll+0x5ecc21]
V  [jvm.dll+0x5fefd3]
V  [jvm.dll+0x255b17]
V  [jvm.dll+0x255edd]
V  [jvm.dll+0x24e500]
V  [jvm.dll+0x24ba42]
V  [jvm.dll+0x1cb34e]
V  [jvm.dll+0x25b85d]
V  [jvm.dll+0x259dea]
V  [jvm.dll+0x3f857e]
V  [jvm.dll+0x85f59d]
V  [jvm.dll+0x6d626d]
C  [ucrtbase.dll+0x2cd30]
C  [KERNEL32.DLL+0x2e957]
C  [ntdll.dll+0x87c1c]


---------------  P R O C E S S  ---------------

Threads class SMR info:
_java_thread_list=0x0000022ba41b0c20, length=98, elements={
0x0000022b302fca00, 0x0000022b489ac4e0, 0x0000022b489ae280, 0x0000022b8af19240,
0x0000022b8af19ca0, 0x0000022b8af1c8e0, 0x0000022b8af1db80, 0x0000022b8af2a160,
0x0000022b8af2ad50, 0x0000022b8b140190, 0x0000022b8b27f0c0, 0x0000022b90ace2b0,
0x0000022b90acefd0, 0x0000022b90ad0a10, 0x0000022b90ad0380, 0x0000022b90ad10a0,
0x0000022b90acf660, 0x0000022b90ad1730, 0x0000022b90d55ac0, 0x0000022b90d539f0,
0x0000022b90d54da0, 0x0000022b90d54080, 0x0000022b90d56150, 0x0000022b90d52cd0,
0x0000022b90d58f40, 0x0000022b90d57b90, 0x0000022b90d595d0, 0x0000022b90d56e70,
0x0000022b90d588b0, 0x0000022b90d59c60, 0x0000022b90d57500, 0x0000022b90d58220,
0x0000022b90d567e0, 0x0000022b90d5a2f0, 0x0000022b921dcfb0, 0x0000022b921dc920,
0x0000022b921dc290, 0x0000022b921ddcd0, 0x0000022b921dbc00, 0x0000022b921dd640,
0x0000022b921e17e0, 0x0000022b921e1e70, 0x0000022b90d55430, 0x0000022b922e54f0,
0x0000022b922e5b80, 0x0000022b922e82e0, 0x0000022b922e8970, 0x0000022b922e7c50,
0x0000022b922e6210, 0x0000022b922e6f30, 0x0000022b922ea3b0, 0x0000022b922eaa40,
0x0000022b922e75c0, 0x0000022b922eb0d0, 0x0000022b922ec480, 0x0000022b922e9690,
0x0000022b922eb760, 0x0000022b921e0ac0, 0x0000022b90acfcf0, 0x0000022b922ebdf0,
0x0000022b959d6660, 0x0000022b959d6cf0, 0x0000022b959d8730, 0x0000022b959d9450,
0x0000022b959d9ae0, 0x0000022b959d80a0, 0x0000022b959d7380, 0x0000022b959dbbb0,
0x0000022b959dc240, 0x0000022b959db520, 0x0000022b959dae90, 0x0000022b959d8dc0,
0x0000022b959dcf60, 0x0000022b959dc8d0, 0x0000022b959da170, 0x0000022b959da800,
0x0000022b921e0430, 0x0000022b91903240, 0x0000022b919038d0, 0x0000022b919045f0,
0x0000022b91906d50, 0x0000022b91903f60, 0x0000022b91906030, 0x0000022b919066c0,
0x0000022b9190a860, 0x0000022b919073e0, 0x0000022b9190a1d0, 0x0000022b91908100,
0x0000022b9e2cc0a0, 0x0000022b9e2ccdc0, 0x0000022b9e2cd450, 0x0000022b93fcfc70,
0x0000022b93fd4090, 0x0000022b9e2cacf0, 0x0000022b9e2cdae0, 0x0000022b9e2cc730,
0x0000022b9e2ce170, 0x0000022b9e2cb380
}

Java Threads: ( => current thread )
  0x0000022b302fca00 JavaThread "main"                              [_thread_blocked, id=30596, stack(0x0000003e46c00000,0x0000003e46d00000) (1024K)]
  0x0000022b489ac4e0 JavaThread "Reference Handler"          daemon [_thread_blocked, id=20840, stack(0x0000003e47000000,0x0000003e47100000) (1024K)]
  0x0000022b489ae280 JavaThread "Finalizer"                  daemon [_thread_blocked, id=16536, stack(0x0000003e47100000,0x0000003e47200000) (1024K)]
  0x0000022b8af19240 JavaThread "Signal Dispatcher"          daemon [_thread_blocked, id=29248, stack(0x0000003e47200000,0x0000003e47300000) (1024K)]
  0x0000022b8af19ca0 JavaThread "Attach Listener"            daemon [_thread_blocked, id=25844, stack(0x0000003e47300000,0x0000003e47400000) (1024K)]
  0x0000022b8af1c8e0 JavaThread "Service Thread"             daemon [_thread_blocked, id=6232, stack(0x0000003e47400000,0x0000003e47500000) (1024K)]
  0x0000022b8af1db80 JavaThread "Monitor Deflation Thread"   daemon [_thread_blocked, id=2392, stack(0x0000003e47500000,0x0000003e47600000) (1024K)]
=>0x0000022b8af2a160 JavaThread "C2 CompilerThread0"         daemon [_thread_in_native, id=15488, stack(0x0000003e47600000,0x0000003e47700000) (1024K)]
  0x0000022b8af2ad50 JavaThread "C1 CompilerThread0"         daemon [_thread_blocked, id=11184, stack(0x0000003e47700000,0x0000003e47800000) (1024K)]
  0x0000022b8b140190 JavaThread "Common-Cleaner"             daemon [_thread_blocked, id=2224, stack(0x0000003e47900000,0x0000003e47a00000) (1024K)]
  0x0000022b8b27f0c0 JavaThread "Notification Thread"        daemon [_thread_blocked, id=27512, stack(0x0000003e47a00000,0x0000003e47b00000) (1024K)]
  0x0000022b90ace2b0 JavaThread "Active Thread: Equinox Container: f93f338b-0dc3-4793-b797-67688de5bcb3"        [_thread_blocked, id=30056, stack(0x0000003e48200000,0x0000003e48300000) (1024K)]
  0x0000022b90acefd0 JavaThread "Refresh Thread: Equinox Container: f93f338b-0dc3-4793-b797-67688de5bcb3" daemon [_thread_blocked, id=22604, stack(0x0000003e48400000,0x0000003e48500000) (1024K)]
  0x0000022b90ad0a10 JavaThread "Framework Event Dispatcher: Equinox Container: f93f338b-0dc3-4793-b797-67688de5bcb3" daemon [_thread_blocked, id=29892, stack(0x0000003e48500000,0x0000003e48600000) (1024K)]
  0x0000022b90ad0380 JavaThread "Start Level: Equinox Container: f93f338b-0dc3-4793-b797-67688de5bcb3" daemon [_thread_blocked, id=27556, stack(0x0000003e48600000,0x0000003e48700000) (1024K)]
  0x0000022b90ad10a0 JavaThread "Bundle File Closer"         daemon [_thread_blocked, id=27124, stack(0x0000003e48900000,0x0000003e48a00000) (1024K)]
  0x0000022b90acf660 JavaThread "SCR Component Actor"        daemon [_thread_blocked, id=28176, stack(0x0000003e47800000,0x0000003e47900000) (1024K)]
  0x0000022b90ad1730 JavaThread "Worker-JM"                         [_thread_blocked, id=800, stack(0x0000003e48b00000,0x0000003e48c00000) (1024K)]
  0x0000022b90d55ac0 JavaThread "JNA Cleaner"                daemon [_thread_blocked, id=22132, stack(0x0000003e48c00000,0x0000003e48d00000) (1024K)]
  0x0000022b90d539f0 JavaThread "Worker-0"                          [_thread_blocked, id=29716, stack(0x0000003e48d00000,0x0000003e48e00000) (1024K)]
  0x0000022b90d54da0 JavaThread "Worker-1: Refreshing workspace"        [_thread_blocked, id=7852, stack(0x0000003e48e00000,0x0000003e48f00000) (1024K)]
  0x0000022b90d54080 JavaThread "Java indexing"              daemon [_thread_blocked, id=13492, stack(0x0000003e49000000,0x0000003e49100000) (1024K)]
  0x0000022b90d56150 JavaThread "Worker-3"                          [_thread_blocked, id=25848, stack(0x0000003e49300000,0x0000003e49400000) (1024K)]
  0x0000022b90d52cd0 JavaThread "Worker-4: Initialize workspace"        [_thread_blocked, id=16040, stack(0x0000003e49400000,0x0000003e49500000) (1024K)]
  0x0000022b90d58f40 JavaThread "Thread-1"                   daemon [_thread_in_native, id=16192, stack(0x0000003e49500000,0x0000003e49600000) (1024K)]
  0x0000022b90d57b90 JavaThread "Thread-2"                   daemon [_thread_in_native, id=10340, stack(0x0000003e49600000,0x0000003e49700000) (1024K)]
  0x0000022b90d595d0 JavaThread "Thread-3"                   daemon [_thread_in_native, id=2528, stack(0x0000003e49700000,0x0000003e49800000) (1024K)]
  0x0000022b90d56e70 JavaThread "Thread-4"                   daemon [_thread_in_native, id=8680, stack(0x0000003e49800000,0x0000003e49900000) (1024K)]
  0x0000022b90d588b0 JavaThread "Thread-5"                   daemon [_thread_in_native, id=25544, stack(0x0000003e49900000,0x0000003e49a00000) (1024K)]
  0x0000022b90d59c60 JavaThread "Thread-6"                   daemon [_thread_in_native, id=12136, stack(0x0000003e49a00000,0x0000003e49b00000) (1024K)]
  0x0000022b90d57500 JavaThread "Thread-7"                   daemon [_thread_in_native, id=25328, stack(0x0000003e49b00000,0x0000003e49c00000) (1024K)]
  0x0000022b90d58220 JavaThread "Thread-8"                   daemon [_thread_in_native, id=13748, stack(0x0000003e49c00000,0x0000003e49d00000) (1024K)]
  0x0000022b90d567e0 JavaThread "Thread-9"                   daemon [_thread_in_native, id=27712, stack(0x0000003e49d00000,0x0000003e49e00000) (1024K)]
  0x0000022b90d5a2f0 JavaThread "Thread-10"                  daemon [_thread_in_native, id=30444, stack(0x0000003e49e00000,0x0000003e49f00000) (1024K)]
  0x0000022b921dcfb0 JavaThread "Thread-11"                  daemon [_thread_in_native, id=21580, stack(0x0000003e49f00000,0x0000003e4a000000) (1024K)]
  0x0000022b921dc920 JavaThread "Thread-12"                  daemon [_thread_in_native, id=12852, stack(0x0000003e4a000000,0x0000003e4a100000) (1024K)]
  0x0000022b921dc290 JavaThread "Thread-13"                  daemon [_thread_in_native, id=20144, stack(0x0000003e4a100000,0x0000003e4a200000) (1024K)]
  0x0000022b921ddcd0 JavaThread "pool-2-thread-1"                   [_thread_blocked, id=11608, stack(0x0000003e4a200000,0x0000003e4a300000) (1024K)]
  0x0000022b921dbc00 JavaThread "WorkspaceEventsHandler"            [_thread_blocked, id=13040, stack(0x0000003e4a300000,0x0000003e4a400000) (1024K)]
  0x0000022b921dd640 JavaThread "pool-1-thread-1"                   [_thread_blocked, id=27724, stack(0x0000003e4a400000,0x0000003e4a500000) (1024K)]
  0x0000022b921e17e0 JavaThread "Worker-5: Update project modding"        [_thread_blocked, id=28732, stack(0x0000003e4a500000,0x0000003e4a600000) (1024K)]
  0x0000022b921e1e70 JavaThread "Worker-6"                          [_thread_blocked, id=3288, stack(0x0000003e4a600000,0x0000003e4a700000) (1024K)]
  0x0000022b90d55430 JavaThread "LocalFile Deleter"          daemon [_thread_blocked, id=27344, stack(0x0000003e46b00000,0x0000003e46c00000) (1024K)]
  0x0000022b922e54f0 JavaThread "LocalFile Deleter"          daemon [_thread_blocked, id=3184, stack(0x0000003e47b00000,0x0000003e47c00000) (1024K)]
  0x0000022b922e5b80 JavaThread "LocalFile Deleter"          daemon [_thread_blocked, id=30048, stack(0x0000003e48f00000,0x0000003e49000000) (1024K)]
  0x0000022b922e82e0 JavaThread "LocalFile Deleter"          daemon [_thread_blocked, id=26304, stack(0x0000003e4a800000,0x0000003e4a900000) (1024K)]
  0x0000022b922e8970 JavaThread "LocalFile Deleter"          daemon [_thread_blocked, id=26096, stack(0x0000003e4a900000,0x0000003e4aa00000) (1024K)]
  0x0000022b922e7c50 JavaThread "LocalFile Deleter"          daemon [_thread_blocked, id=25312, stack(0x0000003e4aa00000,0x0000003e4ab00000) (1024K)]
  0x0000022b922e6210 JavaThread "LocalFile Deleter"          daemon [_thread_blocked, id=8108, stack(0x0000003e4ab00000,0x0000003e4ac00000) (1024K)]
  0x0000022b922e6f30 JavaThread "Timer-0"                           [_thread_blocked, id=6236, stack(0x0000003e4ac00000,0x0000003e4ad00000) (1024K)]
  0x0000022b922ea3b0 JavaThread "Exec process"                      [_thread_blocked, id=13264, stack(0x0000003e48a00000,0x0000003e48b00000) (1024K)]
  0x0000022b922eaa40 JavaThread "Exec process Thread 2"             [_thread_blocked, id=3312, stack(0x0000003e4ae00000,0x0000003e4af00000) (1024K)]
  0x0000022b922e75c0 JavaThread "Exec process Thread 3"             [_thread_blocked, id=25808, stack(0x0000003e4af00000,0x0000003e4b000000) (1024K)]
  0x0000022b922eb0d0 JavaThread "Timer-1"                           [_thread_blocked, id=26024, stack(0x0000003e4ad00000,0x0000003e4ae00000) (1024K)]
  0x0000022b922ec480 JavaThread "Timer-2"                           [_thread_blocked, id=27352, stack(0x0000003e4b000000,0x0000003e4b100000) (1024K)]
  0x0000022b922e9690 JavaThread "Timer-3"                           [_thread_blocked, id=28836, stack(0x0000003e4b100000,0x0000003e4b200000) (1024K)]
  0x0000022b922eb760 JavaThread "Timer-4"                           [_thread_blocked, id=11204, stack(0x0000003e4b200000,0x0000003e4b300000) (1024K)]
  0x0000022b921e0ac0 JavaThread "Timer-5"                           [_thread_blocked, id=28552, stack(0x0000003e4b300000,0x0000003e4b400000) (1024K)]
  0x0000022b90acfcf0 JavaThread "Timer-6"                           [_thread_blocked, id=404, stack(0x0000003e4b400000,0x0000003e4b500000) (1024K)]
  0x0000022b922ebdf0 JavaThread "Timer-7"                           [_thread_blocked, id=28144, stack(0x0000003e4b700000,0x0000003e4b800000) (1024K)]
  0x0000022b959d6660 JavaThread "Worker-7"                          [_thread_blocked, id=29516, stack(0x0000003e4b600000,0x0000003e4b700000) (1024K)]
  0x0000022b959d6cf0 JavaThread "Compiler Source File Reader" daemon [_thread_blocked, id=23144, stack(0x0000003e4a700000,0x0000003e4a800000) (1024K)]
  0x0000022b959d8730 JavaThread "Compiler Source File Reader" daemon [_thread_blocked, id=30288, stack(0x0000003e4b800000,0x0000003e4b900000) (1024K)]
  0x0000022b959d9450 JavaThread "Compiler Source File Reader" daemon [_thread_blocked, id=7888, stack(0x0000003e4b900000,0x0000003e4ba00000) (1024K)]
  0x0000022b959d9ae0 JavaThread "Compiler Source File Reader" daemon [_thread_blocked, id=29560, stack(0x0000003e4bb00000,0x0000003e4bc00000) (1024K)]
  0x0000022b959d80a0 JavaThread "Compiler Source File Reader" daemon [_thread_blocked, id=14256, stack(0x0000003e4bd00000,0x0000003e4be00000) (1024K)]
  0x0000022b959d7380 JavaThread "Compiler Source File Reader" daemon [_thread_blocked, id=9104, stack(0x0000003e4be00000,0x0000003e4bf00000) (1024K)]
  0x0000022b959dbbb0 JavaThread "Compiler Source File Reader" daemon [_thread_blocked, id=29212, stack(0x0000003e4bf00000,0x0000003e4c000000) (1024K)]
  0x0000022b959dc240 JavaThread "Compiler Source File Reader" daemon [_thread_blocked, id=26372, stack(0x0000003e4c000000,0x0000003e4c100000) (1024K)]
  0x0000022b959db520 JavaThread "Compiler Source File Reader" daemon [_thread_blocked, id=13256, stack(0x0000003e4c100000,0x0000003e4c200000) (1024K)]
  0x0000022b959dae90 JavaThread "Compiler Source File Reader" daemon [_thread_blocked, id=25720, stack(0x0000003e4c200000,0x0000003e4c300000) (1024K)]
  0x0000022b959d8dc0 JavaThread "Compiler Processing Task"   daemon [_thread_blocked, id=3772, stack(0x0000003e4c300000,0x0000003e4c400000) (1024K)]
  0x0000022b959dcf60 JavaThread "Compiler Class File Writer" daemon [_thread_blocked, id=8796, stack(0x0000003e4c400000,0x0000003e4c500000) (1024K)]
  0x0000022b959dc8d0 JavaThread "Compiler Class File Writer" daemon [_thread_blocked, id=27416, stack(0x0000003e4c500000,0x0000003e4c600000) (1024K)]
  0x0000022b959da170 JavaThread "Compiler Class File Writer" daemon [_thread_blocked, id=8576, stack(0x0000003e4c600000,0x0000003e4c700000) (1024K)]
  0x0000022b959da800 JavaThread "Compiler Class File Writer" daemon [_thread_blocked, id=30072, stack(0x0000003e4c700000,0x0000003e4c800000) (1024K)]
  0x0000022b921e0430 JavaThread "Compiler Class File Writer" daemon [_thread_blocked, id=8960, stack(0x0000003e4c800000,0x0000003e4c900000) (1024K)]
  0x0000022b91903240 JavaThread "ForkJoinPool.commonPool-worker-2" daemon [_thread_blocked, id=26812, stack(0x0000003e4c900000,0x0000003e4ca00000) (1024K)]
  0x0000022b919038d0 JavaThread "Compiler Class File Writer" daemon [_thread_blocked, id=24532, stack(0x0000003e4ca00000,0x0000003e4cb00000) (1024K)]
  0x0000022b919045f0 JavaThread "Compiler Class File Writer" daemon [_thread_blocked, id=4912, stack(0x0000003e4cb00000,0x0000003e4cc00000) (1024K)]
  0x0000022b91906d50 JavaThread "Compiler Class File Writer" daemon [_thread_blocked, id=29700, stack(0x0000003e4cc00000,0x0000003e4cd00000) (1024K)]
  0x0000022b91903f60 JavaThread "Compiler Class File Writer" daemon [_thread_blocked, id=25136, stack(0x0000003e4cd00000,0x0000003e4ce00000) (1024K)]
  0x0000022b91906030 JavaThread "Compiler Class File Writer" daemon [_thread_blocked, id=24608, stack(0x0000003e4ce00000,0x0000003e4cf00000) (1024K)]
  0x0000022b919066c0 JavaThread "Worker-8"                          [_thread_blocked, id=9404, stack(0x0000003e4cf00000,0x0000003e4d000000) (1024K)]
  0x0000022b9190a860 JavaThread "Timer-8"                           [_thread_blocked, id=28860, stack(0x0000003e4d000000,0x0000003e4d100000) (1024K)]
  0x0000022b919073e0 JavaThread "Timer-9"                           [_thread_blocked, id=29444, stack(0x0000003e4d100000,0x0000003e4d200000) (1024K)]
  0x0000022b9190a1d0 JavaThread "Timer-10"                          [_thread_blocked, id=30096, stack(0x0000003e4ba00000,0x0000003e4bb00000) (1024K)]
  0x0000022b91908100 JavaThread "Timer-11"                          [_thread_blocked, id=11924, stack(0x0000003e4d200000,0x0000003e4d300000) (1024K)]
  0x0000022b9e2cc0a0 JavaThread "Connection worker"                 [_thread_in_native, id=26012, stack(0x0000003e4bc00000,0x0000003e4bd00000) (1024K)]
  0x0000022b9e2ccdc0 JavaThread "pool-5-thread-1"                   [_thread_blocked, id=26152, stack(0x0000003e4d400000,0x0000003e4d500000) (1024K)]
  0x0000022b9e2cd450 JavaThread "Forward input"                     [_thread_blocked, id=27768, stack(0x0000003e4d500000,0x0000003e4d600000) (1024K)]
  0x0000022b93fcfc70 JavaThread "C2 CompilerThread1"         daemon [_thread_blocked, id=13608, stack(0x0000003e4d300000,0x0000003e4d400000) (1024K)]
  0x0000022b93fd4090 JavaThread "C2 CompilerThread2"         daemon [_thread_blocked, id=12048, stack(0x0000003e4d600000,0x0000003e4d700000) (1024K)]
  0x0000022b9e2cacf0 JavaThread "ForkJoinPool.commonPool-worker-3" daemon [_thread_blocked, id=2752, stack(0x0000003e4d700000,0x0000003e4d800000) (1024K)]
  0x0000022b9e2cdae0 JavaThread "ForkJoinPool.commonPool-worker-4" daemon [_thread_blocked, id=13592, stack(0x0000003e4d800000,0x0000003e4d900000) (1024K)]
  0x0000022b9e2cc730 JavaThread "ForkJoinPool.commonPool-worker-5" daemon [_thread_blocked, id=8044, stack(0x0000003e4d900000,0x0000003e4da00000) (1024K)]
  0x0000022b9e2ce170 JavaThread "ForkJoinPool.commonPool-worker-6" daemon [_thread_blocked, id=11896, stack(0x0000003e4da00000,0x0000003e4db00000) (1024K)]
  0x0000022b9e2cb380 JavaThread "ForkJoinPool.commonPool-worker-7" daemon [_thread_blocked, id=29284, stack(0x0000003e4db00000,0x0000003e4dc00000) (1024K)]
Total: 98

Other Threads:
  0x0000022b48994540 VMThread "VM Thread"                           [id=30456, stack(0x0000003e46f00000,0x0000003e47000000) (1024K)]
  0x0000022b4888ca00 WatcherThread "VM Periodic Task Thread"        [id=21204, stack(0x0000003e46e00000,0x0000003e46f00000) (1024K)]
  0x0000022b30313ee0 WorkerThread "GC Thread#0"                     [id=17864, stack(0x0000003e46d00000,0x0000003e46e00000) (1024K)]
  0x0000022b901836e0 WorkerThread "GC Thread#1"                     [id=29640, stack(0x0000003e47c00000,0x0000003e47d00000) (1024K)]
  0x0000022b9049dd30 WorkerThread "GC Thread#2"                     [id=26868, stack(0x0000003e47d00000,0x0000003e47e00000) (1024K)]
  0x0000022b901f0d90 WorkerThread "GC Thread#3"                     [id=15628, stack(0x0000003e47e00000,0x0000003e47f00000) (1024K)]
  0x0000022b9014ca50 WorkerThread "GC Thread#4"                     [id=4556, stack(0x0000003e47f00000,0x0000003e48000000) (1024K)]
  0x0000022b9014d210 WorkerThread "GC Thread#5"                     [id=13392, stack(0x0000003e48000000,0x0000003e48100000) (1024K)]
  0x0000022b9014d5c0 WorkerThread "GC Thread#6"                     [id=26120, stack(0x0000003e48100000,0x0000003e48200000) (1024K)]
  0x0000022b908cc0a0 WorkerThread "GC Thread#7"                     [id=29060, stack(0x0000003e48300000,0x0000003e48400000) (1024K)]
  0x0000022b907b9de0 WorkerThread "GC Thread#8"                     [id=5220, stack(0x0000003e48700000,0x0000003e48800000) (1024K)]
  0x0000022b90b9c230 WorkerThread "GC Thread#9"                     [id=14360, stack(0x0000003e48800000,0x0000003e48900000) (1024K)]
Total: 12

Threads with active compile tasks:
C2 CompilerThread0  98602 16147       4       org.eclipse.jdt.internal.compiler.classfmt.ModuleInfo::readModuleAttribute (1166 bytes)
C2 CompilerThread1  98602 16179   !   4       org.eclipse.jdt.internal.compiler.lookup.BinaryTypeBinding::createFields (616 bytes)
C2 CompilerThread2  98602 16155       4       org.eclipse.jdt.internal.compiler.lookup.ModuleBinding::getVisiblePackage (472 bytes)
Total: 3

VM state: at safepoint (normal execution)

VM Mutex/Monitor currently owned by a thread:  ([mutex/lock_event])
[0x00007ffd23b4e560] Threads_lock - owner thread: 0x0000022b48994540
[0x00007ffd23b4e660] Heap_lock - owner thread: 0x0000022b9e2cb380

Heap address: 0x0000000080000000, size: 2048 MB, Compressed Oops mode: 32-bit

CDS archive(s) mapped at: [0x0000022b49000000-0x0000022b49ba0000-0x0000022b49ba0000), size 12189696, SharedBaseAddress: 0x0000022b49000000, ArchiveRelocationMode: 1.
Compressed class space mapped at: 0x0000022b4a000000-0x0000022b8a000000, reserved size: 1073741824
Narrow klass base: 0x0000022b49000000, Narrow klass shift: 0, Narrow klass range: 0x100000000

GC Precious Log:
 CardTable entry size: 512
 CPUs: 12 total, 12 available
 Memory: 16309M
 Large Page Support: Disabled
 NUMA Support: Disabled
 Compressed Oops: Enabled (32-bit)
 Alignments: Space 512K, Generation 512K, Heap 2M
 Heap Min Capacity: 100M
 Heap Initial Capacity: 100M
 Heap Max Capacity: 2G
 Pre-touch: Disabled
 Parallel Workers: 10

Heap:
 PSYoungGen      total 7680K, used 6294K [0x00000000d5580000, 0x00000000d5e80000, 0x0000000100000000)
  eden space 5632K, 98% used [0x00000000d5580000,0x00000000d5ae5860,0x00000000d5b00000)
  from space 2048K, 37% used [0x00000000d5c80000,0x00000000d5d40000,0x00000000d5e80000)
  to   space 1536K, 20% used [0x00000000d5b00000,0x00000000d5b50000,0x00000000d5c80000)
 ParOldGen       total 1065984K, used 1065488K [0x0000000080000000, 0x00000000c1100000, 0x00000000d5580000)
  object space 1065984K, 99% used [0x0000000080000000,0x00000000c10843d8,0x00000000c1100000)
 Metaspace       used 85889K, committed 87616K, reserved 1179648K
  class space    used 9925K, committed 10688K, reserved 1048576K

Card table byte_map: [0x0000022b43cf0000,0x0000022b44100000] _byte_map_base: 0x0000022b438f0000

Marking Bits: (ParMarkBitMap*) 0x00007ffd23b53450
 Begin Bits: [0x0000022b443b0000, 0x0000022b463b0000)
 End Bits:   [0x0000022b463b0000, 0x0000022b483b0000)

Polling page: 0x0000022b2fff0000

Metaspace:

Usage:
  Non-class:     74.18 MB used.
      Class:      9.69 MB used.
       Both:     83.88 MB used.

Virtual space:
  Non-class space:      128.00 MB reserved,      75.12 MB ( 59%) committed,  2 nodes.
      Class space:        1.00 GB reserved,      10.44 MB (  1%) committed,  1 nodes.
             Both:        1.12 GB reserved,      85.56 MB (  7%) committed. 

Chunk freelists:
   Non-Class:  4.58 MB
       Class:  5.61 MB
        Both:  10.19 MB

MaxMetaspaceSize: unlimited
CompressedClassSpaceSize: 1.00 GB
Initial GC threshold: 21.00 MB
Current GC threshold: 98.12 MB
CDS: on
 - commit_granule_bytes: 65536.
 - commit_granule_words: 8192.
 - virtual_space_node_default_size: 8388608.
 - enlarge_chunks_in_place: 1.
 - use_allocation_guard: 0.


Internal statistics:

num_allocs_failed_limit: 13.
num_arena_births: 1602.
num_arena_deaths: 14.
num_vsnodes_births: 3.
num_vsnodes_deaths: 0.
num_space_committed: 1369.
num_space_uncommitted: 0.
num_chunks_returned_to_freelist: 27.
num_chunks_taken_from_freelist: 5559.
num_chunk_merges: 16.
num_chunk_splits: 3549.
num_chunks_enlarged: 2171.
num_inconsistent_stats: 0.

CodeHeap 'non-profiled nmethods': size=120000Kb used=15493Kb max_used=15493Kb free=104506Kb
 bounds [0x0000022b3c5e0000, 0x0000022b3d510000, 0x0000022b43b10000]
CodeHeap 'profiled nmethods': size=120000Kb used=36491Kb max_used=36491Kb free=83508Kb
 bounds [0x0000022b34b10000, 0x0000022b36ec0000, 0x0000022b3c040000]
CodeHeap 'non-nmethods': size=5760Kb used=1472Kb max_used=1571Kb free=4287Kb
 bounds [0x0000022b3c040000, 0x0000022b3c2b0000, 0x0000022b3c5e0000]
CodeCache: size=245760Kb, used=53456Kb, max_used=53555Kb, free=192301Kb
 total_blobs=16136, nmethods=15344, adapters=695, full_count=0
Compilation: enabled, stopped_count=0, restarted_count=0

Compilation events (20 events):
Event: 98.538 Thread 0x0000022b8af2ad50 16304       2       org.eclipse.jdt.internal.core.SourceMapper::enterAbstractMethod (652 bytes)
Event: 98.542 Thread 0x0000022b8af2ad50 nmethod 16304 0x0000022b36eac290 code [0x0000022b36eac720, 0x0000022b36eae4e0]
Event: 98.542 Thread 0x0000022b8af2ad50 16301       2       org.eclipse.jdt.internal.core.BinaryType::getMethod (11 bytes)
Event: 98.543 Thread 0x0000022b8af2ad50 nmethod 16301 0x0000022b36eaf890 code [0x0000022b36eafa40, 0x0000022b36eafbe8]
Event: 98.543 Thread 0x0000022b8af2ad50 16302       2       org.eclipse.jdt.internal.core.BinaryMethod::<init> (9 bytes)
Event: 98.543 Thread 0x0000022b8af2ad50 nmethod 16302 0x0000022b36eafc90 code [0x0000022b36eafe40, 0x0000022b36eb0010]
Event: 98.543 Thread 0x0000022b8af2ad50 16298       2       org.eclipse.jdt.internal.core.SourceMapper::setSourceRange (22 bytes)
Event: 98.543 Thread 0x0000022b8af2ad50 nmethod 16298 0x0000022b36eb0110 code [0x0000022b36eb02c0, 0x0000022b36eb05b0]
Event: 98.543 Thread 0x0000022b8af2ad50 16299       2       org.eclipse.jdt.internal.core.SourceMapper::popElementKind (23 bytes)
Event: 98.543 Thread 0x0000022b8af2ad50 nmethod 16299 0x0000022b36eb0710 code [0x0000022b36eb08a0, 0x0000022b36eb09c0]
Event: 98.543 Thread 0x0000022b8af2ad50 16305       2       org.eclipse.jdt.internal.core.SourceMapper::exitAbstractMethod (112 bytes)
Event: 98.543 Thread 0x0000022b8af2ad50 nmethod 16305 0x0000022b36eb0a90 code [0x0000022b36eb0ca0, 0x0000022b36eb1058]
Event: 98.543 Thread 0x0000022b8af2ad50 16306       2       org.eclipse.jdt.internal.core.SourceMapper::setMethodParameterNames (19 bytes)
Event: 98.543 Thread 0x0000022b8af2ad50 nmethod 16306 0x0000022b36eb1390 code [0x0000022b36eb1540, 0x0000022b36eb1688]
Event: 98.543 Thread 0x0000022b8af2ad50 16233       1       java.lang.invoke.MethodHandle::isVarargsCollector (2 bytes)
Event: 98.543 Thread 0x0000022b8af2ad50 nmethod 16233 0x0000022b3d500f90 code [0x0000022b3d501120, 0x0000022b3d5011e8]
Event: 98.545 Thread 0x0000022b8af2ad50 16307       2       org.eclipse.jdt.internal.core.util.MementoTokenizer::nextToken (647 bytes)
Event: 98.546 Thread 0x0000022b8af2ad50 nmethod 16307 0x0000022b36eb1710 code [0x0000022b36eb1a20, 0x0000022b36eb2628]
Event: 98.546 Thread 0x0000022b8af2ad50 16308       1       org.eclipse.jdt.core.dom.ASTVisitor::visit (2 bytes)
Event: 98.546 Thread 0x0000022b8af2ad50 nmethod 16308 0x0000022b3d501290 code [0x0000022b3d501420, 0x0000022b3d5014e8]

GC Heap History (20 events):
Event: 98.441 GC heap before
{Heap before GC invocations=1512 (full 3):
 PSYoungGen      total 3072K, used 2912K [0x00000000d5580000, 0x00000000d5980000, 0x0000000100000000)
  eden space 2560K, 100% used [0x00000000d5580000,0x00000000d5800000,0x00000000d5800000)
  from space 512K, 68% used [0x00000000d5900000,0x00000000d5958000,0x00000000d5980000)
  to   space 512K, 0% used [0x00000000d5880000,0x00000000d5880000,0x00000000d5900000)
 ParOldGen       total 1057792K, used 1057352K [0x0000000080000000, 0x00000000c0900000, 0x00000000d5580000)
  object space 1057792K, 99% used [0x0000000080000000,0x00000000c08923b0,0x00000000c0900000)
 Metaspace       used 85260K, committed 86976K, reserved 1179648K
  class space    used 9880K, committed 10624K, reserved 1048576K
}
Event: 98.442 GC heap after
{Heap after GC invocations=1512 (full 3):
 PSYoungGen      total 3584K, used 480K [0x00000000d5580000, 0x00000000d5980000, 0x0000000100000000)
  eden space 3072K, 0% used [0x00000000d5580000,0x00000000d5580000,0x00000000d5880000)
  from space 512K, 93% used [0x00000000d5880000,0x00000000d58f8020,0x00000000d5900000)
  to   space 512K, 0% used [0x00000000d5900000,0x00000000d5900000,0x00000000d5980000)
 ParOldGen       total 1057792K, used 1057536K [0x0000000080000000, 0x00000000c0900000, 0x00000000d5580000)
  object space 1057792K, 99% used [0x0000000080000000,0x00000000c08c03b0,0x00000000c0900000)
 Metaspace       used 85260K, committed 86976K, reserved 1179648K
  class space    used 9880K, committed 10624K, reserved 1048576K
}
Event: 98.451 GC heap before
{Heap before GC invocations=1513 (full 3):
 PSYoungGen      total 3584K, used 3552K [0x00000000d5580000, 0x00000000d5980000, 0x0000000100000000)
  eden space 3072K, 100% used [0x00000000d5580000,0x00000000d5880000,0x00000000d5880000)
  from space 512K, 93% used [0x00000000d5880000,0x00000000d58f8020,0x00000000d5900000)
  to   space 512K, 0% used [0x00000000d5900000,0x00000000d5900000,0x00000000d5980000)
 ParOldGen       total 1057792K, used 1057536K [0x0000000080000000, 0x00000000c0900000, 0x00000000d5580000)
  object space 1057792K, 99% used [0x0000000080000000,0x00000000c08c03b0,0x00000000c0900000)
 Metaspace       used 85261K, committed 86976K, reserved 1179648K
  class space    used 9880K, committed 10624K, reserved 1048576K
}
Event: 98.453 GC heap after
{Heap after GC invocations=1513 (full 3):
 PSYoungGen      total 2560K, used 512K [0x00000000d5580000, 0x00000000d5c80000, 0x0000000100000000)
  eden space 2048K, 0% used [0x00000000d5580000,0x00000000d5580000,0x00000000d5780000)
  from space 512K, 100% used [0x00000000d5900000,0x00000000d5980000,0x00000000d5980000)
  to   space 1536K, 0% used [0x00000000d5780000,0x00000000d5780000,0x00000000d5900000)
 ParOldGen       total 1058304K, used 1057983K [0x0000000080000000, 0x00000000c0980000, 0x00000000d5580000)
  object space 1058304K, 99% used [0x0000000080000000,0x00000000c092fce0,0x00000000c0980000)
 Metaspace       used 85261K, committed 86976K, reserved 1179648K
  class space    used 9880K, committed 10624K, reserved 1048576K
}
Event: 98.461 GC heap before
{Heap before GC invocations=1514 (full 3):
 PSYoungGen      total 2560K, used 2240K [0x00000000d5580000, 0x00000000d5c80000, 0x0000000100000000)
  eden space 2048K, 84% used [0x00000000d5580000,0x00000000d57303c0,0x00000000d5780000)
  from space 512K, 100% used [0x00000000d5900000,0x00000000d5980000,0x00000000d5980000)
  to   space 1536K, 0% used [0x00000000d5780000,0x00000000d5780000,0x00000000d5900000)
 ParOldGen       total 1058304K, used 1057983K [0x0000000080000000, 0x00000000c0980000, 0x00000000d5580000)
  object space 1058304K, 99% used [0x0000000080000000,0x00000000c092fce0,0x00000000c0980000)
 Metaspace       used 85298K, committed 86976K, reserved 1179648K
  class space    used 9883K, committed 10624K, reserved 1048576K
}
Event: 98.463 GC heap after
{Heap after GC invocations=1514 (full 3):
 PSYoungGen      total 3584K, used 384K [0x00000000d5580000, 0x00000000d5a00000, 0x0000000100000000)
  eden space 2048K, 0% used [0x00000000d5580000,0x00000000d5580000,0x00000000d5780000)
  from space 1536K, 25% used [0x00000000d5780000,0x00000000d57e0000,0x00000000d5900000)
  to   space 1024K, 0% used [0x00000000d5900000,0x00000000d5900000,0x00000000d5a00000)
 ParOldGen       total 1058816K, used 1058470K [0x0000000080000000, 0x00000000c0a00000, 0x00000000d5580000)
  object space 1058816K, 99% used [0x0000000080000000,0x00000000c09a9938,0x00000000c0a00000)
 Metaspace       used 85298K, committed 86976K, reserved 1179648K
  class space    used 9883K, committed 10624K, reserved 1048576K
}
Event: 98.467 GC heap before
{Heap before GC invocations=1515 (full 3):
 PSYoungGen      total 3584K, used 2382K [0x00000000d5580000, 0x00000000d5a00000, 0x0000000100000000)
  eden space 2048K, 97% used [0x00000000d5580000,0x00000000d5773a08,0x00000000d5780000)
  from space 1536K, 25% used [0x00000000d5780000,0x00000000d57e0000,0x00000000d5900000)
  to   space 1024K, 0% used [0x00000000d5900000,0x00000000d5900000,0x00000000d5a00000)
 ParOldGen       total 1058816K, used 1058470K [0x0000000080000000, 0x00000000c0a00000, 0x00000000d5580000)
  object space 1058816K, 99% used [0x0000000080000000,0x00000000c09a9938,0x00000000c0a00000)
 Metaspace       used 85317K, committed 87040K, reserved 1179648K
  class space    used 9885K, committed 10624K, reserved 1048576K
}
Event: 98.470 GC heap after
{Heap after GC invocations=1515 (full 3):
 PSYoungGen      total 3584K, used 837K [0x00000000d5580000, 0x00000000d5a00000, 0x0000000100000000)
  eden space 2560K, 0% used [0x00000000d5580000,0x00000000d5580000,0x00000000d5800000)
  from space 1024K, 81% used [0x00000000d5900000,0x00000000d59d1778,0x00000000d5a00000)
  to   space 1024K, 0% used [0x00000000d5800000,0x00000000d5800000,0x00000000d5900000)
 ParOldGen       total 1059840K, used 1059280K [0x0000000080000000, 0x00000000c0b00000, 0x00000000d5580000)
  object space 1059840K, 99% used [0x0000000080000000,0x00000000c0a74350,0x00000000c0b00000)
 Metaspace       used 85317K, committed 87040K, reserved 1179648K
  class space    used 9885K, committed 10624K, reserved 1048576K
}
Event: 98.484 GC heap before
{Heap before GC invocations=1516 (full 3):
 PSYoungGen      total 3584K, used 3397K [0x00000000d5580000, 0x00000000d5a00000, 0x0000000100000000)
  eden space 2560K, 100% used [0x00000000d5580000,0x00000000d5800000,0x00000000d5800000)
  from space 1024K, 81% used [0x00000000d5900000,0x00000000d59d1778,0x00000000d5a00000)
  to   space 1024K, 0% used [0x00000000d5800000,0x00000000d5800000,0x00000000d5900000)
 ParOldGen       total 1059840K, used 1059280K [0x0000000080000000, 0x00000000c0b00000, 0x00000000d5580000)
  object space 1059840K, 99% used [0x0000000080000000,0x00000000c0a74350,0x00000000c0b00000)
 Metaspace       used 85338K, committed 87040K, reserved 1179648K
  class space    used 9890K, committed 10624K, reserved 1048576K
}
Event: 98.487 GC heap after
{Heap after GC invocations=1516 (full 3):
 PSYoungGen      total 3584K, used 516K [0x00000000d5580000, 0x00000000d5a80000, 0x0000000100000000)
  eden space 2560K, 0% used [0x00000000d5580000,0x00000000d5580000,0x00000000d5800000)
  from space 1024K, 50% used [0x00000000d5800000,0x00000000d58813f0,0x00000000d5900000)
  to   space 1024K, 0% used [0x00000000d5980000,0x00000000d5980000,0x00000000d5a80000)
 ParOldGen       total 1061888K, used 1061354K [0x0000000080000000, 0x00000000c0d00000, 0x00000000d5580000)
  object space 1061888K, 99% used [0x0000000080000000,0x00000000c0c7aa50,0x00000000c0d00000)
 Metaspace       used 85338K, committed 87040K, reserved 1179648K
  class space    used 9890K, committed 10624K, reserved 1048576K
}
Event: 98.491 GC heap before
{Heap before GC invocations=1517 (full 3):
 PSYoungGen      total 3584K, used 3076K [0x00000000d5580000, 0x00000000d5a80000, 0x0000000100000000)
  eden space 2560K, 100% used [0x00000000d5580000,0x00000000d5800000,0x00000000d5800000)
  from space 1024K, 50% used [0x00000000d5800000,0x00000000d58813f0,0x00000000d5900000)
  to   space 1024K, 0% used [0x00000000d5980000,0x00000000d5980000,0x00000000d5a80000)
 ParOldGen       total 1061888K, used 1061354K [0x0000000080000000, 0x00000000c0d00000, 0x00000000d5580000)
  object space 1061888K, 99% used [0x0000000080000000,0x00000000c0c7aa50,0x00000000c0d00000)
 Metaspace       used 85391K, committed 87104K, reserved 1179648K
  class space    used 9896K, committed 10624K, reserved 1048576K
}
Event: 98.493 GC heap after
{Heap after GC invocations=1517 (full 3):
 PSYoungGen      total 4096K, used 484K [0x00000000d5580000, 0x00000000d5a80000, 0x0000000100000000)
  eden space 3072K, 0% used [0x00000000d5580000,0x00000000d5580000,0x00000000d5880000)
  from space 1024K, 47% used [0x00000000d5980000,0x00000000d59f9210,0x00000000d5a80000)
  to   space 1024K, 0% used [0x00000000d5880000,0x00000000d5880000,0x00000000d5980000)
 ParOldGen       total 1061888K, used 1061570K [0x0000000080000000, 0x00000000c0d00000, 0x00000000d5580000)
  object space 1061888K, 99% used [0x0000000080000000,0x00000000c0cb08f0,0x00000000c0d00000)
 Metaspace       used 85391K, committed 87104K, reserved 1179648K
  class space    used 9896K, committed 10624K, reserved 1048576K
}
Event: 98.499 GC heap before
{Heap before GC invocations=1518 (full 3):
 PSYoungGen      total 4096K, used 3556K [0x00000000d5580000, 0x00000000d5a80000, 0x0000000100000000)
  eden space 3072K, 100% used [0x00000000d5580000,0x00000000d5880000,0x00000000d5880000)
  from space 1024K, 47% used [0x00000000d5980000,0x00000000d59f9210,0x00000000d5a80000)
  to   space 1024K, 0% used [0x00000000d5880000,0x00000000d5880000,0x00000000d5980000)
 ParOldGen       total 1061888K, used 1061570K [0x0000000080000000, 0x00000000c0d00000, 0x00000000d5580000)
  object space 1061888K, 99% used [0x0000000080000000,0x00000000c0cb08f0,0x00000000c0d00000)
 Metaspace       used 85462K, committed 87168K, reserved 1179648K
  class space    used 9897K, committed 10624K, reserved 1048576K
}
Event: 98.501 GC heap after
{Heap after GC invocations=1518 (full 3):
 PSYoungGen      total 4096K, used 995K [0x00000000d5580000, 0x00000000d5d80000, 0x0000000100000000)
  eden space 3072K, 0% used [0x00000000d5580000,0x00000000d5580000,0x00000000d5880000)
  from space 1024K, 97% used [0x00000000d5880000,0x00000000d5978f70,0x00000000d5980000)
  to   space 2048K, 0% used [0x00000000d5b80000,0x00000000d5b80000,0x00000000d5d80000)
 ParOldGen       total 1062400K, used 1061990K [0x0000000080000000, 0x00000000c0d80000, 0x00000000d5580000)
  object space 1062400K, 99% used [0x0000000080000000,0x00000000c0d19b10,0x00000000c0d80000)
 Metaspace       used 85462K, committed 87168K, reserved 1179648K
  class space    used 9897K, committed 10624K, reserved 1048576K
}
Event: 98.507 GC heap before
{Heap before GC invocations=1519 (full 3):
 PSYoungGen      total 4096K, used 4067K [0x00000000d5580000, 0x00000000d5d80000, 0x0000000100000000)
  eden space 3072K, 100% used [0x00000000d5580000,0x00000000d5880000,0x00000000d5880000)
  from space 1024K, 97% used [0x00000000d5880000,0x00000000d5978f70,0x00000000d5980000)
  to   space 2048K, 0% used [0x00000000d5b80000,0x00000000d5b80000,0x00000000d5d80000)
 ParOldGen       total 1062400K, used 1061990K [0x0000000080000000, 0x00000000c0d80000, 0x00000000d5580000)
  object space 1062400K, 99% used [0x0000000080000000,0x00000000c0d19b10,0x00000000c0d80000)
 Metaspace       used 85524K, committed 87232K, reserved 1179648K
  class space    used 9905K, committed 10624K, reserved 1048576K
}
Event: 98.509 GC heap after
{Heap after GC invocations=1519 (full 3):
 PSYoungGen      total 5120K, used 608K [0x00000000d5580000, 0x00000000d5c80000, 0x0000000100000000)
  eden space 4096K, 0% used [0x00000000d5580000,0x00000000d5580000,0x00000000d5980000)
  from space 1024K, 59% used [0x00000000d5b80000,0x00000000d5c18000,0x00000000d5c80000)
  to   space 1024K, 0% used [0x00000000d5a80000,0x00000000d5a80000,0x00000000d5b80000)
 ParOldGen       total 1063936K, used 1063433K [0x0000000080000000, 0x00000000c0f00000, 0x00000000d5580000)
  object space 1063936K, 99% used [0x0000000080000000,0x00000000c0e82690,0x00000000c0f00000)
 Metaspace       used 85524K, committed 87232K, reserved 1179648K
  class space    used 9905K, committed 10624K, reserved 1048576K
}
Event: 98.519 GC heap before
{Heap before GC invocations=1520 (full 3):
 PSYoungGen      total 5120K, used 4704K [0x00000000d5580000, 0x00000000d5c80000, 0x0000000100000000)
  eden space 4096K, 100% used [0x00000000d5580000,0x00000000d5980000,0x00000000d5980000)
  from space 1024K, 59% used [0x00000000d5b80000,0x00000000d5c18000,0x00000000d5c80000)
  to   space 1024K, 0% used [0x00000000d5a80000,0x00000000d5a80000,0x00000000d5b80000)
 ParOldGen       total 1063936K, used 1063433K [0x0000000080000000, 0x00000000c0f00000, 0x00000000d5580000)
  object space 1063936K, 99% used [0x0000000080000000,0x00000000c0e82690,0x00000000c0f00000)
 Metaspace       used 85527K, committed 87232K, reserved 1179648K
  class space    used 9905K, committed 10624K, reserved 1048576K
}
Event: 98.521 GC heap after
{Heap after GC invocations=1520 (full 3):
 PSYoungGen      total 6144K, used 992K [0x00000000d5580000, 0x00000000d5e80000, 0x0000000100000000)
  eden space 5120K, 0% used [0x00000000d5580000,0x00000000d5580000,0x00000000d5a80000)
  from space 1024K, 96% used [0x00000000d5a80000,0x00000000d5b78020,0x00000000d5b80000)
  to   space 2048K, 0% used [0x00000000d5c80000,0x00000000d5c80000,0x00000000d5e80000)
 ParOldGen       total 1064448K, used 1063941K [0x0000000080000000, 0x00000000c0f80000, 0x00000000d5580000)
  object space 1064448K, 99% used [0x0000000080000000,0x00000000c0f01408,0x00000000c0f80000)
 Metaspace       used 85527K, committed 87232K, reserved 1179648K
  class space    used 9905K, committed 10624K, reserved 1048576K
}
Event: 98.538 GC heap before
{Heap before GC invocations=1521 (full 3):
 PSYoungGen      total 6144K, used 6083K [0x00000000d5580000, 0x00000000d5e80000, 0x0000000100000000)
  eden space 5120K, 99% used [0x00000000d5580000,0x00000000d5a78ef8,0x00000000d5a80000)
  from space 1024K, 96% used [0x00000000d5a80000,0x00000000d5b78020,0x00000000d5b80000)
  to   space 2048K, 0% used [0x00000000d5c80000,0x00000000d5c80000,0x00000000d5e80000)
 ParOldGen       total 1064448K, used 1063941K [0x0000000080000000, 0x00000000c0f80000, 0x00000000d5580000)
  object space 1064448K, 99% used [0x0000000080000000,0x00000000c0f01408,0x00000000c0f80000)
 Metaspace       used 85646K, committed 87360K, reserved 1179648K
  class space    used 9913K, committed 10624K, reserved 1048576K
}
Event: 98.541 GC heap after
{Heap after GC invocations=1521 (full 3):
 PSYoungGen      total 7680K, used 768K [0x00000000d5580000, 0x00000000d5e80000, 0x0000000100000000)
  eden space 5632K, 0% used [0x00000000d5580000,0x00000000d5580000,0x00000000d5b00000)
  from space 2048K, 37% used [0x00000000d5c80000,0x00000000d5d40000,0x00000000d5e80000)
  to   space 1536K, 0% used [0x00000000d5b00000,0x00000000d5b00000,0x00000000d5c80000)
 ParOldGen       total 1065472K, used 1064960K [0x0000000080000000, 0x00000000c1080000, 0x00000000d5580000)
  object space 1065472K, 99% used [0x0000000080000000,0x00000000c1000070,0x00000000c1080000)
 Metaspace       used 85646K, committed 87360K, reserved 1179648K
  class space    used 9913K, committed 10624K, reserved 1048576K
}

Dll operation events (15 events):
Event: 0.012 Loaded shared library c:\Users\dksrk\.vscode\extensions\redhat.java-1.54.0-win32-x64\jre\21.0.10-win32-x86_64\bin\java.dll
Event: 0.029 Loaded shared library c:\Users\dksrk\.vscode\extensions\redhat.java-1.54.0-win32-x64\jre\21.0.10-win32-x86_64\bin\zip.dll
Event: 0.070 Loaded shared library C:\Users\dksrk\.vscode\extensions\redhat.java-1.54.0-win32-x64\jre\21.0.10-win32-x86_64\bin\instrument.dll
Event: 0.074 Loaded shared library C:\Users\dksrk\.vscode\extensions\redhat.java-1.54.0-win32-x64\jre\21.0.10-win32-x86_64\bin\net.dll
Event: 0.077 Loaded shared library C:\Users\dksrk\.vscode\extensions\redhat.java-1.54.0-win32-x64\jre\21.0.10-win32-x86_64\bin\nio.dll
Event: 0.079 Loaded shared library C:\Users\dksrk\.vscode\extensions\redhat.java-1.54.0-win32-x64\jre\21.0.10-win32-x86_64\bin\zip.dll
Event: 0.090 Loaded shared library C:\Users\dksrk\.vscode\extensions\redhat.java-1.54.0-win32-x64\jre\21.0.10-win32-x86_64\bin\jimage.dll
Event: 0.132 Loaded shared library c:\Users\dksrk\.vscode\extensions\redhat.java-1.54.0-win32-x64\jre\21.0.10-win32-x86_64\bin\verify.dll
Event: 0.775 Loaded shared library C:\Users\dksrk\AppData\Roaming\Code\User\globalStorage\redhat.java\1.54.0\config_win\org.eclipse.equinox.launcher\org.eclipse.equinox.launcher.win32.win32.x86_64_1.3.0.v20260203-2149\eclipse_11919.dll
Event: 3.580 Loaded shared library C:\Users\dksrk\AppData\Local\Temp\jna-95653893\jna14084672177307683822.dll
Event: 67.090 Loaded shared library C:\Users\dksrk\.gradle\native\c067742578af261105cb4f569cf0c3c89f3d7b1fecec35dd04571415982c5e48\windows-amd64\native-platform.dll
Event: 67.713 Loaded shared library C:\Users\dksrk\.vscode\extensions\redhat.java-1.54.0-win32-x64\jre\21.0.10-win32-x86_64\bin\management.dll
Event: 67.716 Loaded shared library C:\Users\dksrk\.vscode\extensions\redhat.java-1.54.0-win32-x64\jre\21.0.10-win32-x86_64\bin\management_ext.dll
Event: 72.039 Loaded shared library C:\Users\dksrk\.vscode\extensions\redhat.java-1.54.0-win32-x64\jre\21.0.10-win32-x86_64\bin\extnet.dll
Event: 73.314 Loaded shared library C:\Users\dksrk\.vscode\extensions\redhat.java-1.54.0-win32-x64\jre\21.0.10-win32-x86_64\bin\sunmscapi.dll

Deoptimization events (20 events):
Event: 98.510 Thread 0x0000022b9e2cb380 DEOPT PACKING pc=0x0000022b36e5e23a sp=0x0000003e4dbfd870
Event: 98.510 Thread 0x0000022b9e2cb380 DEOPT UNPACKING pc=0x0000022b3c094242 sp=0x0000003e4dbfcd90 mode 0
Event: 98.513 Thread 0x0000022b9e2cb380 DEOPT PACKING pc=0x0000022b363d4165 sp=0x0000003e4dbfcc00
Event: 98.513 Thread 0x0000022b9e2cb380 DEOPT UNPACKING pc=0x0000022b3c094242 sp=0x0000003e4dbfc0b8 mode 0
Event: 98.514 Thread 0x0000022b9e2cb380 Uncommon trap: trap_request=0xffffff45 fr.pc=0x0000022b3cf7e210 relative=0x0000000000000ab0
Event: 98.514 Thread 0x0000022b9e2cb380 Uncommon trap: reason=unstable_if action=reinterpret pc=0x0000022b3cf7e210 method=lombok.eclipse.EclipseNode.traverse(Llombok/eclipse/EclipseASTVisitor;)V @ 408 c2
Event: 98.514 Thread 0x0000022b9e2cb380 DEOPT PACKING pc=0x0000022b3cf7e210 sp=0x0000003e4dbfd370
Event: 98.514 Thread 0x0000022b9e2cb380 DEOPT UNPACKING pc=0x0000022b3c093aa2 sp=0x0000003e4dbfd318 mode 2
Event: 98.516 Thread 0x0000022b9e2cb380 Uncommon trap: trap_request=0xffffff45 fr.pc=0x0000022b3d3ae3bc relative=0x000000000000011c
Event: 98.516 Thread 0x0000022b9e2cb380 Uncommon trap: reason=unstable_if action=reinterpret pc=0x0000022b3d3ae3bc method=org.eclipse.jdt.core.compiler.CharOperation.fragmentEquals([C[CIZ)Z @ 10 c2
Event: 98.516 Thread 0x0000022b9e2cb380 DEOPT PACKING pc=0x0000022b3d3ae3bc sp=0x0000003e4dbfd490
Event: 98.516 Thread 0x0000022b9e2cb380 DEOPT UNPACKING pc=0x0000022b3c093aa2 sp=0x0000003e4dbfd398 mode 2
Event: 98.516 Thread 0x0000022b9e2cb380 Uncommon trap: trap_request=0xffffff45 fr.pc=0x0000022b3d3adf70 relative=0x00000000000000d0
Event: 98.516 Thread 0x0000022b9e2cb380 Uncommon trap: reason=unstable_if action=reinterpret pc=0x0000022b3d3adf70 method=org.eclipse.jdt.core.compiler.CharOperation.fragmentEquals([C[CIZ)Z @ 10 c2
Event: 98.516 Thread 0x0000022b9e2cb380 DEOPT PACKING pc=0x0000022b3d3adf70 sp=0x0000003e4dbfd400
Event: 98.516 Thread 0x0000022b9e2cb380 DEOPT UNPACKING pc=0x0000022b3c093aa2 sp=0x0000003e4dbfd398 mode 2
Event: 98.526 Thread 0x0000022b9e2cb380 Uncommon trap: trap_request=0xfffffff4 fr.pc=0x0000022b3d1a24f8 relative=0x0000000000000278
Event: 98.526 Thread 0x0000022b9e2cb380 Uncommon trap: reason=null_check action=make_not_entrant pc=0x0000022b3d1a24f8 method=org.eclipse.jdt.internal.core.JavaElement.openWhenClosed(Lorg/eclipse/jdt/internal/compiler/env/IElementInfo;ZLorg/eclipse/core/runtime/IProgressMonitor;)Lorg/eclipse/jd
Event: 98.526 Thread 0x0000022b9e2cb380 DEOPT PACKING pc=0x0000022b3d1a24f8 sp=0x0000003e4dbfdec0
Event: 98.526 Thread 0x0000022b9e2cb380 DEOPT UNPACKING pc=0x0000022b3c093aa2 sp=0x0000003e4dbfddb8 mode 2

Classes loaded (20 events):
Event: 85.318 Loading class java/util/stream/Nodes$AbstractConcNode done
Event: 85.318 Loading class java/util/stream/Nodes$ConcNode done
Event: 85.324 Loading class java/lang/invoke/MethodHandleImpl$CountingWrapper$1
Event: 85.325 Loading class java/lang/invoke/MethodHandleImpl$CountingWrapper$1 done
Event: 85.382 Loading class java/io/SequenceInputStream
Event: 85.382 Loading class java/io/SequenceInputStream done
Event: 85.416 Loading class java/util/Hashtable$ValueCollection
Event: 85.416 Loading class java/util/Hashtable$ValueCollection done
Event: 85.981 Loading class java/util/concurrent/ConcurrentHashMap$KeySpliterator
Event: 85.981 Loading class java/util/concurrent/ConcurrentHashMap$KeySpliterator done
Event: 86.030 Loading class java/util/concurrent/CompletableFuture$UniApply
Event: 86.030 Loading class java/util/concurrent/CompletableFuture$UniCompletion
Event: 86.030 Loading class java/util/concurrent/CompletableFuture$UniCompletion done
Event: 86.030 Loading class java/util/concurrent/CompletableFuture$UniApply done
Event: 86.030 Loading class java/util/concurrent/CompletableFuture$UniAccept
Event: 86.030 Loading class java/util/concurrent/CompletableFuture$UniAccept done
Event: 86.030 Loading class java/util/concurrent/CompletableFuture$UniExceptionally
Event: 86.031 Loading class java/util/concurrent/CompletableFuture$UniExceptionally done
Event: 98.399 Loading class javax/xml/transform/TransformerConfigurationException
Event: 98.399 Loading class javax/xml/transform/TransformerConfigurationException done

Classes unloaded (7 events):
Event: 3.864 Thread 0x0000022b48994540 Unloading class 0x0000022b4a1aa400 'java/lang/invoke/LambdaForm$MH+0x0000022b4a1aa400'
Event: 3.864 Thread 0x0000022b48994540 Unloading class 0x0000022b4a1aa000 'java/lang/invoke/LambdaForm$MH+0x0000022b4a1aa000'
Event: 3.864 Thread 0x0000022b48994540 Unloading class 0x0000022b4a1a9c00 'java/lang/invoke/LambdaForm$MH+0x0000022b4a1a9c00'
Event: 3.864 Thread 0x0000022b48994540 Unloading class 0x0000022b4a1a9800 'java/lang/invoke/LambdaForm$MH+0x0000022b4a1a9800'
Event: 3.864 Thread 0x0000022b48994540 Unloading class 0x0000022b4a1a9400 'java/lang/invoke/LambdaForm$BMH+0x0000022b4a1a9400'
Event: 3.864 Thread 0x0000022b48994540 Unloading class 0x0000022b4a1a9000 'java/lang/invoke/LambdaForm$DMH+0x0000022b4a1a9000'
Event: 3.864 Thread 0x0000022b48994540 Unloading class 0x0000022b4a1a8000 'java/lang/invoke/LambdaForm$DMH+0x0000022b4a1a8000'

Classes redefined (0 events):
No events

Internal exceptions (20 events):
Event: 96.890 Thread 0x0000022b90d54080 Exception <a 'sun/nio/fs/WindowsException'{0x00000000d58815b0}> (0x00000000d58815b0) 
thrown [s\src\hotspot\share\prims\jni.cpp, line 520]
Event: 96.896 Thread 0x0000022b90d54080 Exception <a 'sun/nio/fs/WindowsException'{0x00000000d58a0ad0}> (0x00000000d58a0ad0) 
thrown [s\src\hotspot\share\prims\jni.cpp, line 520]
Event: 96.922 Thread 0x0000022b90d54080 Exception <a 'sun/nio/fs/WindowsException'{0x00000000d599c368}> (0x00000000d599c368) 
thrown [s\src\hotspot\share\prims\jni.cpp, line 520]
Event: 96.932 Thread 0x0000022b90d54080 Exception <a 'sun/nio/fs/WindowsException'{0x00000000d5589288}> (0x00000000d5589288) 
thrown [s\src\hotspot\share\prims\jni.cpp, line 520]
Event: 96.937 Thread 0x0000022b90d54080 Exception <a 'sun/nio/fs/WindowsException'{0x00000000d5606300}> (0x00000000d5606300) 
thrown [s\src\hotspot\share\prims\jni.cpp, line 520]
Event: 96.957 Thread 0x0000022b90d54080 Exception <a 'sun/nio/fs/WindowsException'{0x00000000d586a158}> (0x00000000d586a158) 
thrown [s\src\hotspot\share\prims\jni.cpp, line 520]
Event: 96.977 Thread 0x0000022b90d54080 Exception <a 'sun/nio/fs/WindowsException'{0x00000000d5a4f9f0}> (0x00000000d5a4f9f0) 
thrown [s\src\hotspot\share\prims\jni.cpp, line 520]
Event: 96.991 Thread 0x0000022b90d54080 Exception <a 'sun/nio/fs/WindowsException'{0x00000000d56f5f88}> (0x00000000d56f5f88) 
thrown [s\src\hotspot\share\prims\jni.cpp, line 520]
Event: 97.014 Thread 0x0000022b90d54080 Exception <a 'sun/nio/fs/WindowsException'{0x00000000d56725b8}> (0x00000000d56725b8) 
thrown [s\src\hotspot\share\prims\jni.cpp, line 520]
Event: 97.023 Thread 0x0000022b90d54080 Exception <a 'sun/nio/fs/WindowsException'{0x00000000d57e6cf8}> (0x00000000d57e6cf8) 
thrown [s\src\hotspot\share\prims\jni.cpp, line 520]
Event: 97.037 Thread 0x0000022b90d54080 Exception <a 'sun/nio/fs/WindowsException'{0x00000000d58d55c0}> (0x00000000d58d55c0) 
thrown [s\src\hotspot\share\prims\jni.cpp, line 520]
Event: 97.061 Thread 0x0000022b90d54080 Exception <a 'sun/nio/fs/WindowsException'{0x00000000d5862c30}> (0x00000000d5862c30) 
thrown [s\src\hotspot\share\prims\jni.cpp, line 520]
Event: 97.610 Thread 0x0000022b90d54080 Implicit null exception at 0x0000022b364d40f5 to 0x0000022b364d52d3
Event: 97.610 Thread 0x0000022b90d54080 Exception <a 'java/lang/NullPointerException'{0x00000000d56f6d08}> (0x00000000d56f6d08) 
thrown [s\src\hotspot\share\runtime\sharedRuntime.cpp, line 625]
Event: 98.381 Thread 0x0000022b90d54080 Exception <a 'sun/nio/fs/WindowsException'{0x00000000d57fce50}> (0x00000000d57fce50) 
thrown [s\src\hotspot\share\prims\jni.cpp, line 520]
Event: 98.386 Thread 0x0000022b921dd640 Exception <a 'java/lang/IncompatibleClassChangeError'{0x00000000d5969dc8}: Found class java.lang.Object, but interface was expected> (0x00000000d5969dc8) 
thrown [s\src\hotspot\share\interpreter\linkResolver.cpp, line 840]
Event: 98.390 Thread 0x0000022b921dd640 Exception <a 'java/lang/IncompatibleClassChangeError'{0x00000000d5651d00}: Found class java.lang.Object, but interface was expected> (0x00000000d5651d00) 
thrown [s\src\hotspot\share\interpreter\linkResolver.cpp, line 840]
Event: 98.430 Thread 0x0000022b921dd640 Exception <a 'java/lang/IncompatibleClassChangeError'{0x00000000d56f51e0}: Found class java.lang.Object, but interface was expected> (0x00000000d56f51e0) 
thrown [s\src\hotspot\share\interpreter\linkResolver.cpp, line 840]
Event: 98.505 Thread 0x0000022b9e2cb380 Implicit null exception at 0x0000022b3d08205a to 0x0000022b3d0820b3
Event: 98.526 Thread 0x0000022b9e2cb380 Implicit null exception at 0x0000022b3d1a23ef to 0x0000022b3d1a24ec

ZGC Phase Switch (0 events):
No events

VM Operations (20 events):
Event: 98.441 Executing safepoint VM operation: ParallelGCFailedAllocation (Allocation Failure)
Event: 98.442 Executing safepoint VM operation: ParallelGCFailedAllocation (Allocation Failure) done
Event: 98.451 Executing safepoint VM operation: ParallelGCFailedAllocation (Allocation Failure)
Event: 98.453 Executing safepoint VM operation: ParallelGCFailedAllocation (Allocation Failure) done
Event: 98.461 Executing safepoint VM operation: ParallelGCFailedAllocation (Allocation Failure)
Event: 98.463 Executing safepoint VM operation: ParallelGCFailedAllocation (Allocation Failure) done
Event: 98.467 Executing safepoint VM operation: ParallelGCFailedAllocation (Allocation Failure)
Event: 98.470 Executing safepoint VM operation: ParallelGCFailedAllocation (Allocation Failure) done
Event: 98.484 Executing safepoint VM operation: ParallelGCFailedAllocation (Allocation Failure)
Event: 98.487 Executing safepoint VM operation: ParallelGCFailedAllocation (Allocation Failure) done
Event: 98.491 Executing safepoint VM operation: ParallelGCFailedAllocation (Allocation Failure)
Event: 98.493 Executing safepoint VM operation: ParallelGCFailedAllocation (Allocation Failure) done
Event: 98.498 Executing safepoint VM operation: ParallelGCFailedAllocation (Allocation Failure)
Event: 98.501 Executing safepoint VM operation: ParallelGCFailedAllocation (Allocation Failure) done
Event: 98.507 Executing safepoint VM operation: ParallelGCFailedAllocation (Allocation Failure)
Event: 98.509 Executing safepoint VM operation: ParallelGCFailedAllocation (Allocation Failure) done
Event: 98.519 Executing safepoint VM operation: ParallelGCFailedAllocation (Allocation Failure)
Event: 98.521 Executing safepoint VM operation: ParallelGCFailedAllocation (Allocation Failure) done
Event: 98.538 Executing safepoint VM operation: ParallelGCFailedAllocation (Allocation Failure)
Event: 98.541 Executing safepoint VM operation: ParallelGCFailedAllocation (Allocation Failure) done

Memory protections (0 events):
No events

Nmethod flushes (20 events):
Event: 66.954 Thread 0x0000022b48994540 flushing  nmethod 0x0000022b3557f910
Event: 66.954 Thread 0x0000022b48994540 flushing  nmethod 0x0000022b35582090
Event: 66.954 Thread 0x0000022b48994540 flushing  nmethod 0x0000022b35586d10
Event: 66.954 Thread 0x0000022b48994540 flushing  nmethod 0x0000022b35588110
Event: 66.954 Thread 0x0000022b48994540 flushing  nmethod 0x0000022b35588f90
Event: 66.954 Thread 0x0000022b48994540 flushing  nmethod 0x0000022b35589510
Event: 66.954 Thread 0x0000022b48994540 flushing  nmethod 0x0000022b35589a10
Event: 66.954 Thread 0x0000022b48994540 flushing  nmethod 0x0000022b3558a590
Event: 66.954 Thread 0x0000022b48994540 flushing  nmethod 0x0000022b3558a910
Event: 66.954 Thread 0x0000022b48994540 flushing  nmethod 0x0000022b3558ad10
Event: 66.954 Thread 0x0000022b48994540 flushing  nmethod 0x0000022b3558b390
Event: 66.954 Thread 0x0000022b48994540 flushing  nmethod 0x0000022b3558b990
Event: 66.954 Thread 0x0000022b48994540 flushing  nmethod 0x0000022b3558bd90
Event: 66.954 Thread 0x0000022b48994540 flushing  nmethod 0x0000022b3558d690
Event: 66.954 Thread 0x0000022b48994540 flushing  nmethod 0x0000022b355a2c90
Event: 66.954 Thread 0x0000022b48994540 flushing  nmethod 0x0000022b355a2f90
Event: 66.954 Thread 0x0000022b48994540 flushing  nmethod 0x0000022b355a3890
Event: 66.954 Thread 0x0000022b48994540 flushing  nmethod 0x0000022b355a4e10
Event: 66.954 Thread 0x0000022b48994540 flushing  nmethod 0x0000022b355a5710
Event: 66.954 Thread 0x0000022b48994540 flushing  nmethod 0x0000022b355b4a90

Events (20 events):
Event: 90.908 Thread 0x0000022b921e17e0 Thread added: 0x0000022b9e2cc0a0
Event: 90.922 Thread 0x0000022b8af2ad50 Thread added: 0x0000022b93fcfc70
Event: 90.923 Thread 0x0000022b9e2cc0a0 Thread added: 0x0000022b9e2ccdc0
Event: 90.995 Thread 0x0000022b9e2cc0a0 Thread added: 0x0000022b9e2cd450
Event: 91.005 Thread 0x0000022b9e2cd450 Thread added: 0x0000022b9e2cdae0
Event: 91.005 Thread 0x0000022b9e2cd450 Thread added: 0x0000022b9e2ce170
Event: 91.005 Thread 0x0000022b9e2cdae0 Thread exited: 0x0000022b9e2cdae0
Event: 91.132 Thread 0x0000022b93fcfc70 Thread exited: 0x0000022b93fcfc70
Event: 92.757 Thread 0x0000022b9e2cd450 Thread exited: 0x0000022b9e2cd450
Event: 92.757 Thread 0x0000022b9e2ce170 Thread exited: 0x0000022b9e2ce170
Event: 92.904 Thread 0x0000022b9e2cc0a0 Thread added: 0x0000022b9e2cb380
Event: 92.904 Thread 0x0000022b9e2cc0a0 Thread added: 0x0000022b9e2cd450
Event: 92.904 Thread 0x0000022b9e2cb380 Thread exited: 0x0000022b9e2cb380
Event: 97.084 Thread 0x0000022b8af2a160 Thread added: 0x0000022b93fcfc70
Event: 97.812 Thread 0x0000022b93fcfc70 Thread added: 0x0000022b93fd4090
Event: 98.384 Thread 0x0000022b921dd640 Thread added: 0x0000022b9e2cacf0
Event: 98.384 Thread 0x0000022b9e2cacf0 Thread added: 0x0000022b9e2cdae0
Event: 98.384 Thread 0x0000022b9e2cdae0 Thread added: 0x0000022b9e2cc730
Event: 98.384 Thread 0x0000022b9e2cc730 Thread added: 0x0000022b9e2ce170
Event: 98.387 Thread 0x0000022b921dd640 Thread added: 0x0000022b9e2cb380


Dynamic libraries:
0x00007ff63d620000 - 0x00007ff63d62e000 	c:\Users\dksrk\.vscode\extensions\redhat.java-1.54.0-win32-x64\jre\21.0.10-win32-x86_64\bin\java.exe
0x00007ffdf5960000 - 0x00007ffdf5bc6000 	C:\WINDOWS\SYSTEM32\ntdll.dll
0x00007ffdf3a10000 - 0x00007ffdf3ad9000 	C:\WINDOWS\System32\KERNEL32.DLL
0x00007ffdf2ca0000 - 0x00007ffdf309a000 	C:\WINDOWS\System32\KERNELBASE.dll
0x00007ffdefc60000 - 0x00007ffdefd00000 	C:\WINDOWS\SYSTEM32\apphelp.dll
0x00007ffdf3580000 - 0x00007ffdf36cc000 	C:\WINDOWS\System32\ucrtbase.dll
0x00007ffdd59c0000 - 0x00007ffdd59d8000 	c:\Users\dksrk\.vscode\extensions\redhat.java-1.54.0-win32-x64\jre\21.0.10-win32-x86_64\bin\jli.dll
0x00007ffdd3360000 - 0x00007ffdd337e000 	c:\Users\dksrk\.vscode\extensions\redhat.java-1.54.0-win32-x64\jre\21.0.10-win32-x86_64\bin\VCRUNTIME140.dll
0x00007ffdf53a0000 - 0x00007ffdf5567000 	C:\WINDOWS\System32\USER32.dll
0x00007ffdf30a0000 - 0x00007ffdf30c7000 	C:\WINDOWS\System32\win32u.dll
0x00007ffdf4b10000 - 0x00007ffdf4b3b000 	C:\WINDOWS\System32\GDI32.dll
0x00007ffde15c0000 - 0x00007ffde1852000 	C:\WINDOWS\WinSxS\amd64_microsoft.windows.common-controls_6595b64144ccf1df_6.0.26100.8521_none_3e08b75ce33403b3\COMCTL32.dll
0x00007ffdf30d0000 - 0x00007ffdf31fb000 	C:\WINDOWS\System32\gdi32full.dll
0x00007ffdf4b40000 - 0x00007ffdf4be9000 	C:\WINDOWS\System32\msvcrt.dll
0x00007ffdf2bf0000 - 0x00007ffdf2c93000 	C:\WINDOWS\System32\msvcp_win.dll
0x00007ffdf55c0000 - 0x00007ffdf55f2000 	C:\WINDOWS\System32\IMM32.DLL
0x00007ffdedd80000 - 0x00007ffdedd8c000 	c:\Users\dksrk\.vscode\extensions\redhat.java-1.54.0-win32-x64\jre\21.0.10-win32-x86_64\bin\vcruntime140_1.dll
0x00007ffd4fba0000 - 0x00007ffd4fc2d000 	c:\Users\dksrk\.vscode\extensions\redhat.java-1.54.0-win32-x64\jre\21.0.10-win32-x86_64\bin\msvcp140.dll
0x00007ffd22e90000 - 0x00007ffd23c31000 	c:\Users\dksrk\.vscode\extensions\redhat.java-1.54.0-win32-x64\jre\21.0.10-win32-x86_64\bin\server\jvm.dll
0x00007ffdf3ae0000 - 0x00007ffdf3b96000 	C:\WINDOWS\System32\ADVAPI32.dll
0x00007ffdf52f0000 - 0x00007ffdf539a000 	C:\WINDOWS\System32\sechost.dll
0x00007ffdf4bf0000 - 0x00007ffdf4d08000 	C:\WINDOWS\System32\RPCRT4.dll
0x00007ffdf5730000 - 0x00007ffdf57b0000 	C:\WINDOWS\System32\WS2_32.dll
0x00007ffdf28a0000 - 0x00007ffdf28fe000 	C:\WINDOWS\SYSTEM32\POWRPROF.dll
0x00007ffde2590000 - 0x00007ffde25c6000 	C:\WINDOWS\SYSTEM32\WINMM.dll
0x00007ffded250000 - 0x00007ffded25b000 	C:\WINDOWS\SYSTEM32\VERSION.dll
0x00007ffdf2880000 - 0x00007ffdf2894000 	C:\WINDOWS\SYSTEM32\UMPDC.dll
0x00007ffdf1980000 - 0x00007ffdf199b000 	C:\WINDOWS\SYSTEM32\kernel.appcore.dll
0x00007ffdd5930000 - 0x00007ffdd593a000 	c:\Users\dksrk\.vscode\extensions\redhat.java-1.54.0-win32-x64\jre\21.0.10-win32-x86_64\bin\jimage.dll
0x00007ffde1860000 - 0x00007ffde1aa2000 	C:\WINDOWS\SYSTEM32\DBGHELP.DLL
0x00007ffdf4f50000 - 0x00007ffdf52d3000 	C:\WINDOWS\System32\combase.dll
0x00007ffdf49d0000 - 0x00007ffdf4aa9000 	C:\WINDOWS\System32\OLEAUT32.dll
0x00007ffdeb750000 - 0x00007ffdeb78b000 	C:\WINDOWS\SYSTEM32\dbgcore.DLL
0x00007ffdf34d0000 - 0x00007ffdf3578000 	C:\WINDOWS\System32\bcryptPrimitives.dll
0x00007ffdd5890000 - 0x00007ffdd589f000 	c:\Users\dksrk\.vscode\extensions\redhat.java-1.54.0-win32-x64\jre\21.0.10-win32-x86_64\bin\instrument.dll
0x00007ffdcfac0000 - 0x00007ffdcfae0000 	c:\Users\dksrk\.vscode\extensions\redhat.java-1.54.0-win32-x64\jre\21.0.10-win32-x86_64\bin\java.dll
0x00007ffdf3c10000 - 0x00007ffdf4394000 	C:\WINDOWS\System32\SHELL32.dll
0x00007ffdf07f0000 - 0x00007ffdf1070000 	C:\WINDOWS\SYSTEM32\windows.storage.dll
0x00007ffdf5600000 - 0x00007ffdf56f6000 	C:\WINDOWS\System32\SHCORE.dll
0x00007ffdf3ba0000 - 0x00007ffdf3c07000 	C:\WINDOWS\System32\shlwapi.dll
0x00007ffdf2b10000 - 0x00007ffdf2b39000 	C:\WINDOWS\SYSTEM32\profapi.dll
0x00007ffdd3070000 - 0x00007ffdd3088000 	c:\Users\dksrk\.vscode\extensions\redhat.java-1.54.0-win32-x64\jre\21.0.10-win32-x86_64\bin\zip.dll
0x00007ffdd3f00000 - 0x00007ffdd3f10000 	C:\Users\dksrk\.vscode\extensions\redhat.java-1.54.0-win32-x64\jre\21.0.10-win32-x86_64\bin\net.dll
0x00007ffdebfb0000 - 0x00007ffdec0d9000 	C:\WINDOWS\SYSTEM32\WINHTTP.dll
0x00007ffdf1ef0000 - 0x00007ffdf1f5c000 	C:\WINDOWS\system32\mswsock.dll
0x00007ffdcc990000 - 0x00007ffdcc9a6000 	C:\Users\dksrk\.vscode\extensions\redhat.java-1.54.0-win32-x64\jre\21.0.10-win32-x86_64\bin\nio.dll
0x00007ffdd2d30000 - 0x00007ffdd2d40000 	c:\Users\dksrk\.vscode\extensions\redhat.java-1.54.0-win32-x64\jre\21.0.10-win32-x86_64\bin\verify.dll
0x00007ffd99150000 - 0x00007ffd99195000 	C:\Users\dksrk\AppData\Roaming\Code\User\globalStorage\redhat.java\1.54.0\config_win\org.eclipse.equinox.launcher\org.eclipse.equinox.launcher.win32.win32.x86_64_1.3.0.v20260203-2149\eclipse_11919.dll
0x00007ffdf4d10000 - 0x00007ffdf4ea8000 	C:\WINDOWS\System32\ole32.dll
0x00007ffdf21e0000 - 0x00007ffdf21fb000 	C:\WINDOWS\SYSTEM32\CRYPTSP.dll
0x00007ffdf18e0000 - 0x00007ffdf1919000 	C:\WINDOWS\system32\rsaenh.dll
0x00007ffdf1fa0000 - 0x00007ffdf1fd3000 	C:\WINDOWS\SYSTEM32\USERENV.dll
0x00007ffdf2ae0000 - 0x00007ffdf2b0a000 	C:\WINDOWS\SYSTEM32\bcrypt.dll
0x00007ffdf21d0000 - 0x00007ffdf21dc000 	C:\WINDOWS\SYSTEM32\CRYPTBASE.dll
0x00007ffdf1380000 - 0x00007ffdf13b3000 	C:\WINDOWS\SYSTEM32\IPHLPAPI.DLL
0x00007ffdf3a00000 - 0x00007ffdf3a0a000 	C:\WINDOWS\System32\NSI.dll
0x00007ffd98eb0000 - 0x00007ffd98ef9000 	C:\Users\dksrk\AppData\Local\Temp\jna-95653893\jna14084672177307683822.dll
0x00007ffdf44b0000 - 0x00007ffdf44b8000 	C:\WINDOWS\System32\PSAPI.DLL
0x00007ffded260000 - 0x00007ffded27d000 	C:\WINDOWS\SYSTEM32\dhcpcsvc6.DLL
0x00007ffdebd60000 - 0x00007ffdebd85000 	C:\WINDOWS\SYSTEM32\dhcpcsvc.DLL
0x00007ffdc7970000 - 0x00007ffdc7997000 	C:\Users\dksrk\.gradle\native\c067742578af261105cb4f569cf0c3c89f3d7b1fecec35dd04571415982c5e48\windows-amd64\native-platform.dll
0x00007ffdd25d0000 - 0x00007ffdd25da000 	C:\Users\dksrk\.vscode\extensions\redhat.java-1.54.0-win32-x64\jre\21.0.10-win32-x86_64\bin\management.dll
0x00007ffdd1460000 - 0x00007ffdd146c000 	C:\Users\dksrk\.vscode\extensions\redhat.java-1.54.0-win32-x64\jre\21.0.10-win32-x86_64\bin\management_ext.dll
0x00007ffdcdef0000 - 0x00007ffdcdef9000 	C:\Users\dksrk\.vscode\extensions\redhat.java-1.54.0-win32-x64\jre\21.0.10-win32-x86_64\bin\extnet.dll
0x00007ffdcde20000 - 0x00007ffdcde2e000 	C:\Users\dksrk\.vscode\extensions\redhat.java-1.54.0-win32-x64\jre\21.0.10-win32-x86_64\bin\sunmscapi.dll
0x00007ffdf3350000 - 0x00007ffdf34c8000 	C:\WINDOWS\System32\CRYPT32.dll
0x00007ffdf2460000 - 0x00007ffdf2490000 	C:\WINDOWS\SYSTEM32\ncrypt.dll
0x00007ffdf23a0000 - 0x00007ffdf23df000 	C:\WINDOWS\SYSTEM32\NTASN1.dll
0x00007ffdc88e0000 - 0x00007ffdc88e8000 	C:\WINDOWS\system32\wshunix.dll

JVMTI agents:
c:\Users\dksrk\.vscode\extensions\redhat.java-1.54.0-win32-x64\lombok\lombok-1.18.39-4050.jar path:c:\Users\dksrk\.vscode\extensions\redhat.java-1.54.0-win32-x64\jre\21.0.10-win32-x86_64\bin\instrument.dll, loaded, initialized, instrumentlib options:none

dbghelp: loaded successfully - version: 4.0.5 - missing functions: none
symbol engine: initialized successfully - sym options: 0x614 - pdb path: .;c:\Users\dksrk\.vscode\extensions\redhat.java-1.54.0-win32-x64\jre\21.0.10-win32-x86_64\bin;C:\WINDOWS\SYSTEM32;C:\WINDOWS\WinSxS\amd64_microsoft.windows.common-controls_6595b64144ccf1df_6.0.26100.8521_none_3e08b75ce33403b3;c:\Users\dksrk\.vscode\extensions\redhat.java-1.54.0-win32-x64\jre\21.0.10-win32-x86_64\bin\server;C:\Users\dksrk\AppData\Roaming\Code\User\globalStorage\redhat.java\1.54.0\config_win\org.eclipse.equinox.launcher\org.eclipse.equinox.launcher.win32.win32.x86_64_1.3.0.v20260203-2149;C:\Users\dksrk\AppData\Local\Temp\jna-95653893;C:\Users\dksrk\.gradle\native\c067742578af261105cb4f569cf0c3c89f3d7b1fecec35dd04571415982c5e48\windows-amd64

VM Arguments:
jvm_args: --add-modules=ALL-SYSTEM --add-opens=java.base/java.util=ALL-UNNAMED --add-opens=java.base/java.lang=ALL-UNNAMED --add-opens=java.base/sun.nio.fs=ALL-UNNAMED -Declipse.application=org.eclipse.jdt.ls.core.id1 -Dosgi.bundles.defaultStartLevel=4 -Declipse.product=org.eclipse.jdt.ls.core.product -Djava.import.generatesMetadataFilesAtProjectRoot=false -DDetectVMInstallationsJob.disabled=true -Dfile.encoding=utf8 -XX:+UseParallelGC -XX:GCTimeRatio=4 -XX:AdaptiveSizePolicyWeight=90 -Dsun.zip.disableMemoryMapping=true -Xmx2G -Xms100m -Xlog:disable -javaagent:c:\Users\dksrk\.vscode\extensions\redhat.java-1.54.0-win32-x64\lombok\lombok-1.18.39-4050.jar -XX:+HeapDumpOnOutOfMemoryError -XX:HeapDumpPath=c:\Users\dksrk\AppData\Roaming\Code\User\workspaceStorage\4fe0deb17e4df083992a26d9dd0aa8f8\redhat.java -Daether.dependencyCollector.impl=bf 
java_command: c:\Users\dksrk\.vscode\extensions\redhat.java-1.54.0-win32-x64\server\plugins\org.eclipse.equinox.launcher_1.7.100.v20251111-0406.jar -configuration c:\Users\dksrk\AppData\Roaming\Code\User\globalStorage\redhat.java\1.54.0\config_win -data c:\Users\dksrk\AppData\Roaming\Code\User\workspaceStorage\4fe0deb17e4df083992a26d9dd0aa8f8\redhat.java\jdt_ws --pipe=\\.\pipe\lsp-674efc1fe037371fa890e57b2c5c11c9-sock
java_class_path (initial): c:\Users\dksrk\.vscode\extensions\redhat.java-1.54.0-win32-x64\server\plugins\org.eclipse.equinox.launcher_1.7.100.v20251111-0406.jar
Launcher Type: SUN_STANDARD

[Global flags]
    uintx AdaptiveSizePolicyWeight                 = 90                                        {product} {command line}
     intx CICompilerCount                          = 4                                         {product} {ergonomic}
    uintx GCTimeRatio                              = 4                                         {product} {command line}
     bool HeapDumpOnOutOfMemoryError               = true                                   {manageable} {command line}
    ccstr HeapDumpPath                             = c:\Users\dksrk\AppData\Roaming\Code\User\workspaceStorage\4fe0deb17e4df083992a26d9dd0aa8f8\redhat.java         {manageable} {command line}
   size_t InitialHeapSize                          = 104857600                                 {product} {command line}
   size_t MaxHeapSize                              = 2147483648                                {product} {command line}
   size_t MaxNewSize                               = 715653120                                 {product} {ergonomic}
   size_t MinHeapDeltaBytes                        = 524288                                    {product} {ergonomic}
   size_t MinHeapSize                              = 104857600                                 {product} {command line}
   size_t NewSize                                  = 34603008                                  {product} {ergonomic}
    uintx NonNMethodCodeHeapSize                   = 5839372                                {pd product} {ergonomic}
    uintx NonProfiledCodeHeapSize                  = 122909434                              {pd product} {ergonomic}
   size_t OldSize                                  = 70254592                                  {product} {ergonomic}
    uintx ProfiledCodeHeapSize                     = 122909434                              {pd product} {ergonomic}
    uintx ReservedCodeCacheSize                    = 251658240                              {pd product} {ergonomic}
     bool SegmentedCodeCache                       = true                                      {product} {ergonomic}
   size_t SoftMaxHeapSize                          = 2147483648                             {manageable} {ergonomic}
     bool UseCompressedOops                        = true                           {product lp64_product} {ergonomic}
     bool UseLargePagesIndividualAllocation        = false                                  {pd product} {ergonomic}
     bool UseParallelGC                            = true                                      {product} {command line}

Logging:
Log output configuration:
 #0: stdout all=off uptime,level,tags foldmultilines=false
 #1: stderr all=off uptime,level,tags foldmultilines=false

Release file:
JAVA_VERSION="21.0.10" 
MODULES="java.base java.compiler java.datatransfer java.xml java.prefs java.desktop java.instrument java.logging java.management java.security.sasl java.naming java.rmi java.management.rmi java.net.http java.scripting java.security.jgss java.transaction.xa java.sql java.sql.rowset java.xml.crypto java.se java.smartcardio jdk.accessibility jdk.internal.jvmstat jdk.attach jdk.charsets jdk.internal.opt jdk.zipfs jdk.compiler jdk.crypto.ec jdk.crypto.cryptoki jdk.crypto.mscapi jdk.dynalink jdk.internal.ed jdk.editpad jdk.hotspot.agent jdk.httpserver jdk.internal.le jdk.internal.vm.ci jdk.internal.vm.compiler jdk.internal.vm.compiler.management jdk.jartool jdk.javadoc jdk.jcmd jdk.management jdk.management.agent jdk.jconsole jdk.jdeps jdk.jdwp.agent jdk.jdi jdk.jfr jdk.jshell jdk.jsobject jdk.jstatd jdk.localedata jdk.management.jfr jdk.naming.dns jdk.naming.rmi jdk.net jdk.nio.mapmode jdk.random jdk.sctp jdk.security.auth jdk.security.jgss jdk.unsupported jdk.unsupported.desktop jdk.xml.dom" 

Environment Variables:
PATH=D:\bin;C:\Program Files\Eclipse Adoptium\jdk-25.0.2.10-hotspot\bin;C:\WINDOWS\system32;C:\WINDOWS;C:\WINDOWS\System32\Wbem;C:\WINDOWS\System32\WindowsPowerShell\v1.0\;C:\WINDOWS\System32\OpenSSH\;C:\Program Files\dotnet\;C:\Program Files\Tailscale\;C:\Program Files\Git\cmd;C:\Users\dksrk\AppData\Local\Microsoft\WindowsApps;C:\Users\dksrk\AppData\Local\Programs\Microsoft VS Code\bin;C:\Users\dksrk\.dotnet\tools;C:\Users\dksrk\AppData\Local\GitHubDesktop\bin;C:\ProgramData\dksrk\GitHubDesktop\bin;C:\Program Files\JetBrains\IntelliJ IDEA 2026.1.3\bin
USERNAME=dksrk
OS=Windows_NT
PROCESSOR_IDENTIFIER=AMD64 Family 25 Model 33 Stepping 2, AuthenticAMD
TMP=C:\Users\dksrk\AppData\Local\Temp
TEMP=C:\Users\dksrk\AppData\Local\Temp




Periodic native trim disabled

---------------  S Y S T E M  ---------------

OS:
 Windows 11 , 64 bit Build 26100 (10.0.26100.8521)
OS uptime: 0 days 7:46 hours

CPU: total 12 (initial active 12) (12 cores per cpu, 2 threads per core) family 25 model 33 stepping 2 microcode 0xa20120a, cx8, cmov, fxsr, ht, mmx, 3dnowpref, sse, sse2, sse3, ssse3, sse4a, sse4.1, sse4.2, popcnt, lzcnt, tsc, tscinvbit, avx, avx2, aes, erms, clmul, bmi1, bmi2, adx, sha, fma, vzeroupper, clflush, clflushopt, rdtscp, rdpid, fsrm, f16c, pku, cet_ss
Processor Information for the first 12 processors :
  Max Mhz: 3501, Current Mhz: 3501, Mhz Limit: 3501

Memory: 4k page, system-wide physical 16309M (744M free)
TotalPageFile size 28268M (AvailPageFile size 58M)
current process WorkingSet (physical memory assigned to process): 1498M, peak: 1498M
current process commit charge ("private bytes"): 1452M, peak: 1777M

vm_info: OpenJDK 64-Bit Server VM (21.0.10+7-LTS) for windows-amd64 JRE (21.0.10+7-LTS), built on 2026-01-20T00:00:00Z by "admin" with MS VC++ 17.12 (VS2022)

END.
